# JRE version: OpenJDK Runtime Environment (8.0_112-b06) (build 1.8.0_112-release-b06)
# Java VM: OpenJDK 64-Bit Server VM (25.112-b06 mixed mode linux-amd64 compressed oops)
Heap:
 PSYoungGen      total 317440K, used 65287K [0x00000000e0000000, 0x0000000100000000, 0x0000000100000000)
  eden space 175104K, 0% used [0x00000000e0000000,0x00000000e0000000,0x00000000eab00000)
  from space 142336K, 45% used [0x00000000f7500000,0x00000000fb4c1c98,0x0000000100000000)
  to   space 174592K, 0% used [0x00000000eab00000,0x00000000eab00000,0x00000000f5580000)
 ParOldGen       total 583168K, used 582904K [0x00000000a0000000, 0x00000000c3980000, 0x00000000e0000000)
  object space 583168K, 99% used [0x00000000a0000000,0x00000000c393e378,0x00000000c3980000)
 Metaspace       used 58089K, capacity 60082K, committed 60208K, reserved 1101824K
  class space    used 7461K, capacity 7899K, committed 7984K, reserved 1048576K
GC Heap History (10 events):
Event: 161.923 GC heap after
Heap after GC invocations=45 (full 7):
 PSYoungGen      total 403456K, used 57137K [0x00000000e0000000, 0x0000000100000000, 0x0000000100000000)
  eden space 284672K, 0% used [0x00000000e0000000,0x00000000e0000000,0x00000000f1600000)
  from space 118784K, 48% used [0x00000000f8c00000,0x00000000fc3cc4c0,0x0000000100000000)
  to   space 119808K, 0% used [0x00000000f1600000,0x00000000f1600000,0x00000000f8b00000)
 ParOldGen       total 583168K, used 416156K [0x00000000a0000000, 0x00000000c3980000, 0x00000000e0000000)
  object space 583168K, 71% used [0x00000000a0000000,0x00000000b9667358,0x00000000c3980000)
 Metaspace       used 58083K, capacity 60082K, committed 60208K, reserved 1101824K
  class space    used 7461K, capacity 7899K, committed 7984K, reserved 1048576K
}
Event: 162.667 GC heap before
{Heap before GC invocations=46 (full 7):
 PSYoungGen      total 403456K, used 341809K [0x00000000e0000000, 0x0000000100000000, 0x0000000100000000)
  eden space 284672K, 100% used [0x00000000e0000000,0x00000000f1600000,0x00000000f1600000)
  from space 118784K, 48% used [0x00000000f8c00000,0x00000000fc3cc4c0,0x0000000100000000)
  to   space 119808K, 0% used [0x00000000f1600000,0x00000000f1600000,0x00000000f8b00000)
 ParOldGen       total 583168K, used 416156K [0x00000000a0000000, 0x00000000c3980000, 0x00000000e0000000)
  object space 583168K, 71% used [0x00000000a0000000,0x00000000b9667358,0x00000000c3980000)
 Metaspace       used 58087K, capacity 60082K, committed 60208K, reserved 1101824K
  class space    used 7461K, capacity 7899K, committed 7984K, reserved 1048576K
Event: 162.974 GC heap after
Heap after GC invocations=46 (full 7):
 PSYoungGen      total 364032K, used 79001K [0x00000000e0000000, 0x0000000100000000, 0x0000000100000000)
  eden space 284672K, 0% used [0x00000000e0000000,0x00000000e0000000,0x00000000f1600000)
  from space 79360K, 99% used [0x00000000f1600000,0x00000000f6326558,0x00000000f6380000)
  to   space 123904K, 0% used [0x00000000f8700000,0x00000000f8700000,0x0000000100000000)
 ParOldGen       total 583168K, used 434821K [0x00000000a0000000, 0x00000000c3980000, 0x00000000e0000000)
  object space 583168K, 74% used [0x00000000a0000000,0x00000000ba8a1730,0x00000000c3980000)
 Metaspace       used 58087K, capacity 60082K, committed 60208K, reserved 1101824K
  class space    used 7461K, capacity 7899K, committed 7984K, reserved 1048576K
}
Event: 163.815 GC heap before
{Heap before GC invocations=47 (full 7):
 PSYoungGen      total 364032K, used 363673K [0x00000000e0000000, 0x0000000100000000, 0x0000000100000000)
  eden space 284672K, 100% used [0x00000000e0000000,0x00000000f1600000,0x00000000f1600000)
  from space 79360K, 99% used [0x00000000f1600000,0x00000000f6326558,0x00000000f6380000)
  to   space 123904K, 0% used [0x00000000f8700000,0x00000000f8700000,0x0000000100000000)
 ParOldGen       total 583168K, used 434821K [0x00000000a0000000, 0x00000000c3980000, 0x00000000e0000000)
  object space 583168K, 74% used [0x00000000a0000000,0x00000000ba8a1730,0x00000000c3980000)
 Metaspace       used 58087K, capacity 60082K, committed 60208K, reserved 1101824K
  class space    used 7461K, capacity 7899K, committed 7984K, reserved 1048576K
Event: 164.018 GC heap after
Heap after GC invocations=47 (full 7):
 PSYoungGen      total 363520K, used 121186K [0x00000000e0000000, 0x0000000100000000, 0x0000000100000000)
  eden space 239616K, 0% used [0x00000000e0000000,0x00000000e0000000,0x00000000eea00000)
  from space 123904K, 97% used [0x00000000f8700000,0x00000000ffd588a8,0x0000000100000000)
  to   space 142336K, 0% used [0x00000000eea00000,0x00000000eea00000,0x00000000f7500000)
 ParOldGen       total 583168K, used 434821K [0x00000000a0000000, 0x00000000c3980000, 0x00000000e0000000)
  object space 583168K, 74% used [0x00000000a0000000,0x00000000ba8a1730,0x00000000c3980000)
 Metaspace       used 58087K, capacity 60082K, committed 60208K, reserved 1101824K
  class space    used 7461K, capacity 7899K, committed 7984K, reserved 1048576K
}
Event: 164.808 GC heap before
{Heap before GC invocations=48 (full 7):
 PSYoungGen      total 363520K, used 360802K [0x00000000e0000000, 0x0000000100000000, 0x0000000100000000)
  eden space 239616K, 100% used [0x00000000e0000000,0x00000000eea00000,0x00000000eea00000)
  from space 123904K, 97% used [0x00000000f8700000,0x00000000ffd588a8,0x0000000100000000)
  to   space 142336K, 0% used [0x00000000eea00000,0x00000000eea00000,0x00000000f7500000)
 ParOldGen       total 583168K, used 434821K [0x00000000a0000000, 0x00000000c3980000, 0x00000000e0000000)
  object space 583168K, 74% used [0x00000000a0000000,0x00000000ba8a1730,0x00000000c3980000)
 Metaspace       used 58089K, capacity 60082K, committed 60208K, reserved 1101824K
  class space    used 7461K, capacity 7899K, committed 7984K, reserved 1048576K
Event: 165.023 GC heap after
Heap after GC invocations=48 (full 7):
 PSYoungGen      total 381952K, used 142309K [0x00000000e0000000, 0x0000000100000000, 0x0000000100000000)
  eden space 239616K, 0% used [0x00000000e0000000,0x00000000e0000000,0x00000000eea00000)
  from space 142336K, 99% used [0x00000000eea00000,0x00000000f74f96b0,0x00000000f7500000)
  to   space 142336K, 0% used [0x00000000f7500000,0x00000000f7500000,0x0000000100000000)
 ParOldGen       total 583168K, used 448748K [0x00000000a0000000, 0x00000000c3980000, 0x00000000e0000000)
  object space 583168K, 76% used [0x00000000a0000000,0x00000000bb63b120,0x00000000c3980000)
 Metaspace       used 58089K, capacity 60082K, committed 60208K, reserved 1101824K
  class space    used 7461K, capacity 7899K, committed 7984K, reserved 1048576K
}
Event: 166.140 GC heap before
{Heap before GC invocations=49 (full 7):
 PSYoungGen      total 381952K, used 381925K [0x00000000e0000000, 0x0000000100000000, 0x0000000100000000)
  eden space 239616K, 100% used [0x00000000e0000000,0x00000000eea00000,0x00000000eea00000)
  from space 142336K, 99% used [0x00000000eea00000,0x00000000f74f96b0,0x00000000f7500000)
  to   space 142336K, 0% used [0x00000000f7500000,0x00000000f7500000,0x0000000100000000)
 ParOldGen       total 583168K, used 448748K [0x00000000a0000000, 0x00000000c3980000, 0x00000000e0000000)
  object space 583168K, 76% used [0x00000000a0000000,0x00000000bb63b120,0x00000000c3980000)
 Metaspace       used 58089K, capacity 60082K, committed 60208K, reserved 1101824K
  class space    used 7461K, capacity 7899K, committed 7984K, reserved 1048576K
Event: 166.397 GC heap after
Heap after GC invocations=49 (full 7):
 PSYoungGen      total 317440K, used 125600K [0x00000000e0000000, 0x0000000100000000, 0x0000000100000000)
  eden space 175104K, 0% used [0x00000000e0000000,0x00000000e0000000,0x00000000eab00000)
  from space 142336K, 88% used [0x00000000f7500000,0x00000000fefa8040,0x0000000100000000)
  to   space 174592K, 0% used [0x00000000eab00000,0x00000000eab00000,0x00000000f5580000)
 ParOldGen       total 583168K, used 526540K [0x00000000a0000000, 0x00000000c3980000, 0x00000000e0000000)
  object space 583168K, 90% used [0x00000000a0000000,0x00000000c0233398,0x00000000c3980000)
 Metaspace       used 58089K, capacity 60082K, committed 60208K, reserved 1101824K
  class space    used 7461K, capacity 7899K, committed 7984K, reserved 1048576K
}
Event: 166.397 GC heap before
{Heap before GC invocations=50 (full 8):
 PSYoungGen      total 317440K, used 125600K [0x00000000e0000000, 0x0000000100000000, 0x0000000100000000)
  eden space 175104K, 0% used [0x00000000e0000000,0x00000000e0000000,0x00000000eab00000)
  from space 142336K, 88% used [0x00000000f7500000,0x00000000fefa8040,0x0000000100000000)
  to   space 174592K, 0% used [0x00000000eab00000,0x00000000eab00000,0x00000000f5580000)
 ParOldGen       total 583168K, used 526540K [0x00000000a0000000, 0x00000000c3980000, 0x00000000e0000000)
  object space 583168K, 90% used [0x00000000a0000000,0x00000000c0233398,0x00000000c3980000)
 Metaspace       used 58089K, capacity 60082K, committed 60208K, reserved 1101824K
  class space    used 7461K, capacity 7899K, committed 7984K, reserved 1048576K

