# JRE version: OpenJDK Runtime Environment (8.0_112-b06) (build 1.8.0_112-release-b06)
# Java VM: OpenJDK 64-Bit Server VM (25.112-b06 mixed mode linux-amd64 compressed oops)
Heap:
 PSYoungGen      total 414720K, used 0K [0x00000000e0000000, 0x0000000100000000, 0x0000000100000000)
  eden space 317952K, 0% used [0x00000000e0000000,0x00000000e0000000,0x00000000f3680000)
  from space 96768K, 0% used [0x00000000f3680000,0x00000000f3680000,0x00000000f9500000)
  to   space 109568K, 0% used [0x00000000f9500000,0x00000000f9500000,0x0000000100000000)
 ParOldGen       total 711168K, used 706486K [0x00000000a0000000, 0x00000000cb680000, 0x00000000e0000000)
  object space 711168K, 99% used [0x00000000a0000000,0x00000000cb1edbe8,0x00000000cb680000)
 Metaspace       used 64272K, capacity 66764K, committed 67096K, reserved 1107968K
  class space    used 8262K, capacity 8714K, committed 8752K, reserved 1048576K
GC Heap History (10 events):
Event: 284.890 GC heap after
Heap after GC invocations=39 (full 7):
 PSYoungGen      total 399360K, used 85984K [0x00000000e0000000, 0x0000000100000000, 0x0000000100000000)
  eden space 313344K, 0% used [0x00000000e0000000,0x00000000e0000000,0x00000000f3200000)
  from space 86016K, 99% used [0x00000000fac00000,0x00000000ffff8098,0x0000000100000000)
  to   space 105472K, 0% used [0x00000000f3200000,0x00000000f3200000,0x00000000f9900000)
 ParOldGen       total 530432K, used 382606K [0x00000000a0000000, 0x00000000c0600000, 0x00000000e0000000)
  object space 530432K, 72% used [0x00000000a0000000,0x00000000b75a39f0,0x00000000c0600000)
 Metaspace       used 64271K, capacity 66764K, committed 67096K, reserved 1107968K
  class space    used 8262K, capacity 8714K, committed 8752K, reserved 1048576K
}
Event: 286.089 GC heap before
{Heap before GC invocations=40 (full 7):
 PSYoungGen      total 399360K, used 399328K [0x00000000e0000000, 0x0000000100000000, 0x0000000100000000)
  eden space 313344K, 100% used [0x00000000e0000000,0x00000000f3200000,0x00000000f3200000)
  from space 86016K, 99% used [0x00000000fac00000,0x00000000ffff8098,0x0000000100000000)
  to   space 105472K, 0% used [0x00000000f3200000,0x00000000f3200000,0x00000000f9900000)
 ParOldGen       total 530432K, used 382606K [0x00000000a0000000, 0x00000000c0600000, 0x00000000e0000000)
  object space 530432K, 72% used [0x00000000a0000000,0x00000000b75a39f0,0x00000000c0600000)
 Metaspace       used 64272K, capacity 66764K, committed 67096K, reserved 1107968K
  class space    used 8262K, capacity 8714K, committed 8752K, reserved 1048576K
Event: 286.385 GC heap after
Heap after GC invocations=40 (full 7):
 PSYoungGen      total 418816K, used 47389K [0x00000000e0000000, 0x0000000100000000, 0x0000000100000000)
  eden space 313344K, 0% used [0x00000000e0000000,0x00000000e0000000,0x00000000f3200000)
  from space 105472K, 44% used [0x00000000f3200000,0x00000000f6047430,0x00000000f9900000)
  to   space 100864K, 0% used [0x00000000f9d80000,0x00000000f9d80000,0x0000000100000000)
 ParOldGen       total 530432K, used 469218K [0x00000000a0000000, 0x00000000c0600000, 0x00000000e0000000)
  object space 530432K, 88% used [0x00000000a0000000,0x00000000bca38ba0,0x00000000c0600000)
 Metaspace       used 64272K, capacity 66764K, committed 67096K, reserved 1107968K
  class space    used 8262K, capacity 8714K, committed 8752K, reserved 1048576K
}
Event: 286.408 GC heap before
{Heap before GC invocations=41 (full 8):
 PSYoungGen      total 418816K, used 47389K [0x00000000e0000000, 0x0000000100000000, 0x0000000100000000)
  eden space 313344K, 0% used [0x00000000e0000000,0x00000000e0000000,0x00000000f3200000)
  from space 105472K, 44% used [0x00000000f3200000,0x00000000f6047430,0x00000000f9900000)
  to   space 100864K, 0% used [0x00000000f9d80000,0x00000000f9d80000,0x0000000100000000)
 ParOldGen       total 530432K, used 469218K [0x00000000a0000000, 0x00000000c0600000, 0x00000000e0000000)
  object space 530432K, 88% used [0x00000000a0000000,0x00000000bca38ba0,0x00000000c0600000)
 Metaspace       used 64272K, capacity 66764K, committed 67096K, reserved 1107968K
  class space    used 8262K, capacity 8714K, committed 8752K, reserved 1048576K
Event: 288.711 GC heap after
Heap after GC invocations=41 (full 8):
 PSYoungGen      total 418816K, used 0K [0x00000000e0000000, 0x0000000100000000, 0x0000000100000000)
  eden space 313344K, 0% used [0x00000000e0000000,0x00000000e0000000,0x00000000f3200000)
  from space 105472K, 0% used [0x00000000f3200000,0x00000000f3200000,0x00000000f9900000)
  to   space 100864K, 0% used [0x00000000f9d80000,0x00000000f9d80000,0x0000000100000000)
 ParOldGen       total 711168K, used 512063K [0x00000000a0000000, 0x00000000cb680000, 0x00000000e0000000)
  object space 711168K, 72% used [0x00000000a0000000,0x00000000bf40fef0,0x00000000cb680000)
 Metaspace       used 64272K, capacity 66764K, committed 67096K, reserved 1107968K
  class space    used 8262K, capacity 8714K, committed 8752K, reserved 1048576K
}
Event: 290.301 GC heap before
{Heap before GC invocations=42 (full 8):
 PSYoungGen      total 418816K, used 313344K [0x00000000e0000000, 0x0000000100000000, 0x0000000100000000)
  eden space 313344K, 100% used [0x00000000e0000000,0x00000000f3200000,0x00000000f3200000)
  from space 105472K, 0% used [0x00000000f3200000,0x00000000f3200000,0x00000000f9900000)
  to   space 100864K, 0% used [0x00000000f9d80000,0x00000000f9d80000,0x0000000100000000)
 ParOldGen       total 711168K, used 512063K [0x00000000a0000000, 0x00000000cb680000, 0x00000000e0000000)
  object space 711168K, 72% used [0x00000000a0000000,0x00000000bf40fef0,0x00000000cb680000)
 Metaspace       used 64272K, capacity 66764K, committed 67096K, reserved 1107968K
  class space    used 8262K, capacity 8714K, committed 8752K, reserved 1048576K
Event: 290.420 GC heap after
Heap after GC invocations=42 (full 8):
 PSYoungGen      total 406016K, used 47257K [0x00000000e0000000, 0x00000000ff380000, 0x0000000100000000)
  eden space 317952K, 0% used [0x00000000e0000000,0x00000000e0000000,0x00000000f3680000)
  from space 88064K, 53% used [0x00000000f9d80000,0x00000000fcba6750,0x00000000ff380000)
  to   space 96768K, 0% used [0x00000000f3680000,0x00000000f3680000,0x00000000f9500000)
 ParOldGen       total 711168K, used 512063K [0x00000000a0000000, 0x00000000cb680000, 0x00000000e0000000)
  object space 711168K, 72% used [0x00000000a0000000,0x00000000bf40fef0,0x00000000cb680000)
 Metaspace       used 64272K, capacity 66764K, committed 67096K, reserved 1107968K
  class space    used 8262K, capacity 8714K, committed 8752K, reserved 1048576K
}
Event: 292.364 GC heap before
{Heap before GC invocations=43 (full 8):
 PSYoungGen      total 406016K, used 365209K [0x00000000e0000000, 0x00000000ff380000, 0x0000000100000000)
  eden space 317952K, 100% used [0x00000000e0000000,0x00000000f3680000,0x00000000f3680000)
  from space 88064K, 53% used [0x00000000f9d80000,0x00000000fcba6750,0x00000000ff380000)
  to   space 96768K, 0% used [0x00000000f3680000,0x00000000f3680000,0x00000000f9500000)
 ParOldGen       total 711168K, used 512063K [0x00000000a0000000, 0x00000000cb680000, 0x00000000e0000000)
  object space 711168K, 72% used [0x00000000a0000000,0x00000000bf40fef0,0x00000000cb680000)
 Metaspace       used 64272K, capacity 66764K, committed 67096K, reserved 1107968K
  class space    used 8262K, capacity 8714K, committed 8752K, reserved 1048576K
Event: 292.726 GC heap after
Heap after GC invocations=43 (full 8):
 PSYoungGen      total 414720K, used 96738K [0x00000000e0000000, 0x0000000100000000, 0x0000000100000000)
  eden space 317952K, 0% used [0x00000000e0000000,0x00000000e0000000,0x00000000f3680000)
  from space 96768K, 99% used [0x00000000f3680000,0x00000000f94f8898,0x00000000f9500000)
  to   space 109568K, 0% used [0x00000000f9500000,0x00000000f9500000,0x0000000100000000)
 ParOldGen       total 711168K, used 619581K [0x00000000a0000000, 0x00000000cb680000, 0x00000000e0000000)
  object space 711168K, 87% used [0x00000000a0000000,0x00000000c5d0f7f8,0x00000000cb680000)
 Metaspace       used 64272K, capacity 66764K, committed 67096K, reserved 1107968K
  class space    used 8262K, capacity 8714K, committed 8752K, reserved 1048576K
}
Event: 292.726 GC heap before
{Heap before GC invocations=44 (full 9):
 PSYoungGen      total 414720K, used 96738K [0x00000000e0000000, 0x0000000100000000, 0x0000000100000000)
  eden space 317952K, 0% used [0x00000000e0000000,0x00000000e0000000,0x00000000f3680000)
  from space 96768K, 99% used [0x00000000f3680000,0x00000000f94f8898,0x00000000f9500000)
  to   space 109568K, 0% used [0x00000000f9500000,0x00000000f9500000,0x0000000100000000)
 ParOldGen       total 711168K, used 619581K [0x00000000a0000000, 0x00000000cb680000, 0x00000000e0000000)
  object space 711168K, 87% used [0x00000000a0000000,0x00000000c5d0f7f8,0x00000000cb680000)
 Metaspace       used 64272K, capacity 66764K, committed 67096K, reserved 1107968K
  class space    used 8262K, capacity 8714K, committed 8752K, reserved 1048576K

