# JRE version: OpenJDK Runtime Environment (8.0_112-b06) (build 1.8.0_112-release-b06)
# Java VM: OpenJDK 64-Bit Server VM (25.112-b06 mixed mode linux-amd64 compressed oops)
Heap:
 PSYoungGen      total 357888K, used 34190K [0x00000000e0000000, 0x00000000fc600000, 0x0000000100000000)
  eden space 273920K, 0% used [0x00000000e0000000,0x00000000e0000000,0x00000000f0b80000)
  from space 83968K, 40% used [0x00000000f0b80000,0x00000000f2ce3ab0,0x00000000f5d80000)
  to   space 81920K, 0% used [0x00000000f7600000,0x00000000f7600000,0x00000000fc600000)
 ParOldGen       total 455680K, used 455546K [0x00000000a0000000, 0x00000000bbd00000, 0x00000000e0000000)
  object space 455680K, 99% used [0x00000000a0000000,0x00000000bbcdeaf8,0x00000000bbd00000)
 Metaspace       used 61209K, capacity 62952K, committed 63408K, reserved 1103872K
  class space    used 8073K, capacity 8504K, committed 8624K, reserved 1048576K
GC Heap History (10 events):
Event: 63.200 GC heap after
Heap after GC invocations=52 (full 7):
 PSYoungGen      total 308224K, used 38305K [0x00000000e0000000, 0x00000000f7b00000, 0x0000000100000000)
  eden space 256000K, 0% used [0x00000000e0000000,0x00000000e0000000,0x00000000efa00000)
  from space 52224K, 73% used [0x00000000efa00000,0x00000000f1f68658,0x00000000f2d00000)
  to   space 55296K, 0% used [0x00000000f4500000,0x00000000f4500000,0x00000000f7b00000)
 ParOldGen       total 452096K, used 300014K [0x00000000a0000000, 0x00000000bb980000, 0x00000000e0000000)
  object space 452096K, 66% used [0x00000000a0000000,0x00000000b24fb868,0x00000000bb980000)
 Metaspace       used 61203K, capacity 62952K, committed 63408K, reserved 1103872K
  class space    used 8072K, capacity 8504K, committed 8624K, reserved 1048576K
}
Event: 64.032 GC heap before
{Heap before GC invocations=53 (full 7):
 PSYoungGen      total 308224K, used 294305K [0x00000000e0000000, 0x00000000f7b00000, 0x0000000100000000)
  eden space 256000K, 100% used [0x00000000e0000000,0x00000000efa00000,0x00000000efa00000)
  from space 52224K, 73% used [0x00000000efa00000,0x00000000f1f68658,0x00000000f2d00000)
  to   space 55296K, 0% used [0x00000000f4500000,0x00000000f4500000,0x00000000f7b00000)
 ParOldGen       total 452096K, used 300014K [0x00000000a0000000, 0x00000000bb980000, 0x00000000e0000000)
  object space 452096K, 66% used [0x00000000a0000000,0x00000000b24fb868,0x00000000bb980000)
 Metaspace       used 61205K, capacity 62952K, committed 63408K, reserved 1103872K
  class space    used 8072K, capacity 8504K, committed 8624K, reserved 1048576K
Event: 64.227 GC heap after
Heap after GC invocations=53 (full 7):
 PSYoungGen      total 316928K, used 55272K [0x00000000e0000000, 0x00000000f9c80000, 0x0000000100000000)
  eden space 261632K, 0% used [0x00000000e0000000,0x00000000e0000000,0x00000000eff80000)
  from space 55296K, 99% used [0x00000000f4500000,0x00000000f7afa338,0x00000000f7b00000)
  to   space 71168K, 0% used [0x00000000eff80000,0x00000000eff80000,0x00000000f4500000)
 ParOldGen       total 452096K, used 320973K [0x00000000a0000000, 0x00000000bb980000, 0x00000000e0000000)
  object space 452096K, 70% used [0x00000000a0000000,0x00000000b39736f0,0x00000000bb980000)
 Metaspace       used 61205K, capacity 62952K, committed 63408K, reserved 1103872K
  class space    used 8072K, capacity 8504K, committed 8624K, reserved 1048576K
}
Event: 65.011 GC heap before
{Heap before GC invocations=54 (full 7):
 PSYoungGen      total 316928K, used 316904K [0x00000000e0000000, 0x00000000f9c80000, 0x0000000100000000)
  eden space 261632K, 100% used [0x00000000e0000000,0x00000000eff80000,0x00000000eff80000)
  from space 55296K, 99% used [0x00000000f4500000,0x00000000f7afa338,0x00000000f7b00000)
  to   space 71168K, 0% used [0x00000000eff80000,0x00000000eff80000,0x00000000f4500000)
 ParOldGen       total 452096K, used 320973K [0x00000000a0000000, 0x00000000bb980000, 0x00000000e0000000)
  object space 452096K, 70% used [0x00000000a0000000,0x00000000b39736f0,0x00000000bb980000)
 Metaspace       used 61205K, capacity 62952K, committed 63408K, reserved 1103872K
  class space    used 8072K, capacity 8504K, committed 8624K, reserved 1048576K
Event: 65.185 GC heap after
Heap after GC invocations=54 (full 7):
 PSYoungGen      total 332800K, used 37995K [0x00000000e0000000, 0x00000000fa200000, 0x0000000100000000)
  eden space 261632K, 0% used [0x00000000e0000000,0x00000000e0000000,0x00000000eff80000)
  from space 71168K, 53% used [0x00000000eff80000,0x00000000f249af50,0x00000000f4500000)
  to   space 70144K, 0% used [0x00000000f5d80000,0x00000000f5d80000,0x00000000fa200000)
 ParOldGen       total 452096K, used 376576K [0x00000000a0000000, 0x00000000bb980000, 0x00000000e0000000)
  object space 452096K, 83% used [0x00000000a0000000,0x00000000b6fc0008,0x00000000bb980000)
 Metaspace       used 61205K, capacity 62952K, committed 63408K, reserved 1103872K
  class space    used 8072K, capacity 8504K, committed 8624K, reserved 1048576K
}
Event: 66.049 GC heap before
{Heap before GC invocations=55 (full 7):
 PSYoungGen      total 332800K, used 299627K [0x00000000e0000000, 0x00000000fa200000, 0x0000000100000000)
  eden space 261632K, 100% used [0x00000000e0000000,0x00000000eff80000,0x00000000eff80000)
  from space 71168K, 53% used [0x00000000eff80000,0x00000000f249af50,0x00000000f4500000)
  to   space 70144K, 0% used [0x00000000f5d80000,0x00000000f5d80000,0x00000000fa200000)
 ParOldGen       total 452096K, used 376576K [0x00000000a0000000, 0x00000000bb980000, 0x00000000e0000000)
  object space 452096K, 83% used [0x00000000a0000000,0x00000000b6fc0008,0x00000000bb980000)
 Metaspace       used 61208K, capacity 62952K, committed 63408K, reserved 1103872K
  class space    used 8073K, capacity 8504K, committed 8624K, reserved 1048576K
Event: 66.187 GC heap after
Heap after GC invocations=55 (full 7):
 PSYoungGen      total 344064K, used 70137K [0x00000000e0000000, 0x00000000fbd00000, 0x0000000100000000)
  eden space 273920K, 0% used [0x00000000e0000000,0x00000000e0000000,0x00000000f0b80000)
  from space 70144K, 99% used [0x00000000f5d80000,0x00000000fa1fe650,0x00000000fa200000)
  to   space 83968K, 0% used [0x00000000f0b80000,0x00000000f0b80000,0x00000000f5d80000)
 ParOldGen       total 452096K, used 385145K [0x00000000a0000000, 0x00000000bb980000, 0x00000000e0000000)
  object space 452096K, 85% used [0x00000000a0000000,0x00000000b781e7d0,0x00000000bb980000)
 Metaspace       used 61208K, capacity 62952K, committed 63408K, reserved 1103872K
  class space    used 8073K, capacity 8504K, committed 8624K, reserved 1048576K
}
Event: 67.012 GC heap before
{Heap before GC invocations=56 (full 7):
 PSYoungGen      total 344064K, used 344057K [0x00000000e0000000, 0x00000000fbd00000, 0x0000000100000000)
  eden space 273920K, 100% used [0x00000000e0000000,0x00000000f0b80000,0x00000000f0b80000)
  from space 70144K, 99% used [0x00000000f5d80000,0x00000000fa1fe650,0x00000000fa200000)
  to   space 83968K, 0% used [0x00000000f0b80000,0x00000000f0b80000,0x00000000f5d80000)
 ParOldGen       total 452096K, used 385145K [0x00000000a0000000, 0x00000000bb980000, 0x00000000e0000000)
  object space 452096K, 85% used [0x00000000a0000000,0x00000000b781e7d0,0x00000000bb980000)
 Metaspace       used 61209K, capacity 62952K, committed 63408K, reserved 1103872K
  class space    used 8073K, capacity 8504K, committed 8624K, reserved 1048576K
Event: 67.202 GC heap after
Heap after GC invocations=56 (full 7):
 PSYoungGen      total 357888K, used 43228K [0x00000000e0000000, 0x00000000fc600000, 0x0000000100000000)
  eden space 273920K, 0% used [0x00000000e0000000,0x00000000e0000000,0x00000000f0b80000)
  from space 83968K, 51% used [0x00000000f0b80000,0x00000000f35b7160,0x00000000f5d80000)
  to   space 81920K, 0% used [0x00000000f7600000,0x00000000f7600000,0x00000000fc600000)
 ParOldGen       total 455680K, used 455542K [0x00000000a0000000, 0x00000000bbd00000, 0x00000000e0000000)
  object space 455680K, 99% used [0x00000000a0000000,0x00000000bbcddad0,0x00000000bbd00000)
 Metaspace       used 61209K, capacity 62952K, committed 63408K, reserved 1103872K
  class space    used 8073K, capacity 8504K, committed 8624K, reserved 1048576K
}
Event: 67.202 GC heap before
{Heap before GC invocations=57 (full 8):
 PSYoungGen      total 357888K, used 43228K [0x00000000e0000000, 0x00000000fc600000, 0x0000000100000000)
  eden space 273920K, 0% used [0x00000000e0000000,0x00000000e0000000,0x00000000f0b80000)
  from space 83968K, 51% used [0x00000000f0b80000,0x00000000f35b7160,0x00000000f5d80000)
  to   space 81920K, 0% used [0x00000000f7600000,0x00000000f7600000,0x00000000fc600000)
 ParOldGen       total 455680K, used 455542K [0x00000000a0000000, 0x00000000bbd00000, 0x00000000e0000000)
  object space 455680K, 99% used [0x00000000a0000000,0x00000000bbcddad0,0x00000000bbd00000)
 Metaspace       used 61209K, capacity 62952K, committed 63408K, reserved 1103872K
  class space    used 8073K, capacity 8504K, committed 8624K, reserved 1048576K

