# JRE version: OpenJDK Runtime Environment (8.0_112-b06) (build 1.8.0_112-release-b06)
# Java VM: OpenJDK 64-Bit Server VM (25.112-b06 mixed mode linux-amd64 compressed oops)
Heap:
 PSYoungGen      total 426496K, used 9612K [0x00000000e0000000, 0x0000000100000000, 0x0000000100000000)
  eden space 331776K, 0% used [0x00000000e0000000,0x00000000e0000000,0x00000000f4400000)
  from space 94720K, 10% used [0x00000000f4400000,0x00000000f4d63290,0x00000000fa080000)
  to   space 97792K, 0% used [0x00000000fa080000,0x00000000fa080000,0x0000000100000000)
 ParOldGen       total 632320K, used 632114K [0x00000000a0000000, 0x00000000c6980000, 0x00000000e0000000)
  object space 632320K, 99% used [0x00000000a0000000,0x00000000c694c9f0,0x00000000c6980000)
 Metaspace       used 54090K, capacity 55770K, committed 55984K, reserved 1097728K
  class space    used 7139K, capacity 7531K, committed 7600K, reserved 1048576K
GC Heap History (10 events):
Event: 50.596 GC heap after
Heap after GC invocations=42 (full 6):
 PSYoungGen      total 410112K, used 45551K [0x00000000e0000000, 0x00000000fe280000, 0x0000000100000000)
  eden space 325120K, 0% used [0x00000000e0000000,0x00000000e0000000,0x00000000f3d80000)
  from space 84992K, 53% used [0x00000000f8f80000,0x00000000fbbfbf80,0x00000000fe280000)
  to   space 83968K, 0% used [0x00000000f3d80000,0x00000000f3d80000,0x00000000f8f80000)
 ParOldGen       total 449024K, used 448953K [0x00000000a0000000, 0x00000000bb680000, 0x00000000e0000000)
  object space 449024K, 99% used [0x00000000a0000000,0x00000000bb66e5e0,0x00000000bb680000)
 Metaspace       used 54085K, capacity 55770K, committed 55984K, reserved 1097728K
  class space    used 7139K, capacity 7531K, committed 7600K, reserved 1048576K
}
Event: 50.596 GC heap before
{Heap before GC invocations=43 (full 7):
 PSYoungGen      total 410112K, used 45551K [0x00000000e0000000, 0x00000000fe280000, 0x0000000100000000)
  eden space 325120K, 0% used [0x00000000e0000000,0x00000000e0000000,0x00000000f3d80000)
  from space 84992K, 53% used [0x00000000f8f80000,0x00000000fbbfbf80,0x00000000fe280000)
  to   space 83968K, 0% used [0x00000000f3d80000,0x00000000f3d80000,0x00000000f8f80000)
 ParOldGen       total 449024K, used 448953K [0x00000000a0000000, 0x00000000bb680000, 0x00000000e0000000)
  object space 449024K, 99% used [0x00000000a0000000,0x00000000bb66e5e0,0x00000000bb680000)
 Metaspace       used 54085K, capacity 55770K, committed 55984K, reserved 1097728K
  class space    used 7139K, capacity 7531K, committed 7600K, reserved 1048576K
Event: 54.198 GC heap after
Heap after GC invocations=43 (full 7):
 PSYoungGen      total 410112K, used 39179K [0x00000000e0000000, 0x00000000fe280000, 0x0000000100000000)
  eden space 325120K, 0% used [0x00000000e0000000,0x00000000e0000000,0x00000000f3d80000)
  from space 84992K, 46% used [0x00000000f8f80000,0x00000000fb5c2e78,0x00000000fe280000)
  to   space 83968K, 0% used [0x00000000f3d80000,0x00000000f3d80000,0x00000000f8f80000)
 ParOldGen       total 632320K, used 448838K [0x00000000a0000000, 0x00000000c6980000, 0x00000000e0000000)
  object space 632320K, 70% used [0x00000000a0000000,0x00000000bb6518f8,0x00000000c6980000)
 Metaspace       used 54085K, capacity 55770K, committed 55984K, reserved 1097728K
  class space    used 7139K, capacity 7531K, committed 7600K, reserved 1048576K
}
Event: 55.334 GC heap before
{Heap before GC invocations=44 (full 7):
 PSYoungGen      total 410112K, used 364299K [0x00000000e0000000, 0x00000000fe280000, 0x0000000100000000)
  eden space 325120K, 100% used [0x00000000e0000000,0x00000000f3d80000,0x00000000f3d80000)
  from space 84992K, 46% used [0x00000000f8f80000,0x00000000fb5c2e78,0x00000000fe280000)
  to   space 83968K, 0% used [0x00000000f3d80000,0x00000000f3d80000,0x00000000f8f80000)
 ParOldGen       total 632320K, used 448838K [0x00000000a0000000, 0x00000000c6980000, 0x00000000e0000000)
  object space 632320K, 70% used [0x00000000a0000000,0x00000000bb6518f8,0x00000000c6980000)
 Metaspace       used 54086K, capacity 55770K, committed 55984K, reserved 1097728K
  class space    used 7139K, capacity 7531K, committed 7600K, reserved 1048576K
Event: 55.584 GC heap after
Heap after GC invocations=44 (full 7):
 PSYoungGen      total 409088K, used 83939K [0x00000000e0000000, 0x0000000100000000, 0x0000000100000000)
  eden space 325120K, 0% used [0x00000000e0000000,0x00000000e0000000,0x00000000f3d80000)
  from space 83968K, 99% used [0x00000000f3d80000,0x00000000f8f78ef8,0x00000000f8f80000)
  to   space 97792K, 0% used [0x00000000fa080000,0x00000000fa080000,0x0000000100000000)
 ParOldGen       total 632320K, used 451110K [0x00000000a0000000, 0x00000000c6980000, 0x00000000e0000000)
  object space 632320K, 71% used [0x00000000a0000000,0x00000000bb889970,0x00000000c6980000)
 Metaspace       used 54086K, capacity 55770K, committed 55984K, reserved 1097728K
  class space    used 7139K, capacity 7531K, committed 7600K, reserved 1048576K
}
Event: 56.810 GC heap before
{Heap before GC invocations=45 (full 7):
 PSYoungGen      total 409088K, used 409059K [0x00000000e0000000, 0x0000000100000000, 0x0000000100000000)
  eden space 325120K, 100% used [0x00000000e0000000,0x00000000f3d80000,0x00000000f3d80000)
  from space 83968K, 99% used [0x00000000f3d80000,0x00000000f8f78ef8,0x00000000f8f80000)
  to   space 97792K, 0% used [0x00000000fa080000,0x00000000fa080000,0x0000000100000000)
 ParOldGen       total 632320K, used 451110K [0x00000000a0000000, 0x00000000c6980000, 0x00000000e0000000)
  object space 632320K, 71% used [0x00000000a0000000,0x00000000bb889970,0x00000000c6980000)
 Metaspace       used 54090K, capacity 55770K, committed 55984K, reserved 1097728K
  class space    used 7139K, capacity 7531K, committed 7600K, reserved 1048576K
Event: 57.079 GC heap after
Heap after GC invocations=45 (full 7):
 PSYoungGen      total 429568K, used 48883K [0x00000000e0000000, 0x0000000100000000, 0x0000000100000000)
  eden space 331776K, 0% used [0x00000000e0000000,0x00000000e0000000,0x00000000f4400000)
  from space 97792K, 49% used [0x00000000fa080000,0x00000000fd03ce10,0x0000000100000000)
  to   space 94720K, 0% used [0x00000000f4400000,0x00000000f4400000,0x00000000fa080000)
 ParOldGen       total 632320K, used 535369K [0x00000000a0000000, 0x00000000c6980000, 0x00000000e0000000)
  object space 632320K, 84% used [0x00000000a0000000,0x00000000c0ad24c0,0x00000000c6980000)
 Metaspace       used 54090K, capacity 55770K, committed 55984K, reserved 1097728K
  class space    used 7139K, capacity 7531K, committed 7600K, reserved 1048576K
}
Event: 59.280 GC heap before
{Heap before GC invocations=46 (full 7):
 PSYoungGen      total 429568K, used 380659K [0x00000000e0000000, 0x0000000100000000, 0x0000000100000000)
  eden space 331776K, 100% used [0x00000000e0000000,0x00000000f4400000,0x00000000f4400000)
  from space 97792K, 49% used [0x00000000fa080000,0x00000000fd03ce10,0x0000000100000000)
  to   space 94720K, 0% used [0x00000000f4400000,0x00000000f4400000,0x00000000fa080000)
 ParOldGen       total 632320K, used 535369K [0x00000000a0000000, 0x00000000c6980000, 0x00000000e0000000)
  object space 632320K, 84% used [0x00000000a0000000,0x00000000c0ad24c0,0x00000000c6980000)
 Metaspace       used 54090K, capacity 55770K, committed 55984K, reserved 1097728K
  class space    used 7139K, capacity 7531K, committed 7600K, reserved 1048576K
Event: 59.453 GC heap after
Heap after GC invocations=46 (full 7):
 PSYoungGen      total 426496K, used 94710K [0x00000000e0000000, 0x0000000100000000, 0x0000000100000000)
  eden space 331776K, 0% used [0x00000000e0000000,0x00000000e0000000,0x00000000f4400000)
  from space 94720K, 99% used [0x00000000f4400000,0x00000000fa07d978,0x00000000fa080000)
  to   space 97792K, 0% used [0x00000000fa080000,0x00000000fa080000,0x0000000100000000)
 ParOldGen       total 632320K, used 552384K [0x00000000a0000000, 0x00000000c6980000, 0x00000000e0000000)
  object space 632320K, 87% used [0x00000000a0000000,0x00000000c1b700b0,0x00000000c6980000)
 Metaspace       used 54090K, capacity 55770K, committed 55984K, reserved 1097728K
  class space    used 7139K, capacity 7531K, committed 7600K, reserved 1048576K
}
Event: 59.453 GC heap before
{Heap before GC invocations=47 (full 8):
 PSYoungGen      total 426496K, used 94710K [0x00000000e0000000, 0x0000000100000000, 0x0000000100000000)
  eden space 331776K, 0% used [0x00000000e0000000,0x00000000e0000000,0x00000000f4400000)
  from space 94720K, 99% used [0x00000000f4400000,0x00000000fa07d978,0x00000000fa080000)
  to   space 97792K, 0% used [0x00000000fa080000,0x00000000fa080000,0x0000000100000000)
 ParOldGen       total 632320K, used 552384K [0x00000000a0000000, 0x00000000c6980000, 0x00000000e0000000)
  object space 632320K, 87% used [0x00000000a0000000,0x00000000c1b700b0,0x00000000c6980000)
 Metaspace       used 54090K, capacity 55770K, committed 55984K, reserved 1097728K
  class space    used 7139K, capacity 7531K, committed 7600K, reserved 1048576K

