# JRE version: OpenJDK Runtime Environment (8.0_112-b06) (build 1.8.0_112-release-b06)
# Java VM: OpenJDK 64-Bit Server VM (25.112-b06 mixed mode linux-amd64 compressed oops)
Heap:
 PSYoungGen      total 419328K, used 0K [0x00000000e0000000, 0x0000000100000000, 0x0000000100000000)
  eden space 314368K, 0% used [0x00000000e0000000,0x00000000e0000000,0x00000000f3300000)
  from space 104960K, 0% used [0x00000000f3300000,0x00000000f3300000,0x00000000f9980000)
  to   space 99328K, 0% used [0x00000000f9f00000,0x00000000f9f00000,0x0000000100000000)
 ParOldGen       total 558592K, used 556598K [0x00000000a0000000, 0x00000000c2180000, 0x00000000e0000000)
  object space 558592K, 99% used [0x00000000a0000000,0x00000000c1f8dbb8,0x00000000c2180000)
 Metaspace       used 67616K, capacity 69876K, committed 70064K, reserved 1110016K
  class space    used 8649K, capacity 9094K, committed 9136K, reserved 1048576K
GC Heap History (10 events):
Event: 551.182 GC heap after
Heap after GC invocations=38 (full 6):
 PSYoungGen      total 436736K, used 48673K [0x00000000e0000000, 0x00000000ffe00000, 0x0000000100000000)
  eden space 352256K, 0% used [0x00000000e0000000,0x00000000e0000000,0x00000000f5800000)
  from space 84480K, 57% used [0x00000000fab80000,0x00000000fdb08470,0x00000000ffe00000)
  to   space 84992K, 0% used [0x00000000f5800000,0x00000000f5800000,0x00000000fab00000)
 ParOldGen       total 380928K, used 361515K [0x00000000a0000000, 0x00000000b7400000, 0x00000000e0000000)
  object space 380928K, 94% used [0x00000000a0000000,0x00000000b610ae40,0x00000000b7400000)
 Metaspace       used 67609K, capacity 69876K, committed 70064K, reserved 1110016K
  class space    used 8649K, capacity 9094K, committed 9136K, reserved 1048576K
}
Event: 551.182 GC heap before
{Heap before GC invocations=39 (full 7):
 PSYoungGen      total 436736K, used 48673K [0x00000000e0000000, 0x00000000ffe00000, 0x0000000100000000)
  eden space 352256K, 0% used [0x00000000e0000000,0x00000000e0000000,0x00000000f5800000)
  from space 84480K, 57% used [0x00000000fab80000,0x00000000fdb08470,0x00000000ffe00000)
  to   space 84992K, 0% used [0x00000000f5800000,0x00000000f5800000,0x00000000fab00000)
 ParOldGen       total 380928K, used 361515K [0x00000000a0000000, 0x00000000b7400000, 0x00000000e0000000)
  object space 380928K, 94% used [0x00000000a0000000,0x00000000b610ae40,0x00000000b7400000)
 Metaspace       used 67609K, capacity 69876K, committed 70064K, reserved 1110016K
  class space    used 8649K, capacity 9094K, committed 9136K, reserved 1048576K
Event: 553.341 GC heap after
Heap after GC invocations=39 (full 7):
 PSYoungGen      total 436736K, used 25393K [0x00000000e0000000, 0x00000000ffe00000, 0x0000000100000000)
  eden space 352256K, 0% used [0x00000000e0000000,0x00000000e0000000,0x00000000f5800000)
  from space 84480K, 30% used [0x00000000fab80000,0x00000000fc44c6e8,0x00000000ffe00000)
  to   space 84992K, 0% used [0x00000000f5800000,0x00000000f5800000,0x00000000fab00000)
 ParOldGen       total 558592K, used 380453K [0x00000000a0000000, 0x00000000c2180000, 0x00000000e0000000)
  object space 558592K, 68% used [0x00000000a0000000,0x00000000b73897f8,0x00000000c2180000)
 Metaspace       used 67609K, capacity 69876K, committed 70064K, reserved 1110016K
  class space    used 8649K, capacity 9094K, committed 9136K, reserved 1048576K
}
Event: 554.780 GC heap before
{Heap before GC invocations=40 (full 7):
 PSYoungGen      total 436736K, used 377649K [0x00000000e0000000, 0x00000000ffe00000, 0x0000000100000000)
  eden space 352256K, 100% used [0x00000000e0000000,0x00000000f5800000,0x00000000f5800000)
  from space 84480K, 30% used [0x00000000fab80000,0x00000000fc44c6e8,0x00000000ffe00000)
  to   space 84992K, 0% used [0x00000000f5800000,0x00000000f5800000,0x00000000fab00000)
 ParOldGen       total 558592K, used 380453K [0x00000000a0000000, 0x00000000c2180000, 0x00000000e0000000)
  object space 558592K, 68% used [0x00000000a0000000,0x00000000b73897f8,0x00000000c2180000)
 Metaspace       used 67612K, capacity 69876K, committed 70064K, reserved 1110016K
  class space    used 8649K, capacity 9094K, committed 9136K, reserved 1048576K
Event: 555.074 GC heap after
Heap after GC invocations=40 (full 7):
 PSYoungGen      total 437248K, used 54317K [0x00000000e0000000, 0x0000000100000000, 0x0000000100000000)
  eden space 352256K, 0% used [0x00000000e0000000,0x00000000e0000000,0x00000000f5800000)
  from space 84992K, 63% used [0x00000000f5800000,0x00000000f8d0b4d0,0x00000000fab00000)
  to   space 86016K, 0% used [0x00000000fac00000,0x00000000fac00000,0x0000000100000000)
 ParOldGen       total 558592K, used 404272K [0x00000000a0000000, 0x00000000c2180000, 0x00000000e0000000)
  object space 558592K, 72% used [0x00000000a0000000,0x00000000b8acc350,0x00000000c2180000)
 Metaspace       used 67612K, capacity 69876K, committed 70064K, reserved 1110016K
  class space    used 8649K, capacity 9094K, committed 9136K, reserved 1048576K
}
Event: 556.048 GC heap before
{Heap before GC invocations=41 (full 7):
 PSYoungGen      total 437248K, used 406573K [0x00000000e0000000, 0x0000000100000000, 0x0000000100000000)
  eden space 352256K, 100% used [0x00000000e0000000,0x00000000f5800000,0x00000000f5800000)
  from space 84992K, 63% used [0x00000000f5800000,0x00000000f8d0b4d0,0x00000000fab00000)
  to   space 86016K, 0% used [0x00000000fac00000,0x00000000fac00000,0x0000000100000000)
 ParOldGen       total 558592K, used 404272K [0x00000000a0000000, 0x00000000c2180000, 0x00000000e0000000)
  object space 558592K, 72% used [0x00000000a0000000,0x00000000b8acc350,0x00000000c2180000)
 Metaspace       used 67614K, capacity 69876K, committed 70064K, reserved 1110016K
  class space    used 8649K, capacity 9094K, committed 9136K, reserved 1048576K
Event: 556.312 GC heap after
Heap after GC invocations=41 (full 7):
 PSYoungGen      total 400384K, used 86005K [0x00000000e0000000, 0x0000000100000000, 0x0000000100000000)
  eden space 314368K, 0% used [0x00000000e0000000,0x00000000e0000000,0x00000000f3300000)
  from space 86016K, 99% used [0x00000000fac00000,0x00000000ffffd498,0x0000000100000000)
  to   space 104960K, 0% used [0x00000000f3300000,0x00000000f3300000,0x00000000f9980000)
 ParOldGen       total 558592K, used 424291K [0x00000000a0000000, 0x00000000c2180000, 0x00000000e0000000)
  object space 558592K, 75% used [0x00000000a0000000,0x00000000b9e58d70,0x00000000c2180000)
 Metaspace       used 67614K, capacity 69876K, committed 70064K, reserved 1110016K
  class space    used 8649K, capacity 9094K, committed 9136K, reserved 1048576K
}
Event: 557.369 GC heap before
{Heap before GC invocations=42 (full 7):
 PSYoungGen      total 400384K, used 400373K [0x00000000e0000000, 0x0000000100000000, 0x0000000100000000)
  eden space 314368K, 100% used [0x00000000e0000000,0x00000000f3300000,0x00000000f3300000)
  from space 86016K, 99% used [0x00000000fac00000,0x00000000ffffd498,0x0000000100000000)
  to   space 104960K, 0% used [0x00000000f3300000,0x00000000f3300000,0x00000000f9980000)
 ParOldGen       total 558592K, used 424291K [0x00000000a0000000, 0x00000000c2180000, 0x00000000e0000000)
  object space 558592K, 75% used [0x00000000a0000000,0x00000000b9e58d70,0x00000000c2180000)
 Metaspace       used 67616K, capacity 69876K, committed 70064K, reserved 1110016K
  class space    used 8649K, capacity 9094K, committed 9136K, reserved 1048576K
Event: 557.632 GC heap after
Heap after GC invocations=42 (full 7):
 PSYoungGen      total 419328K, used 48105K [0x00000000e0000000, 0x0000000100000000, 0x0000000100000000)
  eden space 314368K, 0% used [0x00000000e0000000,0x00000000e0000000,0x00000000f3300000)
  from space 104960K, 45% used [0x00000000f3300000,0x00000000f61fa468,0x00000000f9980000)
  to   space 99328K, 0% used [0x00000000f9f00000,0x00000000f9f00000,0x0000000100000000)
 ParOldGen       total 558592K, used 510762K [0x00000000a0000000, 0x00000000c2180000, 0x00000000e0000000)
  object space 558592K, 91% used [0x00000000a0000000,0x00000000bf2cab00,0x00000000c2180000)
 Metaspace       used 67616K, capacity 69876K, committed 70064K, reserved 1110016K
  class space    used 8649K, capacity 9094K, committed 9136K, reserved 1048576K
}
Event: 557.632 GC heap before
{Heap before GC invocations=43 (full 8):
 PSYoungGen      total 419328K, used 48105K [0x00000000e0000000, 0x0000000100000000, 0x0000000100000000)
  eden space 314368K, 0% used [0x00000000e0000000,0x00000000e0000000,0x00000000f3300000)
  from space 104960K, 45% used [0x00000000f3300000,0x00000000f61fa468,0x00000000f9980000)
  to   space 99328K, 0% used [0x00000000f9f00000,0x00000000f9f00000,0x0000000100000000)
 ParOldGen       total 558592K, used 510762K [0x00000000a0000000, 0x00000000c2180000, 0x00000000e0000000)
  object space 558592K, 91% used [0x00000000a0000000,0x00000000bf2cab00,0x00000000c2180000)
 Metaspace       used 67616K, capacity 69876K, committed 70064K, reserved 1110016K
  class space    used 8649K, capacity 9094K, committed 9136K, reserved 1048576K

