# JRE version: OpenJDK Runtime Environment (8.0_112-b06) (build 1.8.0_112-release-b06)
# Java VM: OpenJDK 64-Bit Server VM (25.112-b06 mixed mode linux-amd64 compressed oops)
Heap:
 PSYoungGen      total 349696K, used 78729K [0x00000000e0000000, 0x0000000100000000, 0x0000000100000000)
  eden space 175104K, 0% used [0x00000000e0000000,0x00000000e0000000,0x00000000eab00000)
  from space 174592K, 45% used [0x00000000eab00000,0x00000000ef7e2798,0x00000000f5580000)
  to   space 174592K, 0% used [0x00000000f5580000,0x00000000f5580000,0x0000000100000000)
 ParOldGen       total 564736K, used 564627K [0x00000000a0000000, 0x00000000c2780000, 0x00000000e0000000)
  object space 564736K, 99% used [0x00000000a0000000,0x00000000c2764f78,0x00000000c2780000)
 Metaspace       used 53964K, capacity 55602K, committed 55680K, reserved 1097728K
  class space    used 7121K, capacity 7499K, committed 7552K, reserved 1048576K
GC Heap History (10 events):
Event: 70.899 GC heap after
Heap after GC invocations=47 (full 7):
 PSYoungGen      total 364032K, used 101930K [0x00000000e0000000, 0x0000000100000000, 0x0000000100000000)
  eden space 219136K, 0% used [0x00000000e0000000,0x00000000e0000000,0x00000000ed600000)
  from space 144896K, 70% used [0x00000000f7280000,0x00000000fd60a940,0x0000000100000000)
  to   space 152576K, 0% used [0x00000000ed600000,0x00000000ed600000,0x00000000f6b00000)
 ParOldGen       total 420864K, used 411051K [0x00000000a0000000, 0x00000000b9b00000, 0x00000000e0000000)
  object space 420864K, 97% used [0x00000000a0000000,0x00000000b916ae40,0x00000000b9b00000)
 Metaspace       used 53954K, capacity 55602K, committed 55680K, reserved 1097728K
  class space    used 7120K, capacity 7499K, committed 7552K, reserved 1048576K
}
Event: 70.899 GC heap before
{Heap before GC invocations=48 (full 8):
 PSYoungGen      total 364032K, used 101930K [0x00000000e0000000, 0x0000000100000000, 0x0000000100000000)
  eden space 219136K, 0% used [0x00000000e0000000,0x00000000e0000000,0x00000000ed600000)
  from space 144896K, 70% used [0x00000000f7280000,0x00000000fd60a940,0x0000000100000000)
  to   space 152576K, 0% used [0x00000000ed600000,0x00000000ed600000,0x00000000f6b00000)
 ParOldGen       total 420864K, used 411051K [0x00000000a0000000, 0x00000000b9b00000, 0x00000000e0000000)
  object space 420864K, 97% used [0x00000000a0000000,0x00000000b916ae40,0x00000000b9b00000)
 Metaspace       used 53954K, capacity 55602K, committed 55680K, reserved 1097728K
  class space    used 7120K, capacity 7499K, committed 7552K, reserved 1048576K
Event: 74.100 GC heap after
Heap after GC invocations=48 (full 8):
 PSYoungGen      total 364032K, used 84625K [0x00000000e0000000, 0x0000000100000000, 0x0000000100000000)
  eden space 219136K, 0% used [0x00000000e0000000,0x00000000e0000000,0x00000000ed600000)
  from space 144896K, 58% used [0x00000000f7280000,0x00000000fc524540,0x0000000100000000)
  to   space 152576K, 0% used [0x00000000ed600000,0x00000000ed600000,0x00000000f6b00000)
 ParOldGen       total 564736K, used 420424K [0x00000000a0000000, 0x00000000c2780000, 0x00000000e0000000)
  object space 564736K, 74% used [0x00000000a0000000,0x00000000b9a92210,0x00000000c2780000)
 Metaspace       used 53954K, capacity 55602K, committed 55680K, reserved 1097728K
  class space    used 7120K, capacity 7499K, committed 7552K, reserved 1048576K
}
Event: 75.184 GC heap before
{Heap before GC invocations=49 (full 8):
 PSYoungGen      total 364032K, used 303761K [0x00000000e0000000, 0x0000000100000000, 0x0000000100000000)
  eden space 219136K, 100% used [0x00000000e0000000,0x00000000ed600000,0x00000000ed600000)
  from space 144896K, 58% used [0x00000000f7280000,0x00000000fc524540,0x0000000100000000)
  to   space 152576K, 0% used [0x00000000ed600000,0x00000000ed600000,0x00000000f6b00000)
 ParOldGen       total 564736K, used 420424K [0x00000000a0000000, 0x00000000c2780000, 0x00000000e0000000)
  object space 564736K, 74% used [0x00000000a0000000,0x00000000b9a92210,0x00000000c2780000)
 Metaspace       used 53955K, capacity 55602K, committed 55680K, reserved 1097728K
  class space    used 7120K, capacity 7499K, committed 7552K, reserved 1048576K
Event: 75.657 GC heap after
Heap after GC invocations=49 (full 8):
 PSYoungGen      total 315904K, used 96708K [0x00000000e0000000, 0x0000000100000000, 0x0000000100000000)
  eden space 219136K, 0% used [0x00000000e0000000,0x00000000e0000000,0x00000000ed600000)
  from space 96768K, 99% used [0x00000000ed600000,0x00000000f3471060,0x00000000f3480000)
  to   space 156672K, 0% used [0x00000000f6700000,0x00000000f6700000,0x0000000100000000)
 ParOldGen       total 564736K, used 440257K [0x00000000a0000000, 0x00000000c2780000, 0x00000000e0000000)
  object space 564736K, 77% used [0x00000000a0000000,0x00000000badf05c8,0x00000000c2780000)
 Metaspace       used 53955K, capacity 55602K, committed 55680K, reserved 1097728K
  class space    used 7120K, capacity 7499K, committed 7552K, reserved 1048576K
}
Event: 76.568 GC heap before
{Heap before GC invocations=50 (full 8):
 PSYoungGen      total 315904K, used 315844K [0x00000000e0000000, 0x0000000100000000, 0x0000000100000000)
  eden space 219136K, 100% used [0x00000000e0000000,0x00000000ed600000,0x00000000ed600000)
  from space 96768K, 99% used [0x00000000ed600000,0x00000000f3471060,0x00000000f3480000)
  to   space 156672K, 0% used [0x00000000f6700000,0x00000000f6700000,0x0000000100000000)
 ParOldGen       total 564736K, used 440257K [0x00000000a0000000, 0x00000000c2780000, 0x00000000e0000000)
  object space 564736K, 77% used [0x00000000a0000000,0x00000000badf05c8,0x00000000c2780000)
 Metaspace       used 53955K, capacity 55602K, committed 55680K, reserved 1097728K
  class space    used 7120K, capacity 7499K, committed 7552K, reserved 1048576K
Event: 76.791 GC heap after
Heap after GC invocations=50 (full 8):
 PSYoungGen      total 331776K, used 139083K [0x00000000e0000000, 0x0000000100000000, 0x0000000100000000)
  eden space 175104K, 0% used [0x00000000e0000000,0x00000000e0000000,0x00000000eab00000)
  from space 156672K, 88% used [0x00000000f6700000,0x00000000feed2c48,0x0000000100000000)
  to   space 174592K, 0% used [0x00000000eab00000,0x00000000eab00000,0x00000000f5580000)
 ParOldGen       total 564736K, used 440257K [0x00000000a0000000, 0x00000000c2780000, 0x00000000e0000000)
  object space 564736K, 77% used [0x00000000a0000000,0x00000000badf05c8,0x00000000c2780000)
 Metaspace       used 53955K, capacity 55602K, committed 55680K, reserved 1097728K
  class space    used 7120K, capacity 7499K, committed 7552K, reserved 1048576K
}
Event: 77.705 GC heap before
{Heap before GC invocations=51 (full 8):
 PSYoungGen      total 331776K, used 314187K [0x00000000e0000000, 0x0000000100000000, 0x0000000100000000)
  eden space 175104K, 100% used [0x00000000e0000000,0x00000000eab00000,0x00000000eab00000)
  from space 156672K, 88% used [0x00000000f6700000,0x00000000feed2c48,0x0000000100000000)
  to   space 174592K, 0% used [0x00000000eab00000,0x00000000eab00000,0x00000000f5580000)
 ParOldGen       total 564736K, used 440257K [0x00000000a0000000, 0x00000000c2780000, 0x00000000e0000000)
  object space 564736K, 77% used [0x00000000a0000000,0x00000000badf05c8,0x00000000c2780000)
 Metaspace       used 53964K, capacity 55602K, committed 55680K, reserved 1097728K
  class space    used 7121K, capacity 7499K, committed 7552K, reserved 1048576K
Event: 78.002 GC heap after
Heap after GC invocations=51 (full 8):
 PSYoungGen      total 349696K, used 141616K [0x00000000e0000000, 0x0000000100000000, 0x0000000100000000)
  eden space 175104K, 0% used [0x00000000e0000000,0x00000000e0000000,0x00000000eab00000)
  from space 174592K, 81% used [0x00000000eab00000,0x00000000f354c0d0,0x00000000f5580000)
  to   space 174592K, 0% used [0x00000000f5580000,0x00000000f5580000,0x0000000100000000)
 ParOldGen       total 564736K, used 503780K [0x00000000a0000000, 0x00000000c2780000, 0x00000000e0000000)
  object space 564736K, 89% used [0x00000000a0000000,0x00000000bebf93f0,0x00000000c2780000)
 Metaspace       used 53964K, capacity 55602K, committed 55680K, reserved 1097728K
  class space    used 7121K, capacity 7499K, committed 7552K, reserved 1048576K
}
Event: 78.002 GC heap before
{Heap before GC invocations=52 (full 9):
 PSYoungGen      total 349696K, used 141616K [0x00000000e0000000, 0x0000000100000000, 0x0000000100000000)
  eden space 175104K, 0% used [0x00000000e0000000,0x00000000e0000000,0x00000000eab00000)
  from space 174592K, 81% used [0x00000000eab00000,0x00000000f354c0d0,0x00000000f5580000)
  to   space 174592K, 0% used [0x00000000f5580000,0x00000000f5580000,0x0000000100000000)
 ParOldGen       total 564736K, used 503780K [0x00000000a0000000, 0x00000000c2780000, 0x00000000e0000000)
  object space 564736K, 89% used [0x00000000a0000000,0x00000000bebf93f0,0x00000000c2780000)
 Metaspace       used 53964K, capacity 55602K, committed 55680K, reserved 1097728K
  class space    used 7121K, capacity 7499K, committed 7552K, reserved 1048576K

