# JRE version: OpenJDK Runtime Environment (8.0_112-b06) (build 1.8.0_112-release-b06)
# Java VM: OpenJDK 64-Bit Server VM (25.112-b06 mixed mode linux-amd64 compressed oops)
Heap:
 PSYoungGen      total 349696K, used 0K [0x00000000e0000000, 0x0000000100000000, 0x0000000100000000)
  eden space 175104K, 0% used [0x00000000e0000000,0x00000000e0000000,0x00000000eab00000)
  from space 174592K, 0% used [0x00000000f5580000,0x00000000f5580000,0x0000000100000000)
  to   space 174592K, 0% used [0x00000000eab00000,0x00000000eab00000,0x00000000f5580000)
 ParOldGen       total 857600K, used 664868K [0x00000000a0000000, 0x00000000d4580000, 0x00000000e0000000)
  object space 857600K, 77% used [0x00000000a0000000,0x00000000c8949248,0x00000000d4580000)
 Metaspace       used 68425K, capacity 70678K, committed 70912K, reserved 1112064K
  class space    used 8718K, capacity 9172K, committed 9216K, reserved 1048576K
GC Heap History (10 events):
Event: 483.178 GC heap after
Heap after GC invocations=86 (full 12):
 PSYoungGen      total 349696K, used 0K [0x00000000e0000000, 0x0000000100000000, 0x0000000100000000)
  eden space 175104K, 0% used [0x00000000e0000000,0x00000000e0000000,0x00000000eab00000)
  from space 174592K, 0% used [0x00000000f5580000,0x00000000f5580000,0x0000000100000000)
  to   space 174592K, 0% used [0x00000000eab00000,0x00000000eab00000,0x00000000f5580000)
 ParOldGen       total 857600K, used 572379K [0x00000000a0000000, 0x00000000d4580000, 0x00000000e0000000)
  object space 857600K, 66% used [0x00000000a0000000,0x00000000c2ef6c38,0x00000000d4580000)
 Metaspace       used 68424K, capacity 70678K, committed 70912K, reserved 1112064K
  class space    used 8718K, capacity 9172K, committed 9216K, reserved 1048576K
}
Event: 483.697 GC heap before
{Heap before GC invocations=87 (full 12):
 PSYoungGen      total 349696K, used 175104K [0x00000000e0000000, 0x0000000100000000, 0x0000000100000000)
  eden space 175104K, 100% used [0x00000000e0000000,0x00000000eab00000,0x00000000eab00000)
  from space 174592K, 0% used [0x00000000f5580000,0x00000000f5580000,0x0000000100000000)
  to   space 174592K, 0% used [0x00000000eab00000,0x00000000eab00000,0x00000000f5580000)
 ParOldGen       total 857600K, used 572379K [0x00000000a0000000, 0x00000000d4580000, 0x00000000e0000000)
  object space 857600K, 66% used [0x00000000a0000000,0x00000000c2ef6c38,0x00000000d4580000)
 Metaspace       used 68425K, capacity 70678K, committed 70912K, reserved 1112064K
  class space    used 8718K, capacity 9172K, committed 9216K, reserved 1048576K
Event: 483.747 GC heap after
Heap after GC invocations=87 (full 12):
 PSYoungGen      total 349696K, used 63077K [0x00000000e0000000, 0x0000000100000000, 0x0000000100000000)
  eden space 175104K, 0% used [0x00000000e0000000,0x00000000e0000000,0x00000000eab00000)
  from space 174592K, 36% used [0x00000000eab00000,0x00000000ee8997e8,0x00000000f5580000)
  to   space 174592K, 0% used [0x00000000f5580000,0x00000000f5580000,0x0000000100000000)
 ParOldGen       total 857600K, used 572379K [0x00000000a0000000, 0x00000000d4580000, 0x00000000e0000000)
  object space 857600K, 66% used [0x00000000a0000000,0x00000000c2ef6c38,0x00000000d4580000)
 Metaspace       used 68425K, capacity 70678K, committed 70912K, reserved 1112064K
  class space    used 8718K, capacity 9172K, committed 9216K, reserved 1048576K
}
Event: 484.020 GC heap before
{Heap before GC invocations=88 (full 12):
 PSYoungGen      total 349696K, used 238181K [0x00000000e0000000, 0x0000000100000000, 0x0000000100000000)
  eden space 175104K, 100% used [0x00000000e0000000,0x00000000eab00000,0x00000000eab00000)
  from space 174592K, 36% used [0x00000000eab00000,0x00000000ee8997e8,0x00000000f5580000)
  to   space 174592K, 0% used [0x00000000f5580000,0x00000000f5580000,0x0000000100000000)
 ParOldGen       total 857600K, used 572379K [0x00000000a0000000, 0x00000000d4580000, 0x00000000e0000000)
  object space 857600K, 66% used [0x00000000a0000000,0x00000000c2ef6c38,0x00000000d4580000)
 Metaspace       used 68425K, capacity 70678K, committed 70912K, reserved 1112064K
  class space    used 8718K, capacity 9172K, committed 9216K, reserved 1048576K
Event: 484.139 GC heap after
Heap after GC invocations=88 (full 12):
 PSYoungGen      total 349696K, used 74189K [0x00000000e0000000, 0x0000000100000000, 0x0000000100000000)
  eden space 175104K, 0% used [0x00000000e0000000,0x00000000e0000000,0x00000000eab00000)
  from space 174592K, 42% used [0x00000000f5580000,0x00000000f9df3440,0x0000000100000000)
  to   space 174592K, 0% used [0x00000000eab00000,0x00000000eab00000,0x00000000f5580000)
 ParOldGen       total 857600K, used 634188K [0x00000000a0000000, 0x00000000d4580000, 0x00000000e0000000)
  object space 857600K, 73% used [0x00000000a0000000,0x00000000c6b53280,0x00000000d4580000)
 Metaspace       used 68425K, capacity 70678K, committed 70912K, reserved 1112064K
  class space    used 8718K, capacity 9172K, committed 9216K, reserved 1048576K
}
Event: 484.386 GC heap before
{Heap before GC invocations=89 (full 12):
 PSYoungGen      total 349696K, used 249293K [0x00000000e0000000, 0x0000000100000000, 0x0000000100000000)
  eden space 175104K, 100% used [0x00000000e0000000,0x00000000eab00000,0x00000000eab00000)
  from space 174592K, 42% used [0x00000000f5580000,0x00000000f9df3440,0x0000000100000000)
  to   space 174592K, 0% used [0x00000000eab00000,0x00000000eab00000,0x00000000f5580000)
 ParOldGen       total 857600K, used 634188K [0x00000000a0000000, 0x00000000d4580000, 0x00000000e0000000)
  object space 857600K, 73% used [0x00000000a0000000,0x00000000c6b53280,0x00000000d4580000)
 Metaspace       used 68425K, capacity 70678K, committed 70912K, reserved 1112064K
  class space    used 8718K, capacity 9172K, committed 9216K, reserved 1048576K
Event: 484.492 GC heap after
Heap after GC invocations=89 (full 12):
 PSYoungGen      total 349696K, used 63160K [0x00000000e0000000, 0x0000000100000000, 0x0000000100000000)
  eden space 175104K, 0% used [0x00000000e0000000,0x00000000e0000000,0x00000000eab00000)
  from space 174592K, 36% used [0x00000000eab00000,0x00000000ee8ae1d0,0x00000000f5580000)
  to   space 174592K, 0% used [0x00000000f5580000,0x00000000f5580000,0x0000000100000000)
 ParOldGen       total 857600K, used 708316K [0x00000000a0000000, 0x00000000d4580000, 0x00000000e0000000)
  object space 857600K, 82% used [0x00000000a0000000,0x00000000cb3b7050,0x00000000d4580000)
 Metaspace       used 68425K, capacity 70678K, committed 70912K, reserved 1112064K
  class space    used 8718K, capacity 9172K, committed 9216K, reserved 1048576K
}
Event: 484.901 GC heap before
{Heap before GC invocations=90 (full 12):
 PSYoungGen      total 349696K, used 238264K [0x00000000e0000000, 0x0000000100000000, 0x0000000100000000)
  eden space 175104K, 100% used [0x00000000e0000000,0x00000000eab00000,0x00000000eab00000)
  from space 174592K, 36% used [0x00000000eab00000,0x00000000ee8ae1d0,0x00000000f5580000)
  to   space 174592K, 0% used [0x00000000f5580000,0x00000000f5580000,0x0000000100000000)
 ParOldGen       total 857600K, used 708316K [0x00000000a0000000, 0x00000000d4580000, 0x00000000e0000000)
  object space 857600K, 82% used [0x00000000a0000000,0x00000000cb3b7050,0x00000000d4580000)
 Metaspace       used 68425K, capacity 70678K, committed 70912K, reserved 1112064K
  class space    used 8718K, capacity 9172K, committed 9216K, reserved 1048576K
Event: 485.024 GC heap after
Heap after GC invocations=90 (full 12):
 PSYoungGen      total 349696K, used 74226K [0x00000000e0000000, 0x0000000100000000, 0x0000000100000000)
  eden space 175104K, 0% used [0x00000000e0000000,0x00000000e0000000,0x00000000eab00000)
  from space 174592K, 42% used [0x00000000f5580000,0x00000000f9dfcb70,0x0000000100000000)
  to   space 174592K, 0% used [0x00000000eab00000,0x00000000eab00000,0x00000000f5580000)
 ParOldGen       total 857600K, used 768246K [0x00000000a0000000, 0x00000000d4580000, 0x00000000e0000000)
  object space 857600K, 89% used [0x00000000a0000000,0x00000000cee3db20,0x00000000d4580000)
 Metaspace       used 68425K, capacity 70678K, committed 70912K, reserved 1112064K
  class space    used 8718K, capacity 9172K, committed 9216K, reserved 1048576K
}
Event: 485.024 GC heap before
{Heap before GC invocations=91 (full 13):
 PSYoungGen      total 349696K, used 74226K [0x00000000e0000000, 0x0000000100000000, 0x0000000100000000)
  eden space 175104K, 0% used [0x00000000e0000000,0x00000000e0000000,0x00000000eab00000)
  from space 174592K, 42% used [0x00000000f5580000,0x00000000f9dfcb70,0x0000000100000000)
  to   space 174592K, 0% used [0x00000000eab00000,0x00000000eab00000,0x00000000f5580000)
 ParOldGen       total 857600K, used 768246K [0x00000000a0000000, 0x00000000d4580000, 0x00000000e0000000)
  object space 857600K, 89% used [0x00000000a0000000,0x00000000cee3db20,0x00000000d4580000)
 Metaspace       used 68425K, capacity 70678K, committed 70912K, reserved 1112064K
  class space    used 8718K, capacity 9172K, committed 9216K, reserved 1048576K

