# JRE version: OpenJDK Runtime Environment (8.0_112-b06) (build 1.8.0_112-release-b06)
# Java VM: OpenJDK 64-Bit Server VM (25.112-b06 mixed mode linux-amd64 compressed oops)
Heap:
 PSYoungGen      total 308736K, used 10180K [0x00000000e0000000, 0x0000000100000000, 0x0000000100000000)
  eden space 178176K, 0% used [0x00000000e0000000,0x00000000e0000000,0x00000000eae00000)
  from space 130560K, 7% used [0x00000000f8080000,0x00000000f8a713e8,0x0000000100000000)
  to   space 173056K, 0% used [0x00000000eae00000,0x00000000eae00000,0x00000000f5700000)
 ParOldGen       total 216576K, used 216303K [0x00000000a0000000, 0x00000000ad380000, 0x00000000e0000000)
  object space 216576K, 99% used [0x00000000a0000000,0x00000000ad33bdf0,0x00000000ad380000)
 Metaspace       used 71865K, capacity 75564K, committed 75824K, reserved 1116160K
  class space    used 8913K, capacity 9465K, committed 9520K, reserved 1048576K
GC Heap History (10 events):
Event: 2776.736 GC heap after
Heap after GC invocations=42 (full 4):
 PSYoungGen      total 318464K, used 63264K [0x00000000e0000000, 0x00000000fa180000, 0x0000000100000000)
  eden space 242688K, 0% used [0x00000000e0000000,0x00000000e0000000,0x00000000eed00000)
  from space 75776K, 83% used [0x00000000f3d00000,0x00000000f7ac8098,0x00000000f8700000)
  to   space 81920K, 0% used [0x00000000eed00000,0x00000000eed00000,0x00000000f3d00000)
 ParOldGen       total 216576K, used 122151K [0x00000000a0000000, 0x00000000ad380000, 0x00000000e0000000)
  object space 216576K, 56% used [0x00000000a0000000,0x00000000a7749d78,0x00000000ad380000)
 Metaspace       used 71823K, capacity 75500K, committed 75824K, reserved 1116160K
  class space    used 8912K, capacity 9465K, committed 9520K, reserved 1048576K
}
Event: 2777.660 GC heap before
{Heap before GC invocations=43 (full 4):
 PSYoungGen      total 318464K, used 305952K [0x00000000e0000000, 0x00000000fa180000, 0x0000000100000000)
  eden space 242688K, 100% used [0x00000000e0000000,0x00000000eed00000,0x00000000eed00000)
  from space 75776K, 83% used [0x00000000f3d00000,0x00000000f7ac8098,0x00000000f8700000)
  to   space 81920K, 0% used [0x00000000eed00000,0x00000000eed00000,0x00000000f3d00000)
 ParOldGen       total 216576K, used 122151K [0x00000000a0000000, 0x00000000ad380000, 0x00000000e0000000)
  object space 216576K, 56% used [0x00000000a0000000,0x00000000a7749d78,0x00000000ad380000)
 Metaspace       used 71849K, capacity 75500K, committed 75824K, reserved 1116160K
  class space    used 8913K, capacity 9465K, committed 9520K, reserved 1048576K
Event: 2777.907 GC heap after
Heap after GC invocations=43 (full 4):
 PSYoungGen      total 324608K, used 81895K [0x00000000e0000000, 0x00000000fe100000, 0x0000000100000000)
  eden space 242688K, 0% used [0x00000000e0000000,0x00000000e0000000,0x00000000eed00000)
  from space 81920K, 99% used [0x00000000eed00000,0x00000000f3cf9f18,0x00000000f3d00000)
  to   space 98816K, 0% used [0x00000000f8080000,0x00000000f8080000,0x00000000fe100000)
 ParOldGen       total 216576K, used 136481K [0x00000000a0000000, 0x00000000ad380000, 0x00000000e0000000)
  object space 216576K, 63% used [0x00000000a0000000,0x00000000a8548730,0x00000000ad380000)
 Metaspace       used 71849K, capacity 75500K, committed 75824K, reserved 1116160K
  class space    used 8913K, capacity 9465K, committed 9520K, reserved 1048576K
}
Event: 2778.824 GC heap before
{Heap before GC invocations=44 (full 4):
 PSYoungGen      total 324608K, used 324583K [0x00000000e0000000, 0x00000000fe100000, 0x0000000100000000)
  eden space 242688K, 100% used [0x00000000e0000000,0x00000000eed00000,0x00000000eed00000)
  from space 81920K, 99% used [0x00000000eed00000,0x00000000f3cf9f18,0x00000000f3d00000)
  to   space 98816K, 0% used [0x00000000f8080000,0x00000000f8080000,0x00000000fe100000)
 ParOldGen       total 216576K, used 136481K [0x00000000a0000000, 0x00000000ad380000, 0x00000000e0000000)
  object space 216576K, 63% used [0x00000000a0000000,0x00000000a8548730,0x00000000ad380000)
 Metaspace       used 71861K, capacity 75564K, committed 75824K, reserved 1116160K
  class space    used 8913K, capacity 9465K, committed 9520K, reserved 1048576K
Event: 2779.068 GC heap after
Heap after GC invocations=44 (full 4):
 PSYoungGen      total 372224K, used 98809K [0x00000000e0000000, 0x0000000100000000, 0x0000000100000000)
  eden space 273408K, 0% used [0x00000000e0000000,0x00000000e0000000,0x00000000f0b00000)
  from space 98816K, 99% used [0x00000000f8080000,0x00000000fe0fe7b0,0x00000000fe100000)
  to   space 120320K, 0% used [0x00000000f0b00000,0x00000000f0b00000,0x00000000f8080000)
 ParOldGen       total 216576K, used 155506K [0x00000000a0000000, 0x00000000ad380000, 0x00000000e0000000)
  object space 216576K, 71% used [0x00000000a0000000,0x00000000a97dc870,0x00000000ad380000)
 Metaspace       used 71861K, capacity 75564K, committed 75824K, reserved 1116160K
  class space    used 8913K, capacity 9465K, committed 9520K, reserved 1048576K
}
Event: 2779.979 GC heap before
{Heap before GC invocations=45 (full 4):
 PSYoungGen      total 372224K, used 372217K [0x00000000e0000000, 0x0000000100000000, 0x0000000100000000)
  eden space 273408K, 100% used [0x00000000e0000000,0x00000000f0b00000,0x00000000f0b00000)
  from space 98816K, 99% used [0x00000000f8080000,0x00000000fe0fe7b0,0x00000000fe100000)
  to   space 120320K, 0% used [0x00000000f0b00000,0x00000000f0b00000,0x00000000f8080000)
 ParOldGen       total 216576K, used 155506K [0x00000000a0000000, 0x00000000ad380000, 0x00000000e0000000)
  object space 216576K, 71% used [0x00000000a0000000,0x00000000a97dc870,0x00000000ad380000)
 Metaspace       used 71864K, capacity 75564K, committed 75824K, reserved 1116160K
  class space    used 8913K, capacity 9465K, committed 9520K, reserved 1048576K
Event: 2780.235 GC heap after
Heap after GC invocations=45 (full 4):
 PSYoungGen      total 393728K, used 120304K [0x00000000e0000000, 0x0000000100000000, 0x0000000100000000)
  eden space 273408K, 0% used [0x00000000e0000000,0x00000000e0000000,0x00000000f0b00000)
  from space 120320K, 99% used [0x00000000f0b00000,0x00000000f807c0c8,0x00000000f8080000)
  to   space 130560K, 0% used [0x00000000f8080000,0x00000000f8080000,0x0000000100000000)
 ParOldGen       total 216576K, used 175956K [0x00000000a0000000, 0x00000000ad380000, 0x00000000e0000000)
  object space 216576K, 81% used [0x00000000a0000000,0x00000000aabd5300,0x00000000ad380000)
 Metaspace       used 71864K, capacity 75564K, committed 75824K, reserved 1116160K
  class space    used 8913K, capacity 9465K, committed 9520K, reserved 1048576K
}
Event: 2781.274 GC heap before
{Heap before GC invocations=46 (full 4):
 PSYoungGen      total 393728K, used 393712K [0x00000000e0000000, 0x0000000100000000, 0x0000000100000000)
  eden space 273408K, 100% used [0x00000000e0000000,0x00000000f0b00000,0x00000000f0b00000)
  from space 120320K, 99% used [0x00000000f0b00000,0x00000000f807c0c8,0x00000000f8080000)
  to   space 130560K, 0% used [0x00000000f8080000,0x00000000f8080000,0x0000000100000000)
 ParOldGen       total 216576K, used 175956K [0x00000000a0000000, 0x00000000ad380000, 0x00000000e0000000)
  object space 216576K, 81% used [0x00000000a0000000,0x00000000aabd5300,0x00000000ad380000)
 Metaspace       used 71865K, capacity 75564K, committed 75824K, reserved 1116160K
  class space    used 8913K, capacity 9465K, committed 9520K, reserved 1048576K
Event: 2782.806 GC heap after
Heap after GC invocations=46 (full 4):
 PSYoungGen      total 308736K, used 130552K [0x00000000e0000000, 0x0000000100000000, 0x0000000100000000)
  eden space 178176K, 0% used [0x00000000e0000000,0x00000000e0000000,0x00000000eae00000)
  from space 130560K, 99% used [0x00000000f8080000,0x00000000ffffe138,0x0000000100000000)
  to   space 173056K, 0% used [0x00000000eae00000,0x00000000eae00000,0x00000000f5700000)
 ParOldGen       total 216576K, used 201446K [0x00000000a0000000, 0x00000000ad380000, 0x00000000e0000000)
  object space 216576K, 93% used [0x00000000a0000000,0x00000000ac4b9830,0x00000000ad380000)
 Metaspace       used 71865K, capacity 75564K, committed 75824K, reserved 1116160K
  class space    used 8913K, capacity 9465K, committed 9520K, reserved 1048576K
}
Event: 2782.853 GC heap before
{Heap before GC invocations=47 (full 5):
 PSYoungGen      total 308736K, used 130552K [0x00000000e0000000, 0x0000000100000000, 0x0000000100000000)
  eden space 178176K, 0% used [0x00000000e0000000,0x00000000e0000000,0x00000000eae00000)
  from space 130560K, 99% used [0x00000000f8080000,0x00000000ffffe138,0x0000000100000000)
  to   space 173056K, 0% used [0x00000000eae00000,0x00000000eae00000,0x00000000f5700000)
 ParOldGen       total 216576K, used 201446K [0x00000000a0000000, 0x00000000ad380000, 0x00000000e0000000)
  object space 216576K, 93% used [0x00000000a0000000,0x00000000ac4b9830,0x00000000ad380000)
 Metaspace       used 71865K, capacity 75564K, committed 75824K, reserved 1116160K
  class space    used 8913K, capacity 9465K, committed 9520K, reserved 1048576K

