# JRE version: OpenJDK Runtime Environment (8.0_112-b06) (build 1.8.0_112-release-b06)
# Java VM: OpenJDK 64-Bit Server VM (25.112-b06 mixed mode linux-amd64 compressed oops)
Heap:
 PSYoungGen      total 349696K, used 9046K [0x00000000e0000000, 0x0000000100000000, 0x0000000100000000)
  eden space 175104K, 0% used [0x00000000e0000000,0x00000000e0000000,0x00000000eab00000)
  from space 174592K, 5% used [0x00000000f5580000,0x00000000f5e55880,0x0000000100000000)
  to   space 174592K, 0% used [0x00000000eab00000,0x00000000eab00000,0x00000000f5580000)
 ParOldGen       total 720384K, used 720350K [0x00000000a0000000, 0x00000000cbf80000, 0x00000000e0000000)
  object space 720384K, 99% used [0x00000000a0000000,0x00000000cbf77b58,0x00000000cbf80000)
 Metaspace       used 55458K, capacity 57210K, committed 57344K, reserved 1099776K
  class space    used 7304K, capacity 7678K, committed 7680K, reserved 1048576K
GC Heap History (10 events):
Event: 61.157 GC heap after
Heap after GC invocations=58 (full 7):
 PSYoungGen      total 328192K, used 146765K [0x00000000e0000000, 0x0000000100000000, 0x0000000100000000)
  eden space 181248K, 0% used [0x00000000e0000000,0x00000000e0000000,0x00000000eb100000)
  from space 146944K, 99% used [0x00000000eb100000,0x00000000f40534e8,0x00000000f4080000)
  to   space 174592K, 0% used [0x00000000f5580000,0x00000000f5580000,0x0000000100000000)
 ParOldGen       total 526336K, used 516084K [0x00000000a0000000, 0x00000000c0200000, 0x00000000e0000000)
  object space 526336K, 98% used [0x00000000a0000000,0x00000000bf7fd0b8,0x00000000c0200000)
 Metaspace       used 55449K, capacity 57210K, committed 57344K, reserved 1099776K
  class space    used 7303K, capacity 7678K, committed 7680K, reserved 1048576K
}
Event: 61.157 GC heap before
{Heap before GC invocations=59 (full 8):
 PSYoungGen      total 328192K, used 146765K [0x00000000e0000000, 0x0000000100000000, 0x0000000100000000)
  eden space 181248K, 0% used [0x00000000e0000000,0x00000000e0000000,0x00000000eb100000)
  from space 146944K, 99% used [0x00000000eb100000,0x00000000f40534e8,0x00000000f4080000)
  to   space 174592K, 0% used [0x00000000f5580000,0x00000000f5580000,0x0000000100000000)
 ParOldGen       total 526336K, used 516084K [0x00000000a0000000, 0x00000000c0200000, 0x00000000e0000000)
  object space 526336K, 98% used [0x00000000a0000000,0x00000000bf7fd0b8,0x00000000c0200000)
 Metaspace       used 55449K, capacity 57210K, committed 57344K, reserved 1099776K
  class space    used 7303K, capacity 7678K, committed 7680K, reserved 1048576K
Event: 65.381 GC heap after
Heap after GC invocations=59 (full 8):
 PSYoungGen      total 328192K, used 127171K [0x00000000e0000000, 0x0000000100000000, 0x0000000100000000)
  eden space 181248K, 0% used [0x00000000e0000000,0x00000000e0000000,0x00000000eb100000)
  from space 146944K, 86% used [0x00000000eb100000,0x00000000f2d30ec0,0x00000000f4080000)
  to   space 174592K, 0% used [0x00000000f5580000,0x00000000f5580000,0x0000000100000000)
 ParOldGen       total 703488K, used 526167K [0x00000000a0000000, 0x00000000caf00000, 0x00000000e0000000)
  object space 703488K, 74% used [0x00000000a0000000,0x00000000c01d5ca8,0x00000000caf00000)
 Metaspace       used 55449K, capacity 57210K, committed 57344K, reserved 1099776K
  class space    used 7303K, capacity 7678K, committed 7680K, reserved 1048576K
}
Event: 66.485 GC heap before
{Heap before GC invocations=60 (full 8):
 PSYoungGen      total 328192K, used 308419K [0x00000000e0000000, 0x0000000100000000, 0x0000000100000000)
  eden space 181248K, 100% used [0x00000000e0000000,0x00000000eb100000,0x00000000eb100000)
  from space 146944K, 86% used [0x00000000eb100000,0x00000000f2d30ec0,0x00000000f4080000)
  to   space 174592K, 0% used [0x00000000f5580000,0x00000000f5580000,0x0000000100000000)
 ParOldGen       total 703488K, used 526167K [0x00000000a0000000, 0x00000000caf00000, 0x00000000e0000000)
  object space 703488K, 74% used [0x00000000a0000000,0x00000000c01d5ca8,0x00000000caf00000)
 Metaspace       used 55458K, capacity 57210K, committed 57344K, reserved 1099776K
  class space    used 7304K, capacity 7678K, committed 7680K, reserved 1048576K
Event: 66.872 GC heap after
Heap after GC invocations=60 (full 8):
 PSYoungGen      total 349696K, used 111480K [0x00000000e0000000, 0x0000000100000000, 0x0000000100000000)
  eden space 175104K, 0% used [0x00000000e0000000,0x00000000e0000000,0x00000000eab00000)
  from space 174592K, 63% used [0x00000000f5580000,0x00000000fc25e380,0x0000000100000000)
  to   space 174592K, 0% used [0x00000000eab00000,0x00000000eab00000,0x00000000f5580000)
 ParOldGen       total 703488K, used 570647K [0x00000000a0000000, 0x00000000caf00000, 0x00000000e0000000)
  object space 703488K, 81% used [0x00000000a0000000,0x00000000c2d45e58,0x00000000caf00000)
 Metaspace       used 55458K, capacity 57210K, committed 57344K, reserved 1099776K
  class space    used 7304K, capacity 7678K, committed 7680K, reserved 1048576K
}
Event: 67.015 GC heap before
{Heap before GC invocations=61 (full 8):
 PSYoungGen      total 349696K, used 286584K [0x00000000e0000000, 0x0000000100000000, 0x0000000100000000)
  eden space 175104K, 100% used [0x00000000e0000000,0x00000000eab00000,0x00000000eab00000)
  from space 174592K, 63% used [0x00000000f5580000,0x00000000fc25e380,0x0000000100000000)
  to   space 174592K, 0% used [0x00000000eab00000,0x00000000eab00000,0x00000000f5580000)
 ParOldGen       total 703488K, used 570647K [0x00000000a0000000, 0x00000000caf00000, 0x00000000e0000000)
  object space 703488K, 81% used [0x00000000a0000000,0x00000000c2d45e58,0x00000000caf00000)
 Metaspace       used 55458K, capacity 57210K, committed 57344K, reserved 1099776K
  class space    used 7304K, capacity 7678K, committed 7680K, reserved 1048576K
Event: 67.233 GC heap after
Heap after GC invocations=61 (full 8):
 PSYoungGen      total 349696K, used 159833K [0x00000000e0000000, 0x0000000100000000, 0x0000000100000000)
  eden space 175104K, 0% used [0x00000000e0000000,0x00000000e0000000,0x00000000eab00000)
  from space 174592K, 91% used [0x00000000eab00000,0x00000000f47165f0,0x00000000f5580000)
  to   space 174592K, 0% used [0x00000000f5580000,0x00000000f5580000,0x0000000100000000)
 ParOldGen       total 703488K, used 616142K [0x00000000a0000000, 0x00000000caf00000, 0x00000000e0000000)
  object space 703488K, 87% used [0x00000000a0000000,0x00000000c59b39f8,0x00000000caf00000)
 Metaspace       used 55458K, capacity 57210K, committed 57344K, reserved 1099776K
  class space    used 7304K, capacity 7678K, committed 7680K, reserved 1048576K
}
Event: 67.604 GC heap before
{Heap before GC invocations=62 (full 8):
 PSYoungGen      total 349696K, used 334937K [0x00000000e0000000, 0x0000000100000000, 0x0000000100000000)
  eden space 175104K, 100% used [0x00000000e0000000,0x00000000eab00000,0x00000000eab00000)
  from space 174592K, 91% used [0x00000000eab00000,0x00000000f47165f0,0x00000000f5580000)
  to   space 174592K, 0% used [0x00000000f5580000,0x00000000f5580000,0x0000000100000000)
 ParOldGen       total 703488K, used 616142K [0x00000000a0000000, 0x00000000caf00000, 0x00000000e0000000)
  object space 703488K, 87% used [0x00000000a0000000,0x00000000c59b39f8,0x00000000caf00000)
 Metaspace       used 55458K, capacity 57210K, committed 57344K, reserved 1099776K
  class space    used 7304K, capacity 7678K, committed 7680K, reserved 1048576K
Event: 67.737 GC heap after
Heap after GC invocations=62 (full 8):
 PSYoungGen      total 349696K, used 15239K [0x00000000e0000000, 0x0000000100000000, 0x0000000100000000)
  eden space 175104K, 0% used [0x00000000e0000000,0x00000000e0000000,0x00000000eab00000)
  from space 174592K, 8% used [0x00000000f5580000,0x00000000f6461cb8,0x0000000100000000)
  to   space 174592K, 0% used [0x00000000eab00000,0x00000000eab00000,0x00000000f5580000)
 ParOldGen       total 720384K, used 718382K [0x00000000a0000000, 0x00000000cbf80000, 0x00000000e0000000)
  object space 720384K, 99% used [0x00000000a0000000,0x00000000cbd8ba60,0x00000000cbf80000)
 Metaspace       used 55458K, capacity 57210K, committed 57344K, reserved 1099776K
  class space    used 7304K, capacity 7678K, committed 7680K, reserved 1048576K
}
Event: 67.737 GC heap before
{Heap before GC invocations=63 (full 9):
 PSYoungGen      total 349696K, used 15239K [0x00000000e0000000, 0x0000000100000000, 0x0000000100000000)
  eden space 175104K, 0% used [0x00000000e0000000,0x00000000e0000000,0x00000000eab00000)
  from space 174592K, 8% used [0x00000000f5580000,0x00000000f6461cb8,0x0000000100000000)
  to   space 174592K, 0% used [0x00000000eab00000,0x00000000eab00000,0x00000000f5580000)
 ParOldGen       total 720384K, used 718382K [0x00000000a0000000, 0x00000000cbf80000, 0x00000000e0000000)
  object space 720384K, 99% used [0x00000000a0000000,0x00000000cbd8ba60,0x00000000cbf80000)
 Metaspace       used 55458K, capacity 57210K, committed 57344K, reserved 1099776K
  class space    used 7304K, capacity 7678K, committed 7680K, reserved 1048576K

