# JRE version: OpenJDK Runtime Environment (8.0_112-b06) (build 1.8.0_112-release-b06)
# Java VM: OpenJDK 64-Bit Server VM (25.112-b06 mixed mode linux-amd64 compressed oops)
Heap:
 PSYoungGen      total 393728K, used 42633K [0x00000000e0000000, 0x0000000100000000, 0x0000000100000000)
  eden space 288256K, 0% used [0x00000000e0000000,0x00000000e0000000,0x00000000f1980000)
  from space 105472K, 40% used [0x00000000f1980000,0x00000000f4322440,0x00000000f8080000)
  to   space 114176K, 0% used [0x00000000f9080000,0x00000000f9080000,0x0000000100000000)
 ParOldGen       total 438272K, used 438047K [0x00000000a0000000, 0x00000000bac00000, 0x00000000e0000000)
  object space 438272K, 99% used [0x00000000a0000000,0x00000000babc7cc0,0x00000000bac00000)
 Metaspace       used 54038K, capacity 55718K, committed 55856K, reserved 1097728K
  class space    used 7115K, capacity 7471K, committed 7472K, reserved 1048576K
GC Heap History (10 events):
Event: 42.664 GC heap after
Heap after GC invocations=39 (full 6):
 PSYoungGen      total 309760K, used 25223K [0x00000000e0000000, 0x00000000fa100000, 0x0000000100000000)
  eden space 241152K, 0% used [0x00000000e0000000,0x00000000e0000000,0x00000000eeb80000)
  from space 68608K, 36% used [0x00000000eeb80000,0x00000000f0421d10,0x00000000f2e80000)
  to   space 78336K, 0% used [0x00000000f5480000,0x00000000f5480000,0x00000000fa100000)
 ParOldGen       total 438272K, used 304996K [0x00000000a0000000, 0x00000000bac00000, 0x00000000e0000000)
  object space 438272K, 69% used [0x00000000a0000000,0x00000000b29d9298,0x00000000bac00000)
 Metaspace       used 54027K, capacity 55718K, committed 55856K, reserved 1097728K
  class space    used 7114K, capacity 7471K, committed 7472K, reserved 1048576K
}
Event: 43.558 GC heap before
{Heap before GC invocations=40 (full 6):
 PSYoungGen      total 309760K, used 266375K [0x00000000e0000000, 0x00000000fa100000, 0x0000000100000000)
  eden space 241152K, 100% used [0x00000000e0000000,0x00000000eeb80000,0x00000000eeb80000)
  from space 68608K, 36% used [0x00000000eeb80000,0x00000000f0421d10,0x00000000f2e80000)
  to   space 78336K, 0% used [0x00000000f5480000,0x00000000f5480000,0x00000000fa100000)
 ParOldGen       total 438272K, used 304996K [0x00000000a0000000, 0x00000000bac00000, 0x00000000e0000000)
  object space 438272K, 69% used [0x00000000a0000000,0x00000000b29d9298,0x00000000bac00000)
 Metaspace       used 54030K, capacity 55718K, committed 55856K, reserved 1097728K
  class space    used 7114K, capacity 7471K, committed 7472K, reserved 1048576K
Event: 43.768 GC heap after
Heap after GC invocations=40 (full 6):
 PSYoungGen      total 343552K, used 57089K [0x00000000e0000000, 0x00000000fa500000, 0x0000000100000000)
  eden space 265216K, 0% used [0x00000000e0000000,0x00000000e0000000,0x00000000f0300000)
  from space 78336K, 72% used [0x00000000f5480000,0x00000000f8c40400,0x00000000fa100000)
  to   space 82944K, 0% used [0x00000000f0300000,0x00000000f0300000,0x00000000f5400000)
 ParOldGen       total 438272K, used 309308K [0x00000000a0000000, 0x00000000bac00000, 0x00000000e0000000)
  object space 438272K, 70% used [0x00000000a0000000,0x00000000b2e0f298,0x00000000bac00000)
 Metaspace       used 54030K, capacity 55718K, committed 55856K, reserved 1097728K
  class space    used 7114K, capacity 7471K, committed 7472K, reserved 1048576K
}
Event: 44.612 GC heap before
{Heap before GC invocations=41 (full 6):
 PSYoungGen      total 343552K, used 322305K [0x00000000e0000000, 0x00000000fa500000, 0x0000000100000000)
  eden space 265216K, 100% used [0x00000000e0000000,0x00000000f0300000,0x00000000f0300000)
  from space 78336K, 72% used [0x00000000f5480000,0x00000000f8c40400,0x00000000fa100000)
  to   space 82944K, 0% used [0x00000000f0300000,0x00000000f0300000,0x00000000f5400000)
 ParOldGen       total 438272K, used 309308K [0x00000000a0000000, 0x00000000bac00000, 0x00000000e0000000)
  object space 438272K, 70% used [0x00000000a0000000,0x00000000b2e0f298,0x00000000bac00000)
 Metaspace       used 54030K, capacity 55718K, committed 55856K, reserved 1097728K
  class space    used 7114K, capacity 7471K, committed 7472K, reserved 1048576K
Event: 44.782 GC heap after
Heap after GC invocations=41 (full 6):
 PSYoungGen      total 348160K, used 82923K [0x00000000e0000000, 0x00000000fe280000, 0x0000000100000000)
  eden space 265216K, 0% used [0x00000000e0000000,0x00000000e0000000,0x00000000f0300000)
  from space 82944K, 99% used [0x00000000f0300000,0x00000000f53faea0,0x00000000f5400000)
  to   space 100352K, 0% used [0x00000000f8080000,0x00000000f8080000,0x00000000fe280000)
 ParOldGen       total 438272K, used 319619K [0x00000000a0000000, 0x00000000bac00000, 0x00000000e0000000)
  object space 438272K, 72% used [0x00000000a0000000,0x00000000b3820cb8,0x00000000bac00000)
 Metaspace       used 54030K, capacity 55718K, committed 55856K, reserved 1097728K
  class space    used 7114K, capacity 7471K, committed 7472K, reserved 1048576K
}
Event: 45.674 GC heap before
{Heap before GC invocations=42 (full 6):
 PSYoungGen      total 348160K, used 348139K [0x00000000e0000000, 0x00000000fe280000, 0x0000000100000000)
  eden space 265216K, 100% used [0x00000000e0000000,0x00000000f0300000,0x00000000f0300000)
  from space 82944K, 99% used [0x00000000f0300000,0x00000000f53faea0,0x00000000f5400000)
  to   space 100352K, 0% used [0x00000000f8080000,0x00000000f8080000,0x00000000fe280000)
 ParOldGen       total 438272K, used 319619K [0x00000000a0000000, 0x00000000bac00000, 0x00000000e0000000)
  object space 438272K, 72% used [0x00000000a0000000,0x00000000b3820cb8,0x00000000bac00000)
 Metaspace       used 54036K, capacity 55718K, committed 55856K, reserved 1097728K
  class space    used 7114K, capacity 7471K, committed 7472K, reserved 1048576K
Event: 46.043 GC heap after
Heap after GC invocations=42 (full 6):
 PSYoungGen      total 388608K, used 70756K [0x00000000e0000000, 0x00000000ff100000, 0x0000000100000000)
  eden space 288256K, 0% used [0x00000000e0000000,0x00000000e0000000,0x00000000f1980000)
  from space 100352K, 70% used [0x00000000f8080000,0x00000000fc599048,0x00000000fe280000)
  to   space 105472K, 0% used [0x00000000f1980000,0x00000000f1980000,0x00000000f8080000)
 ParOldGen       total 438272K, used 373049K [0x00000000a0000000, 0x00000000bac00000, 0x00000000e0000000)
  object space 438272K, 85% used [0x00000000a0000000,0x00000000b6c4e710,0x00000000bac00000)
 Metaspace       used 54036K, capacity 55718K, committed 55856K, reserved 1097728K
  class space    used 7114K, capacity 7471K, committed 7472K, reserved 1048576K
}
Event: 46.846 GC heap before
{Heap before GC invocations=43 (full 6):
 PSYoungGen      total 388608K, used 359012K [0x00000000e0000000, 0x00000000ff100000, 0x0000000100000000)
  eden space 288256K, 100% used [0x00000000e0000000,0x00000000f1980000,0x00000000f1980000)
  from space 100352K, 70% used [0x00000000f8080000,0x00000000fc599048,0x00000000fe280000)
  to   space 105472K, 0% used [0x00000000f1980000,0x00000000f1980000,0x00000000f8080000)
 ParOldGen       total 438272K, used 373049K [0x00000000a0000000, 0x00000000bac00000, 0x00000000e0000000)
  object space 438272K, 85% used [0x00000000a0000000,0x00000000b6c4e710,0x00000000bac00000)
 Metaspace       used 54038K, capacity 55718K, committed 55856K, reserved 1097728K
  class space    used 7115K, capacity 7471K, committed 7472K, reserved 1048576K
Event: 47.004 GC heap after
Heap after GC invocations=43 (full 6):
 PSYoungGen      total 393728K, used 82842K [0x00000000e0000000, 0x0000000100000000, 0x0000000100000000)
  eden space 288256K, 0% used [0x00000000e0000000,0x00000000e0000000,0x00000000f1980000)
  from space 105472K, 78% used [0x00000000f1980000,0x00000000f6a66918,0x00000000f8080000)
  to   space 114176K, 0% used [0x00000000f9080000,0x00000000f9080000,0x0000000100000000)
 ParOldGen       total 438272K, used 402945K [0x00000000a0000000, 0x00000000bac00000, 0x00000000e0000000)
  object space 438272K, 91% used [0x00000000a0000000,0x00000000b89806d8,0x00000000bac00000)
 Metaspace       used 54038K, capacity 55718K, committed 55856K, reserved 1097728K
  class space    used 7115K, capacity 7471K, committed 7472K, reserved 1048576K
}
Event: 47.004 GC heap before
{Heap before GC invocations=44 (full 7):
 PSYoungGen      total 393728K, used 82842K [0x00000000e0000000, 0x0000000100000000, 0x0000000100000000)
  eden space 288256K, 0% used [0x00000000e0000000,0x00000000e0000000,0x00000000f1980000)
  from space 105472K, 78% used [0x00000000f1980000,0x00000000f6a66918,0x00000000f8080000)
  to   space 114176K, 0% used [0x00000000f9080000,0x00000000f9080000,0x0000000100000000)
 ParOldGen       total 438272K, used 402945K [0x00000000a0000000, 0x00000000bac00000, 0x00000000e0000000)
  object space 438272K, 91% used [0x00000000a0000000,0x00000000b89806d8,0x00000000bac00000)
 Metaspace       used 54038K, capacity 55718K, committed 55856K, reserved 1097728K
  class space    used 7115K, capacity 7471K, committed 7472K, reserved 1048576K

