# JRE version: OpenJDK Runtime Environment (8.0_112-b06) (build 1.8.0_112-release-b06)
# Java VM: OpenJDK 64-Bit Server VM (25.112-b06 mixed mode linux-amd64 compressed oops)
Heap:
 PSYoungGen      total 410624K, used 23555K [0x00000000e0000000, 0x0000000100000000, 0x0000000100000000)
  eden space 354304K, 0% used [0x00000000e0000000,0x00000000e0000000,0x00000000f5a00000)
  from space 56320K, 41% used [0x00000000f5a00000,0x00000000f7100db8,0x00000000f9100000)
  to   space 87040K, 0% used [0x00000000fab00000,0x00000000fab00000,0x0000000100000000)
 ParOldGen       total 418816K, used 418793K [0x00000000a0000000, 0x00000000b9900000, 0x00000000e0000000)
  object space 418816K, 99% used [0x00000000a0000000,0x00000000b98fa4e0,0x00000000b9900000)
 Metaspace       used 63233K, capacity 66206K, committed 66352K, reserved 1107968K
  class space    used 7955K, capacity 8427K, committed 8496K, reserved 1048576K
GC Heap History (10 events):
Event: 1092.399 GC heap after
Heap after GC invocations=39 (full 5):
 PSYoungGen      total 436736K, used 41873K [0x00000000e0000000, 0x00000000ffb00000, 0x0000000100000000)
  eden space 360448K, 0% used [0x00000000e0000000,0x00000000e0000000,0x00000000f6000000)
  from space 76288K, 54% used [0x00000000fb080000,0x00000000fd964578,0x00000000ffb00000)
  to   space 79360K, 0% used [0x00000000f6000000,0x00000000f6000000,0x00000000fad80000)
 ParOldGen       total 268288K, used 247587K [0x00000000a0000000, 0x00000000b0600000, 0x00000000e0000000)
  object space 268288K, 92% used [0x00000000a0000000,0x00000000af1c8ca0,0x00000000b0600000)
 Metaspace       used 63219K, capacity 66206K, committed 66352K, reserved 1107968K
  class space    used 7955K, capacity 8427K, committed 8496K, reserved 1048576K
}
Event: 1092.399 GC heap before
{Heap before GC invocations=40 (full 6):
 PSYoungGen      total 436736K, used 41873K [0x00000000e0000000, 0x00000000ffb00000, 0x0000000100000000)
  eden space 360448K, 0% used [0x00000000e0000000,0x00000000e0000000,0x00000000f6000000)
  from space 76288K, 54% used [0x00000000fb080000,0x00000000fd964578,0x00000000ffb00000)
  to   space 79360K, 0% used [0x00000000f6000000,0x00000000f6000000,0x00000000fad80000)
 ParOldGen       total 268288K, used 247587K [0x00000000a0000000, 0x00000000b0600000, 0x00000000e0000000)
  object space 268288K, 92% used [0x00000000a0000000,0x00000000af1c8ca0,0x00000000b0600000)
 Metaspace       used 63219K, capacity 66206K, committed 66352K, reserved 1107968K
  class space    used 7955K, capacity 8427K, committed 8496K, reserved 1048576K
Event: 1093.980 GC heap after
Heap after GC invocations=40 (full 6):
 PSYoungGen      total 436736K, used 17063K [0x00000000e0000000, 0x00000000ffb00000, 0x0000000100000000)
  eden space 360448K, 0% used [0x00000000e0000000,0x00000000e0000000,0x00000000f6000000)
  from space 76288K, 22% used [0x00000000fb080000,0x00000000fc129e98,0x00000000ffb00000)
  to   space 79360K, 0% used [0x00000000f6000000,0x00000000f6000000,0x00000000fad80000)
 ParOldGen       total 418816K, used 268083K [0x00000000a0000000, 0x00000000b9900000, 0x00000000e0000000)
  object space 418816K, 64% used [0x00000000a0000000,0x00000000b05cce48,0x00000000b9900000)
 Metaspace       used 63219K, capacity 66206K, committed 66352K, reserved 1107968K
  class space    used 7955K, capacity 8427K, committed 8496K, reserved 1048576K
}
Event: 1097.583 GC heap before
{Heap before GC invocations=41 (full 6):
 PSYoungGen      total 436736K, used 377511K [0x00000000e0000000, 0x00000000ffb00000, 0x0000000100000000)
  eden space 360448K, 100% used [0x00000000e0000000,0x00000000f6000000,0x00000000f6000000)
  from space 76288K, 22% used [0x00000000fb080000,0x00000000fc129e98,0x00000000ffb00000)
  to   space 79360K, 0% used [0x00000000f6000000,0x00000000f6000000,0x00000000fad80000)
 ParOldGen       total 418816K, used 268083K [0x00000000a0000000, 0x00000000b9900000, 0x00000000e0000000)
  object space 418816K, 64% used [0x00000000a0000000,0x00000000b05cce48,0x00000000b9900000)
 Metaspace       used 63228K, capacity 66206K, committed 66352K, reserved 1107968K
  class space    used 7955K, capacity 8427K, committed 8496K, reserved 1048576K
Event: 1097.866 GC heap after
Heap after GC invocations=41 (full 6):
 PSYoungGen      total 439808K, used 55415K [0x00000000e0000000, 0x0000000100000000, 0x0000000100000000)
  eden space 360448K, 0% used [0x00000000e0000000,0x00000000e0000000,0x00000000f6000000)
  from space 79360K, 69% used [0x00000000f6000000,0x00000000f961dce0,0x00000000fad80000)
  to   space 82432K, 0% used [0x00000000faf80000,0x00000000faf80000,0x0000000100000000)
 ParOldGen       total 418816K, used 284070K [0x00000000a0000000, 0x00000000b9900000, 0x00000000e0000000)
  object space 418816K, 67% used [0x00000000a0000000,0x00000000b1569ba8,0x00000000b9900000)
 Metaspace       used 63228K, capacity 66206K, committed 66352K, reserved 1107968K
  class space    used 7955K, capacity 8427K, committed 8496K, reserved 1048576K
}
Event: 1099.069 GC heap before
{Heap before GC invocations=42 (full 6):
 PSYoungGen      total 439808K, used 415863K [0x00000000e0000000, 0x0000000100000000, 0x0000000100000000)
  eden space 360448K, 100% used [0x00000000e0000000,0x00000000f6000000,0x00000000f6000000)
  from space 79360K, 69% used [0x00000000f6000000,0x00000000f961dce0,0x00000000fad80000)
  to   space 82432K, 0% used [0x00000000faf80000,0x00000000faf80000,0x0000000100000000)
 ParOldGen       total 418816K, used 284070K [0x00000000a0000000, 0x00000000b9900000, 0x00000000e0000000)
  object space 418816K, 67% used [0x00000000a0000000,0x00000000b1569ba8,0x00000000b9900000)
 Metaspace       used 63228K, capacity 66206K, committed 66352K, reserved 1107968K
  class space    used 7955K, capacity 8427K, committed 8496K, reserved 1048576K
Event: 1099.279 GC heap after
Heap after GC invocations=42 (full 6):
 PSYoungGen      total 436736K, used 55608K [0x00000000e0000000, 0x0000000100000000, 0x0000000100000000)
  eden space 354304K, 0% used [0x00000000e0000000,0x00000000e0000000,0x00000000f5a00000)
  from space 82432K, 67% used [0x00000000faf80000,0x00000000fe5ce300,0x0000000100000000)
  to   space 84992K, 0% used [0x00000000f5a00000,0x00000000f5a00000,0x00000000fad00000)
 ParOldGen       total 418816K, used 337004K [0x00000000a0000000, 0x00000000b9900000, 0x00000000e0000000)
  object space 418816K, 80% used [0x00000000a0000000,0x00000000b491b268,0x00000000b9900000)
 Metaspace       used 63228K, capacity 66206K, committed 66352K, reserved 1107968K
  class space    used 7955K, capacity 8427K, committed 8496K, reserved 1048576K
}
Event: 1101.611 GC heap before
{Heap before GC invocations=43 (full 6):
 PSYoungGen      total 436736K, used 409912K [0x00000000e0000000, 0x0000000100000000, 0x0000000100000000)
  eden space 354304K, 100% used [0x00000000e0000000,0x00000000f5a00000,0x00000000f5a00000)
  from space 82432K, 67% used [0x00000000faf80000,0x00000000fe5ce300,0x0000000100000000)
  to   space 84992K, 0% used [0x00000000f5a00000,0x00000000f5a00000,0x00000000fad00000)
 ParOldGen       total 418816K, used 337004K [0x00000000a0000000, 0x00000000b9900000, 0x00000000e0000000)
  object space 418816K, 80% used [0x00000000a0000000,0x00000000b491b268,0x00000000b9900000)
 Metaspace       used 63233K, capacity 66206K, committed 66352K, reserved 1107968K
  class space    used 7955K, capacity 8427K, committed 8496K, reserved 1048576K
Event: 1101.793 GC heap after
Heap after GC invocations=43 (full 6):
 PSYoungGen      total 410624K, used 56014K [0x00000000e0000000, 0x0000000100000000, 0x0000000100000000)
  eden space 354304K, 0% used [0x00000000e0000000,0x00000000e0000000,0x00000000f5a00000)
  from space 56320K, 99% used [0x00000000f5a00000,0x00000000f90b39a8,0x00000000f9100000)
  to   space 87040K, 0% used [0x00000000fab00000,0x00000000fab00000,0x0000000100000000)
 ParOldGen       total 418816K, used 390510K [0x00000000a0000000, 0x00000000b9900000, 0x00000000e0000000)
  object space 418816K, 93% used [0x00000000a0000000,0x00000000b7d5b938,0x00000000b9900000)
 Metaspace       used 63233K, capacity 66206K, committed 66352K, reserved 1107968K
  class space    used 7955K, capacity 8427K, committed 8496K, reserved 1048576K
}
Event: 1101.793 GC heap before
{Heap before GC invocations=44 (full 7):
 PSYoungGen      total 410624K, used 56014K [0x00000000e0000000, 0x0000000100000000, 0x0000000100000000)
  eden space 354304K, 0% used [0x00000000e0000000,0x00000000e0000000,0x00000000f5a00000)
  from space 56320K, 99% used [0x00000000f5a00000,0x00000000f90b39a8,0x00000000f9100000)
  to   space 87040K, 0% used [0x00000000fab00000,0x00000000fab00000,0x0000000100000000)
 ParOldGen       total 418816K, used 390510K [0x00000000a0000000, 0x00000000b9900000, 0x00000000e0000000)
  object space 418816K, 93% used [0x00000000a0000000,0x00000000b7d5b938,0x00000000b9900000)
 Metaspace       used 63233K, capacity 66206K, committed 66352K, reserved 1107968K
  class space    used 7955K, capacity 8427K, committed 8496K, reserved 1048576K

