# JRE version: OpenJDK Runtime Environment (8.0_112-b06) (build 1.8.0_112-release-b06)
# Java VM: OpenJDK 64-Bit Server VM (25.112-b06 mixed mode linux-amd64 compressed oops)
Heap:
 PSYoungGen      total 377856K, used 16895K [0x00000000e0000000, 0x0000000100000000, 0x0000000100000000)
  eden space 284672K, 0% used [0x00000000e0000000,0x00000000e0000000,0x00000000f1600000)
  from space 93184K, 18% used [0x00000000fa500000,0x00000000fb57ff70,0x0000000100000000)
  to   space 119808K, 0% used [0x00000000f1600000,0x00000000f1600000,0x00000000f8b00000)
 ParOldGen       total 442880K, used 442514K [0x00000000a0000000, 0x00000000bb080000, 0x00000000e0000000)
  object space 442880K, 99% used [0x00000000a0000000,0x00000000bb0249e0,0x00000000bb080000)
 Metaspace       used 74123K, capacity 77040K, committed 77184K, reserved 1116160K
  class space    used 9434K, capacity 10108K, committed 10112K, reserved 1048576K
GC Heap History (10 events):
Event: 178.962 GC heap after
Heap after GC invocations=31 (full 7):
 PSYoungGen      total 438272K, used 5231K [0x00000000e0000000, 0x0000000100000000, 0x0000000100000000)
  eden space 350720K, 0% used [0x00000000e0000000,0x00000000e0000000,0x00000000f5680000)
  from space 87552K, 5% used [0x00000000faa80000,0x00000000faf9bca0,0x0000000100000000)
  to   space 86016K, 0% used [0x00000000f5680000,0x00000000f5680000,0x00000000faa80000)
 ParOldGen       total 442880K, used 284796K [0x00000000a0000000, 0x00000000bb080000, 0x00000000e0000000)
  object space 442880K, 64% used [0x00000000a0000000,0x00000000b161f3d8,0x00000000bb080000)
 Metaspace       used 74111K, capacity 77040K, committed 77184K, reserved 1116160K
  class space    used 9434K, capacity 10108K, committed 10112K, reserved 1048576K
}
Event: 179.774 GC heap before
{Heap before GC invocations=32 (full 7):
 PSYoungGen      total 438272K, used 355951K [0x00000000e0000000, 0x0000000100000000, 0x0000000100000000)
  eden space 350720K, 100% used [0x00000000e0000000,0x00000000f5680000,0x00000000f5680000)
  from space 87552K, 5% used [0x00000000faa80000,0x00000000faf9bca0,0x0000000100000000)
  to   space 86016K, 0% used [0x00000000f5680000,0x00000000f5680000,0x00000000faa80000)
 ParOldGen       total 442880K, used 284796K [0x00000000a0000000, 0x00000000bb080000, 0x00000000e0000000)
  object space 442880K, 64% used [0x00000000a0000000,0x00000000b161f3d8,0x00000000bb080000)
 Metaspace       used 74112K, capacity 77040K, committed 77184K, reserved 1116160K
  class space    used 9434K, capacity 10108K, committed 10112K, reserved 1048576K
Event: 179.953 GC heap after
Heap after GC invocations=32 (full 7):
 PSYoungGen      total 379392K, used 28639K [0x00000000e0000000, 0x00000000ff780000, 0x0000000100000000)
  eden space 350720K, 0% used [0x00000000e0000000,0x00000000e0000000,0x00000000f5680000)
  from space 28672K, 99% used [0x00000000f5680000,0x00000000f7277c90,0x00000000f7280000)
  to   space 82432K, 0% used [0x00000000fa700000,0x00000000fa700000,0x00000000ff780000)
 ParOldGen       total 442880K, used 288953K [0x00000000a0000000, 0x00000000bb080000, 0x00000000e0000000)
  object space 442880K, 65% used [0x00000000a0000000,0x00000000b1a2e6e0,0x00000000bb080000)
 Metaspace       used 74112K, capacity 77040K, committed 77184K, reserved 1116160K
  class space    used 9434K, capacity 10108K, committed 10112K, reserved 1048576K
}
Event: 181.204 GC heap before
{Heap before GC invocations=33 (full 7):
 PSYoungGen      total 379392K, used 379359K [0x00000000e0000000, 0x00000000ff780000, 0x0000000100000000)
  eden space 350720K, 100% used [0x00000000e0000000,0x00000000f5680000,0x00000000f5680000)
  from space 28672K, 99% used [0x00000000f5680000,0x00000000f7277c90,0x00000000f7280000)
  to   space 82432K, 0% used [0x00000000fa700000,0x00000000fa700000,0x00000000ff780000)
 ParOldGen       total 442880K, used 288953K [0x00000000a0000000, 0x00000000bb080000, 0x00000000e0000000)
  object space 442880K, 65% used [0x00000000a0000000,0x00000000b1a2e6e0,0x00000000bb080000)
 Metaspace       used 74119K, capacity 77040K, committed 77184K, reserved 1116160K
  class space    used 9434K, capacity 10108K, committed 10112K, reserved 1048576K
Event: 181.340 GC heap after
Heap after GC invocations=33 (full 7):
 PSYoungGen      total 420352K, used 77219K [0x00000000e0000000, 0x0000000100000000, 0x0000000100000000)
  eden space 337920K, 0% used [0x00000000e0000000,0x00000000e0000000,0x00000000f4a00000)
  from space 82432K, 93% used [0x00000000fa700000,0x00000000ff268f48,0x00000000ff780000)
  to   space 93184K, 0% used [0x00000000f4a00000,0x00000000f4a00000,0x00000000fa500000)
 ParOldGen       total 442880K, used 288953K [0x00000000a0000000, 0x00000000bb080000, 0x00000000e0000000)
  object space 442880K, 65% used [0x00000000a0000000,0x00000000b1a2e6e0,0x00000000bb080000)
 Metaspace       used 74119K, capacity 77040K, committed 77184K, reserved 1116160K
  class space    used 9434K, capacity 10108K, committed 10112K, reserved 1048576K
}
Event: 182.708 GC heap before
{Heap before GC invocations=34 (full 7):
 PSYoungGen      total 420352K, used 415139K [0x00000000e0000000, 0x0000000100000000, 0x0000000100000000)
  eden space 337920K, 100% used [0x00000000e0000000,0x00000000f4a00000,0x00000000f4a00000)
  from space 82432K, 93% used [0x00000000fa700000,0x00000000ff268f48,0x00000000ff780000)
  to   space 93184K, 0% used [0x00000000f4a00000,0x00000000f4a00000,0x00000000fa500000)
 ParOldGen       total 442880K, used 288953K [0x00000000a0000000, 0x00000000bb080000, 0x00000000e0000000)
  object space 442880K, 65% used [0x00000000a0000000,0x00000000b1a2e6e0,0x00000000bb080000)
 Metaspace       used 74123K, capacity 77040K, committed 77184K, reserved 1116160K
  class space    used 9434K, capacity 10108K, committed 10112K, reserved 1048576K
Event: 182.924 GC heap after
Heap after GC invocations=34 (full 7):
 PSYoungGen      total 431104K, used 93170K [0x00000000e0000000, 0x0000000100000000, 0x0000000100000000)
  eden space 337920K, 0% used [0x00000000e0000000,0x00000000e0000000,0x00000000f4a00000)
  from space 93184K, 99% used [0x00000000f4a00000,0x00000000fa4fc868,0x00000000fa500000)
  to   space 93184K, 0% used [0x00000000fa500000,0x00000000fa500000,0x0000000100000000)
 ParOldGen       total 442880K, used 322971K [0x00000000a0000000, 0x00000000bb080000, 0x00000000e0000000)
  object space 442880K, 72% used [0x00000000a0000000,0x00000000b3b66d18,0x00000000bb080000)
 Metaspace       used 74123K, capacity 77040K, committed 77184K, reserved 1116160K
  class space    used 9434K, capacity 10108K, committed 10112K, reserved 1048576K
}
Event: 184.115 GC heap before
{Heap before GC invocations=35 (full 7):
 PSYoungGen      total 431104K, used 431090K [0x00000000e0000000, 0x0000000100000000, 0x0000000100000000)
  eden space 337920K, 100% used [0x00000000e0000000,0x00000000f4a00000,0x00000000f4a00000)
  from space 93184K, 99% used [0x00000000f4a00000,0x00000000fa4fc868,0x00000000fa500000)
  to   space 93184K, 0% used [0x00000000fa500000,0x00000000fa500000,0x0000000100000000)
 ParOldGen       total 442880K, used 322971K [0x00000000a0000000, 0x00000000bb080000, 0x00000000e0000000)
  object space 442880K, 72% used [0x00000000a0000000,0x00000000b3b66d18,0x00000000bb080000)
 Metaspace       used 74123K, capacity 77040K, committed 77184K, reserved 1116160K
  class space    used 9434K, capacity 10108K, committed 10112K, reserved 1048576K
Event: 184.401 GC heap after
Heap after GC invocations=35 (full 7):
 PSYoungGen      total 377856K, used 68263K [0x00000000e0000000, 0x0000000100000000, 0x0000000100000000)
  eden space 284672K, 0% used [0x00000000e0000000,0x00000000e0000000,0x00000000f1600000)
  from space 93184K, 73% used [0x00000000fa500000,0x00000000fe7a9dd0,0x0000000100000000)
  to   space 119808K, 0% used [0x00000000f1600000,0x00000000f1600000,0x00000000f8b00000)
 ParOldGen       total 442880K, used 395833K [0x00000000a0000000, 0x00000000bb080000, 0x00000000e0000000)
  object space 442880K, 89% used [0x00000000a0000000,0x00000000b828e690,0x00000000bb080000)
 Metaspace       used 74123K, capacity 77040K, committed 77184K, reserved 1116160K
  class space    used 9434K, capacity 10108K, committed 10112K, reserved 1048576K
}
Event: 184.401 GC heap before
{Heap before GC invocations=36 (full 8):
 PSYoungGen      total 377856K, used 68263K [0x00000000e0000000, 0x0000000100000000, 0x0000000100000000)
  eden space 284672K, 0% used [0x00000000e0000000,0x00000000e0000000,0x00000000f1600000)
  from space 93184K, 73% used [0x00000000fa500000,0x00000000fe7a9dd0,0x0000000100000000)
  to   space 119808K, 0% used [0x00000000f1600000,0x00000000f1600000,0x00000000f8b00000)
 ParOldGen       total 442880K, used 395833K [0x00000000a0000000, 0x00000000bb080000, 0x00000000e0000000)
  object space 442880K, 89% used [0x00000000a0000000,0x00000000b828e690,0x00000000bb080000)
 Metaspace       used 74123K, capacity 77040K, committed 77184K, reserved 1116160K
  class space    used 9434K, capacity 10108K, committed 10112K, reserved 1048576K

