# JRE version: OpenJDK Runtime Environment (8.0_112-b06) (build 1.8.0_112-release-b06)
# Java VM: OpenJDK 64-Bit Server VM (25.112-b06 mixed mode linux-amd64 compressed oops)
Heap:
 PSYoungGen      total 373248K, used 0K [0x00000000e0000000, 0x0000000100000000, 0x0000000100000000)
  eden space 222208K, 0% used [0x00000000e0000000,0x00000000e0000000,0x00000000ed900000)
  from space 151040K, 0% used [0x00000000ed900000,0x00000000ed900000,0x00000000f6c80000)
  to   space 147456K, 0% used [0x00000000f7000000,0x00000000f7000000,0x0000000100000000)
 ParOldGen       total 796672K, used 699475K [0x00000000a0000000, 0x00000000d0a00000, 0x00000000e0000000)
  object space 796672K, 87% used [0x00000000a0000000,0x00000000cab14c90,0x00000000d0a00000)
 Metaspace       used 67338K, capacity 69334K, committed 69680K, reserved 1110016K
  class space    used 8492K, capacity 8905K, committed 9008K, reserved 1048576K
GC Heap History (10 events):
Event: 112.785 GC heap after
Heap after GC invocations=60 (full 8):
 PSYoungGen      total 418816K, used 45436K [0x00000000e0000000, 0x00000000fed00000, 0x0000000100000000)
  eden space 334848K, 0% used [0x00000000e0000000,0x00000000e0000000,0x00000000f4700000)
  from space 83968K, 54% used [0x00000000f9b00000,0x00000000fc75f260,0x00000000fed00000)
  to   space 84992K, 0% used [0x00000000f4700000,0x00000000f4700000,0x00000000f9a00000)
 ParOldGen       total 583680K, used 502103K [0x00000000a0000000, 0x00000000c3a00000, 0x00000000e0000000)
  object space 583680K, 86% used [0x00000000a0000000,0x00000000bea55f58,0x00000000c3a00000)
 Metaspace       used 67328K, capacity 69334K, committed 69680K, reserved 1110016K
  class space    used 8491K, capacity 8905K, committed 9008K, reserved 1048576K
}
Event: 114.316 GC heap before
{Heap before GC invocations=61 (full 8):
 PSYoungGen      total 418816K, used 380284K [0x00000000e0000000, 0x00000000fed00000, 0x0000000100000000)
  eden space 334848K, 100% used [0x00000000e0000000,0x00000000f4700000,0x00000000f4700000)
  from space 83968K, 54% used [0x00000000f9b00000,0x00000000fc75f260,0x00000000fed00000)
  to   space 84992K, 0% used [0x00000000f4700000,0x00000000f4700000,0x00000000f9a00000)
 ParOldGen       total 583680K, used 502103K [0x00000000a0000000, 0x00000000c3a00000, 0x00000000e0000000)
  object space 583680K, 86% used [0x00000000a0000000,0x00000000bea55f58,0x00000000c3a00000)
 Metaspace       used 67336K, capacity 69334K, committed 69680K, reserved 1110016K
  class space    used 8492K, capacity 8905K, committed 9008K, reserved 1048576K
Event: 114.520 GC heap after
Heap after GC invocations=61 (full 8):
 PSYoungGen      total 419840K, used 84981K [0x00000000e0000000, 0x0000000100000000, 0x0000000100000000)
  eden space 334848K, 0% used [0x00000000e0000000,0x00000000e0000000,0x00000000f4700000)
  from space 84992K, 99% used [0x00000000f4700000,0x00000000f99fd568,0x00000000f9a00000)
  to   space 104448K, 0% used [0x00000000f9a00000,0x00000000f9a00000,0x0000000100000000)
 ParOldGen       total 583680K, used 538696K [0x00000000a0000000, 0x00000000c3a00000, 0x00000000e0000000)
  object space 583680K, 92% used [0x00000000a0000000,0x00000000c0e12280,0x00000000c3a00000)
 Metaspace       used 67336K, capacity 69334K, committed 69680K, reserved 1110016K
  class space    used 8492K, capacity 8905K, committed 9008K, reserved 1048576K
}
Event: 114.520 GC heap before
{Heap before GC invocations=62 (full 9):
 PSYoungGen      total 419840K, used 84981K [0x00000000e0000000, 0x0000000100000000, 0x0000000100000000)
  eden space 334848K, 0% used [0x00000000e0000000,0x00000000e0000000,0x00000000f4700000)
  from space 84992K, 99% used [0x00000000f4700000,0x00000000f99fd568,0x00000000f9a00000)
  to   space 104448K, 0% used [0x00000000f9a00000,0x00000000f9a00000,0x0000000100000000)
 ParOldGen       total 583680K, used 538696K [0x00000000a0000000, 0x00000000c3a00000, 0x00000000e0000000)
  object space 583680K, 92% used [0x00000000a0000000,0x00000000c0e12280,0x00000000c3a00000)
 Metaspace       used 67336K, capacity 69334K, committed 69680K, reserved 1110016K
  class space    used 8492K, capacity 8905K, committed 9008K, reserved 1048576K
Event: 117.670 GC heap after
Heap after GC invocations=62 (full 9):
 PSYoungGen      total 419840K, used 35158K [0x00000000e0000000, 0x0000000100000000, 0x0000000100000000)
  eden space 334848K, 0% used [0x00000000e0000000,0x00000000e0000000,0x00000000f4700000)
  from space 84992K, 41% used [0x00000000f4700000,0x00000000f6955a70,0x00000000f9a00000)
  to   space 104448K, 0% used [0x00000000f9a00000,0x00000000f9a00000,0x0000000100000000)
 ParOldGen       total 796672K, used 583410K [0x00000000a0000000, 0x00000000d0a00000, 0x00000000e0000000)
  object space 796672K, 73% used [0x00000000a0000000,0x00000000c39bc8b0,0x00000000d0a00000)
 Metaspace       used 67336K, capacity 69334K, committed 69680K, reserved 1110016K
  class space    used 8492K, capacity 8905K, committed 9008K, reserved 1048576K
}
Event: 120.737 GC heap before
{Heap before GC invocations=63 (full 9):
 PSYoungGen      total 419840K, used 370006K [0x00000000e0000000, 0x0000000100000000, 0x0000000100000000)
  eden space 334848K, 100% used [0x00000000e0000000,0x00000000f4700000,0x00000000f4700000)
  from space 84992K, 41% used [0x00000000f4700000,0x00000000f6955a70,0x00000000f9a00000)
  to   space 104448K, 0% used [0x00000000f9a00000,0x00000000f9a00000,0x0000000100000000)
 ParOldGen       total 796672K, used 583410K [0x00000000a0000000, 0x00000000d0a00000, 0x00000000e0000000)
  object space 796672K, 73% used [0x00000000a0000000,0x00000000c39bc8b0,0x00000000d0a00000)
 Metaspace       used 67338K, capacity 69334K, committed 69680K, reserved 1110016K
  class space    used 8492K, capacity 8905K, committed 9008K, reserved 1048576K
Event: 121.182 GC heap after
Heap after GC invocations=63 (full 9):
 PSYoungGen      total 326656K, used 104416K [0x00000000e0000000, 0x0000000100000000, 0x0000000100000000)
  eden space 222208K, 0% used [0x00000000e0000000,0x00000000e0000000,0x00000000ed900000)
  from space 104448K, 99% used [0x00000000f9a00000,0x00000000ffff83a8,0x0000000100000000)
  to   space 151040K, 0% used [0x00000000ed900000,0x00000000ed900000,0x00000000f6c80000)
 ParOldGen       total 796672K, used 655514K [0x00000000a0000000, 0x00000000d0a00000, 0x00000000e0000000)
  object space 796672K, 82% used [0x00000000a0000000,0x00000000c8026828,0x00000000d0a00000)
 Metaspace       used 67338K, capacity 69334K, committed 69680K, reserved 1110016K
  class space    used 8492K, capacity 8905K, committed 9008K, reserved 1048576K
}
Event: 121.650 GC heap before
{Heap before GC invocations=64 (full 9):
 PSYoungGen      total 326656K, used 326624K [0x00000000e0000000, 0x0000000100000000, 0x0000000100000000)
  eden space 222208K, 100% used [0x00000000e0000000,0x00000000ed900000,0x00000000ed900000)
  from space 104448K, 99% used [0x00000000f9a00000,0x00000000ffff83a8,0x0000000100000000)
  to   space 151040K, 0% used [0x00000000ed900000,0x00000000ed900000,0x00000000f6c80000)
 ParOldGen       total 796672K, used 655514K [0x00000000a0000000, 0x00000000d0a00000, 0x00000000e0000000)
  object space 796672K, 82% used [0x00000000a0000000,0x00000000c8026828,0x00000000d0a00000)
 Metaspace       used 67338K, capacity 69334K, committed 69680K, reserved 1110016K
  class space    used 8492K, capacity 8905K, committed 9008K, reserved 1048576K
Event: 121.862 GC heap after
Heap after GC invocations=64 (full 9):
 PSYoungGen      total 373248K, used 30343K [0x00000000e0000000, 0x0000000100000000, 0x0000000100000000)
  eden space 222208K, 0% used [0x00000000e0000000,0x00000000e0000000,0x00000000ed900000)
  from space 151040K, 20% used [0x00000000ed900000,0x00000000ef6a1f40,0x00000000f6c80000)
  to   space 147456K, 0% used [0x00000000f7000000,0x00000000f7000000,0x0000000100000000)
 ParOldGen       total 796672K, used 750970K [0x00000000a0000000, 0x00000000d0a00000, 0x00000000e0000000)
  object space 796672K, 94% used [0x00000000a0000000,0x00000000cdd5ea70,0x00000000d0a00000)
 Metaspace       used 67338K, capacity 69334K, committed 69680K, reserved 1110016K
  class space    used 8492K, capacity 8905K, committed 9008K, reserved 1048576K
}
Event: 121.862 GC heap before
{Heap before GC invocations=65 (full 10):
 PSYoungGen      total 373248K, used 30343K [0x00000000e0000000, 0x0000000100000000, 0x0000000100000000)
  eden space 222208K, 0% used [0x00000000e0000000,0x00000000e0000000,0x00000000ed900000)
  from space 151040K, 20% used [0x00000000ed900000,0x00000000ef6a1f40,0x00000000f6c80000)
  to   space 147456K, 0% used [0x00000000f7000000,0x00000000f7000000,0x0000000100000000)
 ParOldGen       total 796672K, used 750970K [0x00000000a0000000, 0x00000000d0a00000, 0x00000000e0000000)
  object space 796672K, 94% used [0x00000000a0000000,0x00000000cdd5ea70,0x00000000d0a00000)
 Metaspace       used 67338K, capacity 69334K, committed 69680K, reserved 1110016K
  class space    used 8492K, capacity 8905K, committed 9008K, reserved 1048576K

