# JRE version: OpenJDK Runtime Environment (8.0_112-b06) (build 1.8.0_112-release-b06)
# Java VM: OpenJDK 64-Bit Server VM (25.112-b06 mixed mode linux-amd64 compressed oops)
Heap:
 PSYoungGen      total 334336K, used 0K [0x00000000e0000000, 0x0000000100000000, 0x0000000100000000)
  eden space 175104K, 0% used [0x00000000e0000000,0x00000000e0000000,0x00000000eab00000)
  from space 159232K, 0% used [0x00000000f6480000,0x00000000f6480000,0x0000000100000000)
  to   space 174592K, 0% used [0x00000000eab00000,0x00000000eab00000,0x00000000f5580000)
 ParOldGen       total 835072K, used 706194K [0x00000000a0000000, 0x00000000d2f80000, 0x00000000e0000000)
  object space 835072K, 84% used [0x00000000a0000000,0x00000000cb1a4828,0x00000000d2f80000)
 Metaspace       used 59009K, capacity 60672K, committed 60976K, reserved 1101824K
  class space    used 7757K, capacity 8117K, committed 8240K, reserved 1048576K
GC Heap History (10 events):
Event: 52.208 GC heap after
Heap after GC invocations=36 (full 8):
 PSYoungGen      total 296960K, used 20261K [0x00000000e0000000, 0x0000000100000000, 0x0000000100000000)
  eden space 203776K, 0% used [0x00000000e0000000,0x00000000e0000000,0x00000000ec700000)
  from space 93184K, 21% used [0x00000000fa500000,0x00000000fb8c9768,0x0000000100000000)
  to   space 160256K, 0% used [0x00000000ec700000,0x00000000ec700000,0x00000000f6380000)
 ParOldGen       total 835072K, used 612094K [0x00000000a0000000, 0x00000000d2f80000, 0x00000000e0000000)
  object space 835072K, 73% used [0x00000000a0000000,0x00000000c55bfb48,0x00000000d2f80000)
 Metaspace       used 59007K, capacity 60672K, committed 60976K, reserved 1101824K
  class space    used 7757K, capacity 8117K, committed 8240K, reserved 1048576K
}
Event: 52.640 GC heap before
{Heap before GC invocations=37 (full 8):
 PSYoungGen      total 296960K, used 224037K [0x00000000e0000000, 0x0000000100000000, 0x0000000100000000)
  eden space 203776K, 100% used [0x00000000e0000000,0x00000000ec700000,0x00000000ec700000)
  from space 93184K, 21% used [0x00000000fa500000,0x00000000fb8c9768,0x0000000100000000)
  to   space 160256K, 0% used [0x00000000ec700000,0x00000000ec700000,0x00000000f6380000)
 ParOldGen       total 835072K, used 612094K [0x00000000a0000000, 0x00000000d2f80000, 0x00000000e0000000)
  object space 835072K, 73% used [0x00000000a0000000,0x00000000c55bfb48,0x00000000d2f80000)
 Metaspace       used 59008K, capacity 60672K, committed 60976K, reserved 1101824K
  class space    used 7757K, capacity 8117K, committed 8240K, reserved 1048576K
Event: 53.011 GC heap after
Heap after GC invocations=37 (full 8):
 PSYoungGen      total 364032K, used 68209K [0x00000000e0000000, 0x0000000100000000, 0x0000000100000000)
  eden space 203776K, 0% used [0x00000000e0000000,0x00000000e0000000,0x00000000ec700000)
  from space 160256K, 42% used [0x00000000ec700000,0x00000000f099c480,0x00000000f6380000)
  to   space 153088K, 0% used [0x00000000f6a80000,0x00000000f6a80000,0x0000000100000000)
 ParOldGen       total 835072K, used 632517K [0x00000000a0000000, 0x00000000d2f80000, 0x00000000e0000000)
  object space 835072K, 75% used [0x00000000a0000000,0x00000000c69b1710,0x00000000d2f80000)
 Metaspace       used 59008K, capacity 60672K, committed 60976K, reserved 1101824K
  class space    used 7757K, capacity 8117K, committed 8240K, reserved 1048576K
}
Event: 53.901 GC heap before
{Heap before GC invocations=38 (full 8):
 PSYoungGen      total 364032K, used 271985K [0x00000000e0000000, 0x0000000100000000, 0x0000000100000000)
  eden space 203776K, 100% used [0x00000000e0000000,0x00000000ec700000,0x00000000ec700000)
  from space 160256K, 42% used [0x00000000ec700000,0x00000000f099c480,0x00000000f6380000)
  to   space 153088K, 0% used [0x00000000f6a80000,0x00000000f6a80000,0x0000000100000000)
 ParOldGen       total 835072K, used 632517K [0x00000000a0000000, 0x00000000d2f80000, 0x00000000e0000000)
  object space 835072K, 75% used [0x00000000a0000000,0x00000000c69b1710,0x00000000d2f80000)
 Metaspace       used 59008K, capacity 60672K, committed 60976K, reserved 1101824K
  class space    used 7757K, capacity 8117K, committed 8240K, reserved 1048576K
Event: 53.988 GC heap after
Heap after GC invocations=38 (full 8):
 PSYoungGen      total 358912K, used 103483K [0x00000000e0000000, 0x0000000100000000, 0x0000000100000000)
  eden space 205824K, 0% used [0x00000000e0000000,0x00000000e0000000,0x00000000ec900000)
  from space 153088K, 67% used [0x00000000f6a80000,0x00000000fcf8eda8,0x0000000100000000)
  to   space 159232K, 0% used [0x00000000ec900000,0x00000000ec900000,0x00000000f6480000)
 ParOldGen       total 835072K, used 632517K [0x00000000a0000000, 0x00000000d2f80000, 0x00000000e0000000)
  object space 835072K, 75% used [0x00000000a0000000,0x00000000c69b1710,0x00000000d2f80000)
 Metaspace       used 59008K, capacity 60672K, committed 60976K, reserved 1101824K
  class space    used 7757K, capacity 8117K, committed 8240K, reserved 1048576K
}
Event: 54.352 GC heap before
{Heap before GC invocations=39 (full 8):
 PSYoungGen      total 358912K, used 309307K [0x00000000e0000000, 0x0000000100000000, 0x0000000100000000)
  eden space 205824K, 100% used [0x00000000e0000000,0x00000000ec900000,0x00000000ec900000)
  from space 153088K, 67% used [0x00000000f6a80000,0x00000000fcf8eda8,0x0000000100000000)
  to   space 159232K, 0% used [0x00000000ec900000,0x00000000ec900000,0x00000000f6480000)
 ParOldGen       total 835072K, used 632517K [0x00000000a0000000, 0x00000000d2f80000, 0x00000000e0000000)
  object space 835072K, 75% used [0x00000000a0000000,0x00000000c69b1710,0x00000000d2f80000)
 Metaspace       used 59008K, capacity 60672K, committed 60976K, reserved 1101824K
  class space    used 7757K, capacity 8117K, committed 8240K, reserved 1048576K
Event: 54.529 GC heap after
Heap after GC invocations=39 (full 8):
 PSYoungGen      total 365056K, used 159230K [0x00000000e0000000, 0x0000000100000000, 0x0000000100000000)
  eden space 205824K, 0% used [0x00000000e0000000,0x00000000e0000000,0x00000000ec900000)
  from space 159232K, 99% used [0x00000000ec900000,0x00000000f647fb00,0x00000000f6480000)
  to   space 159232K, 0% used [0x00000000f6480000,0x00000000f6480000,0x0000000100000000)
 ParOldGen       total 835072K, used 677619K [0x00000000a0000000, 0x00000000d2f80000, 0x00000000e0000000)
  object space 835072K, 81% used [0x00000000a0000000,0x00000000c95bcc68,0x00000000d2f80000)
 Metaspace       used 59008K, capacity 60672K, committed 60976K, reserved 1101824K
  class space    used 7757K, capacity 8117K, committed 8240K, reserved 1048576K
}
Event: 54.970 GC heap before
{Heap before GC invocations=40 (full 8):
 PSYoungGen      total 365056K, used 365054K [0x00000000e0000000, 0x0000000100000000, 0x0000000100000000)
  eden space 205824K, 100% used [0x00000000e0000000,0x00000000ec900000,0x00000000ec900000)
  from space 159232K, 99% used [0x00000000ec900000,0x00000000f647fb00,0x00000000f6480000)
  to   space 159232K, 0% used [0x00000000f6480000,0x00000000f6480000,0x0000000100000000)
 ParOldGen       total 835072K, used 677619K [0x00000000a0000000, 0x00000000d2f80000, 0x00000000e0000000)
  object space 835072K, 81% used [0x00000000a0000000,0x00000000c95bcc68,0x00000000d2f80000)
 Metaspace       used 59009K, capacity 60672K, committed 60976K, reserved 1101824K
  class space    used 7757K, capacity 8117K, committed 8240K, reserved 1048576K
Event: 55.230 GC heap after
Heap after GC invocations=40 (full 8):
 PSYoungGen      total 334336K, used 111167K [0x00000000e0000000, 0x0000000100000000, 0x0000000100000000)
  eden space 175104K, 0% used [0x00000000e0000000,0x00000000e0000000,0x00000000eab00000)
  from space 159232K, 69% used [0x00000000f6480000,0x00000000fd10fdb0,0x0000000100000000)
  to   space 174592K, 0% used [0x00000000eab00000,0x00000000eab00000,0x00000000f5580000)
 ParOldGen       total 835072K, used 762961K [0x00000000a0000000, 0x00000000d2f80000, 0x00000000e0000000)
  object space 835072K, 91% used [0x00000000a0000000,0x00000000ce914680,0x00000000d2f80000)
 Metaspace       used 59009K, capacity 60672K, committed 60976K, reserved 1101824K
  class space    used 7757K, capacity 8117K, committed 8240K, reserved 1048576K
}
Event: 55.230 GC heap before
{Heap before GC invocations=41 (full 9):
 PSYoungGen      total 334336K, used 111167K [0x00000000e0000000, 0x0000000100000000, 0x0000000100000000)
  eden space 175104K, 0% used [0x00000000e0000000,0x00000000e0000000,0x00000000eab00000)
  from space 159232K, 69% used [0x00000000f6480000,0x00000000fd10fdb0,0x0000000100000000)
  to   space 174592K, 0% used [0x00000000eab00000,0x00000000eab00000,0x00000000f5580000)
 ParOldGen       total 835072K, used 762961K [0x00000000a0000000, 0x00000000d2f80000, 0x00000000e0000000)
  object space 835072K, 91% used [0x00000000a0000000,0x00000000ce914680,0x00000000d2f80000)
 Metaspace       used 59009K, capacity 60672K, committed 60976K, reserved 1101824K
  class space    used 7757K, capacity 8117K, committed 8240K, reserved 1048576K

