# JRE version: OpenJDK Runtime Environment (8.0_112-b06) (build 1.8.0_112-release-b06)
# Java VM: OpenJDK 64-Bit Server VM (25.112-b06 mixed mode linux-amd64 compressed oops)
Heap:
 PSYoungGen      total 349696K, used 0K [0x00000000e0000000, 0x0000000100000000, 0x0000000100000000)
  eden space 175104K, 0% used [0x00000000e0000000,0x00000000e0000000,0x00000000eab00000)
  from space 174592K, 0% used [0x00000000eab00000,0x00000000eab00000,0x00000000f5580000)
  to   space 174592K, 0% used [0x00000000f5580000,0x00000000f5580000,0x0000000100000000)
 ParOldGen       total 893440K, used 768428K [0x00000000a0000000, 0x00000000d6880000, 0x00000000e0000000)
  object space 893440K, 86% used [0x00000000a0000000,0x00000000cee6b168,0x00000000d6880000)
 Metaspace       used 62231K, capacity 64022K, committed 64176K, reserved 1105920K
  class space    used 8143K, capacity 8557K, committed 8624K, reserved 1048576K
GC Heap History (10 events):
Event: 67.655 GC heap after
Heap after GC invocations=35 (full 8):
 PSYoungGen      total 404992K, used 3048K [0x00000000e0000000, 0x0000000100000000, 0x0000000100000000)
  eden space 302080K, 0% used [0x00000000e0000000,0x00000000e0000000,0x00000000f2700000)
  from space 102912K, 2% used [0x00000000f2700000,0x00000000f29fa308,0x00000000f8b80000)
  to   space 119296K, 0% used [0x00000000f8b80000,0x00000000f8b80000,0x0000000100000000)
 ParOldGen       total 869376K, used 637960K [0x00000000a0000000, 0x00000000d5100000, 0x00000000e0000000)
  object space 869376K, 73% used [0x00000000a0000000,0x00000000c6f022d8,0x00000000d5100000)
 Metaspace       used 62220K, capacity 64022K, committed 64176K, reserved 1105920K
  class space    used 8142K, capacity 8557K, committed 8624K, reserved 1048576K
}
Event: 68.939 GC heap before
{Heap before GC invocations=36 (full 8):
 PSYoungGen      total 404992K, used 305128K [0x00000000e0000000, 0x0000000100000000, 0x0000000100000000)
  eden space 302080K, 100% used [0x00000000e0000000,0x00000000f2700000,0x00000000f2700000)
  from space 102912K, 2% used [0x00000000f2700000,0x00000000f29fa308,0x00000000f8b80000)
  to   space 119296K, 0% used [0x00000000f8b80000,0x00000000f8b80000,0x0000000100000000)
 ParOldGen       total 869376K, used 637960K [0x00000000a0000000, 0x00000000d5100000, 0x00000000e0000000)
  object space 869376K, 73% used [0x00000000a0000000,0x00000000c6f022d8,0x00000000d5100000)
 Metaspace       used 62229K, capacity 64022K, committed 64176K, reserved 1105920K
  class space    used 8143K, capacity 8557K, committed 8624K, reserved 1048576K
Event: 69.242 GC heap after
Heap after GC invocations=36 (full 8):
 PSYoungGen      total 375296K, used 102115K [0x00000000e0000000, 0x0000000100000000, 0x0000000100000000)
  eden space 256000K, 0% used [0x00000000e0000000,0x00000000e0000000,0x00000000efa00000)
  from space 119296K, 85% used [0x00000000f8b80000,0x00000000fef38c98,0x0000000100000000)
  to   space 134144K, 0% used [0x00000000efa00000,0x00000000efa00000,0x00000000f7d00000)
 ParOldGen       total 869376K, used 637960K [0x00000000a0000000, 0x00000000d5100000, 0x00000000e0000000)
  object space 869376K, 73% used [0x00000000a0000000,0x00000000c6f022d8,0x00000000d5100000)
 Metaspace       used 62229K, capacity 64022K, committed 64176K, reserved 1105920K
  class space    used 8143K, capacity 8557K, committed 8624K, reserved 1048576K
}
Event: 69.604 GC heap before
{Heap before GC invocations=37 (full 8):
 PSYoungGen      total 375296K, used 358115K [0x00000000e0000000, 0x0000000100000000, 0x0000000100000000)
  eden space 256000K, 100% used [0x00000000e0000000,0x00000000efa00000,0x00000000efa00000)
  from space 119296K, 85% used [0x00000000f8b80000,0x00000000fef38c98,0x0000000100000000)
  to   space 134144K, 0% used [0x00000000efa00000,0x00000000efa00000,0x00000000f7d00000)
 ParOldGen       total 869376K, used 637960K [0x00000000a0000000, 0x00000000d5100000, 0x00000000e0000000)
  object space 869376K, 73% used [0x00000000a0000000,0x00000000c6f022d8,0x00000000d5100000)
 Metaspace       used 62230K, capacity 64022K, committed 64176K, reserved 1105920K
  class space    used 8143K, capacity 8557K, committed 8624K, reserved 1048576K
Event: 69.777 GC heap after
Heap after GC invocations=37 (full 8):
 PSYoungGen      total 390144K, used 134142K [0x00000000e0000000, 0x0000000100000000, 0x0000000100000000)
  eden space 256000K, 0% used [0x00000000e0000000,0x00000000e0000000,0x00000000efa00000)
  from space 134144K, 99% used [0x00000000efa00000,0x00000000f7cff8c0,0x00000000f7d00000)
  to   space 134144K, 0% used [0x00000000f7d00000,0x00000000f7d00000,0x0000000100000000)
 ParOldGen       total 869376K, used 705264K [0x00000000a0000000, 0x00000000d5100000, 0x00000000e0000000)
  object space 869376K, 81% used [0x00000000a0000000,0x00000000cb0bc150,0x00000000d5100000)
 Metaspace       used 62230K, capacity 64022K, committed 64176K, reserved 1105920K
  class space    used 8143K, capacity 8557K, committed 8624K, reserved 1048576K
}
Event: 70.749 GC heap before
{Heap before GC invocations=38 (full 8):
 PSYoungGen      total 390144K, used 390142K [0x00000000e0000000, 0x0000000100000000, 0x0000000100000000)
  eden space 256000K, 100% used [0x00000000e0000000,0x00000000efa00000,0x00000000efa00000)
  from space 134144K, 99% used [0x00000000efa00000,0x00000000f7cff8c0,0x00000000f7d00000)
  to   space 134144K, 0% used [0x00000000f7d00000,0x00000000f7d00000,0x0000000100000000)
 ParOldGen       total 869376K, used 705264K [0x00000000a0000000, 0x00000000d5100000, 0x00000000e0000000)
  object space 869376K, 81% used [0x00000000a0000000,0x00000000cb0bc150,0x00000000d5100000)
 Metaspace       used 62230K, capacity 64022K, committed 64176K, reserved 1105920K
  class space    used 8143K, capacity 8557K, committed 8624K, reserved 1048576K
Event: 70.975 GC heap after
Heap after GC invocations=38 (full 8):
 PSYoungGen      total 309248K, used 132514K [0x00000000e0000000, 0x0000000100000000, 0x0000000100000000)
  eden space 175104K, 0% used [0x00000000e0000000,0x00000000e0000000,0x00000000eab00000)
  from space 134144K, 98% used [0x00000000f7d00000,0x00000000ffe68908,0x0000000100000000)
  to   space 174592K, 0% used [0x00000000eab00000,0x00000000eab00000,0x00000000f5580000)
 ParOldGen       total 869376K, used 761875K [0x00000000a0000000, 0x00000000d5100000, 0x00000000e0000000)
  object space 869376K, 87% used [0x00000000a0000000,0x00000000ce804e58,0x00000000d5100000)
 Metaspace       used 62230K, capacity 64022K, committed 64176K, reserved 1105920K
  class space    used 8143K, capacity 8557K, committed 8624K, reserved 1048576K
}
Event: 71.352 GC heap before
{Heap before GC invocations=39 (full 8):
 PSYoungGen      total 309248K, used 307618K [0x00000000e0000000, 0x0000000100000000, 0x0000000100000000)
  eden space 175104K, 100% used [0x00000000e0000000,0x00000000eab00000,0x00000000eab00000)
  from space 134144K, 98% used [0x00000000f7d00000,0x00000000ffe68908,0x0000000100000000)
  to   space 174592K, 0% used [0x00000000eab00000,0x00000000eab00000,0x00000000f5580000)
 ParOldGen       total 869376K, used 761875K [0x00000000a0000000, 0x00000000d5100000, 0x00000000e0000000)
  object space 869376K, 87% used [0x00000000a0000000,0x00000000ce804e58,0x00000000d5100000)
 Metaspace       used 62231K, capacity 64022K, committed 64176K, reserved 1105920K
  class space    used 8143K, capacity 8557K, committed 8624K, reserved 1048576K
Event: 71.567 GC heap after
Heap after GC invocations=39 (full 8):
 PSYoungGen      total 349696K, used 78638K [0x00000000e0000000, 0x0000000100000000, 0x0000000100000000)
  eden space 175104K, 0% used [0x00000000e0000000,0x00000000e0000000,0x00000000eab00000)
  from space 174592K, 45% used [0x00000000eab00000,0x00000000ef7cbb88,0x00000000f5580000)
  to   space 174592K, 0% used [0x00000000f5580000,0x00000000f5580000,0x0000000100000000)
 ParOldGen       total 893440K, used 893432K [0x00000000a0000000, 0x00000000d6880000, 0x00000000e0000000)
  object space 893440K, 99% used [0x00000000a0000000,0x00000000d687e220,0x00000000d6880000)
 Metaspace       used 62231K, capacity 64022K, committed 64176K, reserved 1105920K
  class space    used 8143K, capacity 8557K, committed 8624K, reserved 1048576K
}
Event: 71.568 GC heap before
{Heap before GC invocations=40 (full 9):
 PSYoungGen      total 349696K, used 78638K [0x00000000e0000000, 0x0000000100000000, 0x0000000100000000)
  eden space 175104K, 0% used [0x00000000e0000000,0x00000000e0000000,0x00000000eab00000)
  from space 174592K, 45% used [0x00000000eab00000,0x00000000ef7cbb88,0x00000000f5580000)
  to   space 174592K, 0% used [0x00000000f5580000,0x00000000f5580000,0x0000000100000000)
 ParOldGen       total 893440K, used 893432K [0x00000000a0000000, 0x00000000d6880000, 0x00000000e0000000)
  object space 893440K, 99% used [0x00000000a0000000,0x00000000d687e220,0x00000000d6880000)
 Metaspace       used 62231K, capacity 64022K, committed 64176K, reserved 1105920K
  class space    used 8143K, capacity 8557K, committed 8624K, reserved 1048576K

