# JRE version: OpenJDK Runtime Environment (8.0_112-b06) (build 1.8.0_112-release-b06)
# Java VM: OpenJDK 64-Bit Server VM (25.112-b06 mixed mode linux-amd64 compressed oops)
Heap:
 PSYoungGen      total 261632K, used 31211K [0x00000000e0000000, 0x00000000f2b80000, 0x0000000100000000)
  eden space 230400K, 0% used [0x00000000e0000000,0x00000000e0000000,0x00000000ee100000)
  from space 31232K, 99% used [0x00000000f0d00000,0x00000000f2b7af08,0x00000000f2b80000)
  to   space 17920K, 0% used [0x00000000ef600000,0x00000000ef600000,0x00000000f0780000)
 ParOldGen       total 126976K, used 126562K [0x00000000a0000000, 0x00000000a7c00000, 0x00000000e0000000)
  object space 126976K, 99% used [0x00000000a0000000,0x00000000a7b98b58,0x00000000a7c00000)
 Metaspace       used 70750K, capacity 74422K, committed 74496K, reserved 1114112K
  class space    used 8873K, capacity 9453K, committed 9472K, reserved 1048576K
GC Heap History (10 events):
Event: 271.599 GC heap after
Heap after GC invocations=22 (full 3):
 PSYoungGen      total 261120K, used 20356K [0x00000000e0000000, 0x00000000f3d80000, 0x0000000100000000)
  eden space 226304K, 0% used [0x00000000e0000000,0x00000000e0000000,0x00000000edd00000)
  from space 34816K, 58% used [0x00000000edd00000,0x00000000ef0e11a0,0x00000000eff00000)
  to   space 34816K, 0% used [0x00000000f1b80000,0x00000000f1b80000,0x00000000f3d80000)
 ParOldGen       total 124416K, used 63428K [0x00000000a0000000, 0x00000000a7980000, 0x00000000e0000000)
  object space 124416K, 50% used [0x00000000a0000000,0x00000000a3df1260,0x00000000a7980000)
 Metaspace       used 66221K, capacity 68636K, committed 68864K, reserved 1110016K
  class space    used 8264K, capacity 8692K, committed 8704K, reserved 1048576K
}
Event: 420.254 GC heap before
{Heap before GC invocations=23 (full 3):
 PSYoungGen      total 261120K, used 246660K [0x00000000e0000000, 0x00000000f3d80000, 0x0000000100000000)
  eden space 226304K, 100% used [0x00000000e0000000,0x00000000edd00000,0x00000000edd00000)
  from space 34816K, 58% used [0x00000000edd00000,0x00000000ef0e11a0,0x00000000eff00000)
  to   space 34816K, 0% used [0x00000000f1b80000,0x00000000f1b80000,0x00000000f3d80000)
 ParOldGen       total 124416K, used 63428K [0x00000000a0000000, 0x00000000a7980000, 0x00000000e0000000)
  object space 124416K, 50% used [0x00000000a0000000,0x00000000a3df1260,0x00000000a7980000)
 Metaspace       used 67770K, capacity 70628K, committed 70784K, reserved 1112064K
  class space    used 8508K, capacity 9002K, committed 9088K, reserved 1048576K
Event: 420.292 GC heap after
Heap after GC invocations=23 (full 3):
 PSYoungGen      total 278016K, used 9879K [0x00000000e0000000, 0x00000000f3680000, 0x0000000100000000)
  eden space 250368K, 0% used [0x00000000e0000000,0x00000000e0000000,0x00000000ef480000)
  from space 27648K, 35% used [0x00000000f1b80000,0x00000000f2525ca8,0x00000000f3680000)
  to   space 33792K, 0% used [0x00000000ef480000,0x00000000ef480000,0x00000000f1580000)
 ParOldGen       total 124416K, used 63436K [0x00000000a0000000, 0x00000000a7980000, 0x00000000e0000000)
  object space 124416K, 50% used [0x00000000a0000000,0x00000000a3df3260,0x00000000a7980000)
 Metaspace       used 67770K, capacity 70628K, committed 70784K, reserved 1112064K
  class space    used 8508K, capacity 9002K, committed 9088K, reserved 1048576K
}
Event: 432.966 GC heap before
{Heap before GC invocations=24 (full 3):
 PSYoungGen      total 278016K, used 260247K [0x00000000e0000000, 0x00000000f3680000, 0x0000000100000000)
  eden space 250368K, 100% used [0x00000000e0000000,0x00000000ef480000,0x00000000ef480000)
  from space 27648K, 35% used [0x00000000f1b80000,0x00000000f2525ca8,0x00000000f3680000)
  to   space 33792K, 0% used [0x00000000ef480000,0x00000000ef480000,0x00000000f1580000)
 ParOldGen       total 124416K, used 63436K [0x00000000a0000000, 0x00000000a7980000, 0x00000000e0000000)
  object space 124416K, 50% used [0x00000000a0000000,0x00000000a3df3260,0x00000000a7980000)
 Metaspace       used 68671K, capacity 71538K, committed 71552K, reserved 1112064K
  class space    used 8605K, capacity 9077K, committed 9088K, reserved 1048576K
Event: 432.998 GC heap after
Heap after GC invocations=24 (full 3):
 PSYoungGen      total 284160K, used 15979K [0x00000000e0000000, 0x00000000f4a80000, 0x0000000100000000)
  eden space 250368K, 0% used [0x00000000e0000000,0x00000000e0000000,0x00000000ef480000)
  from space 33792K, 47% used [0x00000000ef480000,0x00000000f041adc8,0x00000000f1580000)
  to   space 32256K, 0% used [0x00000000f2b00000,0x00000000f2b00000,0x00000000f4a80000)
 ParOldGen       total 124416K, used 63444K [0x00000000a0000000, 0x00000000a7980000, 0x00000000e0000000)
  object space 124416K, 50% used [0x00000000a0000000,0x00000000a3df5260,0x00000000a7980000)
 Metaspace       used 68671K, capacity 71538K, committed 71552K, reserved 1112064K
  class space    used 8605K, capacity 9077K, committed 9088K, reserved 1048576K
}
Event: 762.882 GC heap before
{Heap before GC invocations=25 (full 3):
 PSYoungGen      total 284160K, used 266347K [0x00000000e0000000, 0x00000000f4a80000, 0x0000000100000000)
  eden space 250368K, 100% used [0x00000000e0000000,0x00000000ef480000,0x00000000ef480000)
  from space 33792K, 47% used [0x00000000ef480000,0x00000000f041adc8,0x00000000f1580000)
  to   space 32256K, 0% used [0x00000000f2b00000,0x00000000f2b00000,0x00000000f4a80000)
 ParOldGen       total 124416K, used 63444K [0x00000000a0000000, 0x00000000a7980000, 0x00000000e0000000)
  object space 124416K, 50% used [0x00000000a0000000,0x00000000a3df5260,0x00000000a7980000)
 Metaspace       used 69373K, capacity 72936K, committed 73088K, reserved 1114112K
  class space    used 8702K, capacity 9242K, committed 9344K, reserved 1048576K
Event: 762.920 GC heap after
Heap after GC invocations=25 (full 3):
 PSYoungGen      total 249344K, used 9099K [0x00000000e0000000, 0x00000000f3400000, 0x0000000100000000)
  eden space 240128K, 0% used [0x00000000e0000000,0x00000000e0000000,0x00000000eea80000)
  from space 9216K, 98% used [0x00000000f2b00000,0x00000000f33e2fd0,0x00000000f3400000)
  to   space 31744K, 0% used [0x00000000ef600000,0x00000000ef600000,0x00000000f1500000)
 ParOldGen       total 124416K, used 63452K [0x00000000a0000000, 0x00000000a7980000, 0x00000000e0000000)
  object space 124416K, 51% used [0x00000000a0000000,0x00000000a3df7260,0x00000000a7980000)
 Metaspace       used 69373K, capacity 72936K, committed 73088K, reserved 1114112K
  class space    used 8702K, capacity 9242K, committed 9344K, reserved 1048576K
}
Event: 907.243 GC heap before
{Heap before GC invocations=26 (full 3):
 PSYoungGen      total 249344K, used 249227K [0x00000000e0000000, 0x00000000f3400000, 0x0000000100000000)
  eden space 240128K, 100% used [0x00000000e0000000,0x00000000eea80000,0x00000000eea80000)
  from space 9216K, 98% used [0x00000000f2b00000,0x00000000f33e2fd0,0x00000000f3400000)
  to   space 31744K, 0% used [0x00000000ef600000,0x00000000ef600000,0x00000000f1500000)
 ParOldGen       total 124416K, used 63452K [0x00000000a0000000, 0x00000000a7980000, 0x00000000e0000000)
  object space 124416K, 51% used [0x00000000a0000000,0x00000000a3df7260,0x00000000a7980000)
 Metaspace       used 70026K, capacity 73718K, committed 73856K, reserved 1114112K
  class space    used 8762K, capacity 9325K, committed 9344K, reserved 1048576K
Event: 907.335 GC heap after
Heap after GC invocations=26 (full 3):
 PSYoungGen      total 248320K, used 17663K [0x00000000e0000000, 0x00000000f2b80000, 0x0000000100000000)
  eden space 230400K, 0% used [0x00000000e0000000,0x00000000e0000000,0x00000000ee100000)
  from space 17920K, 98% used [0x00000000ef600000,0x00000000f073fc08,0x00000000f0780000)
  to   space 31232K, 0% used [0x00000000f0d00000,0x00000000f0d00000,0x00000000f2b80000)
 ParOldGen       total 124416K, used 63460K [0x00000000a0000000, 0x00000000a7980000, 0x00000000e0000000)
  object space 124416K, 51% used [0x00000000a0000000,0x00000000a3df9260,0x00000000a7980000)
 Metaspace       used 70026K, capacity 73718K, committed 73856K, reserved 1114112K
  class space    used 8762K, capacity 9325K, committed 9344K, reserved 1048576K
}
Event: 908.801 GC heap before
{Heap before GC invocations=27 (full 3):
 PSYoungGen      total 248320K, used 248063K [0x00000000e0000000, 0x00000000f2b80000, 0x0000000100000000)
  eden space 230400K, 100% used [0x00000000e0000000,0x00000000ee100000,0x00000000ee100000)
  from space 17920K, 98% used [0x00000000ef600000,0x00000000f073fc08,0x00000000f0780000)
  to   space 31232K, 0% used [0x00000000f0d00000,0x00000000f0d00000,0x00000000f2b80000)
 ParOldGen       total 124416K, used 63460K [0x00000000a0000000, 0x00000000a7980000, 0x00000000e0000000)
  object space 124416K, 51% used [0x00000000a0000000,0x00000000a3df9260,0x00000000a7980000)
 Metaspace       used 70750K, capacity 74422K, committed 74496K, reserved 1114112K
  class space    used 8873K, capacity 9453K, committed 9472K, reserved 1048576K

