# JRE version: OpenJDK Runtime Environment (8.0_112-b06) (build 1.8.0_112-release-b06)
# Java VM: OpenJDK 64-Bit Server VM (25.112-b06 mixed mode linux-amd64 compressed oops)
Heap:
 PSYoungGen      total 420864K, used 67534K [0x00000000e0000000, 0x0000000100000000, 0x0000000100000000)
  eden space 317440K, 0% used [0x00000000e0000000,0x00000000e0000000,0x00000000f3600000)
  from space 103424K, 65% used [0x00000000f3600000,0x00000000f77f3af0,0x00000000f9b00000)
  to   space 103424K, 0% used [0x00000000f9b00000,0x00000000f9b00000,0x0000000100000000)
 ParOldGen       total 625664K, used 625647K [0x00000000a0000000, 0x00000000c6300000, 0x00000000e0000000)
  object space 625664K, 99% used [0x00000000a0000000,0x00000000c62fbf40,0x00000000c6300000)
 Metaspace       used 67195K, capacity 69114K, committed 69424K, reserved 1110016K
  class space    used 8489K, capacity 8900K, committed 9008K, reserved 1048576K
GC Heap History (10 events):
Event: 120.259 GC heap after
Heap after GC invocations=57 (full 8):
 PSYoungGen      total 386560K, used 77798K [0x00000000e0000000, 0x00000000ff000000, 0x0000000100000000)
  eden space 308736K, 0% used [0x00000000e0000000,0x00000000e0000000,0x00000000f2d80000)
  from space 77824K, 99% used [0x00000000f8780000,0x00000000fd379a08,0x00000000fd380000)
  to   space 92160K, 0% used [0x00000000f2d80000,0x00000000f2d80000,0x00000000f8780000)
 ParOldGen       total 452608K, used 395090K [0x00000000a0000000, 0x00000000bba00000, 0x00000000e0000000)
  object space 452608K, 87% used [0x00000000a0000000,0x00000000b81d4bf0,0x00000000bba00000)
 Metaspace       used 67188K, capacity 69114K, committed 69424K, reserved 1110016K
  class space    used 8488K, capacity 8900K, committed 9008K, reserved 1048576K
}
Event: 120.259 GC heap before
{Heap before GC invocations=58 (full 9):
 PSYoungGen      total 386560K, used 77798K [0x00000000e0000000, 0x00000000ff000000, 0x0000000100000000)
  eden space 308736K, 0% used [0x00000000e0000000,0x00000000e0000000,0x00000000f2d80000)
  from space 77824K, 99% used [0x00000000f8780000,0x00000000fd379a08,0x00000000fd380000)
  to   space 92160K, 0% used [0x00000000f2d80000,0x00000000f2d80000,0x00000000f8780000)
 ParOldGen       total 452608K, used 395090K [0x00000000a0000000, 0x00000000bba00000, 0x00000000e0000000)
  object space 452608K, 87% used [0x00000000a0000000,0x00000000b81d4bf0,0x00000000bba00000)
 Metaspace       used 67188K, capacity 69114K, committed 69424K, reserved 1110016K
  class space    used 8488K, capacity 8900K, committed 9008K, reserved 1048576K
Event: 123.106 GC heap after
Heap after GC invocations=58 (full 9):
 PSYoungGen      total 386560K, used 15289K [0x00000000e0000000, 0x00000000ff000000, 0x0000000100000000)
  eden space 308736K, 0% used [0x00000000e0000000,0x00000000e0000000,0x00000000f2d80000)
  from space 77824K, 19% used [0x00000000f8780000,0x00000000f966e688,0x00000000fd380000)
  to   space 92160K, 0% used [0x00000000f2d80000,0x00000000f2d80000,0x00000000f8780000)
 ParOldGen       total 625664K, used 452133K [0x00000000a0000000, 0x00000000c6300000, 0x00000000e0000000)
  object space 625664K, 72% used [0x00000000a0000000,0x00000000bb9894e8,0x00000000c6300000)
 Metaspace       used 67188K, capacity 69114K, committed 69424K, reserved 1110016K
  class space    used 8488K, capacity 8900K, committed 9008K, reserved 1048576K
}
Event: 124.033 GC heap before
{Heap before GC invocations=59 (full 9):
 PSYoungGen      total 386560K, used 324025K [0x00000000e0000000, 0x00000000ff000000, 0x0000000100000000)
  eden space 308736K, 100% used [0x00000000e0000000,0x00000000f2d80000,0x00000000f2d80000)
  from space 77824K, 19% used [0x00000000f8780000,0x00000000f966e688,0x00000000fd380000)
  to   space 92160K, 0% used [0x00000000f2d80000,0x00000000f2d80000,0x00000000f8780000)
 ParOldGen       total 625664K, used 452133K [0x00000000a0000000, 0x00000000c6300000, 0x00000000e0000000)
  object space 625664K, 72% used [0x00000000a0000000,0x00000000bb9894e8,0x00000000c6300000)
 Metaspace       used 67189K, capacity 69114K, committed 69424K, reserved 1110016K
  class space    used 8488K, capacity 8900K, committed 9008K, reserved 1048576K
Event: 124.346 GC heap after
Heap after GC invocations=59 (full 9):
 PSYoungGen      total 400896K, used 46865K [0x00000000e0000000, 0x00000000ff480000, 0x0000000100000000)
  eden space 308736K, 0% used [0x00000000e0000000,0x00000000e0000000,0x00000000f2d80000)
  from space 92160K, 50% used [0x00000000f2d80000,0x00000000f5b445b8,0x00000000f8780000)
  to   space 89600K, 0% used [0x00000000f9d00000,0x00000000f9d00000,0x00000000ff480000)
 ParOldGen       total 625664K, used 467465K [0x00000000a0000000, 0x00000000c6300000, 0x00000000e0000000)
  object space 625664K, 74% used [0x00000000a0000000,0x00000000bc882748,0x00000000c6300000)
 Metaspace       used 67189K, capacity 69114K, committed 69424K, reserved 1110016K
  class space    used 8488K, capacity 8900K, committed 9008K, reserved 1048576K
}
Event: 125.266 GC heap before
{Heap before GC invocations=60 (full 9):
 PSYoungGen      total 400896K, used 355601K [0x00000000e0000000, 0x00000000ff480000, 0x0000000100000000)
  eden space 308736K, 100% used [0x00000000e0000000,0x00000000f2d80000,0x00000000f2d80000)
  from space 92160K, 50% used [0x00000000f2d80000,0x00000000f5b445b8,0x00000000f8780000)
  to   space 89600K, 0% used [0x00000000f9d00000,0x00000000f9d00000,0x00000000ff480000)
 ParOldGen       total 625664K, used 467465K [0x00000000a0000000, 0x00000000c6300000, 0x00000000e0000000)
  object space 625664K, 74% used [0x00000000a0000000,0x00000000bc882748,0x00000000c6300000)
 Metaspace       used 67190K, capacity 69114K, committed 69424K, reserved 1110016K
  class space    used 8489K, capacity 8900K, committed 9008K, reserved 1048576K
Event: 125.408 GC heap after
Heap after GC invocations=60 (full 9):
 PSYoungGen      total 407040K, used 89590K [0x00000000e0000000, 0x0000000100000000, 0x0000000100000000)
  eden space 317440K, 0% used [0x00000000e0000000,0x00000000e0000000,0x00000000f3600000)
  from space 89600K, 99% used [0x00000000f9d00000,0x00000000ff47d840,0x00000000ff480000)
  to   space 103424K, 0% used [0x00000000f3600000,0x00000000f3600000,0x00000000f9b00000)
 ParOldGen       total 625664K, used 468912K [0x00000000a0000000, 0x00000000c6300000, 0x00000000e0000000)
  object space 625664K, 74% used [0x00000000a0000000,0x00000000bc9ec330,0x00000000c6300000)
 Metaspace       used 67190K, capacity 69114K, committed 69424K, reserved 1110016K
  class space    used 8489K, capacity 8900K, committed 9008K, reserved 1048576K
}
Event: 127.657 GC heap before
{Heap before GC invocations=61 (full 9):
 PSYoungGen      total 407040K, used 407030K [0x00000000e0000000, 0x0000000100000000, 0x0000000100000000)
  eden space 317440K, 100% used [0x00000000e0000000,0x00000000f3600000,0x00000000f3600000)
  from space 89600K, 99% used [0x00000000f9d00000,0x00000000ff47d840,0x00000000ff480000)
  to   space 103424K, 0% used [0x00000000f3600000,0x00000000f3600000,0x00000000f9b00000)
 ParOldGen       total 625664K, used 468912K [0x00000000a0000000, 0x00000000c6300000, 0x00000000e0000000)
  object space 625664K, 74% used [0x00000000a0000000,0x00000000bc9ec330,0x00000000c6300000)
 Metaspace       used 67195K, capacity 69114K, committed 69424K, reserved 1110016K
  class space    used 8489K, capacity 8900K, committed 9008K, reserved 1048576K
Event: 127.965 GC heap after
Heap after GC invocations=61 (full 9):
 PSYoungGen      total 420864K, used 103411K [0x00000000e0000000, 0x0000000100000000, 0x0000000100000000)
  eden space 317440K, 0% used [0x00000000e0000000,0x00000000e0000000,0x00000000f3600000)
  from space 103424K, 99% used [0x00000000f3600000,0x00000000f9afce68,0x00000000f9b00000)
  to   space 103424K, 0% used [0x00000000f9b00000,0x00000000f9b00000,0x0000000100000000)
 ParOldGen       total 625664K, used 597843K [0x00000000a0000000, 0x00000000c6300000, 0x00000000e0000000)
  object space 625664K, 95% used [0x00000000a0000000,0x00000000c47d4f18,0x00000000c6300000)
 Metaspace       used 67195K, capacity 69114K, committed 69424K, reserved 1110016K
  class space    used 8489K, capacity 8900K, committed 9008K, reserved 1048576K
}
Event: 127.966 GC heap before
{Heap before GC invocations=62 (full 10):
 PSYoungGen      total 420864K, used 103411K [0x00000000e0000000, 0x0000000100000000, 0x0000000100000000)
  eden space 317440K, 0% used [0x00000000e0000000,0x00000000e0000000,0x00000000f3600000)
  from space 103424K, 99% used [0x00000000f3600000,0x00000000f9afce68,0x00000000f9b00000)
  to   space 103424K, 0% used [0x00000000f9b00000,0x00000000f9b00000,0x0000000100000000)
 ParOldGen       total 625664K, used 597843K [0x00000000a0000000, 0x00000000c6300000, 0x00000000e0000000)
  object space 625664K, 95% used [0x00000000a0000000,0x00000000c47d4f18,0x00000000c6300000)
 Metaspace       used 67195K, capacity 69114K, committed 69424K, reserved 1110016K
  class space    used 8489K, capacity 8900K, committed 9008K, reserved 1048576K

