# JRE version: OpenJDK Runtime Environment (8.0_112-b06) (build 1.8.0_112-release-b06)
# Java VM: OpenJDK 64-Bit Server VM (25.112-b06 mixed mode linux-amd64 compressed oops)
Heap:
 PSYoungGen      total 349696K, used 21932K [0x00000000e0000000, 0x0000000100000000, 0x0000000100000000)
  eden space 175104K, 0% used [0x00000000e0000000,0x00000000e0000000,0x00000000eab00000)
  from space 174592K, 12% used [0x00000000eab00000,0x00000000ec06b250,0x00000000f5580000)
  to   space 174592K, 0% used [0x00000000f5580000,0x00000000f5580000,0x0000000100000000)
 ParOldGen       total 698368K, used 698107K [0x00000000a0000000, 0x00000000caa00000, 0x00000000e0000000)
  object space 698368K, 99% used [0x00000000a0000000,0x00000000ca9beee8,0x00000000caa00000)
 Metaspace       used 61624K, capacity 63398K, committed 63664K, reserved 1103872K
  class space    used 8089K, capacity 8508K, committed 8624K, reserved 1048576K
GC Heap History (10 events):
Event: 63.144 GC heap after
Heap after GC invocations=51 (full 7):
 PSYoungGen      total 329728K, used 136086K [0x00000000e0000000, 0x0000000100000000, 0x0000000100000000)
  eden space 175104K, 0% used [0x00000000e0000000,0x00000000e0000000,0x00000000eab00000)
  from space 154624K, 88% used [0x00000000f6900000,0x00000000fede5ad8,0x0000000100000000)
  to   space 174592K, 0% used [0x00000000eab00000,0x00000000eab00000,0x00000000f5580000)
 ParOldGen       total 500224K, used 400716K [0x00000000a0000000, 0x00000000be880000, 0x00000000e0000000)
  object space 500224K, 80% used [0x00000000a0000000,0x00000000b8753028,0x00000000be880000)
 Metaspace       used 61615K, capacity 63334K, committed 63664K, reserved 1103872K
  class space    used 8088K, capacity 8508K, committed 8624K, reserved 1048576K
}
Event: 63.723 GC heap before
{Heap before GC invocations=52 (full 7):
 PSYoungGen      total 329728K, used 311190K [0x00000000e0000000, 0x0000000100000000, 0x0000000100000000)
  eden space 175104K, 100% used [0x00000000e0000000,0x00000000eab00000,0x00000000eab00000)
  from space 154624K, 88% used [0x00000000f6900000,0x00000000fede5ad8,0x0000000100000000)
  to   space 174592K, 0% used [0x00000000eab00000,0x00000000eab00000,0x00000000f5580000)
 ParOldGen       total 500224K, used 400716K [0x00000000a0000000, 0x00000000be880000, 0x00000000e0000000)
  object space 500224K, 80% used [0x00000000a0000000,0x00000000b8753028,0x00000000be880000)
 Metaspace       used 61615K, capacity 63334K, committed 63664K, reserved 1103872K
  class space    used 8088K, capacity 8508K, committed 8624K, reserved 1048576K
Event: 63.965 GC heap after
Heap after GC invocations=52 (full 7):
 PSYoungGen      total 349696K, used 87987K [0x00000000e0000000, 0x0000000100000000, 0x0000000100000000)
  eden space 175104K, 0% used [0x00000000e0000000,0x00000000e0000000,0x00000000eab00000)
  from space 174592K, 50% used [0x00000000eab00000,0x00000000f00ece98,0x00000000f5580000)
  to   space 174592K, 0% used [0x00000000f5580000,0x00000000f5580000,0x0000000100000000)
 ParOldGen       total 500224K, used 473902K [0x00000000a0000000, 0x00000000be880000, 0x00000000e0000000)
  object space 500224K, 94% used [0x00000000a0000000,0x00000000bcecba18,0x00000000be880000)
 Metaspace       used 61615K, capacity 63334K, committed 63664K, reserved 1103872K
  class space    used 8088K, capacity 8508K, committed 8624K, reserved 1048576K
}
Event: 63.965 GC heap before
{Heap before GC invocations=53 (full 8):
 PSYoungGen      total 349696K, used 87987K [0x00000000e0000000, 0x0000000100000000, 0x0000000100000000)
  eden space 175104K, 0% used [0x00000000e0000000,0x00000000e0000000,0x00000000eab00000)
  from space 174592K, 50% used [0x00000000eab00000,0x00000000f00ece98,0x00000000f5580000)
  to   space 174592K, 0% used [0x00000000f5580000,0x00000000f5580000,0x0000000100000000)
 ParOldGen       total 500224K, used 473902K [0x00000000a0000000, 0x00000000be880000, 0x00000000e0000000)
  object space 500224K, 94% used [0x00000000a0000000,0x00000000bcecba18,0x00000000be880000)
 Metaspace       used 61615K, capacity 63334K, committed 63664K, reserved 1103872K
  class space    used 8088K, capacity 8508K, committed 8624K, reserved 1048576K
Event: 68.712 GC heap after
Heap after GC invocations=53 (full 8):
 PSYoungGen      total 349696K, used 60081K [0x00000000e0000000, 0x0000000100000000, 0x0000000100000000)
  eden space 175104K, 0% used [0x00000000e0000000,0x00000000e0000000,0x00000000eab00000)
  from space 174592K, 34% used [0x00000000eab00000,0x00000000ee5ac698,0x00000000f5580000)
  to   space 174592K, 0% used [0x00000000f5580000,0x00000000f5580000,0x0000000100000000)
 ParOldGen       total 698368K, used 499995K [0x00000000a0000000, 0x00000000caa00000, 0x00000000e0000000)
  object space 698368K, 71% used [0x00000000a0000000,0x00000000be846d18,0x00000000caa00000)
 Metaspace       used 61615K, capacity 63334K, committed 63664K, reserved 1103872K
  class space    used 8088K, capacity 8508K, committed 8624K, reserved 1048576K
}
Event: 76.111 GC heap before
{Heap before GC invocations=54 (full 8):
 PSYoungGen      total 349696K, used 235185K [0x00000000e0000000, 0x0000000100000000, 0x0000000100000000)
  eden space 175104K, 100% used [0x00000000e0000000,0x00000000eab00000,0x00000000eab00000)
  from space 174592K, 34% used [0x00000000eab00000,0x00000000ee5ac698,0x00000000f5580000)
  to   space 174592K, 0% used [0x00000000f5580000,0x00000000f5580000,0x0000000100000000)
 ParOldGen       total 698368K, used 499995K [0x00000000a0000000, 0x00000000caa00000, 0x00000000e0000000)
  object space 698368K, 71% used [0x00000000a0000000,0x00000000be846d18,0x00000000caa00000)
 Metaspace       used 61616K, capacity 63398K, committed 63664K, reserved 1103872K
  class space    used 8088K, capacity 8508K, committed 8624K, reserved 1048576K
Event: 76.530 GC heap after
Heap after GC invocations=54 (full 8):
 PSYoungGen      total 349696K, used 114714K [0x00000000e0000000, 0x0000000100000000, 0x0000000100000000)
  eden space 175104K, 0% used [0x00000000e0000000,0x00000000e0000000,0x00000000eab00000)
  from space 174592K, 65% used [0x00000000f5580000,0x00000000fc586ad0,0x0000000100000000)
  to   space 174592K, 0% used [0x00000000eab00000,0x00000000eab00000,0x00000000f5580000)
 ParOldGen       total 698368K, used 535944K [0x00000000a0000000, 0x00000000caa00000, 0x00000000e0000000)
  object space 698368K, 76% used [0x00000000a0000000,0x00000000c0b62180,0x00000000caa00000)
 Metaspace       used 61616K, capacity 63398K, committed 63664K, reserved 1103872K
  class space    used 8088K, capacity 8508K, committed 8624K, reserved 1048576K
}
Event: 76.862 GC heap before
{Heap before GC invocations=55 (full 8):
 PSYoungGen      total 349696K, used 289818K [0x00000000e0000000, 0x0000000100000000, 0x0000000100000000)
  eden space 175104K, 100% used [0x00000000e0000000,0x00000000eab00000,0x00000000eab00000)
  from space 174592K, 65% used [0x00000000f5580000,0x00000000fc586ad0,0x0000000100000000)
  to   space 174592K, 0% used [0x00000000eab00000,0x00000000eab00000,0x00000000f5580000)
 ParOldGen       total 698368K, used 535944K [0x00000000a0000000, 0x00000000caa00000, 0x00000000e0000000)
  object space 698368K, 76% used [0x00000000a0000000,0x00000000c0b62180,0x00000000caa00000)
 Metaspace       used 61624K, capacity 63398K, committed 63664K, reserved 1103872K
  class space    used 8089K, capacity 8508K, committed 8624K, reserved 1048576K
Event: 77.157 GC heap after
Heap after GC invocations=55 (full 8):
 PSYoungGen      total 349696K, used 75931K [0x00000000e0000000, 0x0000000100000000, 0x0000000100000000)
  eden space 175104K, 0% used [0x00000000e0000000,0x00000000e0000000,0x00000000eab00000)
  from space 174592K, 43% used [0x00000000eab00000,0x00000000ef526f98,0x00000000f5580000)
  to   space 174592K, 0% used [0x00000000f5580000,0x00000000f5580000,0x0000000100000000)
 ParOldGen       total 698368K, used 649770K [0x00000000a0000000, 0x00000000caa00000, 0x00000000e0000000)
  object space 698368K, 93% used [0x00000000a0000000,0x00000000c7a8ab98,0x00000000caa00000)
 Metaspace       used 61624K, capacity 63398K, committed 63664K, reserved 1103872K
  class space    used 8089K, capacity 8508K, committed 8624K, reserved 1048576K
}
Event: 77.157 GC heap before
{Heap before GC invocations=56 (full 9):
 PSYoungGen      total 349696K, used 75931K [0x00000000e0000000, 0x0000000100000000, 0x0000000100000000)
  eden space 175104K, 0% used [0x00000000e0000000,0x00000000e0000000,0x00000000eab00000)
  from space 174592K, 43% used [0x00000000eab00000,0x00000000ef526f98,0x00000000f5580000)
  to   space 174592K, 0% used [0x00000000f5580000,0x00000000f5580000,0x0000000100000000)
 ParOldGen       total 698368K, used 649770K [0x00000000a0000000, 0x00000000caa00000, 0x00000000e0000000)
  object space 698368K, 93% used [0x00000000a0000000,0x00000000c7a8ab98,0x00000000caa00000)
 Metaspace       used 61624K, capacity 63398K, committed 63664K, reserved 1103872K
  class space    used 8089K, capacity 8508K, committed 8624K, reserved 1048576K

