# JRE version: OpenJDK Runtime Environment (8.0_112-b06) (build 1.8.0_112-release-b06)
# Java VM: OpenJDK 64-Bit Server VM (25.112-b06 mixed mode linux-amd64 compressed oops)
Heap:
 PSYoungGen      total 349696K, used 0K [0x00000000e0000000, 0x0000000100000000, 0x0000000100000000)
  eden space 175104K, 0% used [0x00000000e0000000,0x00000000e0000000,0x00000000eab00000)
  from space 174592K, 0% used [0x00000000eab00000,0x00000000eab00000,0x00000000f5580000)
  to   space 174592K, 0% used [0x00000000f5580000,0x00000000f5580000,0x0000000100000000)
 ParOldGen       total 907264K, used 712838K [0x00000000a0000000, 0x00000000d7600000, 0x00000000e0000000)
  object space 907264K, 78% used [0x00000000a0000000,0x00000000cb821a70,0x00000000d7600000)
 Metaspace       used 54058K, capacity 55754K, committed 55984K, reserved 1097728K
  class space    used 7113K, capacity 7503K, committed 7600K, reserved 1048576K
GC Heap History (10 events):
Event: 63.514 GC heap after
Heap after GC invocations=54 (full 9):
 PSYoungGen      total 349696K, used 49139K [0x00000000e0000000, 0x0000000100000000, 0x0000000100000000)
  eden space 175104K, 0% used [0x00000000e0000000,0x00000000e0000000,0x00000000eab00000)
  from space 174592K, 28% used [0x00000000eab00000,0x00000000edafcc30,0x00000000f5580000)
  to   space 174592K, 0% used [0x00000000f5580000,0x00000000f5580000,0x0000000100000000)
 ParOldGen       total 907264K, used 744394K [0x00000000a0000000, 0x00000000d7600000, 0x00000000e0000000)
  object space 907264K, 82% used [0x00000000a0000000,0x00000000cd6f2978,0x00000000d7600000)
 Metaspace       used 54057K, capacity 55754K, committed 55984K, reserved 1097728K
  class space    used 7113K, capacity 7503K, committed 7600K, reserved 1048576K
}
Event: 64.083 GC heap before
{Heap before GC invocations=55 (full 9):
 PSYoungGen      total 349696K, used 224243K [0x00000000e0000000, 0x0000000100000000, 0x0000000100000000)
  eden space 175104K, 100% used [0x00000000e0000000,0x00000000eab00000,0x00000000eab00000)
  from space 174592K, 28% used [0x00000000eab00000,0x00000000edafcc30,0x00000000f5580000)
  to   space 174592K, 0% used [0x00000000f5580000,0x00000000f5580000,0x0000000100000000)
 ParOldGen       total 907264K, used 744394K [0x00000000a0000000, 0x00000000d7600000, 0x00000000e0000000)
  object space 907264K, 82% used [0x00000000a0000000,0x00000000cd6f2978,0x00000000d7600000)
 Metaspace       used 54058K, capacity 55754K, committed 55984K, reserved 1097728K
  class space    used 7113K, capacity 7503K, committed 7600K, reserved 1048576K
Event: 64.200 GC heap after
Heap after GC invocations=55 (full 9):
 PSYoungGen      total 349696K, used 66860K [0x00000000e0000000, 0x0000000100000000, 0x0000000100000000)
  eden space 175104K, 0% used [0x00000000e0000000,0x00000000e0000000,0x00000000eab00000)
  from space 174592K, 38% used [0x00000000f5580000,0x00000000f96cb0e0,0x0000000100000000)
  to   space 174592K, 0% used [0x00000000eab00000,0x00000000eab00000,0x00000000f5580000)
 ParOldGen       total 907264K, used 750679K [0x00000000a0000000, 0x00000000d7600000, 0x00000000e0000000)
  object space 907264K, 82% used [0x00000000a0000000,0x00000000cdd15fa0,0x00000000d7600000)
 Metaspace       used 54058K, capacity 55754K, committed 55984K, reserved 1097728K
  class space    used 7113K, capacity 7503K, committed 7600K, reserved 1048576K
}
Event: 64.549 GC heap before
{Heap before GC invocations=56 (full 9):
 PSYoungGen      total 349696K, used 241964K [0x00000000e0000000, 0x0000000100000000, 0x0000000100000000)
  eden space 175104K, 100% used [0x00000000e0000000,0x00000000eab00000,0x00000000eab00000)
  from space 174592K, 38% used [0x00000000f5580000,0x00000000f96cb0e0,0x0000000100000000)
  to   space 174592K, 0% used [0x00000000eab00000,0x00000000eab00000,0x00000000f5580000)
 ParOldGen       total 907264K, used 750679K [0x00000000a0000000, 0x00000000d7600000, 0x00000000e0000000)
  object space 907264K, 82% used [0x00000000a0000000,0x00000000cdd15fa0,0x00000000d7600000)
 Metaspace       used 54058K, capacity 55754K, committed 55984K, reserved 1097728K
  class space    used 7113K, capacity 7503K, committed 7600K, reserved 1048576K
Event: 64.694 GC heap after
Heap after GC invocations=56 (full 9):
 PSYoungGen      total 349696K, used 46096K [0x00000000e0000000, 0x0000000100000000, 0x0000000100000000)
  eden space 175104K, 0% used [0x00000000e0000000,0x00000000e0000000,0x00000000eab00000)
  from space 174592K, 26% used [0x00000000eab00000,0x00000000ed804020,0x00000000f5580000)
  to   space 174592K, 0% used [0x00000000f5580000,0x00000000f5580000,0x0000000100000000)
 ParOldGen       total 907264K, used 793361K [0x00000000a0000000, 0x00000000d7600000, 0x00000000e0000000)
  object space 907264K, 87% used [0x00000000a0000000,0x00000000d06c4728,0x00000000d7600000)
 Metaspace       used 54058K, capacity 55754K, committed 55984K, reserved 1097728K
  class space    used 7113K, capacity 7503K, committed 7600K, reserved 1048576K
}
Event: 65.150 GC heap before
{Heap before GC invocations=57 (full 9):
 PSYoungGen      total 349696K, used 221200K [0x00000000e0000000, 0x0000000100000000, 0x0000000100000000)
  eden space 175104K, 100% used [0x00000000e0000000,0x00000000eab00000,0x00000000eab00000)
  from space 174592K, 26% used [0x00000000eab00000,0x00000000ed804020,0x00000000f5580000)
  to   space 174592K, 0% used [0x00000000f5580000,0x00000000f5580000,0x0000000100000000)
 ParOldGen       total 907264K, used 793361K [0x00000000a0000000, 0x00000000d7600000, 0x00000000e0000000)
  object space 907264K, 87% used [0x00000000a0000000,0x00000000d06c4728,0x00000000d7600000)
 Metaspace       used 54058K, capacity 55754K, committed 55984K, reserved 1097728K
  class space    used 7113K, capacity 7503K, committed 7600K, reserved 1048576K
Event: 65.210 GC heap after
Heap after GC invocations=57 (full 9):
 PSYoungGen      total 349696K, used 28148K [0x00000000e0000000, 0x0000000100000000, 0x0000000100000000)
  eden space 175104K, 0% used [0x00000000e0000000,0x00000000e0000000,0x00000000eab00000)
  from space 174592K, 16% used [0x00000000f5580000,0x00000000f70fd3f0,0x0000000100000000)
  to   space 174592K, 0% used [0x00000000eab00000,0x00000000eab00000,0x00000000f5580000)
 ParOldGen       total 907264K, used 799521K [0x00000000a0000000, 0x00000000d7600000, 0x00000000e0000000)
  object space 907264K, 88% used [0x00000000a0000000,0x00000000d0cc8558,0x00000000d7600000)
 Metaspace       used 54058K, capacity 55754K, committed 55984K, reserved 1097728K
  class space    used 7113K, capacity 7503K, committed 7600K, reserved 1048576K
}
Event: 65.903 GC heap before
{Heap before GC invocations=58 (full 9):
 PSYoungGen      total 349696K, used 203252K [0x00000000e0000000, 0x0000000100000000, 0x0000000100000000)
  eden space 175104K, 100% used [0x00000000e0000000,0x00000000eab00000,0x00000000eab00000)
  from space 174592K, 16% used [0x00000000f5580000,0x00000000f70fd3f0,0x0000000100000000)
  to   space 174592K, 0% used [0x00000000eab00000,0x00000000eab00000,0x00000000f5580000)
 ParOldGen       total 907264K, used 801684K [0x00000000a0000000, 0x00000000d7600000, 0x00000000e0000000)
  object space 907264K, 88% used [0x00000000a0000000,0x00000000d0ee5308,0x00000000d7600000)
 Metaspace       used 54058K, capacity 55754K, committed 55984K, reserved 1097728K
  class space    used 7113K, capacity 7503K, committed 7600K, reserved 1048576K
Event: 66.030 GC heap after
Heap after GC invocations=58 (full 9):
 PSYoungGen      total 349696K, used 27254K [0x00000000e0000000, 0x0000000100000000, 0x0000000100000000)
  eden space 175104K, 0% used [0x00000000e0000000,0x00000000e0000000,0x00000000eab00000)
  from space 174592K, 15% used [0x00000000eab00000,0x00000000ec59d800,0x00000000f5580000)
  to   space 174592K, 0% used [0x00000000f5580000,0x00000000f5580000,0x0000000100000000)
 ParOldGen       total 907264K, used 829464K [0x00000000a0000000, 0x00000000d7600000, 0x00000000e0000000)
  object space 907264K, 91% used [0x00000000a0000000,0x00000000d2a06160,0x00000000d7600000)
 Metaspace       used 54058K, capacity 55754K, committed 55984K, reserved 1097728K
  class space    used 7113K, capacity 7503K, committed 7600K, reserved 1048576K
}
Event: 66.030 GC heap before
{Heap before GC invocations=59 (full 10):
 PSYoungGen      total 349696K, used 27254K [0x00000000e0000000, 0x0000000100000000, 0x0000000100000000)
  eden space 175104K, 0% used [0x00000000e0000000,0x00000000e0000000,0x00000000eab00000)
  from space 174592K, 15% used [0x00000000eab00000,0x00000000ec59d800,0x00000000f5580000)
  to   space 174592K, 0% used [0x00000000f5580000,0x00000000f5580000,0x0000000100000000)
 ParOldGen       total 907264K, used 829464K [0x00000000a0000000, 0x00000000d7600000, 0x00000000e0000000)
  object space 907264K, 91% used [0x00000000a0000000,0x00000000d2a06160,0x00000000d7600000)
 Metaspace       used 54058K, capacity 55754K, committed 55984K, reserved 1097728K
  class space    used 7113K, capacity 7503K, committed 7600K, reserved 1048576K

