# JRE version: OpenJDK Runtime Environment (8.0_112-b06) (build 1.8.0_112-release-b06)
# Java VM: OpenJDK 64-Bit Server VM (25.112-b06 mixed mode linux-amd64 compressed oops)
Heap:
 PSYoungGen      total 349696K, used 0K [0x00000000e0000000, 0x0000000100000000, 0x0000000100000000)
  eden space 175104K, 0% used [0x00000000e0000000,0x00000000e0000000,0x00000000eab00000)
  from space 174592K, 0% used [0x00000000f5580000,0x00000000f5580000,0x0000000100000000)
  to   space 174592K, 0% used [0x00000000eab00000,0x00000000eab00000,0x00000000f5580000)
 ParOldGen       total 699392K, used 688813K [0x00000000a0000000, 0x00000000cab00000, 0x00000000e0000000)
  object space 699392K, 98% used [0x00000000a0000000,0x00000000ca0ab4c0,0x00000000cab00000)
 Metaspace       used 55338K, capacity 57192K, committed 57392K, reserved 1099776K
  class space    used 7279K, capacity 7650K, committed 7728K, reserved 1048576K
GC Heap History (10 events):
Event: 53.932 GC heap after
Heap after GC invocations=31 (full 7):
 PSYoungGen      total 367616K, used 36247K [0x00000000e0000000, 0x00000000ff580000, 0x0000000100000000)
  eden space 232960K, 0% used [0x00000000e0000000,0x00000000e0000000,0x00000000ee380000)
  from space 134656K, 26% used [0x00000000f7200000,0x00000000f9565f28,0x00000000ff580000)
  to   space 140288K, 0% used [0x00000000ee380000,0x00000000ee380000,0x00000000f6c80000)
 ParOldGen       total 699392K, used 504636K [0x00000000a0000000, 0x00000000cab00000, 0x00000000e0000000)
  object space 699392K, 72% used [0x00000000a0000000,0x00000000beccf058,0x00000000cab00000)
 Metaspace       used 55328K, capacity 57128K, committed 57392K, reserved 1099776K
  class space    used 7278K, capacity 7650K, committed 7728K, reserved 1048576K
}
Event: 55.013 GC heap before
{Heap before GC invocations=32 (full 7):
 PSYoungGen      total 367616K, used 269207K [0x00000000e0000000, 0x00000000ff580000, 0x0000000100000000)
  eden space 232960K, 100% used [0x00000000e0000000,0x00000000ee380000,0x00000000ee380000)
  from space 134656K, 26% used [0x00000000f7200000,0x00000000f9565f28,0x00000000ff580000)
  to   space 140288K, 0% used [0x00000000ee380000,0x00000000ee380000,0x00000000f6c80000)
 ParOldGen       total 699392K, used 504636K [0x00000000a0000000, 0x00000000cab00000, 0x00000000e0000000)
  object space 699392K, 72% used [0x00000000a0000000,0x00000000beccf058,0x00000000cab00000)
 Metaspace       used 55328K, capacity 57128K, committed 57392K, reserved 1099776K
  class space    used 7278K, capacity 7650K, committed 7728K, reserved 1048576K
Event: 55.159 GC heap after
Heap after GC invocations=32 (full 7):
 PSYoungGen      total 373248K, used 93071K [0x00000000e0000000, 0x0000000100000000, 0x0000000100000000)
  eden space 232960K, 0% used [0x00000000e0000000,0x00000000e0000000,0x00000000ee380000)
  from space 140288K, 66% used [0x00000000ee380000,0x00000000f3e63fc8,0x00000000f6c80000)
  to   space 145920K, 0% used [0x00000000f7180000,0x00000000f7180000,0x0000000100000000)
 ParOldGen       total 699392K, used 504636K [0x00000000a0000000, 0x00000000cab00000, 0x00000000e0000000)
  object space 699392K, 72% used [0x00000000a0000000,0x00000000beccf058,0x00000000cab00000)
 Metaspace       used 55328K, capacity 57128K, committed 57392K, reserved 1099776K
  class space    used 7278K, capacity 7650K, committed 7728K, reserved 1048576K
}
Event: 55.654 GC heap before
{Heap before GC invocations=33 (full 7):
 PSYoungGen      total 373248K, used 326031K [0x00000000e0000000, 0x0000000100000000, 0x0000000100000000)
  eden space 232960K, 100% used [0x00000000e0000000,0x00000000ee380000,0x00000000ee380000)
  from space 140288K, 66% used [0x00000000ee380000,0x00000000f3e63fc8,0x00000000f6c80000)
  to   space 145920K, 0% used [0x00000000f7180000,0x00000000f7180000,0x0000000100000000)
 ParOldGen       total 699392K, used 504636K [0x00000000a0000000, 0x00000000cab00000, 0x00000000e0000000)
  object space 699392K, 72% used [0x00000000a0000000,0x00000000beccf058,0x00000000cab00000)
 Metaspace       used 55338K, capacity 57192K, committed 57392K, reserved 1099776K
  class space    used 7279K, capacity 7650K, committed 7728K, reserved 1048576K
Event: 55.891 GC heap after
Heap after GC invocations=33 (full 7):
 PSYoungGen      total 321024K, used 145892K [0x00000000e0000000, 0x0000000100000000, 0x0000000100000000)
  eden space 175104K, 0% used [0x00000000e0000000,0x00000000e0000000,0x00000000eab00000)
  from space 145920K, 99% used [0x00000000f7180000,0x00000000ffff9320,0x0000000100000000)
  to   space 174592K, 0% used [0x00000000eab00000,0x00000000eab00000,0x00000000f5580000)
 ParOldGen       total 699392K, used 551770K [0x00000000a0000000, 0x00000000cab00000, 0x00000000e0000000)
  object space 699392K, 78% used [0x00000000a0000000,0x00000000c1ad6968,0x00000000cab00000)
 Metaspace       used 55338K, capacity 57192K, committed 57392K, reserved 1099776K
  class space    used 7279K, capacity 7650K, committed 7728K, reserved 1048576K
}
Event: 56.693 GC heap before
{Heap before GC invocations=34 (full 7):
 PSYoungGen      total 321024K, used 320996K [0x00000000e0000000, 0x0000000100000000, 0x0000000100000000)
  eden space 175104K, 100% used [0x00000000e0000000,0x00000000eab00000,0x00000000eab00000)
  from space 145920K, 99% used [0x00000000f7180000,0x00000000ffff9320,0x0000000100000000)
  to   space 174592K, 0% used [0x00000000eab00000,0x00000000eab00000,0x00000000f5580000)
 ParOldGen       total 699392K, used 551770K [0x00000000a0000000, 0x00000000cab00000, 0x00000000e0000000)
  object space 699392K, 78% used [0x00000000a0000000,0x00000000c1ad6968,0x00000000cab00000)
 Metaspace       used 55338K, capacity 57192K, committed 57392K, reserved 1099776K
  class space    used 7279K, capacity 7650K, committed 7728K, reserved 1048576K
Event: 56.856 GC heap after
Heap after GC invocations=34 (full 7):
 PSYoungGen      total 349696K, used 143981K [0x00000000e0000000, 0x0000000100000000, 0x0000000100000000)
  eden space 175104K, 0% used [0x00000000e0000000,0x00000000e0000000,0x00000000eab00000)
  from space 174592K, 82% used [0x00000000eab00000,0x00000000f379b6d8,0x00000000f5580000)
  to   space 174592K, 0% used [0x00000000f5580000,0x00000000f5580000,0x0000000100000000)
 ParOldGen       total 699392K, used 551824K [0x00000000a0000000, 0x00000000cab00000, 0x00000000e0000000)
  object space 699392K, 78% used [0x00000000a0000000,0x00000000c1ae4318,0x00000000cab00000)
 Metaspace       used 55338K, capacity 57192K, committed 57392K, reserved 1099776K
  class space    used 7279K, capacity 7650K, committed 7728K, reserved 1048576K
}
Event: 57.162 GC heap before
{Heap before GC invocations=35 (full 7):
 PSYoungGen      total 349696K, used 319085K [0x00000000e0000000, 0x0000000100000000, 0x0000000100000000)
  eden space 175104K, 100% used [0x00000000e0000000,0x00000000eab00000,0x00000000eab00000)
  from space 174592K, 82% used [0x00000000eab00000,0x00000000f379b6d8,0x00000000f5580000)
  to   space 174592K, 0% used [0x00000000f5580000,0x00000000f5580000,0x0000000100000000)
 ParOldGen       total 699392K, used 551824K [0x00000000a0000000, 0x00000000cab00000, 0x00000000e0000000)
  object space 699392K, 78% used [0x00000000a0000000,0x00000000c1ae4318,0x00000000cab00000)
 Metaspace       used 55338K, capacity 57192K, committed 57392K, reserved 1099776K
  class space    used 7279K, capacity 7650K, committed 7728K, reserved 1048576K
Event: 57.393 GC heap after
Heap after GC invocations=35 (full 7):
 PSYoungGen      total 349696K, used 151062K [0x00000000e0000000, 0x0000000100000000, 0x0000000100000000)
  eden space 175104K, 0% used [0x00000000e0000000,0x00000000e0000000,0x00000000eab00000)
  from space 174592K, 86% used [0x00000000f5580000,0x00000000fe905aa0,0x0000000100000000)
  to   space 174592K, 0% used [0x00000000eab00000,0x00000000eab00000,0x00000000f5580000)
 ParOldGen       total 699392K, used 620045K [0x00000000a0000000, 0x00000000cab00000, 0x00000000e0000000)
  object space 699392K, 88% used [0x00000000a0000000,0x00000000c5d837b8,0x00000000cab00000)
 Metaspace       used 55338K, capacity 57192K, committed 57392K, reserved 1099776K
  class space    used 7279K, capacity 7650K, committed 7728K, reserved 1048576K
}
Event: 57.393 GC heap before
{Heap before GC invocations=36 (full 8):
 PSYoungGen      total 349696K, used 151062K [0x00000000e0000000, 0x0000000100000000, 0x0000000100000000)
  eden space 175104K, 0% used [0x00000000e0000000,0x00000000e0000000,0x00000000eab00000)
  from space 174592K, 86% used [0x00000000f5580000,0x00000000fe905aa0,0x0000000100000000)
  to   space 174592K, 0% used [0x00000000eab00000,0x00000000eab00000,0x00000000f5580000)
 ParOldGen       total 699392K, used 620045K [0x00000000a0000000, 0x00000000cab00000, 0x00000000e0000000)
  object space 699392K, 88% used [0x00000000a0000000,0x00000000c5d837b8,0x00000000cab00000)
 Metaspace       used 55338K, capacity 57192K, committed 57392K, reserved 1099776K
  class space    used 7279K, capacity 7650K, committed 7728K, reserved 1048576K

