# JRE version: OpenJDK Runtime Environment (8.0_112-b06) (build 1.8.0_112-release-b06)
# Java VM: OpenJDK 64-Bit Server VM (25.112-b06 mixed mode linux-amd64 compressed oops)
Heap:
 PSYoungGen      total 368128K, used 0K [0x00000000e0000000, 0x00000000fc800000, 0x0000000100000000)
  eden space 265216K, 0% used [0x00000000e0000000,0x00000000e0000000,0x00000000f0300000)
  from space 102912K, 0% used [0x00000000f6380000,0x00000000f6380000,0x00000000fc800000)
  to   space 98816K, 0% used [0x00000000f0300000,0x00000000f0300000,0x00000000f6380000)
 ParOldGen       total 519680K, used 515740K [0x00000000a0000000, 0x00000000bfb80000, 0x00000000e0000000)
  object space 519680K, 99% used [0x00000000a0000000,0x00000000bf7a7158,0x00000000bfb80000)
 Metaspace       used 54061K, capacity 55744K, committed 55984K, reserved 1097728K
  class space    used 7116K, capacity 7501K, committed 7600K, reserved 1048576K
GC Heap History (10 events):
Event: 45.181 GC heap after
Heap after GC invocations=49 (full 7):
 PSYoungGen      total 283648K, used 52712K [0x00000000e0000000, 0x00000000f5f80000, 0x0000000100000000)
  eden space 222208K, 0% used [0x00000000e0000000,0x00000000e0000000,0x00000000ed900000)
  from space 61440K, 85% used [0x00000000f1b00000,0x00000000f4e7a3b8,0x00000000f5700000)
  to   space 67584K, 0% used [0x00000000ed900000,0x00000000ed900000,0x00000000f1b00000)
 ParOldGen       total 519680K, used 367865K [0x00000000a0000000, 0x00000000bfb80000, 0x00000000e0000000)
  object space 519680K, 70% used [0x00000000a0000000,0x00000000b673e470,0x00000000bfb80000)
 Metaspace       used 54057K, capacity 55744K, committed 55984K, reserved 1097728K
  class space    used 7116K, capacity 7501K, committed 7600K, reserved 1048576K
}
Event: 45.859 GC heap before
{Heap before GC invocations=50 (full 7):
 PSYoungGen      total 283648K, used 274920K [0x00000000e0000000, 0x00000000f5f80000, 0x0000000100000000)
  eden space 222208K, 100% used [0x00000000e0000000,0x00000000ed900000,0x00000000ed900000)
  from space 61440K, 85% used [0x00000000f1b00000,0x00000000f4e7a3b8,0x00000000f5700000)
  to   space 67584K, 0% used [0x00000000ed900000,0x00000000ed900000,0x00000000f1b00000)
 ParOldGen       total 519680K, used 367865K [0x00000000a0000000, 0x00000000bfb80000, 0x00000000e0000000)
  object space 519680K, 70% used [0x00000000a0000000,0x00000000b673e470,0x00000000bfb80000)
 Metaspace       used 54061K, capacity 55744K, committed 55984K, reserved 1097728K
  class space    used 7116K, capacity 7501K, committed 7600K, reserved 1048576K
Event: 46.034 GC heap after
Heap after GC invocations=50 (full 7):
 PSYoungGen      total 289792K, used 67569K [0x00000000e0000000, 0x00000000f8e80000, 0x0000000100000000)
  eden space 222208K, 0% used [0x00000000e0000000,0x00000000e0000000,0x00000000ed900000)
  from space 67584K, 99% used [0x00000000ed900000,0x00000000f1afc7d8,0x00000000f1b00000)
  to   space 83456K, 0% used [0x00000000f3d00000,0x00000000f3d00000,0x00000000f8e80000)
 ParOldGen       total 519680K, used 383535K [0x00000000a0000000, 0x00000000bfb80000, 0x00000000e0000000)
  object space 519680K, 73% used [0x00000000a0000000,0x00000000b768bd58,0x00000000bfb80000)
 Metaspace       used 54061K, capacity 55744K, committed 55984K, reserved 1097728K
  class space    used 7116K, capacity 7501K, committed 7600K, reserved 1048576K
}
Event: 46.587 GC heap before
{Heap before GC invocations=51 (full 7):
 PSYoungGen      total 289792K, used 289777K [0x00000000e0000000, 0x00000000f8e80000, 0x0000000100000000)
  eden space 222208K, 100% used [0x00000000e0000000,0x00000000ed900000,0x00000000ed900000)
  from space 67584K, 99% used [0x00000000ed900000,0x00000000f1afc7d8,0x00000000f1b00000)
  to   space 83456K, 0% used [0x00000000f3d00000,0x00000000f3d00000,0x00000000f8e80000)
 ParOldGen       total 519680K, used 383535K [0x00000000a0000000, 0x00000000bfb80000, 0x00000000e0000000)
  object space 519680K, 73% used [0x00000000a0000000,0x00000000b768bd58,0x00000000bfb80000)
 Metaspace       used 54061K, capacity 55744K, committed 55984K, reserved 1097728K
  class space    used 7116K, capacity 7501K, committed 7600K, reserved 1048576K
Event: 46.866 GC heap after
Heap after GC invocations=51 (full 7):
 PSYoungGen      total 320512K, used 58881K [0x00000000e0000000, 0x00000000f9980000, 0x0000000100000000)
  eden space 237056K, 0% used [0x00000000e0000000,0x00000000e0000000,0x00000000ee780000)
  from space 83456K, 70% used [0x00000000f3d00000,0x00000000f7680580,0x00000000f8e80000)
  to   space 87552K, 0% used [0x00000000ee780000,0x00000000ee780000,0x00000000f3d00000)
 ParOldGen       total 519680K, used 427155K [0x00000000a0000000, 0x00000000bfb80000, 0x00000000e0000000)
  object space 519680K, 82% used [0x00000000a0000000,0x00000000ba124ed0,0x00000000bfb80000)
 Metaspace       used 54061K, capacity 55744K, committed 55984K, reserved 1097728K
  class space    used 7116K, capacity 7501K, committed 7600K, reserved 1048576K
}
Event: 47.579 GC heap before
{Heap before GC invocations=52 (full 7):
 PSYoungGen      total 320512K, used 295937K [0x00000000e0000000, 0x00000000f9980000, 0x0000000100000000)
  eden space 237056K, 100% used [0x00000000e0000000,0x00000000ee780000,0x00000000ee780000)
  from space 83456K, 70% used [0x00000000f3d00000,0x00000000f7680580,0x00000000f8e80000)
  to   space 87552K, 0% used [0x00000000ee780000,0x00000000ee780000,0x00000000f3d00000)
 ParOldGen       total 519680K, used 427162K [0x00000000a0000000, 0x00000000bfb80000, 0x00000000e0000000)
  object space 519680K, 82% used [0x00000000a0000000,0x00000000ba126830,0x00000000bfb80000)
 Metaspace       used 54061K, capacity 55744K, committed 55984K, reserved 1097728K
  class space    used 7116K, capacity 7501K, committed 7600K, reserved 1048576K
Event: 47.756 GC heap after
Heap after GC invocations=52 (full 7):
 PSYoungGen      total 324608K, used 87550K [0x00000000e0000000, 0x00000000fc880000, 0x0000000100000000)
  eden space 237056K, 0% used [0x00000000e0000000,0x00000000e0000000,0x00000000ee780000)
  from space 87552K, 99% used [0x00000000ee780000,0x00000000f3cffb68,0x00000000f3d00000)
  to   space 103424K, 0% used [0x00000000f6380000,0x00000000f6380000,0x00000000fc880000)
 ParOldGen       total 519680K, used 432745K [0x00000000a0000000, 0x00000000bfb80000, 0x00000000e0000000)
  object space 519680K, 83% used [0x00000000a0000000,0x00000000ba69a5c8,0x00000000bfb80000)
 Metaspace       used 54061K, capacity 55744K, committed 55984K, reserved 1097728K
  class space    used 7116K, capacity 7501K, committed 7600K, reserved 1048576K
}
Event: 47.770 GC heap before
{Heap before GC invocations=53 (full 7):
 PSYoungGen      total 324608K, used 91476K [0x00000000e0000000, 0x00000000fc880000, 0x0000000100000000)
  eden space 237056K, 1% used [0x00000000e0000000,0x00000000e03d56d8,0x00000000ee780000)
  from space 87552K, 99% used [0x00000000ee780000,0x00000000f3cffb68,0x00000000f3d00000)
  to   space 103424K, 0% used [0x00000000f6380000,0x00000000f6380000,0x00000000fc880000)
 ParOldGen       total 519680K, used 432745K [0x00000000a0000000, 0x00000000bfb80000, 0x00000000e0000000)
  object space 519680K, 83% used [0x00000000a0000000,0x00000000ba69a5c8,0x00000000bfb80000)
 Metaspace       used 54061K, capacity 55744K, committed 55984K, reserved 1097728K
  class space    used 7116K, capacity 7501K, committed 7600K, reserved 1048576K
Event: 47.966 GC heap after
Heap after GC invocations=53 (full 7):
 PSYoungGen      total 368128K, used 32899K [0x00000000e0000000, 0x00000000fc800000, 0x0000000100000000)
  eden space 265216K, 0% used [0x00000000e0000000,0x00000000e0000000,0x00000000f0300000)
  from space 102912K, 31% used [0x00000000f6380000,0x00000000f83a0d18,0x00000000fc800000)
  to   space 98816K, 0% used [0x00000000f0300000,0x00000000f0300000,0x00000000f6380000)
 ParOldGen       total 519680K, used 488579K [0x00000000a0000000, 0x00000000bfb80000, 0x00000000e0000000)
  object space 519680K, 94% used [0x00000000a0000000,0x00000000bdd20cd8,0x00000000bfb80000)
 Metaspace       used 54061K, capacity 55744K, committed 55984K, reserved 1097728K
  class space    used 7116K, capacity 7501K, committed 7600K, reserved 1048576K
}
Event: 47.966 GC heap before
{Heap before GC invocations=54 (full 8):
 PSYoungGen      total 368128K, used 32899K [0x00000000e0000000, 0x00000000fc800000, 0x0000000100000000)
  eden space 265216K, 0% used [0x00000000e0000000,0x00000000e0000000,0x00000000f0300000)
  from space 102912K, 31% used [0x00000000f6380000,0x00000000f83a0d18,0x00000000fc800000)
  to   space 98816K, 0% used [0x00000000f0300000,0x00000000f0300000,0x00000000f6380000)
 ParOldGen       total 519680K, used 488579K [0x00000000a0000000, 0x00000000bfb80000, 0x00000000e0000000)
  object space 519680K, 94% used [0x00000000a0000000,0x00000000bdd20cd8,0x00000000bfb80000)
 Metaspace       used 54061K, capacity 55744K, committed 55984K, reserved 1097728K
  class space    used 7116K, capacity 7501K, committed 7600K, reserved 1048576K

