# JRE version: OpenJDK Runtime Environment (8.0_152-b01) (build 1.8.0_152-release-915-b01)
# Java VM: OpenJDK 64-Bit Server VM (25.152-b01 mixed mode linux-amd64 compressed oops)
Heap:
 PSYoungGen      total 397824K, used 0K [0x00000000e0000000, 0x0000000100000000, 0x0000000100000000)
  eden space 287744K, 0% used [0x00000000e0000000,0x00000000e0000000,0x00000000f1900000)
  from space 110080K, 0% used [0x00000000f9480000,0x00000000f9480000,0x0000000100000000)
  to   space 118272K, 0% used [0x00000000f1900000,0x00000000f1900000,0x00000000f8c80000)
 ParOldGen       total 192000K, used 161058K [0x00000000a0000000, 0x00000000abb80000, 0x00000000e0000000)
  object space 192000K, 83% used [0x00000000a0000000,0x00000000a9d48910,0x00000000abb80000)
 Metaspace       used 76797K, capacity 80469K, committed 80600K, reserved 1120256K
  class space    used 9807K, capacity 10661K, committed 10752K, reserved 1048576K
GC Heap History (10 events):
Event: 203.588 GC heap after
Heap after GC invocations=37 (full 7):
 PSYoungGen      total 404992K, used 0K [0x00000000e0000000, 0x0000000100000000, 0x0000000100000000)
  eden space 296448K, 0% used [0x00000000e0000000,0x00000000e0000000,0x00000000f2180000)
  from space 108544K, 0% used [0x00000000f8800000,0x00000000f8800000,0x00000000ff200000)
  to   space 104960K, 0% used [0x00000000f2180000,0x00000000f2180000,0x00000000f8800000)
 ParOldGen       total 192000K, used 75188K [0x00000000a0000000, 0x00000000abb80000, 0x00000000e0000000)
  object space 192000K, 39% used [0x00000000a0000000,0x00000000a496d2d8,0x00000000abb80000)
 Metaspace       used 76259K, capacity 79591K, committed 79704K, reserved 1118208K
  class space    used 9764K, capacity 10536K, committed 10624K, reserved 1048576K
}
Event: 270.650 GC heap before
{Heap before GC invocations=38 (full 7):
 PSYoungGen      total 404992K, used 296448K [0x00000000e0000000, 0x0000000100000000, 0x0000000100000000)
  eden space 296448K, 100% used [0x00000000e0000000,0x00000000f2180000,0x00000000f2180000)
  from space 108544K, 0% used [0x00000000f8800000,0x00000000f8800000,0x00000000ff200000)
  to   space 104960K, 0% used [0x00000000f2180000,0x00000000f2180000,0x00000000f8800000)
 ParOldGen       total 192000K, used 75188K [0x00000000a0000000, 0x00000000abb80000, 0x00000000e0000000)
  object space 192000K, 39% used [0x00000000a0000000,0x00000000a496d2d8,0x00000000abb80000)
 Metaspace       used 76656K, capacity 80265K, committed 80600K, reserved 1120256K
  class space    used 9794K, capacity 10639K, committed 10752K, reserved 1048576K
Event: 270.663 GC heap after
Heap after GC invocations=38 (full 7):
 PSYoungGen      total 401408K, used 5128K [0x00000000e0000000, 0x00000000ffb80000, 0x0000000100000000)
  eden space 296448K, 0% used [0x00000000e0000000,0x00000000e0000000,0x00000000f2180000)
  from space 104960K, 4% used [0x00000000f2180000,0x00000000f2682118,0x00000000f8800000)
  to   space 104448K, 0% used [0x00000000f9580000,0x00000000f9580000,0x00000000ffb80000)
 ParOldGen       total 192000K, used 75196K [0x00000000a0000000, 0x00000000abb80000, 0x00000000e0000000)
  object space 192000K, 39% used [0x00000000a0000000,0x00000000a496f2d8,0x00000000abb80000)
 Metaspace       used 76656K, capacity 80265K, committed 80600K, reserved 1120256K
  class space    used 9794K, capacity 10639K, committed 10752K, reserved 1048576K
}
Event: 292.194 GC heap before
{Heap before GC invocations=39 (full 7):
 PSYoungGen      total 401408K, used 301576K [0x00000000e0000000, 0x00000000ffb80000, 0x0000000100000000)
  eden space 296448K, 100% used [0x00000000e0000000,0x00000000f2180000,0x00000000f2180000)
  from space 104960K, 4% used [0x00000000f2180000,0x00000000f2682118,0x00000000f8800000)
  to   space 104448K, 0% used [0x00000000f9580000,0x00000000f9580000,0x00000000ffb80000)
 ParOldGen       total 192000K, used 75196K [0x00000000a0000000, 0x00000000abb80000, 0x00000000e0000000)
  object space 192000K, 39% used [0x00000000a0000000,0x00000000a496f2d8,0x00000000abb80000)
 Metaspace       used 76793K, capacity 80469K, committed 80600K, reserved 1120256K
  class space    used 9807K, capacity 10661K, committed 10752K, reserved 1048576K
Event: 292.244 GC heap after
Heap after GC invocations=39 (full 7):
 PSYoungGen      total 415744K, used 53203K [0x00000000e0000000, 0x00000000ffe80000, 0x0000000100000000)
  eden space 311296K, 0% used [0x00000000e0000000,0x00000000e0000000,0x00000000f3000000)
  from space 104448K, 50% used [0x00000000f9580000,0x00000000fc974ee8,0x00000000ffb80000)
  to   space 103936K, 0% used [0x00000000f3000000,0x00000000f3000000,0x00000000f9580000)
 ParOldGen       total 192000K, used 79946K [0x00000000a0000000, 0x00000000abb80000, 0x00000000e0000000)
  object space 192000K, 41% used [0x00000000a0000000,0x00000000a4e128b0,0x00000000abb80000)
 Metaspace       used 76793K, capacity 80469K, committed 80600K, reserved 1120256K
  class space    used 9807K, capacity 10661K, committed 10752K, reserved 1048576K
}
Event: 292.760 GC heap before
{Heap before GC invocations=40 (full 7):
 PSYoungGen      total 415744K, used 364499K [0x00000000e0000000, 0x00000000ffe80000, 0x0000000100000000)
  eden space 311296K, 100% used [0x00000000e0000000,0x00000000f3000000,0x00000000f3000000)
  from space 104448K, 50% used [0x00000000f9580000,0x00000000fc974ee8,0x00000000ffb80000)
  to   space 103936K, 0% used [0x00000000f3000000,0x00000000f3000000,0x00000000f9580000)
 ParOldGen       total 192000K, used 79946K [0x00000000a0000000, 0x00000000abb80000, 0x00000000e0000000)
  object space 192000K, 41% used [0x00000000a0000000,0x00000000a4e128b0,0x00000000abb80000)
 Metaspace       used 76793K, capacity 80469K, committed 80600K, reserved 1120256K
  class space    used 9807K, capacity 10661K, committed 10752K, reserved 1048576K
Event: 292.845 GC heap after
Heap after GC invocations=40 (full 7):
 PSYoungGen      total 414208K, used 102407K [0x00000000e0000000, 0x0000000100000000, 0x0000000100000000)
  eden space 311296K, 0% used [0x00000000e0000000,0x00000000e0000000,0x00000000f3000000)
  from space 102912K, 99% used [0x00000000f3000000,0x00000000f9401c68,0x00000000f9480000)
  to   space 110080K, 0% used [0x00000000f9480000,0x00000000f9480000,0x0000000100000000)
 ParOldGen       total 192000K, used 79954K [0x00000000a0000000, 0x00000000abb80000, 0x00000000e0000000)
  object space 192000K, 41% used [0x00000000a0000000,0x00000000a4e148b0,0x00000000abb80000)
 Metaspace       used 76793K, capacity 80469K, committed 80600K, reserved 1120256K
  class space    used 9807K, capacity 10661K, committed 10752K, reserved 1048576K
}
Event: 293.742 GC heap before
{Heap before GC invocations=41 (full 7):
 PSYoungGen      total 414208K, used 413703K [0x00000000e0000000, 0x0000000100000000, 0x0000000100000000)
  eden space 311296K, 100% used [0x00000000e0000000,0x00000000f3000000,0x00000000f3000000)
  from space 102912K, 99% used [0x00000000f3000000,0x00000000f9401c68,0x00000000f9480000)
  to   space 110080K, 0% used [0x00000000f9480000,0x00000000f9480000,0x0000000100000000)
 ParOldGen       total 192000K, used 79954K [0x00000000a0000000, 0x00000000abb80000, 0x00000000e0000000)
  object space 192000K, 41% used [0x00000000a0000000,0x00000000a4e148b0,0x00000000abb80000)
 Metaspace       used 76797K, capacity 80469K, committed 80600K, reserved 1120256K
  class space    used 9807K, capacity 10661K, committed 10752K, reserved 1048576K
Event: 293.830 GC heap after
Heap after GC invocations=41 (full 7):
 PSYoungGen      total 397824K, used 16561K [0x00000000e0000000, 0x0000000100000000, 0x0000000100000000)
  eden space 287744K, 0% used [0x00000000e0000000,0x00000000e0000000,0x00000000f1900000)
  from space 110080K, 15% used [0x00000000f9480000,0x00000000fa4ac5a0,0x0000000100000000)
  to   space 118272K, 0% used [0x00000000f1900000,0x00000000f1900000,0x00000000f8c80000)
 ParOldGen       total 192000K, used 189043K [0x00000000a0000000, 0x00000000abb80000, 0x00000000e0000000)
  object space 192000K, 98% used [0x00000000a0000000,0x00000000ab89cd20,0x00000000abb80000)
 Metaspace       used 76797K, capacity 80469K, committed 80600K, reserved 1120256K
  class space    used 9807K, capacity 10661K, committed 10752K, reserved 1048576K
}
Event: 293.830 GC heap before
{Heap before GC invocations=42 (full 8):
 PSYoungGen      total 397824K, used 16561K [0x00000000e0000000, 0x0000000100000000, 0x0000000100000000)
  eden space 287744K, 0% used [0x00000000e0000000,0x00000000e0000000,0x00000000f1900000)
  from space 110080K, 15% used [0x00000000f9480000,0x00000000fa4ac5a0,0x0000000100000000)
  to   space 118272K, 0% used [0x00000000f1900000,0x00000000f1900000,0x00000000f8c80000)
 ParOldGen       total 192000K, used 189043K [0x00000000a0000000, 0x00000000abb80000, 0x00000000e0000000)
  object space 192000K, 98% used [0x00000000a0000000,0x00000000ab89cd20,0x00000000abb80000)
 Metaspace       used 76797K, capacity 80469K, committed 80600K, reserved 1120256K
  class space    used 9807K, capacity 10661K, committed 10752K, reserved 1048576K

