# JRE version: OpenJDK Runtime Environment (8.0_112-b06) (build 1.8.0_112-release-b06)
# Java VM: OpenJDK 64-Bit Server VM (25.112-b06 mixed mode linux-amd64 compressed oops)
Heap:
 PSYoungGen      total 349696K, used 0K [0x00000000e0000000, 0x0000000100000000, 0x0000000100000000)
  eden space 175104K, 0% used [0x00000000e0000000,0x00000000e0000000,0x00000000eab00000)
  from space 174592K, 0% used [0x00000000eab00000,0x00000000eab00000,0x00000000f5580000)
  to   space 174592K, 0% used [0x00000000f5580000,0x00000000f5580000,0x0000000100000000)
 ParOldGen       total 909824K, used 788922K [0x00000000a0000000, 0x00000000d7880000, 0x00000000e0000000)
  object space 909824K, 86% used [0x00000000a0000000,0x00000000d026eb30,0x00000000d7880000)
 Metaspace       used 62127K, capacity 63920K, committed 64176K, reserved 1105920K
  class space    used 8088K, capacity 8510K, committed 8624K, reserved 1048576K
GC Heap History (10 events):
Event: 79.762 GC heap after
Heap after GC invocations=58 (full 9):
 PSYoungGen      total 349696K, used 67353K [0x00000000e0000000, 0x00000000ff700000, 0x0000000100000000)
  eden space 177152K, 0% used [0x00000000e0000000,0x00000000e0000000,0x00000000ead00000)
  from space 172544K, 39% used [0x00000000ead00000,0x00000000eeec67c8,0x00000000f5580000)
  to   space 164352K, 0% used [0x00000000f5680000,0x00000000f5680000,0x00000000ff700000)
 ParOldGen       total 909824K, used 798015K [0x00000000a0000000, 0x00000000d7880000, 0x00000000e0000000)
  object space 909824K, 87% used [0x00000000a0000000,0x00000000d0b4fea8,0x00000000d7880000)
 Metaspace       used 62126K, capacity 63920K, committed 64176K, reserved 1105920K
  class space    used 8088K, capacity 8510K, committed 8624K, reserved 1048576K
}
Event: 80.277 GC heap before
{Heap before GC invocations=59 (full 9):
 PSYoungGen      total 349696K, used 244505K [0x00000000e0000000, 0x00000000ff700000, 0x0000000100000000)
  eden space 177152K, 100% used [0x00000000e0000000,0x00000000ead00000,0x00000000ead00000)
  from space 172544K, 39% used [0x00000000ead00000,0x00000000eeec67c8,0x00000000f5580000)
  to   space 164352K, 0% used [0x00000000f5680000,0x00000000f5680000,0x00000000ff700000)
 ParOldGen       total 909824K, used 798015K [0x00000000a0000000, 0x00000000d7880000, 0x00000000e0000000)
  object space 909824K, 87% used [0x00000000a0000000,0x00000000d0b4fea8,0x00000000d7880000)
 Metaspace       used 62126K, capacity 63920K, committed 64176K, reserved 1105920K
  class space    used 8088K, capacity 8510K, committed 8624K, reserved 1048576K
Event: 80.406 GC heap after
Heap after GC invocations=59 (full 9):
 PSYoungGen      total 347648K, used 90939K [0x00000000e0000000, 0x00000000ff300000, 0x0000000100000000)
  eden space 187392K, 0% used [0x00000000e0000000,0x00000000e0000000,0x00000000eb700000)
  from space 160256K, 56% used [0x00000000f5680000,0x00000000faf4ec10,0x00000000ff300000)
  to   space 161792K, 0% used [0x00000000eb700000,0x00000000eb700000,0x00000000f5500000)
 ParOldGen       total 909824K, used 798015K [0x00000000a0000000, 0x00000000d7880000, 0x00000000e0000000)
  object space 909824K, 87% used [0x00000000a0000000,0x00000000d0b4fea8,0x00000000d7880000)
 Metaspace       used 62126K, capacity 63920K, committed 64176K, reserved 1105920K
  class space    used 8088K, capacity 8510K, committed 8624K, reserved 1048576K
}
Event: 80.785 GC heap before
{Heap before GC invocations=60 (full 9):
 PSYoungGen      total 347648K, used 278331K [0x00000000e0000000, 0x00000000ff300000, 0x0000000100000000)
  eden space 187392K, 100% used [0x00000000e0000000,0x00000000eb700000,0x00000000eb700000)
  from space 160256K, 56% used [0x00000000f5680000,0x00000000faf4ec10,0x00000000ff300000)
  to   space 161792K, 0% used [0x00000000eb700000,0x00000000eb700000,0x00000000f5500000)
 ParOldGen       total 909824K, used 798015K [0x00000000a0000000, 0x00000000d7880000, 0x00000000e0000000)
  object space 909824K, 87% used [0x00000000a0000000,0x00000000d0b4fea8,0x00000000d7880000)
 Metaspace       used 62126K, capacity 63920K, committed 64176K, reserved 1105920K
  class space    used 8088K, capacity 8510K, committed 8624K, reserved 1048576K
Event: 80.928 GC heap after
Heap after GC invocations=60 (full 9):
 PSYoungGen      total 349184K, used 119506K [0x00000000e0000000, 0x0000000100000000, 0x0000000100000000)
  eden space 187392K, 0% used [0x00000000e0000000,0x00000000e0000000,0x00000000eb700000)
  from space 161792K, 73% used [0x00000000eb700000,0x00000000f2bb4a60,0x00000000f5500000)
  to   space 168960K, 0% used [0x00000000f5b00000,0x00000000f5b00000,0x0000000100000000)
 ParOldGen       total 909824K, used 798015K [0x00000000a0000000, 0x00000000d7880000, 0x00000000e0000000)
  object space 909824K, 87% used [0x00000000a0000000,0x00000000d0b4fea8,0x00000000d7880000)
 Metaspace       used 62126K, capacity 63920K, committed 64176K, reserved 1105920K
  class space    used 8088K, capacity 8510K, committed 8624K, reserved 1048576K
}
Event: 81.411 GC heap before
{Heap before GC invocations=61 (full 9):
 PSYoungGen      total 349184K, used 306898K [0x00000000e0000000, 0x0000000100000000, 0x0000000100000000)
  eden space 187392K, 100% used [0x00000000e0000000,0x00000000eb700000,0x00000000eb700000)
  from space 161792K, 73% used [0x00000000eb700000,0x00000000f2bb4a60,0x00000000f5500000)
  to   space 168960K, 0% used [0x00000000f5b00000,0x00000000f5b00000,0x0000000100000000)
 ParOldGen       total 909824K, used 798015K [0x00000000a0000000, 0x00000000d7880000, 0x00000000e0000000)
  object space 909824K, 87% used [0x00000000a0000000,0x00000000d0b4fea8,0x00000000d7880000)
 Metaspace       used 62127K, capacity 63920K, committed 64176K, reserved 1105920K
  class space    used 8088K, capacity 8510K, committed 8624K, reserved 1048576K
Event: 81.633 GC heap after
Heap after GC invocations=61 (full 9):
 PSYoungGen      total 344064K, used 147436K [0x00000000e0000000, 0x0000000100000000, 0x0000000100000000)
  eden space 175104K, 0% used [0x00000000e0000000,0x00000000e0000000,0x00000000eab00000)
  from space 168960K, 87% used [0x00000000f5b00000,0x00000000feafb098,0x0000000100000000)
  to   space 174592K, 0% used [0x00000000eab00000,0x00000000eab00000,0x00000000f5580000)
 ParOldGen       total 909824K, used 798015K [0x00000000a0000000, 0x00000000d7880000, 0x00000000e0000000)
  object space 909824K, 87% used [0x00000000a0000000,0x00000000d0b4fea8,0x00000000d7880000)
 Metaspace       used 62127K, capacity 63920K, committed 64176K, reserved 1105920K
  class space    used 8088K, capacity 8510K, committed 8624K, reserved 1048576K
}
Event: 82.170 GC heap before
{Heap before GC invocations=62 (full 9):
 PSYoungGen      total 344064K, used 322540K [0x00000000e0000000, 0x0000000100000000, 0x0000000100000000)
  eden space 175104K, 100% used [0x00000000e0000000,0x00000000eab00000,0x00000000eab00000)
  from space 168960K, 87% used [0x00000000f5b00000,0x00000000feafb098,0x0000000100000000)
  to   space 174592K, 0% used [0x00000000eab00000,0x00000000eab00000,0x00000000f5580000)
 ParOldGen       total 909824K, used 798015K [0x00000000a0000000, 0x00000000d7880000, 0x00000000e0000000)
  object space 909824K, 87% used [0x00000000a0000000,0x00000000d0b4fea8,0x00000000d7880000)
 Metaspace       used 62127K, capacity 63920K, committed 64176K, reserved 1105920K
  class space    used 8088K, capacity 8510K, committed 8624K, reserved 1048576K
Event: 82.391 GC heap after
Heap after GC invocations=62 (full 9):
 PSYoungGen      total 349696K, used 139366K [0x00000000e0000000, 0x0000000100000000, 0x0000000100000000)
  eden space 175104K, 0% used [0x00000000e0000000,0x00000000e0000000,0x00000000eab00000)
  from space 174592K, 79% used [0x00000000eab00000,0x00000000f33199e0,0x00000000f5580000)
  to   space 174592K, 0% used [0x00000000f5580000,0x00000000f5580000,0x0000000100000000)
 ParOldGen       total 909824K, used 831752K [0x00000000a0000000, 0x00000000d7880000, 0x00000000e0000000)
  object space 909824K, 91% used [0x00000000a0000000,0x00000000d2c42368,0x00000000d7880000)
 Metaspace       used 62127K, capacity 63920K, committed 64176K, reserved 1105920K
  class space    used 8088K, capacity 8510K, committed 8624K, reserved 1048576K
}
Event: 82.391 GC heap before
{Heap before GC invocations=63 (full 10):
 PSYoungGen      total 349696K, used 139366K [0x00000000e0000000, 0x0000000100000000, 0x0000000100000000)
  eden space 175104K, 0% used [0x00000000e0000000,0x00000000e0000000,0x00000000eab00000)
  from space 174592K, 79% used [0x00000000eab00000,0x00000000f33199e0,0x00000000f5580000)
  to   space 174592K, 0% used [0x00000000f5580000,0x00000000f5580000,0x0000000100000000)
 ParOldGen       total 909824K, used 831752K [0x00000000a0000000, 0x00000000d7880000, 0x00000000e0000000)
  object space 909824K, 91% used [0x00000000a0000000,0x00000000d2c42368,0x00000000d7880000)
 Metaspace       used 62127K, capacity 63920K, committed 64176K, reserved 1105920K
  class space    used 8088K, capacity 8510K, committed 8624K, reserved 1048576K

