# JRE version: OpenJDK Runtime Environment (8.0_112-b06) (build 1.8.0_112-release-b06)
# Java VM: OpenJDK 64-Bit Server VM (25.112-b06 mixed mode linux-amd64 compressed oops)
Heap:
 PSYoungGen      total 349696K, used 0K [0x00000000e0000000, 0x0000000100000000, 0x0000000100000000)
  eden space 175104K, 0% used [0x00000000e0000000,0x00000000e0000000,0x00000000eab00000)
  from space 174592K, 0% used [0x00000000f5580000,0x00000000f5580000,0x0000000100000000)
  to   space 174592K, 0% used [0x00000000eab00000,0x00000000eab00000,0x00000000f5580000)
 ParOldGen       total 884736K, used 832950K [0x00000000a0000000, 0x00000000d6000000, 0x00000000e0000000)
  object space 884736K, 94% used [0x00000000a0000000,0x00000000d2d6db18,0x00000000d6000000)
 Metaspace       used 56169K, capacity 57908K, committed 58288K, reserved 1099776K
  class space    used 7433K, capacity 7793K, committed 7856K, reserved 1048576K
GC Heap History (10 events):
Event: 68.112 GC heap after
Heap after GC invocations=45 (full 9):
 PSYoungGen      total 345600K, used 123119K [0x00000000e0000000, 0x0000000100000000, 0x0000000100000000)
  eden space 184320K, 0% used [0x00000000e0000000,0x00000000e0000000,0x00000000eb400000)
  from space 161280K, 76% used [0x00000000f6080000,0x00000000fd8bbc50,0x00000000ffe00000)
  to   space 169984K, 0% used [0x00000000eb400000,0x00000000eb400000,0x00000000f5a00000)
 ParOldGen       total 884736K, used 671675K [0x00000000a0000000, 0x00000000d6000000, 0x00000000e0000000)
  object space 884736K, 75% used [0x00000000a0000000,0x00000000c8feeef0,0x00000000d6000000)
 Metaspace       used 56166K, capacity 57908K, committed 58288K, reserved 1099776K
  class space    used 7433K, capacity 7793K, committed 7856K, reserved 1048576K
}
Event: 68.572 GC heap before
{Heap before GC invocations=46 (full 9):
 PSYoungGen      total 345600K, used 307439K [0x00000000e0000000, 0x0000000100000000, 0x0000000100000000)
  eden space 184320K, 100% used [0x00000000e0000000,0x00000000eb400000,0x00000000eb400000)
  from space 161280K, 76% used [0x00000000f6080000,0x00000000fd8bbc50,0x00000000ffe00000)
  to   space 169984K, 0% used [0x00000000eb400000,0x00000000eb400000,0x00000000f5a00000)
 ParOldGen       total 884736K, used 671675K [0x00000000a0000000, 0x00000000d6000000, 0x00000000e0000000)
  object space 884736K, 75% used [0x00000000a0000000,0x00000000c8feeef0,0x00000000d6000000)
 Metaspace       used 56167K, capacity 57908K, committed 58288K, reserved 1099776K
  class space    used 7433K, capacity 7793K, committed 7856K, reserved 1048576K
Event: 68.736 GC heap after
Heap after GC invocations=46 (full 9):
 PSYoungGen      total 334848K, used 150131K [0x00000000e0000000, 0x0000000100000000, 0x0000000100000000)
  eden space 184320K, 0% used [0x00000000e0000000,0x00000000e0000000,0x00000000eb400000)
  from space 150528K, 99% used [0x00000000eb400000,0x00000000f469ccc8,0x00000000f4700000)
  to   space 174592K, 0% used [0x00000000f5580000,0x00000000f5580000,0x0000000100000000)
 ParOldGen       total 884736K, used 671675K [0x00000000a0000000, 0x00000000d6000000, 0x00000000e0000000)
  object space 884736K, 75% used [0x00000000a0000000,0x00000000c8feeef0,0x00000000d6000000)
 Metaspace       used 56167K, capacity 57908K, committed 58288K, reserved 1099776K
  class space    used 7433K, capacity 7793K, committed 7856K, reserved 1048576K
}
Event: 69.357 GC heap before
{Heap before GC invocations=47 (full 9):
 PSYoungGen      total 334848K, used 334451K [0x00000000e0000000, 0x0000000100000000, 0x0000000100000000)
  eden space 184320K, 100% used [0x00000000e0000000,0x00000000eb400000,0x00000000eb400000)
  from space 150528K, 99% used [0x00000000eb400000,0x00000000f469ccc8,0x00000000f4700000)
  to   space 174592K, 0% used [0x00000000f5580000,0x00000000f5580000,0x0000000100000000)
 ParOldGen       total 884736K, used 671675K [0x00000000a0000000, 0x00000000d6000000, 0x00000000e0000000)
  object space 884736K, 75% used [0x00000000a0000000,0x00000000c8feeef0,0x00000000d6000000)
 Metaspace       used 56169K, capacity 57908K, committed 58288K, reserved 1099776K
  class space    used 7433K, capacity 7793K, committed 7856K, reserved 1048576K
Event: 69.561 GC heap after
Heap after GC invocations=47 (full 9):
 PSYoungGen      total 349696K, used 136035K [0x00000000e0000000, 0x0000000100000000, 0x0000000100000000)
  eden space 175104K, 0% used [0x00000000e0000000,0x00000000e0000000,0x00000000eab00000)
  from space 174592K, 77% used [0x00000000f5580000,0x00000000fda58fa8,0x0000000100000000)
  to   space 174592K, 0% used [0x00000000eab00000,0x00000000eab00000,0x00000000f5580000)
 ParOldGen       total 884736K, used 712076K [0x00000000a0000000, 0x00000000d6000000, 0x00000000e0000000)
  object space 884736K, 80% used [0x00000000a0000000,0x00000000cb7630e0,0x00000000d6000000)
 Metaspace       used 56169K, capacity 57908K, committed 58288K, reserved 1099776K
  class space    used 7433K, capacity 7793K, committed 7856K, reserved 1048576K
}
Event: 70.008 GC heap before
{Heap before GC invocations=48 (full 9):
 PSYoungGen      total 349696K, used 311139K [0x00000000e0000000, 0x0000000100000000, 0x0000000100000000)
  eden space 175104K, 100% used [0x00000000e0000000,0x00000000eab00000,0x00000000eab00000)
  from space 174592K, 77% used [0x00000000f5580000,0x00000000fda58fa8,0x0000000100000000)
  to   space 174592K, 0% used [0x00000000eab00000,0x00000000eab00000,0x00000000f5580000)
 ParOldGen       total 884736K, used 712076K [0x00000000a0000000, 0x00000000d6000000, 0x00000000e0000000)
  object space 884736K, 80% used [0x00000000a0000000,0x00000000cb7630e0,0x00000000d6000000)
 Metaspace       used 56169K, capacity 57908K, committed 58288K, reserved 1099776K
  class space    used 7433K, capacity 7793K, committed 7856K, reserved 1048576K
Event: 70.266 GC heap after
Heap after GC invocations=48 (full 9):
 PSYoungGen      total 349696K, used 136879K [0x00000000e0000000, 0x0000000100000000, 0x0000000100000000)
  eden space 175104K, 0% used [0x00000000e0000000,0x00000000e0000000,0x00000000eab00000)
  from space 174592K, 78% used [0x00000000eab00000,0x00000000f30abcc8,0x00000000f5580000)
  to   space 174592K, 0% used [0x00000000f5580000,0x00000000f5580000,0x0000000100000000)
 ParOldGen       total 884736K, used 740848K [0x00000000a0000000, 0x00000000d6000000, 0x00000000e0000000)
  object space 884736K, 83% used [0x00000000a0000000,0x00000000cd37c308,0x00000000d6000000)
 Metaspace       used 56169K, capacity 57908K, committed 58288K, reserved 1099776K
  class space    used 7433K, capacity 7793K, committed 7856K, reserved 1048576K
}
Event: 70.740 GC heap before
{Heap before GC invocations=49 (full 9):
 PSYoungGen      total 349696K, used 311983K [0x00000000e0000000, 0x0000000100000000, 0x0000000100000000)
  eden space 175104K, 100% used [0x00000000e0000000,0x00000000eab00000,0x00000000eab00000)
  from space 174592K, 78% used [0x00000000eab00000,0x00000000f30abcc8,0x00000000f5580000)
  to   space 174592K, 0% used [0x00000000f5580000,0x00000000f5580000,0x0000000100000000)
 ParOldGen       total 884736K, used 740848K [0x00000000a0000000, 0x00000000d6000000, 0x00000000e0000000)
  object space 884736K, 83% used [0x00000000a0000000,0x00000000cd37c308,0x00000000d6000000)
 Metaspace       used 56169K, capacity 57908K, committed 58288K, reserved 1099776K
  class space    used 7433K, capacity 7793K, committed 7856K, reserved 1048576K
Event: 71.109 GC heap after
Heap after GC invocations=49 (full 9):
 PSYoungGen      total 349696K, used 109953K [0x00000000e0000000, 0x0000000100000000, 0x0000000100000000)
  eden space 175104K, 0% used [0x00000000e0000000,0x00000000e0000000,0x00000000eab00000)
  from space 174592K, 62% used [0x00000000f5580000,0x00000000fc0e07b0,0x0000000100000000)
  to   space 174592K, 0% used [0x00000000eab00000,0x00000000eab00000,0x00000000f5580000)
 ParOldGen       total 884736K, used 794409K [0x00000000a0000000, 0x00000000d6000000, 0x00000000e0000000)
  object space 884736K, 89% used [0x00000000a0000000,0x00000000d07ca478,0x00000000d6000000)
 Metaspace       used 56169K, capacity 57908K, committed 58288K, reserved 1099776K
  class space    used 7433K, capacity 7793K, committed 7856K, reserved 1048576K
}
Event: 71.109 GC heap before
{Heap before GC invocations=50 (full 10):
 PSYoungGen      total 349696K, used 109953K [0x00000000e0000000, 0x0000000100000000, 0x0000000100000000)
  eden space 175104K, 0% used [0x00000000e0000000,0x00000000e0000000,0x00000000eab00000)
  from space 174592K, 62% used [0x00000000f5580000,0x00000000fc0e07b0,0x0000000100000000)
  to   space 174592K, 0% used [0x00000000eab00000,0x00000000eab00000,0x00000000f5580000)
 ParOldGen       total 884736K, used 794409K [0x00000000a0000000, 0x00000000d6000000, 0x00000000e0000000)
  object space 884736K, 89% used [0x00000000a0000000,0x00000000d07ca478,0x00000000d6000000)
 Metaspace       used 56169K, capacity 57908K, committed 58288K, reserved 1099776K
  class space    used 7433K, capacity 7793K, committed 7856K, reserved 1048576K

