# JRE version: OpenJDK Runtime Environment (8.0_112-b06) (build 1.8.0_112-release-b06)
# Java VM: OpenJDK 64-Bit Server VM (25.112-b06 mixed mode linux-amd64 compressed oops)
Heap:
 PSYoungGen      total 300032K, used 49538K [0x00000000e0000000, 0x00000000fba80000, 0x0000000100000000)
  eden space 212480K, 0% used [0x00000000e0000000,0x00000000e0000000,0x00000000ecf80000)
  from space 87552K, 56% used [0x00000000f3a00000,0x00000000f6a60bb0,0x00000000f8f80000)
  to   space 109056K, 0% used [0x00000000ecf80000,0x00000000ecf80000,0x00000000f3a00000)
 ParOldGen       total 373248K, used 373206K [0x00000000a0000000, 0x00000000b6c80000, 0x00000000e0000000)
  object space 373248K, 99% used [0x00000000a0000000,0x00000000b6c75aa8,0x00000000b6c80000)
 Metaspace       used 54015K, capacity 55698K, committed 55984K, reserved 1097728K
  class space    used 7115K, capacity 7503K, committed 7600K, reserved 1048576K
GC Heap History (10 events):
Event: 52.853 GC heap after
Heap after GC invocations=46 (full 6):
 PSYoungGen      total 245248K, used 50620K [0x00000000e0000000, 0x00000000f3700000, 0x0000000100000000)
  eden space 194560K, 0% used [0x00000000e0000000,0x00000000e0000000,0x00000000ebe00000)
  from space 50688K, 99% used [0x00000000ef700000,0x00000000f286f028,0x00000000f2880000)
  to   space 58368K, 0% used [0x00000000ebe00000,0x00000000ebe00000,0x00000000ef700000)
 ParOldGen       total 373248K, used 260005K [0x00000000a0000000, 0x00000000b6c80000, 0x00000000e0000000)
  object space 373248K, 69% used [0x00000000a0000000,0x00000000afde9688,0x00000000b6c80000)
 Metaspace       used 54006K, capacity 55698K, committed 55984K, reserved 1097728K
  class space    used 7114K, capacity 7503K, committed 7600K, reserved 1048576K
}
Event: 53.829 GC heap before
{Heap before GC invocations=47 (full 6):
 PSYoungGen      total 245248K, used 245180K [0x00000000e0000000, 0x00000000f3700000, 0x0000000100000000)
  eden space 194560K, 100% used [0x00000000e0000000,0x00000000ebe00000,0x00000000ebe00000)
  from space 50688K, 99% used [0x00000000ef700000,0x00000000f286f028,0x00000000f2880000)
  to   space 58368K, 0% used [0x00000000ebe00000,0x00000000ebe00000,0x00000000ef700000)
 ParOldGen       total 373248K, used 260005K [0x00000000a0000000, 0x00000000b6c80000, 0x00000000e0000000)
  object space 373248K, 69% used [0x00000000a0000000,0x00000000afde9688,0x00000000b6c80000)
 Metaspace       used 54011K, capacity 55698K, committed 55984K, reserved 1097728K
  class space    used 7114K, capacity 7503K, committed 7600K, reserved 1048576K
Event: 54.093 GC heap after
Heap after GC invocations=47 (full 6):
 PSYoungGen      total 252928K, used 58356K [0x00000000e0000000, 0x00000000f6280000, 0x0000000100000000)
  eden space 194560K, 0% used [0x00000000e0000000,0x00000000e0000000,0x00000000ebe00000)
  from space 58368K, 99% used [0x00000000ebe00000,0x00000000ef6fd0a0,0x00000000ef700000)
  to   space 74240K, 0% used [0x00000000f1a00000,0x00000000f1a00000,0x00000000f6280000)
 ParOldGen       total 373248K, used 279900K [0x00000000a0000000, 0x00000000b6c80000, 0x00000000e0000000)
  object space 373248K, 74% used [0x00000000a0000000,0x00000000b1157288,0x00000000b6c80000)
 Metaspace       used 54011K, capacity 55698K, committed 55984K, reserved 1097728K
  class space    used 7114K, capacity 7503K, committed 7600K, reserved 1048576K
}
Event: 55.347 GC heap before
{Heap before GC invocations=48 (full 6):
 PSYoungGen      total 252928K, used 252916K [0x00000000e0000000, 0x00000000f6280000, 0x0000000100000000)
  eden space 194560K, 100% used [0x00000000e0000000,0x00000000ebe00000,0x00000000ebe00000)
  from space 58368K, 99% used [0x00000000ebe00000,0x00000000ef6fd0a0,0x00000000ef700000)
  to   space 74240K, 0% used [0x00000000f1a00000,0x00000000f1a00000,0x00000000f6280000)
 ParOldGen       total 373248K, used 279900K [0x00000000a0000000, 0x00000000b6c80000, 0x00000000e0000000)
  object space 373248K, 74% used [0x00000000a0000000,0x00000000b1157288,0x00000000b6c80000)
 Metaspace       used 54012K, capacity 55698K, committed 55984K, reserved 1097728K
  class space    used 7114K, capacity 7503K, committed 7600K, reserved 1048576K
Event: 55.656 GC heap after
Heap after GC invocations=48 (full 6):
 PSYoungGen      total 286720K, used 47577K [0x00000000e0000000, 0x00000000f6700000, 0x0000000100000000)
  eden space 212480K, 0% used [0x00000000e0000000,0x00000000e0000000,0x00000000ecf80000)
  from space 74240K, 64% used [0x00000000f1a00000,0x00000000f4876428,0x00000000f6280000)
  to   space 76288K, 0% used [0x00000000ecf80000,0x00000000ecf80000,0x00000000f1a00000)
 ParOldGen       total 373248K, used 322009K [0x00000000a0000000, 0x00000000b6c80000, 0x00000000e0000000)
  object space 373248K, 86% used [0x00000000a0000000,0x00000000b3a765e0,0x00000000b6c80000)
 Metaspace       used 54012K, capacity 55698K, committed 55984K, reserved 1097728K
  class space    used 7114K, capacity 7503K, committed 7600K, reserved 1048576K
}
Event: 56.614 GC heap before
{Heap before GC invocations=49 (full 6):
 PSYoungGen      total 286720K, used 260057K [0x00000000e0000000, 0x00000000f6700000, 0x0000000100000000)
  eden space 212480K, 100% used [0x00000000e0000000,0x00000000ecf80000,0x00000000ecf80000)
  from space 74240K, 64% used [0x00000000f1a00000,0x00000000f4876428,0x00000000f6280000)
  to   space 76288K, 0% used [0x00000000ecf80000,0x00000000ecf80000,0x00000000f1a00000)
 ParOldGen       total 373248K, used 322009K [0x00000000a0000000, 0x00000000b6c80000, 0x00000000e0000000)
  object space 373248K, 86% used [0x00000000a0000000,0x00000000b3a765e0,0x00000000b6c80000)
 Metaspace       used 54014K, capacity 55698K, committed 55984K, reserved 1097728K
  class space    used 7115K, capacity 7503K, committed 7600K, reserved 1048576K
Event: 56.734 GC heap after
Heap after GC invocations=49 (full 6):
 PSYoungGen      total 288768K, used 74985K [0x00000000e0000000, 0x00000000f8f80000, 0x0000000100000000)
  eden space 212480K, 0% used [0x00000000e0000000,0x00000000e0000000,0x00000000ecf80000)
  from space 76288K, 98% used [0x00000000ecf80000,0x00000000f18ba5b8,0x00000000f1a00000)
  to   space 87552K, 0% used [0x00000000f3a00000,0x00000000f3a00000,0x00000000f8f80000)
 ParOldGen       total 373248K, used 322009K [0x00000000a0000000, 0x00000000b6c80000, 0x00000000e0000000)
  object space 373248K, 86% used [0x00000000a0000000,0x00000000b3a765e0,0x00000000b6c80000)
 Metaspace       used 54014K, capacity 55698K, committed 55984K, reserved 1097728K
  class space    used 7115K, capacity 7503K, committed 7600K, reserved 1048576K
}
Event: 57.586 GC heap before
{Heap before GC invocations=50 (full 6):
 PSYoungGen      total 288768K, used 287465K [0x00000000e0000000, 0x00000000f8f80000, 0x0000000100000000)
  eden space 212480K, 100% used [0x00000000e0000000,0x00000000ecf80000,0x00000000ecf80000)
  from space 76288K, 98% used [0x00000000ecf80000,0x00000000f18ba5b8,0x00000000f1a00000)
  to   space 87552K, 0% used [0x00000000f3a00000,0x00000000f3a00000,0x00000000f8f80000)
 ParOldGen       total 373248K, used 322009K [0x00000000a0000000, 0x00000000b6c80000, 0x00000000e0000000)
  object space 373248K, 86% used [0x00000000a0000000,0x00000000b3a765e0,0x00000000b6c80000)
 Metaspace       used 54015K, capacity 55698K, committed 55984K, reserved 1097728K
  class space    used 7115K, capacity 7503K, committed 7600K, reserved 1048576K
Event: 57.837 GC heap after
Heap after GC invocations=50 (full 6):
 PSYoungGen      total 300032K, used 87524K [0x00000000e0000000, 0x00000000fba80000, 0x0000000100000000)
  eden space 212480K, 0% used [0x00000000e0000000,0x00000000e0000000,0x00000000ecf80000)
  from space 87552K, 99% used [0x00000000f3a00000,0x00000000f8f79350,0x00000000f8f80000)
  to   space 109056K, 0% used [0x00000000ecf80000,0x00000000ecf80000,0x00000000f3a00000)
 ParOldGen       total 373248K, used 341979K [0x00000000a0000000, 0x00000000b6c80000, 0x00000000e0000000)
  object space 373248K, 91% used [0x00000000a0000000,0x00000000b4df6c78,0x00000000b6c80000)
 Metaspace       used 54015K, capacity 55698K, committed 55984K, reserved 1097728K
  class space    used 7115K, capacity 7503K, committed 7600K, reserved 1048576K
}
Event: 57.837 GC heap before
{Heap before GC invocations=51 (full 7):
 PSYoungGen      total 300032K, used 87524K [0x00000000e0000000, 0x00000000fba80000, 0x0000000100000000)
  eden space 212480K, 0% used [0x00000000e0000000,0x00000000e0000000,0x00000000ecf80000)
  from space 87552K, 99% used [0x00000000f3a00000,0x00000000f8f79350,0x00000000f8f80000)
  to   space 109056K, 0% used [0x00000000ecf80000,0x00000000ecf80000,0x00000000f3a00000)
 ParOldGen       total 373248K, used 341979K [0x00000000a0000000, 0x00000000b6c80000, 0x00000000e0000000)
  object space 373248K, 91% used [0x00000000a0000000,0x00000000b4df6c78,0x00000000b6c80000)
 Metaspace       used 54015K, capacity 55698K, committed 55984K, reserved 1097728K
  class space    used 7115K, capacity 7503K, committed 7600K, reserved 1048576K

