# JRE version: OpenJDK Runtime Environment (8.0_112-b06) (build 1.8.0_112-release-b06)
# Java VM: OpenJDK 64-Bit Server VM (25.112-b06 mixed mode linux-amd64 compressed oops)
Heap:
 PSYoungGen      total 349696K, used 0K [0x00000000e0000000, 0x0000000100000000, 0x0000000100000000)
  eden space 175104K, 0% used [0x00000000e0000000,0x00000000e0000000,0x00000000eab00000)
  from space 174592K, 0% used [0x00000000f5580000,0x00000000f5580000,0x0000000100000000)
  to   space 174592K, 0% used [0x00000000eab00000,0x00000000eab00000,0x00000000f5580000)
 ParOldGen       total 468992K, used 455565K [0x00000000a0000000, 0x00000000bca00000, 0x00000000e0000000)
  object space 468992K, 97% used [0x00000000a0000000,0x00000000bbce3460,0x00000000bca00000)
 Metaspace       used 81494K, capacity 86618K, committed 86832K, reserved 1124352K
  class space    used 10298K, capacity 11222K, committed 11312K, reserved 1048576K
GC Heap History (10 events):
Event: 1058.811 GC heap after
Heap after GC invocations=67 (full 7):
 PSYoungGen      total 349696K, used 53414K [0x00000000e0000000, 0x0000000100000000, 0x0000000100000000)
  eden space 175104K, 0% used [0x00000000e0000000,0x00000000e0000000,0x00000000eab00000)
  from space 174592K, 30% used [0x00000000f5580000,0x00000000f89a9a40,0x0000000100000000)
  to   space 174592K, 0% used [0x00000000eab00000,0x00000000eab00000,0x00000000f5580000)
 ParOldGen       total 468992K, used 300918K [0x00000000a0000000, 0x00000000bca00000, 0x00000000e0000000)
  object space 468992K, 64% used [0x00000000a0000000,0x00000000b25ddb60,0x00000000bca00000)
 Metaspace       used 81492K, capacity 86618K, committed 86832K, reserved 1124352K
  class space    used 10298K, capacity 11222K, committed 11312K, reserved 1048576K
}
Event: 1059.466 GC heap before
{Heap before GC invocations=68 (full 7):
 PSYoungGen      total 349696K, used 228518K [0x00000000e0000000, 0x0000000100000000, 0x0000000100000000)
  eden space 175104K, 100% used [0x00000000e0000000,0x00000000eab00000,0x00000000eab00000)
  from space 174592K, 30% used [0x00000000f5580000,0x00000000f89a9a40,0x0000000100000000)
  to   space 174592K, 0% used [0x00000000eab00000,0x00000000eab00000,0x00000000f5580000)
 ParOldGen       total 468992K, used 300918K [0x00000000a0000000, 0x00000000bca00000, 0x00000000e0000000)
  object space 468992K, 64% used [0x00000000a0000000,0x00000000b25ddb60,0x00000000bca00000)
 Metaspace       used 81493K, capacity 86618K, committed 86832K, reserved 1124352K
  class space    used 10298K, capacity 11222K, committed 11312K, reserved 1048576K
Event: 1059.586 GC heap after
Heap after GC invocations=68 (full 7):
 PSYoungGen      total 349696K, used 81477K [0x00000000e0000000, 0x0000000100000000, 0x0000000100000000)
  eden space 175104K, 0% used [0x00000000e0000000,0x00000000e0000000,0x00000000eab00000)
  from space 174592K, 46% used [0x00000000eab00000,0x00000000efa917e0,0x00000000f5580000)
  to   space 174592K, 0% used [0x00000000f5580000,0x00000000f5580000,0x0000000100000000)
 ParOldGen       total 468992K, used 300918K [0x00000000a0000000, 0x00000000bca00000, 0x00000000e0000000)
  object space 468992K, 64% used [0x00000000a0000000,0x00000000b25ddb60,0x00000000bca00000)
 Metaspace       used 81493K, capacity 86618K, committed 86832K, reserved 1124352K
  class space    used 10298K, capacity 11222K, committed 11312K, reserved 1048576K
}
Event: 1060.051 GC heap before
{Heap before GC invocations=69 (full 7):
 PSYoungGen      total 349696K, used 256581K [0x00000000e0000000, 0x0000000100000000, 0x0000000100000000)
  eden space 175104K, 100% used [0x00000000e0000000,0x00000000eab00000,0x00000000eab00000)
  from space 174592K, 46% used [0x00000000eab00000,0x00000000efa917e0,0x00000000f5580000)
  to   space 174592K, 0% used [0x00000000f5580000,0x00000000f5580000,0x0000000100000000)
 ParOldGen       total 468992K, used 300918K [0x00000000a0000000, 0x00000000bca00000, 0x00000000e0000000)
  object space 468992K, 64% used [0x00000000a0000000,0x00000000b25ddb60,0x00000000bca00000)
 Metaspace       used 81493K, capacity 86618K, committed 86832K, reserved 1124352K
  class space    used 10298K, capacity 11222K, committed 11312K, reserved 1048576K
Event: 1060.184 GC heap after
Heap after GC invocations=69 (full 7):
 PSYoungGen      total 349696K, used 105085K [0x00000000e0000000, 0x0000000100000000, 0x0000000100000000)
  eden space 175104K, 0% used [0x00000000e0000000,0x00000000e0000000,0x00000000eab00000)
  from space 174592K, 60% used [0x00000000f5580000,0x00000000fbc1f688,0x0000000100000000)
  to   space 174592K, 0% used [0x00000000eab00000,0x00000000eab00000,0x00000000f5580000)
 ParOldGen       total 468992K, used 300918K [0x00000000a0000000, 0x00000000bca00000, 0x00000000e0000000)
  object space 468992K, 64% used [0x00000000a0000000,0x00000000b25ddb60,0x00000000bca00000)
 Metaspace       used 81493K, capacity 86618K, committed 86832K, reserved 1124352K
  class space    used 10298K, capacity 11222K, committed 11312K, reserved 1048576K
}
Event: 1060.664 GC heap before
{Heap before GC invocations=70 (full 7):
 PSYoungGen      total 349696K, used 280189K [0x00000000e0000000, 0x0000000100000000, 0x0000000100000000)
  eden space 175104K, 100% used [0x00000000e0000000,0x00000000eab00000,0x00000000eab00000)
  from space 174592K, 60% used [0x00000000f5580000,0x00000000fbc1f688,0x0000000100000000)
  to   space 174592K, 0% used [0x00000000eab00000,0x00000000eab00000,0x00000000f5580000)
 ParOldGen       total 468992K, used 300957K [0x00000000a0000000, 0x00000000bca00000, 0x00000000e0000000)
  object space 468992K, 64% used [0x00000000a0000000,0x00000000b25e7608,0x00000000bca00000)
 Metaspace       used 81493K, capacity 86618K, committed 86832K, reserved 1124352K
  class space    used 10298K, capacity 11222K, committed 11312K, reserved 1048576K
Event: 1060.818 GC heap after
Heap after GC invocations=70 (full 7):
 PSYoungGen      total 349696K, used 78506K [0x00000000e0000000, 0x0000000100000000, 0x0000000100000000)
  eden space 175104K, 0% used [0x00000000e0000000,0x00000000e0000000,0x00000000eab00000)
  from space 174592K, 44% used [0x00000000eab00000,0x00000000ef7aa9e8,0x00000000f5580000)
  to   space 174592K, 0% used [0x00000000f5580000,0x00000000f5580000,0x0000000100000000)
 ParOldGen       total 468992K, used 352968K [0x00000000a0000000, 0x00000000bca00000, 0x00000000e0000000)
  object space 468992K, 75% used [0x00000000a0000000,0x00000000b58b20b0,0x00000000bca00000)
 Metaspace       used 81493K, capacity 86618K, committed 86832K, reserved 1124352K
  class space    used 10298K, capacity 11222K, committed 11312K, reserved 1048576K
}
Event: 1061.362 GC heap before
{Heap before GC invocations=71 (full 7):
 PSYoungGen      total 349696K, used 253610K [0x00000000e0000000, 0x0000000100000000, 0x0000000100000000)
  eden space 175104K, 100% used [0x00000000e0000000,0x00000000eab00000,0x00000000eab00000)
  from space 174592K, 44% used [0x00000000eab00000,0x00000000ef7aa9e8,0x00000000f5580000)
  to   space 174592K, 0% used [0x00000000f5580000,0x00000000f5580000,0x0000000100000000)
 ParOldGen       total 468992K, used 352971K [0x00000000a0000000, 0x00000000bca00000, 0x00000000e0000000)
  object space 468992K, 75% used [0x00000000a0000000,0x00000000b58b2e08,0x00000000bca00000)
 Metaspace       used 81494K, capacity 86618K, committed 86832K, reserved 1124352K
  class space    used 10298K, capacity 11222K, committed 11312K, reserved 1048576K
Event: 1061.551 GC heap after
Heap after GC invocations=71 (full 7):
 PSYoungGen      total 349696K, used 55666K [0x00000000e0000000, 0x0000000100000000, 0x0000000100000000)
  eden space 175104K, 0% used [0x00000000e0000000,0x00000000e0000000,0x00000000eab00000)
  from space 174592K, 31% used [0x00000000f5580000,0x00000000f8bdc958,0x0000000100000000)
  to   space 174592K, 0% used [0x00000000eab00000,0x00000000eab00000,0x00000000f5580000)
 ParOldGen       total 468992K, used 405221K [0x00000000a0000000, 0x00000000bca00000, 0x00000000e0000000)
  object space 468992K, 86% used [0x00000000a0000000,0x00000000b8bb9618,0x00000000bca00000)
 Metaspace       used 81494K, capacity 86618K, committed 86832K, reserved 1124352K
  class space    used 10298K, capacity 11222K, committed 11312K, reserved 1048576K
}
Event: 1061.551 GC heap before
{Heap before GC invocations=72 (full 8):
 PSYoungGen      total 349696K, used 55666K [0x00000000e0000000, 0x0000000100000000, 0x0000000100000000)
  eden space 175104K, 0% used [0x00000000e0000000,0x00000000e0000000,0x00000000eab00000)
  from space 174592K, 31% used [0x00000000f5580000,0x00000000f8bdc958,0x0000000100000000)
  to   space 174592K, 0% used [0x00000000eab00000,0x00000000eab00000,0x00000000f5580000)
 ParOldGen       total 468992K, used 405221K [0x00000000a0000000, 0x00000000bca00000, 0x00000000e0000000)
  object space 468992K, 86% used [0x00000000a0000000,0x00000000b8bb9618,0x00000000bca00000)
 Metaspace       used 81494K, capacity 86618K, committed 86832K, reserved 1124352K
  class space    used 10298K, capacity 11222K, committed 11312K, reserved 1048576K

