# JRE version: OpenJDK Runtime Environment (8.0_112-b06) (build 1.8.0_112-release-b06)
# Java VM: OpenJDK 64-Bit Server VM (25.112-b06 mixed mode linux-amd64 compressed oops)
Heap:
 PSYoungGen      total 398848K, used 0K [0x00000000e0000000, 0x00000000fd980000, 0x0000000100000000)
  eden space 314880K, 0% used [0x00000000e0000000,0x00000000e0000000,0x00000000f3380000)
  from space 83968K, 0% used [0x00000000f8780000,0x00000000f8780000,0x00000000fd980000)
  to   space 84992K, 0% used [0x00000000f3380000,0x00000000f3380000,0x00000000f8680000)
 ParOldGen       total 518656K, used 511115K [0x00000000a0000000, 0x00000000bfa80000, 0x00000000e0000000)
  object space 518656K, 98% used [0x00000000a0000000,0x00000000bf322ce0,0x00000000bfa80000)
 Metaspace       used 60941K, capacity 63646K, committed 63744K, reserved 1103872K
  class space    used 8048K, capacity 8671K, committed 8704K, reserved 1048576K
GC Heap History (10 events):
Event: 67.025 GC heap after
Heap after GC invocations=47 (full 6):
 PSYoungGen      total 330752K, used 57321K [0x00000000e0000000, 0x00000000fb180000, 0x0000000100000000)
  eden space 273408K, 0% used [0x00000000e0000000,0x00000000e0000000,0x00000000f0b00000)
  from space 57344K, 99% used [0x00000000f0b00000,0x00000000f42fa510,0x00000000f4300000)
  to   space 72704K, 0% used [0x00000000f6a80000,0x00000000f6a80000,0x00000000fb180000)
 ParOldGen       total 375808K, used 338426K [0x00000000a0000000, 0x00000000b6f00000, 0x00000000e0000000)
  object space 375808K, 90% used [0x00000000a0000000,0x00000000b4a7eb58,0x00000000b6f00000)
 Metaspace       used 60935K, capacity 63646K, committed 63744K, reserved 1103872K
  class space    used 8048K, capacity 8671K, committed 8704K, reserved 1048576K
}
Event: 67.025 GC heap before
{Heap before GC invocations=48 (full 7):
 PSYoungGen      total 330752K, used 57321K [0x00000000e0000000, 0x00000000fb180000, 0x0000000100000000)
  eden space 273408K, 0% used [0x00000000e0000000,0x00000000e0000000,0x00000000f0b00000)
  from space 57344K, 99% used [0x00000000f0b00000,0x00000000f42fa510,0x00000000f4300000)
  to   space 72704K, 0% used [0x00000000f6a80000,0x00000000f6a80000,0x00000000fb180000)
 ParOldGen       total 375808K, used 338426K [0x00000000a0000000, 0x00000000b6f00000, 0x00000000e0000000)
  object space 375808K, 90% used [0x00000000a0000000,0x00000000b4a7eb58,0x00000000b6f00000)
 Metaspace       used 60935K, capacity 63646K, committed 63744K, reserved 1103872K
  class space    used 8048K, capacity 8671K, committed 8704K, reserved 1048576K
Event: 70.521 GC heap after
Heap after GC invocations=48 (full 7):
 PSYoungGen      total 330752K, used 13763K [0x00000000e0000000, 0x00000000fb180000, 0x0000000100000000)
  eden space 273408K, 0% used [0x00000000e0000000,0x00000000e0000000,0x00000000f0b00000)
  from space 57344K, 24% used [0x00000000f0b00000,0x00000000f1870f00,0x00000000f4300000)
  to   space 72704K, 0% used [0x00000000f6a80000,0x00000000f6a80000,0x00000000fb180000)
 ParOldGen       total 518656K, used 375742K [0x00000000a0000000, 0x00000000bfa80000, 0x00000000e0000000)
  object space 518656K, 72% used [0x00000000a0000000,0x00000000b6eef888,0x00000000bfa80000)
 Metaspace       used 60935K, capacity 63646K, committed 63744K, reserved 1103872K
  class space    used 8048K, capacity 8671K, committed 8704K, reserved 1048576K
}
Event: 71.682 GC heap before
{Heap before GC invocations=49 (full 7):
 PSYoungGen      total 330752K, used 287171K [0x00000000e0000000, 0x00000000fb180000, 0x0000000100000000)
  eden space 273408K, 100% used [0x00000000e0000000,0x00000000f0b00000,0x00000000f0b00000)
  from space 57344K, 24% used [0x00000000f0b00000,0x00000000f1870f00,0x00000000f4300000)
  to   space 72704K, 0% used [0x00000000f6a80000,0x00000000f6a80000,0x00000000fb180000)
 ParOldGen       total 518656K, used 375742K [0x00000000a0000000, 0x00000000bfa80000, 0x00000000e0000000)
  object space 518656K, 72% used [0x00000000a0000000,0x00000000b6eef888,0x00000000bfa80000)
 Metaspace       used 60936K, capacity 63646K, committed 63744K, reserved 1103872K
  class space    used 8048K, capacity 8671K, committed 8704K, reserved 1048576K
Event: 72.108 GC heap after
Heap after GC invocations=49 (full 7):
 PSYoungGen      total 359936K, used 41684K [0x00000000e0000000, 0x00000000fac00000, 0x0000000100000000)
  eden space 292864K, 0% used [0x00000000e0000000,0x00000000e0000000,0x00000000f1e00000)
  from space 67072K, 62% used [0x00000000f6a80000,0x00000000f9335090,0x00000000fac00000)
  to   space 72704K, 0% used [0x00000000f1e00000,0x00000000f1e00000,0x00000000f6500000)
 ParOldGen       total 518656K, used 389188K [0x00000000a0000000, 0x00000000bfa80000, 0x00000000e0000000)
  object space 518656K, 75% used [0x00000000a0000000,0x00000000b7c11348,0x00000000bfa80000)
 Metaspace       used 60936K, capacity 63646K, committed 63744K, reserved 1103872K
  class space    used 8048K, capacity 8671K, committed 8704K, reserved 1048576K
}
Event: 73.200 GC heap before
{Heap before GC invocations=50 (full 7):
 PSYoungGen      total 359936K, used 334548K [0x00000000e0000000, 0x00000000fac00000, 0x0000000100000000)
  eden space 292864K, 100% used [0x00000000e0000000,0x00000000f1e00000,0x00000000f1e00000)
  from space 67072K, 62% used [0x00000000f6a80000,0x00000000f9335090,0x00000000fac00000)
  to   space 72704K, 0% used [0x00000000f1e00000,0x00000000f1e00000,0x00000000f6500000)
 ParOldGen       total 518656K, used 389188K [0x00000000a0000000, 0x00000000bfa80000, 0x00000000e0000000)
  object space 518656K, 75% used [0x00000000a0000000,0x00000000b7c11348,0x00000000bfa80000)
 Metaspace       used 60938K, capacity 63646K, committed 63744K, reserved 1103872K
  class space    used 8048K, capacity 8671K, committed 8704K, reserved 1048576K
Event: 73.342 GC heap after
Heap after GC invocations=50 (full 7):
 PSYoungGen      total 365568K, used 72675K [0x00000000e0000000, 0x00000000fdc80000, 0x0000000100000000)
  eden space 292864K, 0% used [0x00000000e0000000,0x00000000e0000000,0x00000000f1e00000)
  from space 72704K, 99% used [0x00000000f1e00000,0x00000000f64f8f18,0x00000000f6500000)
  to   space 87040K, 0% used [0x00000000f8780000,0x00000000f8780000,0x00000000fdc80000)
 ParOldGen       total 518656K, used 398582K [0x00000000a0000000, 0x00000000bfa80000, 0x00000000e0000000)
  object space 518656K, 76% used [0x00000000a0000000,0x00000000b853da10,0x00000000bfa80000)
 Metaspace       used 60938K, capacity 63646K, committed 63744K, reserved 1103872K
  class space    used 8048K, capacity 8671K, committed 8704K, reserved 1048576K
}
Event: 74.811 GC heap before
{Heap before GC invocations=51 (full 7):
 PSYoungGen      total 365568K, used 365539K [0x00000000e0000000, 0x00000000fdc80000, 0x0000000100000000)
  eden space 292864K, 100% used [0x00000000e0000000,0x00000000f1e00000,0x00000000f1e00000)
  from space 72704K, 99% used [0x00000000f1e00000,0x00000000f64f8f18,0x00000000f6500000)
  to   space 87040K, 0% used [0x00000000f8780000,0x00000000f8780000,0x00000000fdc80000)
 ParOldGen       total 518656K, used 398582K [0x00000000a0000000, 0x00000000bfa80000, 0x00000000e0000000)
  object space 518656K, 76% used [0x00000000a0000000,0x00000000b853da10,0x00000000bfa80000)
 Metaspace       used 60941K, capacity 63646K, committed 63744K, reserved 1103872K
  class space    used 8048K, capacity 8671K, committed 8704K, reserved 1048576K
Event: 75.057 GC heap after
Heap after GC invocations=51 (full 7):
 PSYoungGen      total 398848K, used 43928K [0x00000000e0000000, 0x00000000fd980000, 0x0000000100000000)
  eden space 314880K, 0% used [0x00000000e0000000,0x00000000e0000000,0x00000000f3380000)
  from space 83968K, 52% used [0x00000000f8780000,0x00000000fb266338,0x00000000fd980000)
  to   space 84992K, 0% used [0x00000000f3380000,0x00000000f3380000,0x00000000f8680000)
 ParOldGen       total 518656K, used 471718K [0x00000000a0000000, 0x00000000bfa80000, 0x00000000e0000000)
  object space 518656K, 90% used [0x00000000a0000000,0x00000000bcca9a48,0x00000000bfa80000)
 Metaspace       used 60941K, capacity 63646K, committed 63744K, reserved 1103872K
  class space    used 8048K, capacity 8671K, committed 8704K, reserved 1048576K
}
Event: 75.057 GC heap before
{Heap before GC invocations=52 (full 8):
 PSYoungGen      total 398848K, used 43928K [0x00000000e0000000, 0x00000000fd980000, 0x0000000100000000)
  eden space 314880K, 0% used [0x00000000e0000000,0x00000000e0000000,0x00000000f3380000)
  from space 83968K, 52% used [0x00000000f8780000,0x00000000fb266338,0x00000000fd980000)
  to   space 84992K, 0% used [0x00000000f3380000,0x00000000f3380000,0x00000000f8680000)
 ParOldGen       total 518656K, used 471718K [0x00000000a0000000, 0x00000000bfa80000, 0x00000000e0000000)
  object space 518656K, 90% used [0x00000000a0000000,0x00000000bcca9a48,0x00000000bfa80000)
 Metaspace       used 60941K, capacity 63646K, committed 63744K, reserved 1103872K
  class space    used 8048K, capacity 8671K, committed 8704K, reserved 1048576K

