# JRE version: OpenJDK Runtime Environment (8.0_112-b06) (build 1.8.0_112-release-b06)
# Java VM: OpenJDK 64-Bit Server VM (25.112-b06 mixed mode linux-amd64 compressed oops)
Heap:
 PSYoungGen      total 345600K, used 0K [0x00000000e0000000, 0x00000000ff200000, 0x0000000100000000)
  eden space 202752K, 0% used [0x00000000e0000000,0x00000000e0000000,0x00000000ec600000)
  from space 142848K, 0% used [0x00000000f6680000,0x00000000f6680000,0x00000000ff200000)
  to   space 153600K, 0% used [0x00000000ec600000,0x00000000ec600000,0x00000000f5c00000)
 ParOldGen       total 415232K, used 406151K [0x00000000a0000000, 0x00000000b9580000, 0x00000000e0000000)
  object space 415232K, 97% used [0x00000000a0000000,0x00000000b8ca1e78,0x00000000b9580000)
 Metaspace       used 71270K, capacity 75070K, committed 75544K, reserved 1116160K
  class space    used 8864K, capacity 9410K, committed 9520K, reserved 1048576K
GC Heap History (10 events):
Event: 5282.836 GC heap after
Heap after GC invocations=54 (full 5):
 PSYoungGen      total 395776K, used 128503K [0x00000000e0000000, 0x0000000100000000, 0x0000000100000000)
  eden space 267264K, 0% used [0x00000000e0000000,0x00000000e0000000,0x00000000f0500000)
  from space 128512K, 99% used [0x00000000f0500000,0x00000000f827def0,0x00000000f8280000)
  to   space 128512K, 0% used [0x00000000f8280000,0x00000000f8280000,0x0000000100000000)
 ParOldGen       total 281088K, used 190591K [0x00000000a0000000, 0x00000000b1280000, 0x00000000e0000000)
  object space 281088K, 67% used [0x00000000a0000000,0x00000000aba1ff00,0x00000000b1280000)
 Metaspace       used 71267K, capacity 75070K, committed 75544K, reserved 1116160K
  class space    used 8864K, capacity 9410K, committed 9520K, reserved 1048576K
}
Event: 5284.037 GC heap before
{Heap before GC invocations=55 (full 5):
 PSYoungGen      total 395776K, used 395767K [0x00000000e0000000, 0x0000000100000000, 0x0000000100000000)
  eden space 267264K, 100% used [0x00000000e0000000,0x00000000f0500000,0x00000000f0500000)
  from space 128512K, 99% used [0x00000000f0500000,0x00000000f827def0,0x00000000f8280000)
  to   space 128512K, 0% used [0x00000000f8280000,0x00000000f8280000,0x0000000100000000)
 ParOldGen       total 281088K, used 190591K [0x00000000a0000000, 0x00000000b1280000, 0x00000000e0000000)
  object space 281088K, 67% used [0x00000000a0000000,0x00000000aba1ff00,0x00000000b1280000)
 Metaspace       used 71268K, capacity 75070K, committed 75544K, reserved 1116160K
  class space    used 8864K, capacity 9410K, committed 9520K, reserved 1048576K
Event: 5284.327 GC heap after
Heap after GC invocations=55 (full 5):
 PSYoungGen      total 324096K, used 107852K [0x00000000e0000000, 0x0000000100000000, 0x0000000100000000)
  eden space 195584K, 0% used [0x00000000e0000000,0x00000000e0000000,0x00000000ebf00000)
  from space 128512K, 83% used [0x00000000f8280000,0x00000000febd3100,0x0000000100000000)
  to   space 164352K, 0% used [0x00000000ebf00000,0x00000000ebf00000,0x00000000f5f80000)
 ParOldGen       total 281088K, used 251563K [0x00000000a0000000, 0x00000000b1280000, 0x00000000e0000000)
  object space 281088K, 89% used [0x00000000a0000000,0x00000000af5aaf08,0x00000000b1280000)
 Metaspace       used 71268K, capacity 75070K, committed 75544K, reserved 1116160K
  class space    used 8864K, capacity 9410K, committed 9520K, reserved 1048576K
}
Event: 5284.327 GC heap before
{Heap before GC invocations=56 (full 6):
 PSYoungGen      total 324096K, used 107852K [0x00000000e0000000, 0x0000000100000000, 0x0000000100000000)
  eden space 195584K, 0% used [0x00000000e0000000,0x00000000e0000000,0x00000000ebf00000)
  from space 128512K, 83% used [0x00000000f8280000,0x00000000febd3100,0x0000000100000000)
  to   space 164352K, 0% used [0x00000000ebf00000,0x00000000ebf00000,0x00000000f5f80000)
 ParOldGen       total 281088K, used 251563K [0x00000000a0000000, 0x00000000b1280000, 0x00000000e0000000)
  object space 281088K, 89% used [0x00000000a0000000,0x00000000af5aaf08,0x00000000b1280000)
 Metaspace       used 71268K, capacity 75070K, committed 75544K, reserved 1116160K
  class space    used 8864K, capacity 9410K, committed 9520K, reserved 1048576K
Event: 5286.762 GC heap after
Heap after GC invocations=56 (full 6):
 PSYoungGen      total 324096K, used 71110K [0x00000000e0000000, 0x0000000100000000, 0x0000000100000000)
  eden space 195584K, 0% used [0x00000000e0000000,0x00000000e0000000,0x00000000ebf00000)
  from space 128512K, 55% used [0x00000000f8280000,0x00000000fc7f1a00,0x0000000100000000)
  to   space 164352K, 0% used [0x00000000ebf00000,0x00000000ebf00000,0x00000000f5f80000)
 ParOldGen       total 415232K, used 280582K [0x00000000a0000000, 0x00000000b9580000, 0x00000000e0000000)
  object space 415232K, 67% used [0x00000000a0000000,0x00000000b1201888,0x00000000b9580000)
 Metaspace       used 71268K, capacity 75070K, committed 75544K, reserved 1116160K
  class space    used 8864K, capacity 9410K, committed 9520K, reserved 1048576K
}
Event: 5287.546 GC heap before
{Heap before GC invocations=57 (full 6):
 PSYoungGen      total 324096K, used 266694K [0x00000000e0000000, 0x0000000100000000, 0x0000000100000000)
  eden space 195584K, 100% used [0x00000000e0000000,0x00000000ebf00000,0x00000000ebf00000)
  from space 128512K, 55% used [0x00000000f8280000,0x00000000fc7f1a00,0x0000000100000000)
  to   space 164352K, 0% used [0x00000000ebf00000,0x00000000ebf00000,0x00000000f5f80000)
 ParOldGen       total 415232K, used 280582K [0x00000000a0000000, 0x00000000b9580000, 0x00000000e0000000)
  object space 415232K, 67% used [0x00000000a0000000,0x00000000b1201888,0x00000000b9580000)
 Metaspace       used 71270K, capacity 75070K, committed 75544K, reserved 1116160K
  class space    used 8864K, capacity 9410K, committed 9520K, reserved 1048576K
Event: 5287.828 GC heap after
Heap after GC invocations=57 (full 6):
 PSYoungGen      total 359936K, used 47578K [0x00000000e0000000, 0x0000000100000000, 0x0000000100000000)
  eden space 195584K, 0% used [0x00000000e0000000,0x00000000e0000000,0x00000000ebf00000)
  from space 164352K, 28% used [0x00000000ebf00000,0x00000000eed76918,0x00000000f5f80000)
  to   space 157184K, 0% used [0x00000000f6680000,0x00000000f6680000,0x0000000100000000)
 ParOldGen       total 415232K, used 333108K [0x00000000a0000000, 0x00000000b9580000, 0x00000000e0000000)
  object space 415232K, 80% used [0x00000000a0000000,0x00000000b454d060,0x00000000b9580000)
 Metaspace       used 71270K, capacity 75070K, committed 75544K, reserved 1116160K
  class space    used 8864K, capacity 9410K, committed 9520K, reserved 1048576K
}
Event: 5288.664 GC heap before
{Heap before GC invocations=58 (full 6):
 PSYoungGen      total 359936K, used 243162K [0x00000000e0000000, 0x0000000100000000, 0x0000000100000000)
  eden space 195584K, 100% used [0x00000000e0000000,0x00000000ebf00000,0x00000000ebf00000)
  from space 164352K, 28% used [0x00000000ebf00000,0x00000000eed76918,0x00000000f5f80000)
  to   space 157184K, 0% used [0x00000000f6680000,0x00000000f6680000,0x0000000100000000)
 ParOldGen       total 415232K, used 333108K [0x00000000a0000000, 0x00000000b9580000, 0x00000000e0000000)
  object space 415232K, 80% used [0x00000000a0000000,0x00000000b454d060,0x00000000b9580000)
 Metaspace       used 71270K, capacity 75070K, committed 75544K, reserved 1116160K
  class space    used 8864K, capacity 9410K, committed 9520K, reserved 1048576K
Event: 5288.989 GC heap after
Heap after GC invocations=58 (full 6):
 PSYoungGen      total 345600K, used 29772K [0x00000000e0000000, 0x00000000ff200000, 0x0000000100000000)
  eden space 202752K, 0% used [0x00000000e0000000,0x00000000e0000000,0x00000000ec600000)
  from space 142848K, 20% used [0x00000000f6680000,0x00000000f83931c0,0x00000000ff200000)
  to   space 153600K, 0% used [0x00000000ec600000,0x00000000ec600000,0x00000000f5c00000)
 ParOldGen       total 415232K, used 379643K [0x00000000a0000000, 0x00000000b9580000, 0x00000000e0000000)
  object space 415232K, 91% used [0x00000000a0000000,0x00000000b72beef8,0x00000000b9580000)
 Metaspace       used 71270K, capacity 75070K, committed 75544K, reserved 1116160K
  class space    used 8864K, capacity 9410K, committed 9520K, reserved 1048576K
}
Event: 5288.989 GC heap before
{Heap before GC invocations=59 (full 7):
 PSYoungGen      total 345600K, used 29772K [0x00000000e0000000, 0x00000000ff200000, 0x0000000100000000)
  eden space 202752K, 0% used [0x00000000e0000000,0x00000000e0000000,0x00000000ec600000)
  from space 142848K, 20% used [0x00000000f6680000,0x00000000f83931c0,0x00000000ff200000)
  to   space 153600K, 0% used [0x00000000ec600000,0x00000000ec600000,0x00000000f5c00000)
 ParOldGen       total 415232K, used 379643K [0x00000000a0000000, 0x00000000b9580000, 0x00000000e0000000)
  object space 415232K, 91% used [0x00000000a0000000,0x00000000b72beef8,0x00000000b9580000)
 Metaspace       used 71270K, capacity 75070K, committed 75544K, reserved 1116160K
  class space    used 8864K, capacity 9410K, committed 9520K, reserved 1048576K

