# JRE version: OpenJDK Runtime Environment (8.0_112-b06) (build 1.8.0_112-release-b06)
# Java VM: OpenJDK 64-Bit Server VM (25.112-b06 mixed mode linux-amd64 compressed oops)
Heap:
 PSYoungGen      total 398336K, used 38023K [0x00000000e0000000, 0x00000000fd100000, 0x0000000100000000)
  eden space 320000K, 0% used [0x00000000e0000000,0x00000000e0000000,0x00000000f3880000)
  from space 78336K, 48% used [0x00000000f8400000,0x00000000fa921d90,0x00000000fd080000)
  to   space 77312K, 0% used [0x00000000f3880000,0x00000000f3880000,0x00000000f8400000)
 ParOldGen       total 391680K, used 391341K [0x00000000a0000000, 0x00000000b7e80000, 0x00000000e0000000)
  object space 391680K, 99% used [0x00000000a0000000,0x00000000b7e2b6a8,0x00000000b7e80000)
 Metaspace       used 62139K, capacity 63914K, committed 64128K, reserved 1105920K
  class space    used 8094K, capacity 8508K, committed 8576K, reserved 1048576K
GC Heap History (10 events):
Event: 56.316 GC heap after
Heap after GC invocations=45 (full 7):
 PSYoungGen      total 301568K, used 27312K [0x00000000e0000000, 0x00000000f6380000, 0x0000000100000000)
  eden space 262656K, 0% used [0x00000000e0000000,0x00000000e0000000,0x00000000f0080000)
  from space 38912K, 70% used [0x00000000f3d80000,0x00000000f582c290,0x00000000f6380000)
  to   space 50688K, 0% used [0x00000000f0080000,0x00000000f0080000,0x00000000f3200000)
 ParOldGen       total 379392K, used 248331K [0x00000000a0000000, 0x00000000b7280000, 0x00000000e0000000)
  object space 379392K, 65% used [0x00000000a0000000,0x00000000af282d08,0x00000000b7280000)
 Metaspace       used 62128K, capacity 63914K, committed 64128K, reserved 1105920K
  class space    used 8094K, capacity 8508K, committed 8576K, reserved 1048576K
}
Event: 57.179 GC heap before
{Heap before GC invocations=46 (full 7):
 PSYoungGen      total 301568K, used 289968K [0x00000000e0000000, 0x00000000f6380000, 0x0000000100000000)
  eden space 262656K, 100% used [0x00000000e0000000,0x00000000f0080000,0x00000000f0080000)
  from space 38912K, 70% used [0x00000000f3d80000,0x00000000f582c290,0x00000000f6380000)
  to   space 50688K, 0% used [0x00000000f0080000,0x00000000f0080000,0x00000000f3200000)
 ParOldGen       total 379392K, used 248331K [0x00000000a0000000, 0x00000000b7280000, 0x00000000e0000000)
  object space 379392K, 65% used [0x00000000a0000000,0x00000000af282d08,0x00000000b7280000)
 Metaspace       used 62132K, capacity 63914K, committed 64128K, reserved 1105920K
  class space    used 8094K, capacity 8508K, committed 8576K, reserved 1048576K
Event: 57.311 GC heap after
Heap after GC invocations=46 (full 7):
 PSYoungGen      total 313344K, used 50680K [0x00000000e0000000, 0x00000000f9500000, 0x0000000100000000)
  eden space 262656K, 0% used [0x00000000e0000000,0x00000000e0000000,0x00000000f0080000)
  from space 50688K, 99% used [0x00000000f0080000,0x00000000f31fe148,0x00000000f3200000)
  to   space 62464K, 0% used [0x00000000f5800000,0x00000000f5800000,0x00000000f9500000)
 ParOldGen       total 379392K, used 260989K [0x00000000a0000000, 0x00000000b7280000, 0x00000000e0000000)
  object space 379392K, 68% used [0x00000000a0000000,0x00000000afedf418,0x00000000b7280000)
 Metaspace       used 62132K, capacity 63914K, committed 64128K, reserved 1105920K
  class space    used 8094K, capacity 8508K, committed 8576K, reserved 1048576K
}
Event: 58.273 GC heap before
{Heap before GC invocations=47 (full 7):
 PSYoungGen      total 313344K, used 313336K [0x00000000e0000000, 0x00000000f9500000, 0x0000000100000000)
  eden space 262656K, 100% used [0x00000000e0000000,0x00000000f0080000,0x00000000f0080000)
  from space 50688K, 99% used [0x00000000f0080000,0x00000000f31fe148,0x00000000f3200000)
  to   space 62464K, 0% used [0x00000000f5800000,0x00000000f5800000,0x00000000f9500000)
 ParOldGen       total 379392K, used 260989K [0x00000000a0000000, 0x00000000b7280000, 0x00000000e0000000)
  object space 379392K, 68% used [0x00000000a0000000,0x00000000afedf418,0x00000000b7280000)
 Metaspace       used 62138K, capacity 63914K, committed 64128K, reserved 1105920K
  class space    used 8094K, capacity 8508K, committed 8576K, reserved 1048576K
Event: 58.528 GC heap after
Heap after GC invocations=47 (full 7):
 PSYoungGen      total 351744K, used 38707K [0x00000000e0000000, 0x00000000f9980000, 0x0000000100000000)
  eden space 289280K, 0% used [0x00000000e0000000,0x00000000e0000000,0x00000000f1a80000)
  from space 62464K, 61% used [0x00000000f5800000,0x00000000f7dccc28,0x00000000f9500000)
  to   space 62976K, 0% used [0x00000000f1a80000,0x00000000f1a80000,0x00000000f5800000)
 ParOldGen       total 379392K, used 311747K [0x00000000a0000000, 0x00000000b7280000, 0x00000000e0000000)
  object space 379392K, 82% used [0x00000000a0000000,0x00000000b3070f60,0x00000000b7280000)
 Metaspace       used 62138K, capacity 63914K, committed 64128K, reserved 1105920K
  class space    used 8094K, capacity 8508K, committed 8576K, reserved 1048576K
}
Event: 59.610 GC heap before
{Heap before GC invocations=48 (full 7):
 PSYoungGen      total 351744K, used 327987K [0x00000000e0000000, 0x00000000f9980000, 0x0000000100000000)
  eden space 289280K, 100% used [0x00000000e0000000,0x00000000f1a80000,0x00000000f1a80000)
  from space 62464K, 61% used [0x00000000f5800000,0x00000000f7dccc28,0x00000000f9500000)
  to   space 62976K, 0% used [0x00000000f1a80000,0x00000000f1a80000,0x00000000f5800000)
 ParOldGen       total 379392K, used 311747K [0x00000000a0000000, 0x00000000b7280000, 0x00000000e0000000)
  object space 379392K, 82% used [0x00000000a0000000,0x00000000b3070f60,0x00000000b7280000)
 Metaspace       used 62138K, capacity 63914K, committed 64128K, reserved 1105920K
  class space    used 8094K, capacity 8508K, committed 8576K, reserved 1048576K
Event: 59.766 GC heap after
Heap after GC invocations=48 (full 7):
 PSYoungGen      total 352256K, used 62952K [0x00000000e0000000, 0x00000000fd080000, 0x0000000100000000)
  eden space 289280K, 0% used [0x00000000e0000000,0x00000000e0000000,0x00000000f1a80000)
  from space 62976K, 99% used [0x00000000f1a80000,0x00000000f57fa338,0x00000000f5800000)
  to   space 78336K, 0% used [0x00000000f8400000,0x00000000f8400000,0x00000000fd080000)
 ParOldGen       total 379392K, used 328692K [0x00000000a0000000, 0x00000000b7280000, 0x00000000e0000000)
  object space 379392K, 86% used [0x00000000a0000000,0x00000000b40fd3d8,0x00000000b7280000)
 Metaspace       used 62138K, capacity 63914K, committed 64128K, reserved 1105920K
  class space    used 8094K, capacity 8508K, committed 8576K, reserved 1048576K
}
Event: 60.702 GC heap before
{Heap before GC invocations=49 (full 7):
 PSYoungGen      total 352256K, used 352232K [0x00000000e0000000, 0x00000000fd080000, 0x0000000100000000)
  eden space 289280K, 100% used [0x00000000e0000000,0x00000000f1a80000,0x00000000f1a80000)
  from space 62976K, 99% used [0x00000000f1a80000,0x00000000f57fa338,0x00000000f5800000)
  to   space 78336K, 0% used [0x00000000f8400000,0x00000000f8400000,0x00000000fd080000)
 ParOldGen       total 379392K, used 328692K [0x00000000a0000000, 0x00000000b7280000, 0x00000000e0000000)
  object space 379392K, 86% used [0x00000000a0000000,0x00000000b40fd3d8,0x00000000b7280000)
 Metaspace       used 62139K, capacity 63914K, committed 64128K, reserved 1105920K
  class space    used 8094K, capacity 8508K, committed 8576K, reserved 1048576K
Event: 60.991 GC heap after
Heap after GC invocations=49 (full 7):
 PSYoungGen      total 398336K, used 44451K [0x00000000e0000000, 0x00000000fd100000, 0x0000000100000000)
  eden space 320000K, 0% used [0x00000000e0000000,0x00000000e0000000,0x00000000f3880000)
  from space 78336K, 56% used [0x00000000f8400000,0x00000000faf68d08,0x00000000fd080000)
  to   space 77312K, 0% used [0x00000000f3880000,0x00000000f3880000,0x00000000f8400000)
 ParOldGen       total 391680K, used 391470K [0x00000000a0000000, 0x00000000b7e80000, 0x00000000e0000000)
  object space 391680K, 99% used [0x00000000a0000000,0x00000000b7e4bbe0,0x00000000b7e80000)
 Metaspace       used 62139K, capacity 63914K, committed 64128K, reserved 1105920K
  class space    used 8094K, capacity 8508K, committed 8576K, reserved 1048576K
}
Event: 60.991 GC heap before
{Heap before GC invocations=50 (full 8):
 PSYoungGen      total 398336K, used 44451K [0x00000000e0000000, 0x00000000fd100000, 0x0000000100000000)
  eden space 320000K, 0% used [0x00000000e0000000,0x00000000e0000000,0x00000000f3880000)
  from space 78336K, 56% used [0x00000000f8400000,0x00000000faf68d08,0x00000000fd080000)
  to   space 77312K, 0% used [0x00000000f3880000,0x00000000f3880000,0x00000000f8400000)
 ParOldGen       total 391680K, used 391470K [0x00000000a0000000, 0x00000000b7e80000, 0x00000000e0000000)
  object space 391680K, 99% used [0x00000000a0000000,0x00000000b7e4bbe0,0x00000000b7e80000)
 Metaspace       used 62139K, capacity 63914K, committed 64128K, reserved 1105920K
  class space    used 8094K, capacity 8508K, committed 8576K, reserved 1048576K

