# JRE version: OpenJDK Runtime Environment (8.0_112-b06) (build 1.8.0_112-release-b06)
# Java VM: OpenJDK 64-Bit Server VM (25.112-b06 mixed mode linux-amd64 compressed oops)
Heap:
 PSYoungGen      total 326144K, used 4397K [0x00000000e0000000, 0x00000000f8d00000, 0x0000000100000000)
  eden space 245760K, 0% used [0x00000000e0000000,0x00000000e0000000,0x00000000ef000000)
  from space 80384K, 5% used [0x00000000f3e80000,0x00000000f42cb5e0,0x00000000f8d00000)
  to   space 80384K, 0% used [0x00000000ef000000,0x00000000ef000000,0x00000000f3e80000)
 ParOldGen       total 233472K, used 233083K [0x00000000a0000000, 0x00000000ae400000, 0x00000000e0000000)
  object space 233472K, 99% used [0x00000000a0000000,0x00000000ae39efa8,0x00000000ae400000)
 Metaspace       used 61631K, capacity 63398K, committed 63664K, reserved 1103872K
  class space    used 8080K, capacity 8508K, committed 8624K, reserved 1048576K
GC Heap History (10 events):
Event: 49.399 GC heap after
Heap after GC invocations=33 (full 5):
 PSYoungGen      total 252416K, used 25966K [0x00000000e0000000, 0x00000000f3780000, 0x0000000100000000)
  eden space 196096K, 0% used [0x00000000e0000000,0x00000000e0000000,0x00000000ebf80000)
  from space 56320K, 46% used [0x00000000f0080000,0x00000000f19db958,0x00000000f3780000)
  to   space 61440K, 0% used [0x00000000ebf80000,0x00000000ebf80000,0x00000000efb80000)
 ParOldGen       total 233472K, used 121035K [0x00000000a0000000, 0x00000000ae400000, 0x00000000e0000000)
  object space 233472K, 51% used [0x00000000a0000000,0x00000000a7632d90,0x00000000ae400000)
 Metaspace       used 61602K, capacity 63334K, committed 63664K, reserved 1103872K
  class space    used 8080K, capacity 8508K, committed 8624K, reserved 1048576K
}
Event: 50.130 GC heap before
{Heap before GC invocations=34 (full 5):
 PSYoungGen      total 252416K, used 222062K [0x00000000e0000000, 0x00000000f3780000, 0x0000000100000000)
  eden space 196096K, 100% used [0x00000000e0000000,0x00000000ebf80000,0x00000000ebf80000)
  from space 56320K, 46% used [0x00000000f0080000,0x00000000f19db958,0x00000000f3780000)
  to   space 61440K, 0% used [0x00000000ebf80000,0x00000000ebf80000,0x00000000efb80000)
 ParOldGen       total 233472K, used 121035K [0x00000000a0000000, 0x00000000ae400000, 0x00000000e0000000)
  object space 233472K, 51% used [0x00000000a0000000,0x00000000a7632d90,0x00000000ae400000)
 Metaspace       used 61622K, capacity 63398K, committed 63664K, reserved 1103872K
  class space    used 8080K, capacity 8508K, committed 8624K, reserved 1048576K
Event: 50.197 GC heap after
Heap after GC invocations=34 (full 5):
 PSYoungGen      total 257536K, used 53565K [0x00000000e0000000, 0x00000000f6000000, 0x0000000100000000)
  eden space 196096K, 0% used [0x00000000e0000000,0x00000000e0000000,0x00000000ebf80000)
  from space 61440K, 87% used [0x00000000ebf80000,0x00000000ef3cf608,0x00000000efb80000)
  to   space 68096K, 0% used [0x00000000f1d80000,0x00000000f1d80000,0x00000000f6000000)
 ParOldGen       total 233472K, used 121043K [0x00000000a0000000, 0x00000000ae400000, 0x00000000e0000000)
  object space 233472K, 51% used [0x00000000a0000000,0x00000000a7634d90,0x00000000ae400000)
 Metaspace       used 61622K, capacity 63398K, committed 63664K, reserved 1103872K
  class space    used 8080K, capacity 8508K, committed 8624K, reserved 1048576K
}
Event: 50.970 GC heap before
{Heap before GC invocations=35 (full 5):
 PSYoungGen      total 257536K, used 249661K [0x00000000e0000000, 0x00000000f6000000, 0x0000000100000000)
  eden space 196096K, 100% used [0x00000000e0000000,0x00000000ebf80000,0x00000000ebf80000)
  from space 61440K, 87% used [0x00000000ebf80000,0x00000000ef3cf608,0x00000000efb80000)
  to   space 68096K, 0% used [0x00000000f1d80000,0x00000000f1d80000,0x00000000f6000000)
 ParOldGen       total 233472K, used 121043K [0x00000000a0000000, 0x00000000ae400000, 0x00000000e0000000)
  object space 233472K, 51% used [0x00000000a0000000,0x00000000a7634d90,0x00000000ae400000)
 Metaspace       used 61624K, capacity 63398K, committed 63664K, reserved 1103872K
  class space    used 8080K, capacity 8508K, committed 8624K, reserved 1048576K
Event: 51.104 GC heap after
Heap after GC invocations=35 (full 5):
 PSYoungGen      total 276480K, used 68068K [0x00000000e0000000, 0x00000000f8200000, 0x0000000100000000)
  eden space 208384K, 0% used [0x00000000e0000000,0x00000000e0000000,0x00000000ecb80000)
  from space 68096K, 99% used [0x00000000f1d80000,0x00000000f5ff9388,0x00000000f6000000)
  to   space 83968K, 0% used [0x00000000ecb80000,0x00000000ecb80000,0x00000000f1d80000)
 ParOldGen       total 233472K, used 133377K [0x00000000a0000000, 0x00000000ae400000, 0x00000000e0000000)
  object space 233472K, 57% used [0x00000000a0000000,0x00000000a8240700,0x00000000ae400000)
 Metaspace       used 61624K, capacity 63398K, committed 63664K, reserved 1103872K
  class space    used 8080K, capacity 8508K, committed 8624K, reserved 1048576K
}
Event: 51.836 GC heap before
{Heap before GC invocations=36 (full 5):
 PSYoungGen      total 276480K, used 276452K [0x00000000e0000000, 0x00000000f8200000, 0x0000000100000000)
  eden space 208384K, 100% used [0x00000000e0000000,0x00000000ecb80000,0x00000000ecb80000)
  from space 68096K, 99% used [0x00000000f1d80000,0x00000000f5ff9388,0x00000000f6000000)
  to   space 83968K, 0% used [0x00000000ecb80000,0x00000000ecb80000,0x00000000f1d80000)
 ParOldGen       total 233472K, used 133377K [0x00000000a0000000, 0x00000000ae400000, 0x00000000e0000000)
  object space 233472K, 57% used [0x00000000a0000000,0x00000000a8240700,0x00000000ae400000)
 Metaspace       used 61626K, capacity 63398K, committed 63664K, reserved 1103872K
  class space    used 8080K, capacity 8508K, committed 8624K, reserved 1048576K
Event: 51.970 GC heap after
Heap after GC invocations=36 (full 5):
 PSYoungGen      total 292352K, used 42765K [0x00000000e0000000, 0x00000000f8f00000, 0x0000000100000000)
  eden space 208384K, 0% used [0x00000000e0000000,0x00000000e0000000,0x00000000ecb80000)
  from space 83968K, 50% used [0x00000000ecb80000,0x00000000ef543420,0x00000000f1d80000)
  to   space 82432K, 0% used [0x00000000f3e80000,0x00000000f3e80000,0x00000000f8f00000)
 ParOldGen       total 233472K, used 185293K [0x00000000a0000000, 0x00000000ae400000, 0x00000000e0000000)
  object space 233472K, 79% used [0x00000000a0000000,0x00000000ab4f3448,0x00000000ae400000)
 Metaspace       used 61626K, capacity 63398K, committed 63664K, reserved 1103872K
  class space    used 8080K, capacity 8508K, committed 8624K, reserved 1048576K
}
Event: 52.458 GC heap before
{Heap before GC invocations=37 (full 5):
 PSYoungGen      total 292352K, used 251149K [0x00000000e0000000, 0x00000000f8f00000, 0x0000000100000000)
  eden space 208384K, 100% used [0x00000000e0000000,0x00000000ecb80000,0x00000000ecb80000)
  from space 83968K, 50% used [0x00000000ecb80000,0x00000000ef543420,0x00000000f1d80000)
  to   space 82432K, 0% used [0x00000000f3e80000,0x00000000f3e80000,0x00000000f8f00000)
 ParOldGen       total 233472K, used 185293K [0x00000000a0000000, 0x00000000ae400000, 0x00000000e0000000)
  object space 233472K, 79% used [0x00000000a0000000,0x00000000ab4f3448,0x00000000ae400000)
 Metaspace       used 61631K, capacity 63398K, committed 63664K, reserved 1103872K
  class space    used 8080K, capacity 8508K, committed 8624K, reserved 1048576K
Event: 52.558 GC heap after
Heap after GC invocations=37 (full 5):
 PSYoungGen      total 326144K, used 16790K [0x00000000e0000000, 0x00000000f8d00000, 0x0000000100000000)
  eden space 245760K, 0% used [0x00000000e0000000,0x00000000e0000000,0x00000000ef000000)
  from space 80384K, 20% used [0x00000000f3e80000,0x00000000f4ee5918,0x00000000f8d00000)
  to   space 80384K, 0% used [0x00000000ef000000,0x00000000ef000000,0x00000000f3e80000)
 ParOldGen       total 233472K, used 226698K [0x00000000a0000000, 0x00000000ae400000, 0x00000000e0000000)
  object space 233472K, 97% used [0x00000000a0000000,0x00000000add62b00,0x00000000ae400000)
 Metaspace       used 61631K, capacity 63398K, committed 63664K, reserved 1103872K
  class space    used 8080K, capacity 8508K, committed 8624K, reserved 1048576K
}
Event: 52.558 GC heap before
{Heap before GC invocations=38 (full 6):
 PSYoungGen      total 326144K, used 16790K [0x00000000e0000000, 0x00000000f8d00000, 0x0000000100000000)
  eden space 245760K, 0% used [0x00000000e0000000,0x00000000e0000000,0x00000000ef000000)
  from space 80384K, 20% used [0x00000000f3e80000,0x00000000f4ee5918,0x00000000f8d00000)
  to   space 80384K, 0% used [0x00000000ef000000,0x00000000ef000000,0x00000000f3e80000)
 ParOldGen       total 233472K, used 226698K [0x00000000a0000000, 0x00000000ae400000, 0x00000000e0000000)
  object space 233472K, 97% used [0x00000000a0000000,0x00000000add62b00,0x00000000ae400000)
 Metaspace       used 61631K, capacity 63398K, committed 63664K, reserved 1103872K
  class space    used 8080K, capacity 8508K, committed 8624K, reserved 1048576K

