# JRE version: OpenJDK Runtime Environment (8.0_112-b06) (build 1.8.0_112-release-b06)
# Java VM: OpenJDK 64-Bit Server VM (25.112-b06 mixed mode linux-amd64 compressed oops)
Heap:
 PSYoungGen      total 279552K, used 11254K [0x00000000e0000000, 0x0000000100000000, 0x0000000100000000)
  eden space 175104K, 0% used [0x00000000e0000000,0x00000000e0000000,0x00000000eab00000)
  from space 104448K, 10% used [0x00000000f9a00000,0x00000000fa4fd980,0x0000000100000000)
  to   space 174592K, 0% used [0x00000000eab00000,0x00000000eab00000,0x00000000f5580000)
 ParOldGen       total 704000K, used 703987K [0x00000000a0000000, 0x00000000caf80000, 0x00000000e0000000)
  object space 704000K, 99% used [0x00000000a0000000,0x00000000caf7cce0,0x00000000caf80000)
 Metaspace       used 61581K, capacity 63300K, committed 63536K, reserved 1103872K
  class space    used 8074K, capacity 8474K, committed 8496K, reserved 1048576K
GC Heap History (10 events):
Event: 60.107 GC heap after
Heap after GC invocations=48 (full 7):
 PSYoungGen      total 413696K, used 46312K [0x00000000e0000000, 0x0000000100000000, 0x0000000100000000)
  eden space 316928K, 0% used [0x00000000e0000000,0x00000000e0000000,0x00000000f3580000)
  from space 96768K, 47% used [0x00000000f3580000,0x00000000f62ba3b8,0x00000000f9400000)
  to   space 93184K, 0% used [0x00000000fa500000,0x00000000fa500000,0x0000000100000000)
 ParOldGen       total 486912K, used 481106K [0x00000000a0000000, 0x00000000bdb80000, 0x00000000e0000000)
  object space 486912K, 98% used [0x00000000a0000000,0x00000000bd5d4938,0x00000000bdb80000)
 Metaspace       used 61569K, capacity 63300K, committed 63536K, reserved 1103872K
  class space    used 8073K, capacity 8474K, committed 8496K, reserved 1048576K
}
Event: 60.107 GC heap before
{Heap before GC invocations=49 (full 8):
 PSYoungGen      total 413696K, used 46312K [0x00000000e0000000, 0x0000000100000000, 0x0000000100000000)
  eden space 316928K, 0% used [0x00000000e0000000,0x00000000e0000000,0x00000000f3580000)
  from space 96768K, 47% used [0x00000000f3580000,0x00000000f62ba3b8,0x00000000f9400000)
  to   space 93184K, 0% used [0x00000000fa500000,0x00000000fa500000,0x0000000100000000)
 ParOldGen       total 486912K, used 481106K [0x00000000a0000000, 0x00000000bdb80000, 0x00000000e0000000)
  object space 486912K, 98% used [0x00000000a0000000,0x00000000bd5d4938,0x00000000bdb80000)
 Metaspace       used 61569K, capacity 63300K, committed 63536K, reserved 1103872K
  class space    used 8073K, capacity 8474K, committed 8496K, reserved 1048576K
Event: 63.725 GC heap after
Heap after GC invocations=49 (full 8):
 PSYoungGen      total 413696K, used 32748K [0x00000000e0000000, 0x0000000100000000, 0x0000000100000000)
  eden space 316928K, 0% used [0x00000000e0000000,0x00000000e0000000,0x00000000f3580000)
  from space 96768K, 33% used [0x00000000f3580000,0x00000000f557b180,0x00000000f9400000)
  to   space 93184K, 0% used [0x00000000fa500000,0x00000000fa500000,0x0000000100000000)
 ParOldGen       total 704000K, used 486909K [0x00000000a0000000, 0x00000000caf80000, 0x00000000e0000000)
  object space 704000K, 69% used [0x00000000a0000000,0x00000000bdb7f5d0,0x00000000caf80000)
 Metaspace       used 61569K, capacity 63300K, committed 63536K, reserved 1103872K
  class space    used 8073K, capacity 8474K, committed 8496K, reserved 1048576K
}
Event: 65.020 GC heap before
{Heap before GC invocations=50 (full 8):
 PSYoungGen      total 413696K, used 349676K [0x00000000e0000000, 0x0000000100000000, 0x0000000100000000)
  eden space 316928K, 100% used [0x00000000e0000000,0x00000000f3580000,0x00000000f3580000)
  from space 96768K, 33% used [0x00000000f3580000,0x00000000f557b180,0x00000000f9400000)
  to   space 93184K, 0% used [0x00000000fa500000,0x00000000fa500000,0x0000000100000000)
 ParOldGen       total 704000K, used 486909K [0x00000000a0000000, 0x00000000caf80000, 0x00000000e0000000)
  object space 704000K, 69% used [0x00000000a0000000,0x00000000bdb7f5d0,0x00000000caf80000)
 Metaspace       used 61572K, capacity 63300K, committed 63536K, reserved 1103872K
  class space    used 8073K, capacity 8474K, committed 8496K, reserved 1048576K
Event: 65.296 GC heap after
Heap after GC invocations=50 (full 8):
 PSYoungGen      total 408576K, used 85005K [0x00000000e0000000, 0x0000000100000000, 0x0000000100000000)
  eden space 315392K, 0% used [0x00000000e0000000,0x00000000e0000000,0x00000000f3400000)
  from space 93184K, 91% used [0x00000000fa500000,0x00000000ff803518,0x0000000100000000)
  to   space 104448K, 0% used [0x00000000f3400000,0x00000000f3400000,0x00000000f9a00000)
 ParOldGen       total 704000K, used 486909K [0x00000000a0000000, 0x00000000caf80000, 0x00000000e0000000)
  object space 704000K, 69% used [0x00000000a0000000,0x00000000bdb7f5d0,0x00000000caf80000)
 Metaspace       used 61572K, capacity 63300K, committed 63536K, reserved 1103872K
  class space    used 8073K, capacity 8474K, committed 8496K, reserved 1048576K
}
Event: 67.324 GC heap before
{Heap before GC invocations=51 (full 8):
 PSYoungGen      total 408576K, used 400397K [0x00000000e0000000, 0x0000000100000000, 0x0000000100000000)
  eden space 315392K, 100% used [0x00000000e0000000,0x00000000f3400000,0x00000000f3400000)
  from space 93184K, 91% used [0x00000000fa500000,0x00000000ff803518,0x0000000100000000)
  to   space 104448K, 0% used [0x00000000f3400000,0x00000000f3400000,0x00000000f9a00000)
 ParOldGen       total 704000K, used 486909K [0x00000000a0000000, 0x00000000caf80000, 0x00000000e0000000)
  object space 704000K, 69% used [0x00000000a0000000,0x00000000bdb7f5d0,0x00000000caf80000)
 Metaspace       used 61581K, capacity 63300K, committed 63536K, reserved 1103872K
  class space    used 8074K, capacity 8474K, committed 8496K, reserved 1048576K
Event: 67.535 GC heap after
Heap after GC invocations=51 (full 8):
 PSYoungGen      total 419840K, used 104435K [0x00000000e0000000, 0x0000000100000000, 0x0000000100000000)
  eden space 315392K, 0% used [0x00000000e0000000,0x00000000e0000000,0x00000000f3400000)
  from space 104448K, 99% used [0x00000000f3400000,0x00000000f99fcf48,0x00000000f9a00000)
  to   space 104448K, 0% used [0x00000000f9a00000,0x00000000f9a00000,0x0000000100000000)
 ParOldGen       total 704000K, used 550981K [0x00000000a0000000, 0x00000000caf80000, 0x00000000e0000000)
  object space 704000K, 78% used [0x00000000a0000000,0x00000000c1a11580,0x00000000caf80000)
 Metaspace       used 61581K, capacity 63300K, committed 63536K, reserved 1103872K
  class space    used 8074K, capacity 8474K, committed 8496K, reserved 1048576K
}
Event: 68.127 GC heap before
{Heap before GC invocations=52 (full 8):
 PSYoungGen      total 419840K, used 419827K [0x00000000e0000000, 0x0000000100000000, 0x0000000100000000)
  eden space 315392K, 100% used [0x00000000e0000000,0x00000000f3400000,0x00000000f3400000)
  from space 104448K, 99% used [0x00000000f3400000,0x00000000f99fcf48,0x00000000f9a00000)
  to   space 104448K, 0% used [0x00000000f9a00000,0x00000000f9a00000,0x0000000100000000)
 ParOldGen       total 704000K, used 550981K [0x00000000a0000000, 0x00000000caf80000, 0x00000000e0000000)
  object space 704000K, 78% used [0x00000000a0000000,0x00000000c1a11580,0x00000000caf80000)
 Metaspace       used 61581K, capacity 63300K, committed 63536K, reserved 1103872K
  class space    used 8074K, capacity 8474K, committed 8496K, reserved 1048576K
Event: 68.395 GC heap after
Heap after GC invocations=52 (full 8):
 PSYoungGen      total 279552K, used 104425K [0x00000000e0000000, 0x0000000100000000, 0x0000000100000000)
  eden space 175104K, 0% used [0x00000000e0000000,0x00000000e0000000,0x00000000eab00000)
  from space 104448K, 99% used [0x00000000f9a00000,0x00000000ffffa5f8,0x0000000100000000)
  to   space 174592K, 0% used [0x00000000eab00000,0x00000000eab00000,0x00000000f5580000)
 ParOldGen       total 704000K, used 654500K [0x00000000a0000000, 0x00000000caf80000, 0x00000000e0000000)
  object space 704000K, 92% used [0x00000000a0000000,0x00000000c7f291f0,0x00000000caf80000)
 Metaspace       used 61581K, capacity 63300K, committed 63536K, reserved 1103872K
  class space    used 8074K, capacity 8474K, committed 8496K, reserved 1048576K
}
Event: 68.395 GC heap before
{Heap before GC invocations=53 (full 9):
 PSYoungGen      total 279552K, used 104425K [0x00000000e0000000, 0x0000000100000000, 0x0000000100000000)
  eden space 175104K, 0% used [0x00000000e0000000,0x00000000e0000000,0x00000000eab00000)
  from space 104448K, 99% used [0x00000000f9a00000,0x00000000ffffa5f8,0x0000000100000000)
  to   space 174592K, 0% used [0x00000000eab00000,0x00000000eab00000,0x00000000f5580000)
 ParOldGen       total 704000K, used 654500K [0x00000000a0000000, 0x00000000caf80000, 0x00000000e0000000)
  object space 704000K, 92% used [0x00000000a0000000,0x00000000c7f291f0,0x00000000caf80000)
 Metaspace       used 61581K, capacity 63300K, committed 63536K, reserved 1103872K
  class space    used 8074K, capacity 8474K, committed 8496K, reserved 1048576K

