# JRE version: OpenJDK Runtime Environment (8.0_112-b06) (build 1.8.0_112-release-b06)
# Java VM: OpenJDK 64-Bit Server VM (25.112-b06 mixed mode linux-amd64 compressed oops)
Heap:
 PSYoungGen      total 387584K, used 11167K [0x00000000e0000000, 0x00000000ffb00000, 0x0000000100000000)
  eden space 270336K, 0% used [0x00000000e0000000,0x00000000e0000000,0x00000000f0800000)
  from space 117248K, 9% used [0x00000000f0800000,0x00000000f12e7fa0,0x00000000f7a80000)
  to   space 110592K, 0% used [0x00000000f8f00000,0x00000000f8f00000,0x00000000ffb00000)
 ParOldGen       total 488448K, used 488445K [0x00000000a0000000, 0x00000000bdd00000, 0x00000000e0000000)
  object space 488448K, 99% used [0x00000000a0000000,0x00000000bdcff4e0,0x00000000bdd00000)
 Metaspace       used 82918K, capacity 89382K, committed 89624K, reserved 1126400K
  class space    used 10477K, capacity 11726K, committed 11800K, reserved 1048576K
GC Heap History (10 events):
Event: 1035.662 GC heap after
Heap after GC invocations=46 (full 7):
 PSYoungGen      total 363520K, used 1063K [0x00000000e0000000, 0x00000000ffa80000, 0x0000000100000000)
  eden space 220160K, 0% used [0x00000000e0000000,0x00000000e0000000,0x00000000ed700000)
  from space 143360K, 0% used [0x00000000ed700000,0x00000000ed809d60,0x00000000f6300000)
  to   space 136704K, 0% used [0x00000000f7500000,0x00000000f7500000,0x00000000ffa80000)
 ParOldGen       total 488448K, used 353103K [0x00000000a0000000, 0x00000000bdd00000, 0x00000000e0000000)
  object space 488448K, 72% used [0x00000000a0000000,0x00000000b58d3de0,0x00000000bdd00000)
 Metaspace       used 82916K, capacity 89382K, committed 89624K, reserved 1126400K
  class space    used 10477K, capacity 11726K, committed 11800K, reserved 1048576K
}
Event: 1036.417 GC heap before
{Heap before GC invocations=47 (full 7):
 PSYoungGen      total 363520K, used 221223K [0x00000000e0000000, 0x00000000ffa80000, 0x0000000100000000)
  eden space 220160K, 100% used [0x00000000e0000000,0x00000000ed700000,0x00000000ed700000)
  from space 143360K, 0% used [0x00000000ed700000,0x00000000ed809d60,0x00000000f6300000)
  to   space 136704K, 0% used [0x00000000f7500000,0x00000000f7500000,0x00000000ffa80000)
 ParOldGen       total 488448K, used 353103K [0x00000000a0000000, 0x00000000bdd00000, 0x00000000e0000000)
  object space 488448K, 72% used [0x00000000a0000000,0x00000000b58d3de0,0x00000000bdd00000)
 Metaspace       used 82917K, capacity 89382K, committed 89624K, reserved 1126400K
  class space    used 10477K, capacity 11726K, committed 11800K, reserved 1048576K
Event: 1036.625 GC heap after
Heap after GC invocations=47 (full 7):
 PSYoungGen      total 366592K, used 36993K [0x00000000e0000000, 0x00000000fec80000, 0x0000000100000000)
  eden space 244224K, 0% used [0x00000000e0000000,0x00000000e0000000,0x00000000eee80000)
  from space 122368K, 30% used [0x00000000f7500000,0x00000000f99204c0,0x00000000fec80000)
  to   space 130048K, 0% used [0x00000000eee80000,0x00000000eee80000,0x00000000f6d80000)
 ParOldGen       total 488448K, used 353410K [0x00000000a0000000, 0x00000000bdd00000, 0x00000000e0000000)
  object space 488448K, 72% used [0x00000000a0000000,0x00000000b5920aa8,0x00000000bdd00000)
 Metaspace       used 82917K, capacity 89382K, committed 89624K, reserved 1126400K
  class space    used 10477K, capacity 11726K, committed 11800K, reserved 1048576K
}
Event: 1037.216 GC heap before
{Heap before GC invocations=48 (full 7):
 PSYoungGen      total 366592K, used 281217K [0x00000000e0000000, 0x00000000fec80000, 0x0000000100000000)
  eden space 244224K, 100% used [0x00000000e0000000,0x00000000eee80000,0x00000000eee80000)
  from space 122368K, 30% used [0x00000000f7500000,0x00000000f99204c0,0x00000000fec80000)
  to   space 130048K, 0% used [0x00000000eee80000,0x00000000eee80000,0x00000000f6d80000)
 ParOldGen       total 488448K, used 353410K [0x00000000a0000000, 0x00000000bdd00000, 0x00000000e0000000)
  object space 488448K, 72% used [0x00000000a0000000,0x00000000b5920aa8,0x00000000bdd00000)
 Metaspace       used 82917K, capacity 89382K, committed 89624K, reserved 1126400K
  class space    used 10477K, capacity 11726K, committed 11800K, reserved 1048576K
Event: 1037.353 GC heap after
Heap after GC invocations=48 (full 7):
 PSYoungGen      total 374272K, used 35505K [0x00000000e0000000, 0x00000000ffb80000, 0x0000000100000000)
  eden space 244224K, 0% used [0x00000000e0000000,0x00000000e0000000,0x00000000eee80000)
  from space 130048K, 27% used [0x00000000eee80000,0x00000000f112c708,0x00000000f6d80000)
  to   space 123904K, 0% used [0x00000000f8280000,0x00000000f8280000,0x00000000ffb80000)
 ParOldGen       total 488448K, used 388482K [0x00000000a0000000, 0x00000000bdd00000, 0x00000000e0000000)
  object space 488448K, 79% used [0x00000000a0000000,0x00000000b7b60a58,0x00000000bdd00000)
 Metaspace       used 82917K, capacity 89382K, committed 89624K, reserved 1126400K
  class space    used 10477K, capacity 11726K, committed 11800K, reserved 1048576K
}
Event: 1038.041 GC heap before
{Heap before GC invocations=49 (full 7):
 PSYoungGen      total 374272K, used 279729K [0x00000000e0000000, 0x00000000ffb80000, 0x0000000100000000)
  eden space 244224K, 100% used [0x00000000e0000000,0x00000000eee80000,0x00000000eee80000)
  from space 130048K, 27% used [0x00000000eee80000,0x00000000f112c708,0x00000000f6d80000)
  to   space 123904K, 0% used [0x00000000f8280000,0x00000000f8280000,0x00000000ffb80000)
 ParOldGen       total 488448K, used 388482K [0x00000000a0000000, 0x00000000bdd00000, 0x00000000e0000000)
  object space 488448K, 79% used [0x00000000a0000000,0x00000000b7b60a58,0x00000000bdd00000)
 Metaspace       used 82917K, capacity 89382K, committed 89624K, reserved 1126400K
  class space    used 10477K, capacity 11726K, committed 11800K, reserved 1048576K
Event: 1038.160 GC heap after
Heap after GC invocations=49 (full 7):
 PSYoungGen      total 379392K, used 40480K [0x00000000e0000000, 0x00000000fed00000, 0x0000000100000000)
  eden space 270336K, 0% used [0x00000000e0000000,0x00000000e0000000,0x00000000f0800000)
  from space 109056K, 37% used [0x00000000f8280000,0x00000000faa082c8,0x00000000fed00000)
  to   space 117248K, 0% used [0x00000000f0800000,0x00000000f0800000,0x00000000f7a80000)
 ParOldGen       total 488448K, used 422500K [0x00000000a0000000, 0x00000000bdd00000, 0x00000000e0000000)
  object space 488448K, 86% used [0x00000000a0000000,0x00000000b9c990d0,0x00000000bdd00000)
 Metaspace       used 82917K, capacity 89382K, committed 89624K, reserved 1126400K
  class space    used 10477K, capacity 11726K, committed 11800K, reserved 1048576K
}
Event: 1038.922 GC heap before
{Heap before GC invocations=50 (full 7):
 PSYoungGen      total 379392K, used 310816K [0x00000000e0000000, 0x00000000fed00000, 0x0000000100000000)
  eden space 270336K, 100% used [0x00000000e0000000,0x00000000f0800000,0x00000000f0800000)
  from space 109056K, 37% used [0x00000000f8280000,0x00000000faa082c8,0x00000000fed00000)
  to   space 117248K, 0% used [0x00000000f0800000,0x00000000f0800000,0x00000000f7a80000)
 ParOldGen       total 488448K, used 422500K [0x00000000a0000000, 0x00000000bdd00000, 0x00000000e0000000)
  object space 488448K, 86% used [0x00000000a0000000,0x00000000b9c990d0,0x00000000bdd00000)
 Metaspace       used 82918K, capacity 89382K, committed 89624K, reserved 1126400K
  class space    used 10477K, capacity 11726K, committed 11800K, reserved 1048576K
Event: 1039.065 GC heap after
Heap after GC invocations=50 (full 7):
 PSYoungGen      total 387584K, used 43102K [0x00000000e0000000, 0x00000000ffb00000, 0x0000000100000000)
  eden space 270336K, 0% used [0x00000000e0000000,0x00000000e0000000,0x00000000f0800000)
  from space 117248K, 36% used [0x00000000f0800000,0x00000000f3217af0,0x00000000f7a80000)
  to   space 110592K, 0% used [0x00000000f8f00000,0x00000000f8f00000,0x00000000ffb00000)
 ParOldGen       total 488448K, used 461003K [0x00000000a0000000, 0x00000000bdd00000, 0x00000000e0000000)
  object space 488448K, 94% used [0x00000000a0000000,0x00000000bc232e48,0x00000000bdd00000)
 Metaspace       used 82918K, capacity 89382K, committed 89624K, reserved 1126400K
  class space    used 10477K, capacity 11726K, committed 11800K, reserved 1048576K
}
Event: 1039.065 GC heap before
{Heap before GC invocations=51 (full 8):
 PSYoungGen      total 387584K, used 43102K [0x00000000e0000000, 0x00000000ffb00000, 0x0000000100000000)
  eden space 270336K, 0% used [0x00000000e0000000,0x00000000e0000000,0x00000000f0800000)
  from space 117248K, 36% used [0x00000000f0800000,0x00000000f3217af0,0x00000000f7a80000)
  to   space 110592K, 0% used [0x00000000f8f00000,0x00000000f8f00000,0x00000000ffb00000)
 ParOldGen       total 488448K, used 461003K [0x00000000a0000000, 0x00000000bdd00000, 0x00000000e0000000)
  object space 488448K, 94% used [0x00000000a0000000,0x00000000bc232e48,0x00000000bdd00000)
 Metaspace       used 82918K, capacity 89382K, committed 89624K, reserved 1126400K
  class space    used 10477K, capacity 11726K, committed 11800K, reserved 1048576K

