# JRE version: OpenJDK Runtime Environment (8.0_112-b06) (build 1.8.0_112-release-b06)
# Java VM: OpenJDK 64-Bit Server VM (25.112-b06 mixed mode linux-amd64 compressed oops)
Heap:
 PSYoungGen      total 329728K, used 38701K [0x00000000e0000000, 0x0000000100000000, 0x0000000100000000)
  eden space 175104K, 0% used [0x00000000e0000000,0x00000000e0000000,0x00000000eab00000)
  from space 154624K, 25% used [0x00000000f6900000,0x00000000f8ecb660,0x0000000100000000)
  to   space 174592K, 0% used [0x00000000eab00000,0x00000000eab00000,0x00000000f5580000)
 ParOldGen       total 679936K, used 679922K [0x00000000a0000000, 0x00000000c9800000, 0x00000000e0000000)
  object space 679936K, 99% used [0x00000000a0000000,0x00000000c97fc960,0x00000000c9800000)
 Metaspace       used 54037K, capacity 55698K, committed 55984K, reserved 1097728K
  class space    used 7125K, capacity 7503K, committed 7600K, reserved 1048576K
GC Heap History (10 events):
Event: 61.712 GC heap after
Heap after GC invocations=44 (full 7):
 PSYoungGen      total 330240K, used 80137K [0x00000000e0000000, 0x0000000100000000, 0x0000000100000000)
  eden space 249856K, 0% used [0x00000000e0000000,0x00000000e0000000,0x00000000ef400000)
  from space 80384K, 99% used [0x00000000ef400000,0x00000000f42427a0,0x00000000f4280000)
  to   space 138240K, 0% used [0x00000000f7900000,0x00000000f7900000,0x0000000100000000)
 ParOldGen       total 500224K, used 499628K [0x00000000a0000000, 0x00000000be880000, 0x00000000e0000000)
  object space 500224K, 99% used [0x00000000a0000000,0x00000000be7eb208,0x00000000be880000)
 Metaspace       used 54027K, capacity 55698K, committed 55984K, reserved 1097728K
  class space    used 7124K, capacity 7503K, committed 7600K, reserved 1048576K
}
Event: 61.712 GC heap before
{Heap before GC invocations=45 (full 8):
 PSYoungGen      total 330240K, used 80137K [0x00000000e0000000, 0x0000000100000000, 0x0000000100000000)
  eden space 249856K, 0% used [0x00000000e0000000,0x00000000e0000000,0x00000000ef400000)
  from space 80384K, 99% used [0x00000000ef400000,0x00000000f42427a0,0x00000000f4280000)
  to   space 138240K, 0% used [0x00000000f7900000,0x00000000f7900000,0x0000000100000000)
 ParOldGen       total 500224K, used 499628K [0x00000000a0000000, 0x00000000be880000, 0x00000000e0000000)
  object space 500224K, 99% used [0x00000000a0000000,0x00000000be7eb208,0x00000000be880000)
 Metaspace       used 54027K, capacity 55698K, committed 55984K, reserved 1097728K
  class space    used 7124K, capacity 7503K, committed 7600K, reserved 1048576K
Event: 66.417 GC heap after
Heap after GC invocations=45 (full 8):
 PSYoungGen      total 330240K, used 73607K [0x00000000e0000000, 0x0000000100000000, 0x0000000100000000)
  eden space 249856K, 0% used [0x00000000e0000000,0x00000000e0000000,0x00000000ef400000)
  from space 80384K, 91% used [0x00000000ef400000,0x00000000f3be1ec8,0x00000000f4280000)
  to   space 138240K, 0% used [0x00000000f7900000,0x00000000f7900000,0x0000000100000000)
 ParOldGen       total 679936K, used 499742K [0x00000000a0000000, 0x00000000c9800000, 0x00000000e0000000)
  object space 679936K, 73% used [0x00000000a0000000,0x00000000be807a40,0x00000000c9800000)
 Metaspace       used 54027K, capacity 55698K, committed 55984K, reserved 1097728K
  class space    used 7124K, capacity 7503K, committed 7600K, reserved 1048576K
}
Event: 68.714 GC heap before
{Heap before GC invocations=46 (full 8):
 PSYoungGen      total 330240K, used 323463K [0x00000000e0000000, 0x0000000100000000, 0x0000000100000000)
  eden space 249856K, 100% used [0x00000000e0000000,0x00000000ef400000,0x00000000ef400000)
  from space 80384K, 91% used [0x00000000ef400000,0x00000000f3be1ec8,0x00000000f4280000)
  to   space 138240K, 0% used [0x00000000f7900000,0x00000000f7900000,0x0000000100000000)
 ParOldGen       total 679936K, used 499742K [0x00000000a0000000, 0x00000000c9800000, 0x00000000e0000000)
  object space 679936K, 73% used [0x00000000a0000000,0x00000000be807a40,0x00000000c9800000)
 Metaspace       used 54037K, capacity 55698K, committed 55984K, reserved 1097728K
  class space    used 7125K, capacity 7503K, committed 7600K, reserved 1048576K
Event: 69.096 GC heap after
Heap after GC invocations=46 (full 8):
 PSYoungGen      total 353280K, used 123576K [0x00000000e0000000, 0x0000000100000000, 0x0000000100000000)
  eden space 215040K, 0% used [0x00000000e0000000,0x00000000e0000000,0x00000000ed200000)
  from space 138240K, 89% used [0x00000000f7900000,0x00000000ff1ae338,0x0000000100000000)
  to   space 154624K, 0% used [0x00000000ed200000,0x00000000ed200000,0x00000000f6900000)
 ParOldGen       total 679936K, used 499742K [0x00000000a0000000, 0x00000000c9800000, 0x00000000e0000000)
  object space 679936K, 73% used [0x00000000a0000000,0x00000000be807a40,0x00000000c9800000)
 Metaspace       used 54037K, capacity 55698K, committed 55984K, reserved 1097728K
  class space    used 7125K, capacity 7503K, committed 7600K, reserved 1048576K
}
Event: 70.895 GC heap before
{Heap before GC invocations=47 (full 8):
 PSYoungGen      total 353280K, used 338616K [0x00000000e0000000, 0x0000000100000000, 0x0000000100000000)
  eden space 215040K, 100% used [0x00000000e0000000,0x00000000ed200000,0x00000000ed200000)
  from space 138240K, 89% used [0x00000000f7900000,0x00000000ff1ae338,0x0000000100000000)
  to   space 154624K, 0% used [0x00000000ed200000,0x00000000ed200000,0x00000000f6900000)
 ParOldGen       total 679936K, used 499742K [0x00000000a0000000, 0x00000000c9800000, 0x00000000e0000000)
  object space 679936K, 73% used [0x00000000a0000000,0x00000000be807a40,0x00000000c9800000)
 Metaspace       used 54037K, capacity 55698K, committed 55984K, reserved 1097728K
  class space    used 7125K, capacity 7503K, committed 7600K, reserved 1048576K
Event: 71.124 GC heap after
Heap after GC invocations=47 (full 8):
 PSYoungGen      total 369664K, used 154602K [0x00000000e0000000, 0x0000000100000000, 0x0000000100000000)
  eden space 215040K, 0% used [0x00000000e0000000,0x00000000e0000000,0x00000000ed200000)
  from space 154624K, 99% used [0x00000000ed200000,0x00000000f68fa898,0x00000000f6900000)
  to   space 154624K, 0% used [0x00000000f6900000,0x00000000f6900000,0x0000000100000000)
 ParOldGen       total 679936K, used 517872K [0x00000000a0000000, 0x00000000c9800000, 0x00000000e0000000)
  object space 679936K, 76% used [0x00000000a0000000,0x00000000bf9bc1b8,0x00000000c9800000)
 Metaspace       used 54037K, capacity 55698K, committed 55984K, reserved 1097728K
  class space    used 7125K, capacity 7503K, committed 7600K, reserved 1048576K
}
Event: 71.380 GC heap before
{Heap before GC invocations=48 (full 8):
 PSYoungGen      total 369664K, used 369642K [0x00000000e0000000, 0x0000000100000000, 0x0000000100000000)
  eden space 215040K, 100% used [0x00000000e0000000,0x00000000ed200000,0x00000000ed200000)
  from space 154624K, 99% used [0x00000000ed200000,0x00000000f68fa898,0x00000000f6900000)
  to   space 154624K, 0% used [0x00000000f6900000,0x00000000f6900000,0x0000000100000000)
 ParOldGen       total 679936K, used 517872K [0x00000000a0000000, 0x00000000c9800000, 0x00000000e0000000)
  object space 679936K, 76% used [0x00000000a0000000,0x00000000bf9bc1b8,0x00000000c9800000)
 Metaspace       used 54037K, capacity 55698K, committed 55984K, reserved 1097728K
  class space    used 7125K, capacity 7503K, committed 7600K, reserved 1048576K
Event: 71.660 GC heap after
Heap after GC invocations=48 (full 8):
 PSYoungGen      total 329728K, used 154620K [0x00000000e0000000, 0x0000000100000000, 0x0000000100000000)
  eden space 175104K, 0% used [0x00000000e0000000,0x00000000e0000000,0x00000000eab00000)
  from space 154624K, 99% used [0x00000000f6900000,0x00000000fffff110,0x0000000100000000)
  to   space 174592K, 0% used [0x00000000eab00000,0x00000000eab00000,0x00000000f5580000)
 ParOldGen       total 679936K, used 606960K [0x00000000a0000000, 0x00000000c9800000, 0x00000000e0000000)
  object space 679936K, 89% used [0x00000000a0000000,0x00000000c50bc188,0x00000000c9800000)
 Metaspace       used 54037K, capacity 55698K, committed 55984K, reserved 1097728K
  class space    used 7125K, capacity 7503K, committed 7600K, reserved 1048576K
}
Event: 71.660 GC heap before
{Heap before GC invocations=49 (full 9):
 PSYoungGen      total 329728K, used 154620K [0x00000000e0000000, 0x0000000100000000, 0x0000000100000000)
  eden space 175104K, 0% used [0x00000000e0000000,0x00000000e0000000,0x00000000eab00000)
  from space 154624K, 99% used [0x00000000f6900000,0x00000000fffff110,0x0000000100000000)
  to   space 174592K, 0% used [0x00000000eab00000,0x00000000eab00000,0x00000000f5580000)
 ParOldGen       total 679936K, used 606960K [0x00000000a0000000, 0x00000000c9800000, 0x00000000e0000000)
  object space 679936K, 89% used [0x00000000a0000000,0x00000000c50bc188,0x00000000c9800000)
 Metaspace       used 54037K, capacity 55698K, committed 55984K, reserved 1097728K
  class space    used 7125K, capacity 7503K, committed 7600K, reserved 1048576K

