# JRE version: OpenJDK Runtime Environment (8.0_112-b06) (build 1.8.0_112-release-b06)
# Java VM: OpenJDK 64-Bit Server VM (25.112-b06 mixed mode linux-amd64 compressed oops)
Heap:
 PSYoungGen      total 349696K, used 150698K [0x00000000e0000000, 0x0000000100000000, 0x0000000100000000)
  eden space 175104K, 0% used [0x00000000e0000000,0x00000000e0000000,0x00000000eab00000)
  from space 174592K, 86% used [0x00000000eab00000,0x00000000f3e2a938,0x00000000f5580000)
  to   space 174592K, 0% used [0x00000000f5580000,0x00000000f5580000,0x0000000100000000)
 ParOldGen       total 574464K, used 574363K [0x00000000a0000000, 0x00000000c3100000, 0x00000000e0000000)
  object space 574464K, 99% used [0x00000000a0000000,0x00000000c30e6ef8,0x00000000c3100000)
 Metaspace       used 54011K, capacity 55752K, committed 55984K, reserved 1097728K
  class space    used 7122K, capacity 7501K, committed 7600K, reserved 1048576K
GC Heap History (10 events):
Event: 83.691 GC heap after
Heap after GC invocations=61 (full 8):
 PSYoungGen      total 347648K, used 86195K [0x00000000e0000000, 0x0000000100000000, 0x0000000100000000)
  eden space 176128K, 0% used [0x00000000e0000000,0x00000000e0000000,0x00000000eac00000)
  from space 171520K, 50% used [0x00000000eac00000,0x00000000f002ce68,0x00000000f5380000)
  to   space 172032K, 0% used [0x00000000f5800000,0x00000000f5800000,0x0000000100000000)
 ParOldGen       total 574464K, used 429385K [0x00000000a0000000, 0x00000000c3100000, 0x00000000e0000000)
  object space 574464K, 74% used [0x00000000a0000000,0x00000000ba3526e8,0x00000000c3100000)
 Metaspace       used 53999K, capacity 55752K, committed 55984K, reserved 1097728K
  class space    used 7121K, capacity 7501K, committed 7600K, reserved 1048576K
}
Event: 84.606 GC heap before
{Heap before GC invocations=62 (full 8):
 PSYoungGen      total 347648K, used 262323K [0x00000000e0000000, 0x0000000100000000, 0x0000000100000000)
  eden space 176128K, 100% used [0x00000000e0000000,0x00000000eac00000,0x00000000eac00000)
  from space 171520K, 50% used [0x00000000eac00000,0x00000000f002ce68,0x00000000f5380000)
  to   space 172032K, 0% used [0x00000000f5800000,0x00000000f5800000,0x0000000100000000)
 ParOldGen       total 574464K, used 429385K [0x00000000a0000000, 0x00000000c3100000, 0x00000000e0000000)
  object space 574464K, 74% used [0x00000000a0000000,0x00000000ba3526e8,0x00000000c3100000)
 Metaspace       used 54002K, capacity 55752K, committed 55984K, reserved 1097728K
  class space    used 7121K, capacity 7501K, committed 7600K, reserved 1048576K
Event: 85.002 GC heap after
Heap after GC invocations=62 (full 8):
 PSYoungGen      total 334848K, used 74959K [0x00000000e0000000, 0x00000000fee80000, 0x0000000100000000)
  eden space 180736K, 0% used [0x00000000e0000000,0x00000000e0000000,0x00000000eb080000)
  from space 154112K, 48% used [0x00000000f5800000,0x00000000fa133e48,0x00000000fee80000)
  to   space 162816K, 0% used [0x00000000eb080000,0x00000000eb080000,0x00000000f4f80000)
 ParOldGen       total 574464K, used 467006K [0x00000000a0000000, 0x00000000c3100000, 0x00000000e0000000)
  object space 574464K, 81% used [0x00000000a0000000,0x00000000bc80fa18,0x00000000c3100000)
 Metaspace       used 54002K, capacity 55752K, committed 55984K, reserved 1097728K
  class space    used 7121K, capacity 7501K, committed 7600K, reserved 1048576K
}
Event: 85.502 GC heap before
{Heap before GC invocations=63 (full 8):
 PSYoungGen      total 334848K, used 255695K [0x00000000e0000000, 0x00000000fee80000, 0x0000000100000000)
  eden space 180736K, 100% used [0x00000000e0000000,0x00000000eb080000,0x00000000eb080000)
  from space 154112K, 48% used [0x00000000f5800000,0x00000000fa133e48,0x00000000fee80000)
  to   space 162816K, 0% used [0x00000000eb080000,0x00000000eb080000,0x00000000f4f80000)
 ParOldGen       total 574464K, used 467006K [0x00000000a0000000, 0x00000000c3100000, 0x00000000e0000000)
  object space 574464K, 81% used [0x00000000a0000000,0x00000000bc80fa18,0x00000000c3100000)
 Metaspace       used 54003K, capacity 55752K, committed 55984K, reserved 1097728K
  class space    used 7121K, capacity 7501K, committed 7600K, reserved 1048576K
Event: 85.654 GC heap after
Heap after GC invocations=63 (full 8):
 PSYoungGen      total 343552K, used 103770K [0x00000000e0000000, 0x0000000100000000, 0x0000000100000000)
  eden space 180736K, 0% used [0x00000000e0000000,0x00000000e0000000,0x00000000eb080000)
  from space 162816K, 63% used [0x00000000eb080000,0x00000000f15d6b70,0x00000000f4f80000)
  to   space 165376K, 0% used [0x00000000f5e80000,0x00000000f5e80000,0x0000000100000000)
 ParOldGen       total 574464K, used 467006K [0x00000000a0000000, 0x00000000c3100000, 0x00000000e0000000)
  object space 574464K, 81% used [0x00000000a0000000,0x00000000bc80fa18,0x00000000c3100000)
 Metaspace       used 54003K, capacity 55752K, committed 55984K, reserved 1097728K
  class space    used 7121K, capacity 7501K, committed 7600K, reserved 1048576K
}
Event: 86.849 GC heap before
{Heap before GC invocations=64 (full 8):
 PSYoungGen      total 343552K, used 284506K [0x00000000e0000000, 0x0000000100000000, 0x0000000100000000)
  eden space 180736K, 100% used [0x00000000e0000000,0x00000000eb080000,0x00000000eb080000)
  from space 162816K, 63% used [0x00000000eb080000,0x00000000f15d6b70,0x00000000f4f80000)
  to   space 165376K, 0% used [0x00000000f5e80000,0x00000000f5e80000,0x0000000100000000)
 ParOldGen       total 574464K, used 467006K [0x00000000a0000000, 0x00000000c3100000, 0x00000000e0000000)
  object space 574464K, 81% used [0x00000000a0000000,0x00000000bc80fa18,0x00000000c3100000)
 Metaspace       used 54003K, capacity 55752K, committed 55984K, reserved 1097728K
  class space    used 7121K, capacity 7501K, committed 7600K, reserved 1048576K
Event: 87.054 GC heap after
Heap after GC invocations=64 (full 8):
 PSYoungGen      total 340480K, used 165363K [0x00000000e0000000, 0x0000000100000000, 0x0000000100000000)
  eden space 175104K, 0% used [0x00000000e0000000,0x00000000e0000000,0x00000000eab00000)
  from space 165376K, 99% used [0x00000000f5e80000,0x00000000ffffcd38,0x0000000100000000)
  to   space 174592K, 0% used [0x00000000eab00000,0x00000000eab00000,0x00000000f5580000)
 ParOldGen       total 574464K, used 472006K [0x00000000a0000000, 0x00000000c3100000, 0x00000000e0000000)
  object space 574464K, 82% used [0x00000000a0000000,0x00000000bccf18d0,0x00000000c3100000)
 Metaspace       used 54003K, capacity 55752K, committed 55984K, reserved 1097728K
  class space    used 7121K, capacity 7501K, committed 7600K, reserved 1048576K
}
Event: 87.298 GC heap before
{Heap before GC invocations=65 (full 8):
 PSYoungGen      total 340480K, used 340467K [0x00000000e0000000, 0x0000000100000000, 0x0000000100000000)
  eden space 175104K, 100% used [0x00000000e0000000,0x00000000eab00000,0x00000000eab00000)
  from space 165376K, 99% used [0x00000000f5e80000,0x00000000ffffcd38,0x0000000100000000)
  to   space 174592K, 0% used [0x00000000eab00000,0x00000000eab00000,0x00000000f5580000)
 ParOldGen       total 574464K, used 472006K [0x00000000a0000000, 0x00000000c3100000, 0x00000000e0000000)
  object space 574464K, 82% used [0x00000000a0000000,0x00000000bccf18d0,0x00000000c3100000)
 Metaspace       used 54011K, capacity 55752K, committed 55984K, reserved 1097728K
  class space    used 7122K, capacity 7501K, committed 7600K, reserved 1048576K
Event: 87.528 GC heap after
Heap after GC invocations=65 (full 8):
 PSYoungGen      total 349696K, used 174584K [0x00000000e0000000, 0x0000000100000000, 0x0000000100000000)
  eden space 175104K, 0% used [0x00000000e0000000,0x00000000e0000000,0x00000000eab00000)
  from space 174592K, 99% used [0x00000000eab00000,0x00000000f557e1d0,0x00000000f5580000)
  to   space 174592K, 0% used [0x00000000f5580000,0x00000000f5580000,0x0000000100000000)
 ParOldGen       total 574464K, used 555912K [0x00000000a0000000, 0x00000000c3100000, 0x00000000e0000000)
  object space 574464K, 96% used [0x00000000a0000000,0x00000000c1ee2280,0x00000000c3100000)
 Metaspace       used 54011K, capacity 55752K, committed 55984K, reserved 1097728K
  class space    used 7122K, capacity 7501K, committed 7600K, reserved 1048576K
}
Event: 87.528 GC heap before
{Heap before GC invocations=66 (full 9):
 PSYoungGen      total 349696K, used 174584K [0x00000000e0000000, 0x0000000100000000, 0x0000000100000000)
  eden space 175104K, 0% used [0x00000000e0000000,0x00000000e0000000,0x00000000eab00000)
  from space 174592K, 99% used [0x00000000eab00000,0x00000000f557e1d0,0x00000000f5580000)
  to   space 174592K, 0% used [0x00000000f5580000,0x00000000f5580000,0x0000000100000000)
 ParOldGen       total 574464K, used 555912K [0x00000000a0000000, 0x00000000c3100000, 0x00000000e0000000)
  object space 574464K, 96% used [0x00000000a0000000,0x00000000c1ee2280,0x00000000c3100000)
 Metaspace       used 54011K, capacity 55752K, committed 55984K, reserved 1097728K
  class space    used 7122K, capacity 7501K, committed 7600K, reserved 1048576K

