# JRE version: OpenJDK Runtime Environment (8.0_112-b06) (build 1.8.0_112-release-b06)
# Java VM: OpenJDK 64-Bit Server VM (25.112-b06 mixed mode linux-amd64 compressed oops)
Heap:
 PSYoungGen      total 349696K, used 133447K [0x00000000e0000000, 0x0000000100000000, 0x0000000100000000)
  eden space 175104K, 0% used [0x00000000e0000000,0x00000000e0000000,0x00000000eab00000)
  from space 174592K, 76% used [0x00000000eab00000,0x00000000f2d51e48,0x00000000f5580000)
  to   space 174592K, 0% used [0x00000000f5580000,0x00000000f5580000,0x0000000100000000)
 ParOldGen       total 536576K, used 536212K [0x00000000a0000000, 0x00000000c0c00000, 0x00000000e0000000)
  object space 536576K, 99% used [0x00000000a0000000,0x00000000c0ba5058,0x00000000c0c00000)
 Metaspace       used 62102K, capacity 63826K, committed 64128K, reserved 1105920K
  class space    used 8151K, capacity 8557K, committed 8576K, reserved 1048576K
GC Heap History (10 events):
Event: 64.332 GC heap after
Heap after GC invocations=58 (full 7):
 PSYoungGen      total 358400K, used 127462K [0x00000000e0000000, 0x0000000100000000, 0x0000000100000000)
  eden space 230912K, 0% used [0x00000000e0000000,0x00000000e0000000,0x00000000ee180000)
  from space 127488K, 99% used [0x00000000ee180000,0x00000000f5df9a08,0x00000000f5e00000)
  to   space 146432K, 0% used [0x00000000f7100000,0x00000000f7100000,0x0000000100000000)
 ParOldGen       total 536576K, used 372150K [0x00000000a0000000, 0x00000000c0c00000, 0x00000000e0000000)
  object space 536576K, 69% used [0x00000000a0000000,0x00000000b6b6d9d0,0x00000000c0c00000)
 Metaspace       used 62093K, capacity 63826K, committed 64128K, reserved 1105920K
  class space    used 8150K, capacity 8557K, committed 8576K, reserved 1048576K
}
Event: 65.218 GC heap before
{Heap before GC invocations=59 (full 7):
 PSYoungGen      total 358400K, used 358374K [0x00000000e0000000, 0x0000000100000000, 0x0000000100000000)
  eden space 230912K, 100% used [0x00000000e0000000,0x00000000ee180000,0x00000000ee180000)
  from space 127488K, 99% used [0x00000000ee180000,0x00000000f5df9a08,0x00000000f5e00000)
  to   space 146432K, 0% used [0x00000000f7100000,0x00000000f7100000,0x0000000100000000)
 ParOldGen       total 536576K, used 372150K [0x00000000a0000000, 0x00000000c0c00000, 0x00000000e0000000)
  object space 536576K, 69% used [0x00000000a0000000,0x00000000b6b6d9d0,0x00000000c0c00000)
 Metaspace       used 62093K, capacity 63826K, committed 64128K, reserved 1105920K
  class space    used 8150K, capacity 8557K, committed 8576K, reserved 1048576K
Event: 65.494 GC heap after
Heap after GC invocations=59 (full 7):
 PSYoungGen      total 368640K, used 100395K [0x00000000e0000000, 0x0000000100000000, 0x0000000100000000)
  eden space 222208K, 0% used [0x00000000e0000000,0x00000000e0000000,0x00000000ed900000)
  from space 146432K, 68% used [0x00000000f7100000,0x00000000fd30ac00,0x0000000100000000)
  to   space 151040K, 0% used [0x00000000ed900000,0x00000000ed900000,0x00000000f6c80000)
 ParOldGen       total 536576K, used 434118K [0x00000000a0000000, 0x00000000c0c00000, 0x00000000e0000000)
  object space 536576K, 80% used [0x00000000a0000000,0x00000000ba7f1be0,0x00000000c0c00000)
 Metaspace       used 62093K, capacity 63826K, committed 64128K, reserved 1105920K
  class space    used 8150K, capacity 8557K, committed 8576K, reserved 1048576K
}
Event: 66.548 GC heap before
{Heap before GC invocations=60 (full 7):
 PSYoungGen      total 368640K, used 322603K [0x00000000e0000000, 0x0000000100000000, 0x0000000100000000)
  eden space 222208K, 100% used [0x00000000e0000000,0x00000000ed900000,0x00000000ed900000)
  from space 146432K, 68% used [0x00000000f7100000,0x00000000fd30ac00,0x0000000100000000)
  to   space 151040K, 0% used [0x00000000ed900000,0x00000000ed900000,0x00000000f6c80000)
 ParOldGen       total 536576K, used 434118K [0x00000000a0000000, 0x00000000c0c00000, 0x00000000e0000000)
  object space 536576K, 80% used [0x00000000a0000000,0x00000000ba7f1be0,0x00000000c0c00000)
 Metaspace       used 62093K, capacity 63826K, committed 64128K, reserved 1105920K
  class space    used 8150K, capacity 8557K, committed 8576K, reserved 1048576K
Event: 66.758 GC heap after
Heap after GC invocations=60 (full 7):
 PSYoungGen      total 357376K, used 134857K [0x00000000e0000000, 0x0000000100000000, 0x0000000100000000)
  eden space 222208K, 0% used [0x00000000e0000000,0x00000000e0000000,0x00000000ed900000)
  from space 135168K, 99% used [0x00000000ed900000,0x00000000f5cb2540,0x00000000f5d00000)
  to   space 166912K, 0% used [0x00000000f5d00000,0x00000000f5d00000,0x0000000100000000)
 ParOldGen       total 536576K, used 434118K [0x00000000a0000000, 0x00000000c0c00000, 0x00000000e0000000)
  object space 536576K, 80% used [0x00000000a0000000,0x00000000ba7f1be0,0x00000000c0c00000)
 Metaspace       used 62093K, capacity 63826K, committed 64128K, reserved 1105920K
  class space    used 8150K, capacity 8557K, committed 8576K, reserved 1048576K
}
Event: 69.036 GC heap before
{Heap before GC invocations=61 (full 7):
 PSYoungGen      total 357376K, used 357065K [0x00000000e0000000, 0x0000000100000000, 0x0000000100000000)
  eden space 222208K, 100% used [0x00000000e0000000,0x00000000ed900000,0x00000000ed900000)
  from space 135168K, 99% used [0x00000000ed900000,0x00000000f5cb2540,0x00000000f5d00000)
  to   space 166912K, 0% used [0x00000000f5d00000,0x00000000f5d00000,0x0000000100000000)
 ParOldGen       total 536576K, used 434118K [0x00000000a0000000, 0x00000000c0c00000, 0x00000000e0000000)
  object space 536576K, 80% used [0x00000000a0000000,0x00000000ba7f1be0,0x00000000c0c00000)
 Metaspace       used 62102K, capacity 63826K, committed 64128K, reserved 1105920K
  class space    used 8151K, capacity 8557K, committed 8576K, reserved 1048576K
Event: 69.325 GC heap after
Heap after GC invocations=61 (full 7):
 PSYoungGen      total 342016K, used 164810K [0x00000000e0000000, 0x0000000100000000, 0x0000000100000000)
  eden space 175104K, 0% used [0x00000000e0000000,0x00000000e0000000,0x00000000eab00000)
  from space 166912K, 98% used [0x00000000f5d00000,0x00000000ffdf2870,0x0000000100000000)
  to   space 174592K, 0% used [0x00000000eab00000,0x00000000eab00000,0x00000000f5580000)
 ParOldGen       total 536576K, used 434118K [0x00000000a0000000, 0x00000000c0c00000, 0x00000000e0000000)
  object space 536576K, 80% used [0x00000000a0000000,0x00000000ba7f1be0,0x00000000c0c00000)
 Metaspace       used 62102K, capacity 63826K, committed 64128K, reserved 1105920K
  class space    used 8151K, capacity 8557K, committed 8576K, reserved 1048576K
}
Event: 70.004 GC heap before
{Heap before GC invocations=62 (full 7):
 PSYoungGen      total 342016K, used 339914K [0x00000000e0000000, 0x0000000100000000, 0x0000000100000000)
  eden space 175104K, 100% used [0x00000000e0000000,0x00000000eab00000,0x00000000eab00000)
  from space 166912K, 98% used [0x00000000f5d00000,0x00000000ffdf2870,0x0000000100000000)
  to   space 174592K, 0% used [0x00000000eab00000,0x00000000eab00000,0x00000000f5580000)
 ParOldGen       total 536576K, used 434118K [0x00000000a0000000, 0x00000000c0c00000, 0x00000000e0000000)
  object space 536576K, 80% used [0x00000000a0000000,0x00000000ba7f1be0,0x00000000c0c00000)
 Metaspace       used 62102K, capacity 63826K, committed 64128K, reserved 1105920K
  class space    used 8151K, capacity 8557K, committed 8576K, reserved 1048576K
Event: 70.359 GC heap after
Heap after GC invocations=62 (full 7):
 PSYoungGen      total 349696K, used 174466K [0x00000000e0000000, 0x0000000100000000, 0x0000000100000000)
  eden space 175104K, 0% used [0x00000000e0000000,0x00000000e0000000,0x00000000eab00000)
  from space 174592K, 99% used [0x00000000eab00000,0x00000000f5560910,0x00000000f5580000)
  to   space 174592K, 0% used [0x00000000f5580000,0x00000000f5580000,0x0000000100000000)
 ParOldGen       total 536576K, used 499918K [0x00000000a0000000, 0x00000000c0c00000, 0x00000000e0000000)
  object space 536576K, 93% used [0x00000000a0000000,0x00000000be833be0,0x00000000c0c00000)
 Metaspace       used 62102K, capacity 63826K, committed 64128K, reserved 1105920K
  class space    used 8151K, capacity 8557K, committed 8576K, reserved 1048576K
}
Event: 70.359 GC heap before
{Heap before GC invocations=63 (full 8):
 PSYoungGen      total 349696K, used 174466K [0x00000000e0000000, 0x0000000100000000, 0x0000000100000000)
  eden space 175104K, 0% used [0x00000000e0000000,0x00000000e0000000,0x00000000eab00000)
  from space 174592K, 99% used [0x00000000eab00000,0x00000000f5560910,0x00000000f5580000)
  to   space 174592K, 0% used [0x00000000f5580000,0x00000000f5580000,0x0000000100000000)
 ParOldGen       total 536576K, used 499918K [0x00000000a0000000, 0x00000000c0c00000, 0x00000000e0000000)
  object space 536576K, 93% used [0x00000000a0000000,0x00000000be833be0,0x00000000c0c00000)
 Metaspace       used 62102K, capacity 63826K, committed 64128K, reserved 1105920K
  class space    used 8151K, capacity 8557K, committed 8576K, reserved 1048576K

