# JRE version: OpenJDK Runtime Environment (8.0_112-b06) (build 1.8.0_112-release-b06)
# Java VM: OpenJDK 64-Bit Server VM (25.112-b06 mixed mode linux-amd64 compressed oops)
Heap:
 PSYoungGen      total 349696K, used 38391K [0x00000000e0000000, 0x0000000100000000, 0x0000000100000000)
  eden space 175104K, 0% used [0x00000000e0000000,0x00000000e0000000,0x00000000eab00000)
  from space 174592K, 21% used [0x00000000eab00000,0x00000000ed07df20,0x00000000f5580000)
  to   space 174592K, 0% used [0x00000000f5580000,0x00000000f5580000,0x0000000100000000)
 ParOldGen       total 648192K, used 648160K [0x00000000a0000000, 0x00000000c7900000, 0x00000000e0000000)
  object space 648192K, 99% used [0x00000000a0000000,0x00000000c78f8300,0x00000000c7900000)
 Metaspace       used 60352K, capacity 63040K, committed 63232K, reserved 1103872K
  class space    used 7969K, capacity 8613K, committed 8704K, reserved 1048576K
GC Heap History (10 events):
Event: 189.313 GC heap after
Heap after GC invocations=51 (full 7):
 PSYoungGen      total 391680K, used 77281K [0x00000000e0000000, 0x0000000100000000, 0x0000000100000000)
  eden space 262144K, 0% used [0x00000000e0000000,0x00000000e0000000,0x00000000f0000000)
  from space 129536K, 59% used [0x00000000f8180000,0x00000000fccf87b0,0x0000000100000000)
  to   space 131072K, 0% used [0x00000000f0000000,0x00000000f0000000,0x00000000f8000000)
 ParOldGen       total 482304K, used 481515K [0x00000000a0000000, 0x00000000bd700000, 0x00000000e0000000)
  object space 482304K, 99% used [0x00000000a0000000,0x00000000bd63af30,0x00000000bd700000)
 Metaspace       used 60343K, capacity 63040K, committed 63232K, reserved 1103872K
  class space    used 7968K, capacity 8613K, committed 8704K, reserved 1048576K
}
Event: 189.313 GC heap before
{Heap before GC invocations=52 (full 8):
 PSYoungGen      total 391680K, used 77281K [0x00000000e0000000, 0x0000000100000000, 0x0000000100000000)
  eden space 262144K, 0% used [0x00000000e0000000,0x00000000e0000000,0x00000000f0000000)
  from space 129536K, 59% used [0x00000000f8180000,0x00000000fccf87b0,0x0000000100000000)
  to   space 131072K, 0% used [0x00000000f0000000,0x00000000f0000000,0x00000000f8000000)
 ParOldGen       total 482304K, used 481515K [0x00000000a0000000, 0x00000000bd700000, 0x00000000e0000000)
  object space 482304K, 99% used [0x00000000a0000000,0x00000000bd63af30,0x00000000bd700000)
 Metaspace       used 60343K, capacity 63040K, committed 63232K, reserved 1103872K
  class space    used 7968K, capacity 8613K, committed 8704K, reserved 1048576K
Event: 194.308 GC heap after
Heap after GC invocations=52 (full 8):
 PSYoungGen      total 391680K, used 69303K [0x00000000e0000000, 0x0000000100000000, 0x0000000100000000)
  eden space 262144K, 0% used [0x00000000e0000000,0x00000000e0000000,0x00000000f0000000)
  from space 129536K, 53% used [0x00000000f8180000,0x00000000fc52dca8,0x0000000100000000)
  to   space 131072K, 0% used [0x00000000f0000000,0x00000000f0000000,0x00000000f8000000)
 ParOldGen       total 648192K, used 482295K [0x00000000a0000000, 0x00000000c7900000, 0x00000000e0000000)
  object space 648192K, 74% used [0x00000000a0000000,0x00000000bd6fdc88,0x00000000c7900000)
 Metaspace       used 60343K, capacity 63040K, committed 63232K, reserved 1103872K
  class space    used 7968K, capacity 8613K, committed 8704K, reserved 1048576K
}
Event: 196.224 GC heap before
{Heap before GC invocations=53 (full 8):
 PSYoungGen      total 391680K, used 331420K [0x00000000e0000000, 0x0000000100000000, 0x0000000100000000)
  eden space 262144K, 99% used [0x00000000e0000000,0x00000000efff9608,0x00000000f0000000)
  from space 129536K, 53% used [0x00000000f8180000,0x00000000fc52dca8,0x0000000100000000)
  to   space 131072K, 0% used [0x00000000f0000000,0x00000000f0000000,0x00000000f8000000)
 ParOldGen       total 648192K, used 482295K [0x00000000a0000000, 0x00000000c7900000, 0x00000000e0000000)
  object space 648192K, 74% used [0x00000000a0000000,0x00000000bd6fdc88,0x00000000c7900000)
 Metaspace       used 60352K, capacity 63040K, committed 63232K, reserved 1103872K
  class space    used 7969K, capacity 8613K, committed 8704K, reserved 1048576K
Event: 196.620 GC heap after
Heap after GC invocations=53 (full 8):
 PSYoungGen      total 360960K, used 98810K [0x00000000e0000000, 0x0000000100000000, 0x0000000100000000)
  eden space 262144K, 0% used [0x00000000e0000000,0x00000000e0000000,0x00000000f0000000)
  from space 98816K, 99% used [0x00000000f0000000,0x00000000f607ea90,0x00000000f6080000)
  to   space 139776K, 0% used [0x00000000f7780000,0x00000000f7780000,0x0000000100000000)
 ParOldGen       total 648192K, used 482295K [0x00000000a0000000, 0x00000000c7900000, 0x00000000e0000000)
  object space 648192K, 74% used [0x00000000a0000000,0x00000000bd6fdc88,0x00000000c7900000)
 Metaspace       used 60352K, capacity 63040K, committed 63232K, reserved 1103872K
  class space    used 7969K, capacity 8613K, committed 8704K, reserved 1048576K
}
Event: 200.076 GC heap before
{Heap before GC invocations=54 (full 8):
 PSYoungGen      total 360960K, used 360954K [0x00000000e0000000, 0x0000000100000000, 0x0000000100000000)
  eden space 262144K, 100% used [0x00000000e0000000,0x00000000f0000000,0x00000000f0000000)
  from space 98816K, 99% used [0x00000000f0000000,0x00000000f607ea90,0x00000000f6080000)
  to   space 139776K, 0% used [0x00000000f7780000,0x00000000f7780000,0x0000000100000000)
 ParOldGen       total 648192K, used 482295K [0x00000000a0000000, 0x00000000c7900000, 0x00000000e0000000)
  object space 648192K, 74% used [0x00000000a0000000,0x00000000bd6fdc88,0x00000000c7900000)
 Metaspace       used 60352K, capacity 63040K, committed 63232K, reserved 1103872K
  class space    used 7969K, capacity 8613K, committed 8704K, reserved 1048576K
Event: 200.369 GC heap after
Heap after GC invocations=54 (full 8):
 PSYoungGen      total 314880K, used 139773K [0x00000000e0000000, 0x0000000100000000, 0x0000000100000000)
  eden space 175104K, 0% used [0x00000000e0000000,0x00000000e0000000,0x00000000eab00000)
  from space 139776K, 99% used [0x00000000f7780000,0x00000000fffff488,0x0000000100000000)
  to   space 174592K, 0% used [0x00000000eab00000,0x00000000eab00000,0x00000000f5580000)
 ParOldGen       total 648192K, used 519020K [0x00000000a0000000, 0x00000000c7900000, 0x00000000e0000000)
  object space 648192K, 80% used [0x00000000a0000000,0x00000000bfadb068,0x00000000c7900000)
 Metaspace       used 60352K, capacity 63040K, committed 63232K, reserved 1103872K
  class space    used 7969K, capacity 8613K, committed 8704K, reserved 1048576K
}
Event: 201.017 GC heap before
{Heap before GC invocations=55 (full 8):
 PSYoungGen      total 314880K, used 314877K [0x00000000e0000000, 0x0000000100000000, 0x0000000100000000)
  eden space 175104K, 100% used [0x00000000e0000000,0x00000000eab00000,0x00000000eab00000)
  from space 139776K, 99% used [0x00000000f7780000,0x00000000fffff488,0x0000000100000000)
  to   space 174592K, 0% used [0x00000000eab00000,0x00000000eab00000,0x00000000f5580000)
 ParOldGen       total 648192K, used 519020K [0x00000000a0000000, 0x00000000c7900000, 0x00000000e0000000)
  object space 648192K, 80% used [0x00000000a0000000,0x00000000bfadb068,0x00000000c7900000)
 Metaspace       used 60352K, capacity 63040K, committed 63232K, reserved 1103872K
  class space    used 7969K, capacity 8613K, committed 8704K, reserved 1048576K
Event: 201.315 GC heap after
Heap after GC invocations=55 (full 8):
 PSYoungGen      total 349696K, used 142450K [0x00000000e0000000, 0x0000000100000000, 0x0000000100000000)
  eden space 175104K, 0% used [0x00000000e0000000,0x00000000e0000000,0x00000000eab00000)
  from space 174592K, 81% used [0x00000000eab00000,0x00000000f361ca50,0x00000000f5580000)
  to   space 174592K, 0% used [0x00000000f5580000,0x00000000f5580000,0x0000000100000000)
 ParOldGen       total 648192K, used 586865K [0x00000000a0000000, 0x00000000c7900000, 0x00000000e0000000)
  object space 648192K, 90% used [0x00000000a0000000,0x00000000c3d1c738,0x00000000c7900000)
 Metaspace       used 60352K, capacity 63040K, committed 63232K, reserved 1103872K
  class space    used 7969K, capacity 8613K, committed 8704K, reserved 1048576K
}
Event: 201.315 GC heap before
{Heap before GC invocations=56 (full 9):
 PSYoungGen      total 349696K, used 142450K [0x00000000e0000000, 0x0000000100000000, 0x0000000100000000)
  eden space 175104K, 0% used [0x00000000e0000000,0x00000000e0000000,0x00000000eab00000)
  from space 174592K, 81% used [0x00000000eab00000,0x00000000f361ca50,0x00000000f5580000)
  to   space 174592K, 0% used [0x00000000f5580000,0x00000000f5580000,0x0000000100000000)
 ParOldGen       total 648192K, used 586865K [0x00000000a0000000, 0x00000000c7900000, 0x00000000e0000000)
  object space 648192K, 90% used [0x00000000a0000000,0x00000000c3d1c738,0x00000000c7900000)
 Metaspace       used 60352K, capacity 63040K, committed 63232K, reserved 1103872K
  class space    used 7969K, capacity 8613K, committed 8704K, reserved 1048576K

