# JRE version: OpenJDK Runtime Environment (8.0_112-b06) (build 1.8.0_112-release-b06)
# Java VM: OpenJDK 64-Bit Server VM (25.112-b06 mixed mode linux-amd64 compressed oops)
Heap:
 PSYoungGen      total 342528K, used 0K [0x00000000e0000000, 0x00000000f9180000, 0x0000000100000000)
  eden space 274944K, 0% used [0x00000000e0000000,0x00000000e0000000,0x00000000f0c80000)
  from space 67584K, 0% used [0x00000000f4c80000,0x00000000f4c80000,0x00000000f8e80000)
  to   space 65536K, 0% used [0x00000000f0c80000,0x00000000f0c80000,0x00000000f4c80000)
 ParOldGen       total 286720K, used 275908K [0x00000000a0000000, 0x00000000b1800000, 0x00000000e0000000)
  object space 286720K, 96% used [0x00000000a0000000,0x00000000b0d71350,0x00000000b1800000)
 Metaspace       used 71025K, capacity 73918K, committed 74240K, reserved 1114112K
  class space    used 9286K, capacity 9906K, committed 9984K, reserved 1048576K
GC Heap History (10 events):
Event: 658.206 GC heap after
Heap after GC invocations=42 (full 6):
 PSYoungGen      total 283648K, used 0K [0x00000000e0000000, 0x00000000f6c80000, 0x0000000100000000)
  eden space 209920K, 0% used [0x00000000e0000000,0x00000000e0000000,0x00000000ecd00000)
  from space 73728K, 0% used [0x00000000f1980000,0x00000000f1980000,0x00000000f6180000)
  to   space 78336K, 0% used [0x00000000ecd00000,0x00000000ecd00000,0x00000000f1980000)
 ParOldGen       total 286720K, used 172530K [0x00000000a0000000, 0x00000000b1800000, 0x00000000e0000000)
  object space 286720K, 60% used [0x00000000a0000000,0x00000000aa87c970,0x00000000b1800000)
 Metaspace       used 70996K, capacity 73854K, committed 74240K, reserved 1114112K
  class space    used 9285K, capacity 9906K, committed 9984K, reserved 1048576K
}
Event: 659.349 GC heap before
{Heap before GC invocations=43 (full 6):
 PSYoungGen      total 283648K, used 209920K [0x00000000e0000000, 0x00000000f6c80000, 0x0000000100000000)
  eden space 209920K, 100% used [0x00000000e0000000,0x00000000ecd00000,0x00000000ecd00000)
  from space 73728K, 0% used [0x00000000f1980000,0x00000000f1980000,0x00000000f6180000)
  to   space 78336K, 0% used [0x00000000ecd00000,0x00000000ecd00000,0x00000000f1980000)
 ParOldGen       total 286720K, used 172530K [0x00000000a0000000, 0x00000000b1800000, 0x00000000e0000000)
  object space 286720K, 60% used [0x00000000a0000000,0x00000000aa87c970,0x00000000b1800000)
 Metaspace       used 71011K, capacity 73918K, committed 74240K, reserved 1114112K
  class space    used 9285K, capacity 9906K, committed 9984K, reserved 1048576K
Event: 659.426 GC heap after
Heap after GC invocations=43 (full 6):
 PSYoungGen      total 288256K, used 31192K [0x00000000e0000000, 0x00000000f7a80000, 0x0000000100000000)
  eden space 209920K, 0% used [0x00000000e0000000,0x00000000e0000000,0x00000000ecd00000)
  from space 78336K, 39% used [0x00000000ecd00000,0x00000000eeb762f8,0x00000000f1980000)
  to   space 74240K, 0% used [0x00000000f3200000,0x00000000f3200000,0x00000000f7a80000)
 ParOldGen       total 286720K, used 172530K [0x00000000a0000000, 0x00000000b1800000, 0x00000000e0000000)
  object space 286720K, 60% used [0x00000000a0000000,0x00000000aa87c970,0x00000000b1800000)
 Metaspace       used 71011K, capacity 73918K, committed 74240K, reserved 1114112K
  class space    used 9285K, capacity 9906K, committed 9984K, reserved 1048576K
}
Event: 660.506 GC heap before
{Heap before GC invocations=44 (full 6):
 PSYoungGen      total 288256K, used 241112K [0x00000000e0000000, 0x00000000f7a80000, 0x0000000100000000)
  eden space 209920K, 100% used [0x00000000e0000000,0x00000000ecd00000,0x00000000ecd00000)
  from space 78336K, 39% used [0x00000000ecd00000,0x00000000eeb762f8,0x00000000f1980000)
  to   space 74240K, 0% used [0x00000000f3200000,0x00000000f3200000,0x00000000f7a80000)
 ParOldGen       total 286720K, used 172530K [0x00000000a0000000, 0x00000000b1800000, 0x00000000e0000000)
  object space 286720K, 60% used [0x00000000a0000000,0x00000000aa87c970,0x00000000b1800000)
 Metaspace       used 71012K, capacity 73918K, committed 74240K, reserved 1114112K
  class space    used 9285K, capacity 9906K, committed 9984K, reserved 1048576K
Event: 660.627 GC heap after
Heap after GC invocations=44 (full 6):
 PSYoungGen      total 305152K, used 28116K [0x00000000e0000000, 0x00000000f7280000, 0x0000000100000000)
  eden space 239104K, 0% used [0x00000000e0000000,0x00000000e0000000,0x00000000ee980000)
  from space 66048K, 42% used [0x00000000f3200000,0x00000000f4d753b0,0x00000000f7280000)
  to   space 70144K, 0% used [0x00000000ee980000,0x00000000ee980000,0x00000000f2e00000)
 ParOldGen       total 286720K, used 202706K [0x00000000a0000000, 0x00000000b1800000, 0x00000000e0000000)
  object space 286720K, 70% used [0x00000000a0000000,0x00000000ac5f4bf0,0x00000000b1800000)
 Metaspace       used 71012K, capacity 73918K, committed 74240K, reserved 1114112K
  class space    used 9285K, capacity 9906K, committed 9984K, reserved 1048576K
}
Event: 661.574 GC heap before
{Heap before GC invocations=45 (full 6):
 PSYoungGen      total 305152K, used 267220K [0x00000000e0000000, 0x00000000f7280000, 0x0000000100000000)
  eden space 239104K, 100% used [0x00000000e0000000,0x00000000ee980000,0x00000000ee980000)
  from space 66048K, 42% used [0x00000000f3200000,0x00000000f4d753b0,0x00000000f7280000)
  to   space 70144K, 0% used [0x00000000ee980000,0x00000000ee980000,0x00000000f2e00000)
 ParOldGen       total 286720K, used 202706K [0x00000000a0000000, 0x00000000b1800000, 0x00000000e0000000)
  object space 286720K, 70% used [0x00000000a0000000,0x00000000ac5f4bf0,0x00000000b1800000)
 Metaspace       used 71021K, capacity 73918K, committed 74240K, reserved 1114112K
  class space    used 9286K, capacity 9906K, committed 9984K, reserved 1048576K
Event: 661.696 GC heap after
Heap after GC invocations=45 (full 6):
 PSYoungGen      total 309248K, used 33425K [0x00000000e0000000, 0x00000000f8e80000, 0x0000000100000000)
  eden space 239104K, 0% used [0x00000000e0000000,0x00000000e0000000,0x00000000ee980000)
  from space 70144K, 47% used [0x00000000ee980000,0x00000000f0a246c0,0x00000000f2e00000)
  to   space 67584K, 0% used [0x00000000f4c80000,0x00000000f4c80000,0x00000000f8e80000)
 ParOldGen       total 286720K, used 229417K [0x00000000a0000000, 0x00000000b1800000, 0x00000000e0000000)
  object space 286720K, 80% used [0x00000000a0000000,0x00000000ae00a518,0x00000000b1800000)
 Metaspace       used 71021K, capacity 73918K, committed 74240K, reserved 1114112K
  class space    used 9286K, capacity 9906K, committed 9984K, reserved 1048576K
}
Event: 662.302 GC heap before
{Heap before GC invocations=46 (full 6):
 PSYoungGen      total 309248K, used 272529K [0x00000000e0000000, 0x00000000f8e80000, 0x0000000100000000)
  eden space 239104K, 100% used [0x00000000e0000000,0x00000000ee980000,0x00000000ee980000)
  from space 70144K, 47% used [0x00000000ee980000,0x00000000f0a246c0,0x00000000f2e00000)
  to   space 67584K, 0% used [0x00000000f4c80000,0x00000000f4c80000,0x00000000f8e80000)
 ParOldGen       total 286720K, used 229417K [0x00000000a0000000, 0x00000000b1800000, 0x00000000e0000000)
  object space 286720K, 80% used [0x00000000a0000000,0x00000000ae00a518,0x00000000b1800000)
 Metaspace       used 71025K, capacity 73918K, committed 74240K, reserved 1114112K
  class space    used 9286K, capacity 9906K, committed 9984K, reserved 1048576K
Event: 662.651 GC heap after
Heap after GC invocations=46 (full 6):
 PSYoungGen      total 342528K, used 19008K [0x00000000e0000000, 0x00000000f9180000, 0x0000000100000000)
  eden space 274944K, 0% used [0x00000000e0000000,0x00000000e0000000,0x00000000f0c80000)
  from space 67584K, 28% used [0x00000000f4c80000,0x00000000f5f10340,0x00000000f8e80000)
  to   space 65536K, 0% used [0x00000000f0c80000,0x00000000f0c80000,0x00000000f4c80000)
 ParOldGen       total 286720K, used 261694K [0x00000000a0000000, 0x00000000b1800000, 0x00000000e0000000)
  object space 286720K, 91% used [0x00000000a0000000,0x00000000aff8fa68,0x00000000b1800000)
 Metaspace       used 71025K, capacity 73918K, committed 74240K, reserved 1114112K
  class space    used 9286K, capacity 9906K, committed 9984K, reserved 1048576K
}
Event: 662.651 GC heap before
{Heap before GC invocations=47 (full 7):
 PSYoungGen      total 342528K, used 19008K [0x00000000e0000000, 0x00000000f9180000, 0x0000000100000000)
  eden space 274944K, 0% used [0x00000000e0000000,0x00000000e0000000,0x00000000f0c80000)
  from space 67584K, 28% used [0x00000000f4c80000,0x00000000f5f10340,0x00000000f8e80000)
  to   space 65536K, 0% used [0x00000000f0c80000,0x00000000f0c80000,0x00000000f4c80000)
 ParOldGen       total 286720K, used 261694K [0x00000000a0000000, 0x00000000b1800000, 0x00000000e0000000)
  object space 286720K, 91% used [0x00000000a0000000,0x00000000aff8fa68,0x00000000b1800000)
 Metaspace       used 71025K, capacity 73918K, committed 74240K, reserved 1114112K
  class space    used 9286K, capacity 9906K, committed 9984K, reserved 1048576K

