# JRE version: OpenJDK Runtime Environment (8.0_112-b06) (build 1.8.0_112-release-b06)
# Java VM: OpenJDK 64-Bit Server VM (25.112-b06 mixed mode linux-amd64 compressed oops)
Heap:
 PSYoungGen      total 372224K, used 26022K [0x00000000e0000000, 0x0000000100000000, 0x0000000100000000)
  eden space 268288K, 0% used [0x00000000e0000000,0x00000000e0000000,0x00000000f0600000)
  from space 103936K, 25% used [0x00000000f9a80000,0x00000000fb3e9b50,0x0000000100000000)
  to   space 128000K, 0% used [0x00000000f0600000,0x00000000f0600000,0x00000000f8300000)
 ParOldGen       total 613376K, used 612966K [0x00000000a0000000, 0x00000000c5700000, 0x00000000e0000000)
  object space 613376K, 99% used [0x00000000a0000000,0x00000000c5699bb8,0x00000000c5700000)
 Metaspace       used 67635K, capacity 69848K, committed 70064K, reserved 1110016K
  class space    used 8609K, capacity 9048K, committed 9136K, reserved 1048576K
GC Heap History (10 events):
Event: 558.635 GC heap after
Heap after GC invocations=37 (full 7):
 PSYoungGen      total 405504K, used 0K [0x00000000e0000000, 0x0000000100000000, 0x0000000100000000)
  eden space 332800K, 0% used [0x00000000e0000000,0x00000000e0000000,0x00000000f4500000)
  from space 72704K, 0% used [0x00000000fb900000,0x00000000fb900000,0x0000000100000000)
  to   space 95744K, 0% used [0x00000000f4500000,0x00000000f4500000,0x00000000fa280000)
 ParOldGen       total 613376K, used 416705K [0x00000000a0000000, 0x00000000c5700000, 0x00000000e0000000)
  object space 613376K, 67% used [0x00000000a0000000,0x00000000b96f05b0,0x00000000c5700000)
 Metaspace       used 67628K, capacity 69848K, committed 70064K, reserved 1110016K
  class space    used 8609K, capacity 9048K, committed 9136K, reserved 1048576K
}
Event: 559.828 GC heap before
{Heap before GC invocations=38 (full 7):
 PSYoungGen      total 405504K, used 332800K [0x00000000e0000000, 0x0000000100000000, 0x0000000100000000)
  eden space 332800K, 100% used [0x00000000e0000000,0x00000000f4500000,0x00000000f4500000)
  from space 72704K, 0% used [0x00000000fb900000,0x00000000fb900000,0x0000000100000000)
  to   space 95744K, 0% used [0x00000000f4500000,0x00000000f4500000,0x00000000fa280000)
 ParOldGen       total 613376K, used 416705K [0x00000000a0000000, 0x00000000c5700000, 0x00000000e0000000)
  object space 613376K, 67% used [0x00000000a0000000,0x00000000b96f05b0,0x00000000c5700000)
 Metaspace       used 67635K, capacity 69848K, committed 70064K, reserved 1110016K
  class space    used 8609K, capacity 9048K, committed 9136K, reserved 1048576K
Event: 559.913 GC heap after
Heap after GC invocations=38 (full 7):
 PSYoungGen      total 428544K, used 50811K [0x00000000e0000000, 0x0000000100000000, 0x0000000100000000)
  eden space 332800K, 0% used [0x00000000e0000000,0x00000000e0000000,0x00000000f4500000)
  from space 95744K, 53% used [0x00000000f4500000,0x00000000f769ee10,0x00000000fa280000)
  to   space 93184K, 0% used [0x00000000fa500000,0x00000000fa500000,0x0000000100000000)
 ParOldGen       total 613376K, used 416705K [0x00000000a0000000, 0x00000000c5700000, 0x00000000e0000000)
  object space 613376K, 67% used [0x00000000a0000000,0x00000000b96f05b0,0x00000000c5700000)
 Metaspace       used 67635K, capacity 69848K, committed 70064K, reserved 1110016K
  class space    used 8609K, capacity 9048K, committed 9136K, reserved 1048576K
}
Event: 561.043 GC heap before
{Heap before GC invocations=39 (full 7):
 PSYoungGen      total 428544K, used 383611K [0x00000000e0000000, 0x0000000100000000, 0x0000000100000000)
  eden space 332800K, 100% used [0x00000000e0000000,0x00000000f4500000,0x00000000f4500000)
  from space 95744K, 53% used [0x00000000f4500000,0x00000000f769ee10,0x00000000fa280000)
  to   space 93184K, 0% used [0x00000000fa500000,0x00000000fa500000,0x0000000100000000)
 ParOldGen       total 613376K, used 416705K [0x00000000a0000000, 0x00000000c5700000, 0x00000000e0000000)
  object space 613376K, 67% used [0x00000000a0000000,0x00000000b96f05b0,0x00000000c5700000)
 Metaspace       used 67635K, capacity 69848K, committed 70064K, reserved 1110016K
  class space    used 8609K, capacity 9048K, committed 9136K, reserved 1048576K
Event: 561.222 GC heap after
Heap after GC invocations=39 (full 7):
 PSYoungGen      total 399360K, used 93156K [0x00000000e0000000, 0x0000000100000000, 0x0000000100000000)
  eden space 306176K, 0% used [0x00000000e0000000,0x00000000e0000000,0x00000000f2b00000)
  from space 93184K, 99% used [0x00000000fa500000,0x00000000ffff9128,0x0000000100000000)
  to   space 109056K, 0% used [0x00000000f2b00000,0x00000000f2b00000,0x00000000f9580000)
 ParOldGen       total 613376K, used 424128K [0x00000000a0000000, 0x00000000c5700000, 0x00000000e0000000)
  object space 613376K, 69% used [0x00000000a0000000,0x00000000b9e300f8,0x00000000c5700000)
 Metaspace       used 67635K, capacity 69848K, committed 70064K, reserved 1110016K
  class space    used 8609K, capacity 9048K, committed 9136K, reserved 1048576K
}
Event: 562.279 GC heap before
{Heap before GC invocations=40 (full 7):
 PSYoungGen      total 399360K, used 399332K [0x00000000e0000000, 0x0000000100000000, 0x0000000100000000)
  eden space 306176K, 100% used [0x00000000e0000000,0x00000000f2b00000,0x00000000f2b00000)
  from space 93184K, 99% used [0x00000000fa500000,0x00000000ffff9128,0x0000000100000000)
  to   space 109056K, 0% used [0x00000000f2b00000,0x00000000f2b00000,0x00000000f9580000)
 ParOldGen       total 613376K, used 424128K [0x00000000a0000000, 0x00000000c5700000, 0x00000000e0000000)
  object space 613376K, 69% used [0x00000000a0000000,0x00000000b9e300f8,0x00000000c5700000)
 Metaspace       used 67635K, capacity 69848K, committed 70064K, reserved 1110016K
  class space    used 8609K, capacity 9048K, committed 9136K, reserved 1048576K
Event: 562.570 GC heap after
Heap after GC invocations=40 (full 7):
 PSYoungGen      total 415232K, used 46730K [0x00000000e0000000, 0x0000000100000000, 0x0000000100000000)
  eden space 306176K, 0% used [0x00000000e0000000,0x00000000e0000000,0x00000000f2b00000)
  from space 109056K, 42% used [0x00000000f2b00000,0x00000000f58a2a98,0x00000000f9580000)
  to   space 103936K, 0% used [0x00000000f9a80000,0x00000000f9a80000,0x0000000100000000)
 ParOldGen       total 613376K, used 517712K [0x00000000a0000000, 0x00000000c5700000, 0x00000000e0000000)
  object space 613376K, 84% used [0x00000000a0000000,0x00000000bf994278,0x00000000c5700000)
 Metaspace       used 67635K, capacity 69848K, committed 70064K, reserved 1110016K
  class space    used 8609K, capacity 9048K, committed 9136K, reserved 1048576K
}
Event: 567.223 GC heap before
{Heap before GC invocations=41 (full 7):
 PSYoungGen      total 415232K, used 352906K [0x00000000e0000000, 0x0000000100000000, 0x0000000100000000)
  eden space 306176K, 100% used [0x00000000e0000000,0x00000000f2b00000,0x00000000f2b00000)
  from space 109056K, 42% used [0x00000000f2b00000,0x00000000f58a2a98,0x00000000f9580000)
  to   space 103936K, 0% used [0x00000000f9a80000,0x00000000f9a80000,0x0000000100000000)
 ParOldGen       total 613376K, used 517712K [0x00000000a0000000, 0x00000000c5700000, 0x00000000e0000000)
  object space 613376K, 84% used [0x00000000a0000000,0x00000000bf994278,0x00000000c5700000)
 Metaspace       used 67635K, capacity 69848K, committed 70064K, reserved 1110016K
  class space    used 8609K, capacity 9048K, committed 9136K, reserved 1048576K
Event: 567.397 GC heap after
Heap after GC invocations=41 (full 7):
 PSYoungGen      total 372224K, used 103922K [0x00000000e0000000, 0x0000000100000000, 0x0000000100000000)
  eden space 268288K, 0% used [0x00000000e0000000,0x00000000e0000000,0x00000000f0600000)
  from space 103936K, 99% used [0x00000000f9a80000,0x00000000ffffcb80,0x0000000100000000)
  to   space 128000K, 0% used [0x00000000f0600000,0x00000000f0600000,0x00000000f8300000)
 ParOldGen       total 613376K, used 544041K [0x00000000a0000000, 0x00000000c5700000, 0x00000000e0000000)
  object space 613376K, 88% used [0x00000000a0000000,0x00000000c134a5b8,0x00000000c5700000)
 Metaspace       used 67635K, capacity 69848K, committed 70064K, reserved 1110016K
  class space    used 8609K, capacity 9048K, committed 9136K, reserved 1048576K
}
Event: 567.397 GC heap before
{Heap before GC invocations=42 (full 8):
 PSYoungGen      total 372224K, used 103922K [0x00000000e0000000, 0x0000000100000000, 0x0000000100000000)
  eden space 268288K, 0% used [0x00000000e0000000,0x00000000e0000000,0x00000000f0600000)
  from space 103936K, 99% used [0x00000000f9a80000,0x00000000ffffcb80,0x0000000100000000)
  to   space 128000K, 0% used [0x00000000f0600000,0x00000000f0600000,0x00000000f8300000)
 ParOldGen       total 613376K, used 544041K [0x00000000a0000000, 0x00000000c5700000, 0x00000000e0000000)
  object space 613376K, 88% used [0x00000000a0000000,0x00000000c134a5b8,0x00000000c5700000)
 Metaspace       used 67635K, capacity 69848K, committed 70064K, reserved 1110016K
  class space    used 8609K, capacity 9048K, committed 9136K, reserved 1048576K

