# JRE version: OpenJDK Runtime Environment (8.0_112-b06) (build 1.8.0_112-release-b06)
# Java VM: OpenJDK 64-Bit Server VM (25.112-b06 mixed mode linux-amd64 compressed oops)
Heap:
 PSYoungGen      total 407552K, used 8531K [0x00000000e0000000, 0x00000000fd580000, 0x0000000100000000)
  eden space 336384K, 0% used [0x00000000e0000000,0x00000000e0000000,0x00000000f4880000)
  from space 71168K, 11% used [0x00000000f8e80000,0x00000000f96d4da8,0x00000000fd400000)
  to   space 71680K, 0% used [0x00000000f4880000,0x00000000f4880000,0x00000000f8e80000)
 ParOldGen       total 409600K, used 409539K [0x00000000a0000000, 0x00000000b9000000, 0x00000000e0000000)
  object space 409600K, 99% used [0x00000000a0000000,0x00000000b8ff0c78,0x00000000b9000000)
 Metaspace       used 73417K, capacity 76358K, committed 76672K, reserved 1116160K
  class space    used 9405K, capacity 10046K, committed 10112K, reserved 1048576K
GC Heap History (10 events):
Event: 109.152 GC heap after
Heap after GC invocations=51 (full 7):
 PSYoungGen      total 344064K, used 0K [0x00000000e0000000, 0x00000000f8580000, 0x0000000100000000)
  eden space 288768K, 0% used [0x00000000e0000000,0x00000000e0000000,0x00000000f1a00000)
  from space 55296K, 0% used [0x00000000f4f80000,0x00000000f4f80000,0x00000000f8580000)
  to   space 54784K, 0% used [0x00000000f1a00000,0x00000000f1a00000,0x00000000f4f80000)
 ParOldGen       total 409600K, used 261087K [0x00000000a0000000, 0x00000000b9000000, 0x00000000e0000000)
  object space 409600K, 63% used [0x00000000a0000000,0x00000000afef7db8,0x00000000b9000000)
 Metaspace       used 73405K, capacity 76358K, committed 76672K, reserved 1116160K
  class space    used 9405K, capacity 10046K, committed 10112K, reserved 1048576K
}
Event: 110.141 GC heap before
{Heap before GC invocations=52 (full 7):
 PSYoungGen      total 344064K, used 288768K [0x00000000e0000000, 0x00000000f8580000, 0x0000000100000000)
  eden space 288768K, 100% used [0x00000000e0000000,0x00000000f1a00000,0x00000000f1a00000)
  from space 55296K, 0% used [0x00000000f4f80000,0x00000000f4f80000,0x00000000f8580000)
  to   space 54784K, 0% used [0x00000000f1a00000,0x00000000f1a00000,0x00000000f4f80000)
 ParOldGen       total 409600K, used 261087K [0x00000000a0000000, 0x00000000b9000000, 0x00000000e0000000)
  object space 409600K, 63% used [0x00000000a0000000,0x00000000afef7db8,0x00000000b9000000)
 Metaspace       used 73407K, capacity 76358K, committed 76672K, reserved 1116160K
  class space    used 9405K, capacity 10046K, committed 10112K, reserved 1048576K
Event: 110.203 GC heap after
Heap after GC invocations=52 (full 7):
 PSYoungGen      total 343552K, used 30510K [0x00000000e0000000, 0x00000000f9f00000, 0x0000000100000000)
  eden space 288768K, 0% used [0x00000000e0000000,0x00000000e0000000,0x00000000f1a00000)
  from space 54784K, 55% used [0x00000000f1a00000,0x00000000f37cb958,0x00000000f4f80000)
  to   space 53760K, 0% used [0x00000000f6a80000,0x00000000f6a80000,0x00000000f9f00000)
 ParOldGen       total 409600K, used 261087K [0x00000000a0000000, 0x00000000b9000000, 0x00000000e0000000)
  object space 409600K, 63% used [0x00000000a0000000,0x00000000afef7db8,0x00000000b9000000)
 Metaspace       used 73407K, capacity 76358K, committed 76672K, reserved 1116160K
  class space    used 9405K, capacity 10046K, committed 10112K, reserved 1048576K
}
Event: 111.630 GC heap before
{Heap before GC invocations=53 (full 7):
 PSYoungGen      total 343552K, used 319278K [0x00000000e0000000, 0x00000000f9f00000, 0x0000000100000000)
  eden space 288768K, 100% used [0x00000000e0000000,0x00000000f1a00000,0x00000000f1a00000)
  from space 54784K, 55% used [0x00000000f1a00000,0x00000000f37cb958,0x00000000f4f80000)
  to   space 53760K, 0% used [0x00000000f6a80000,0x00000000f6a80000,0x00000000f9f00000)
 ParOldGen       total 409600K, used 261087K [0x00000000a0000000, 0x00000000b9000000, 0x00000000e0000000)
  object space 409600K, 63% used [0x00000000a0000000,0x00000000afef7db8,0x00000000b9000000)
 Metaspace       used 73408K, capacity 76358K, committed 76672K, reserved 1116160K
  class space    used 9405K, capacity 10046K, committed 10112K, reserved 1048576K
Event: 111.829 GC heap after
Heap after GC invocations=53 (full 7):
 PSYoungGen      total 356864K, used 53751K [0x00000000e0000000, 0x00000000fbd00000, 0x0000000100000000)
  eden space 303104K, 0% used [0x00000000e0000000,0x00000000e0000000,0x00000000f2800000)
  from space 53760K, 99% used [0x00000000f6a80000,0x00000000f9efdc80,0x00000000f9f00000)
  to   space 68096K, 0% used [0x00000000f2800000,0x00000000f2800000,0x00000000f6a80000)
 ParOldGen       total 409600K, used 279714K [0x00000000a0000000, 0x00000000b9000000, 0x00000000e0000000)
  object space 409600K, 68% used [0x00000000a0000000,0x00000000b1128ae8,0x00000000b9000000)
 Metaspace       used 73408K, capacity 76358K, committed 76672K, reserved 1116160K
  class space    used 9405K, capacity 10046K, committed 10112K, reserved 1048576K
}
Event: 113.070 GC heap before
{Heap before GC invocations=54 (full 7):
 PSYoungGen      total 356864K, used 356855K [0x00000000e0000000, 0x00000000fbd00000, 0x0000000100000000)
  eden space 303104K, 100% used [0x00000000e0000000,0x00000000f2800000,0x00000000f2800000)
  from space 53760K, 99% used [0x00000000f6a80000,0x00000000f9efdc80,0x00000000f9f00000)
  to   space 68096K, 0% used [0x00000000f2800000,0x00000000f2800000,0x00000000f6a80000)
 ParOldGen       total 409600K, used 279714K [0x00000000a0000000, 0x00000000b9000000, 0x00000000e0000000)
  object space 409600K, 68% used [0x00000000a0000000,0x00000000b1128ae8,0x00000000b9000000)
 Metaspace       used 73417K, capacity 76358K, committed 76672K, reserved 1116160K
  class space    used 9405K, capacity 10046K, committed 10112K, reserved 1048576K
Event: 113.257 GC heap after
Heap after GC invocations=54 (full 7):
 PSYoungGen      total 371200K, used 48268K [0x00000000e0000000, 0x00000000fd400000, 0x0000000100000000)
  eden space 303104K, 0% used [0x00000000e0000000,0x00000000e0000000,0x00000000f2800000)
  from space 68096K, 70% used [0x00000000f2800000,0x00000000f5723390,0x00000000f6a80000)
  to   space 71168K, 0% used [0x00000000f8e80000,0x00000000f8e80000,0x00000000fd400000)
 ParOldGen       total 409600K, used 333596K [0x00000000a0000000, 0x00000000b9000000, 0x00000000e0000000)
  object space 409600K, 81% used [0x00000000a0000000,0x00000000b45c7278,0x00000000b9000000)
 Metaspace       used 73417K, capacity 76358K, committed 76672K, reserved 1116160K
  class space    used 9405K, capacity 10046K, committed 10112K, reserved 1048576K
}
Event: 114.728 GC heap before
{Heap before GC invocations=55 (full 7):
 PSYoungGen      total 371200K, used 351372K [0x00000000e0000000, 0x00000000fd400000, 0x0000000100000000)
  eden space 303104K, 100% used [0x00000000e0000000,0x00000000f2800000,0x00000000f2800000)
  from space 68096K, 70% used [0x00000000f2800000,0x00000000f5723390,0x00000000f6a80000)
  to   space 71168K, 0% used [0x00000000f8e80000,0x00000000f8e80000,0x00000000fd400000)
 ParOldGen       total 409600K, used 333596K [0x00000000a0000000, 0x00000000b9000000, 0x00000000e0000000)
  object space 409600K, 81% used [0x00000000a0000000,0x00000000b45c7278,0x00000000b9000000)
 Metaspace       used 73417K, capacity 76358K, committed 76672K, reserved 1116160K
  class space    used 9405K, capacity 10046K, committed 10112K, reserved 1048576K
Event: 114.922 GC heap after
Heap after GC invocations=55 (full 7):
 PSYoungGen      total 407552K, used 43526K [0x00000000e0000000, 0x00000000fd580000, 0x0000000100000000)
  eden space 336384K, 0% used [0x00000000e0000000,0x00000000e0000000,0x00000000f4880000)
  from space 71168K, 61% used [0x00000000f8e80000,0x00000000fb901b28,0x00000000fd400000)
  to   space 71680K, 0% used [0x00000000f4880000,0x00000000f4880000,0x00000000f8e80000)
 ParOldGen       total 409600K, used 379797K [0x00000000a0000000, 0x00000000b9000000, 0x00000000e0000000)
  object space 409600K, 92% used [0x00000000a0000000,0x00000000b72e54f8,0x00000000b9000000)
 Metaspace       used 73417K, capacity 76358K, committed 76672K, reserved 1116160K
  class space    used 9405K, capacity 10046K, committed 10112K, reserved 1048576K
}
Event: 114.922 GC heap before
{Heap before GC invocations=56 (full 8):
 PSYoungGen      total 407552K, used 43526K [0x00000000e0000000, 0x00000000fd580000, 0x0000000100000000)
  eden space 336384K, 0% used [0x00000000e0000000,0x00000000e0000000,0x00000000f4880000)
  from space 71168K, 61% used [0x00000000f8e80000,0x00000000fb901b28,0x00000000fd400000)
  to   space 71680K, 0% used [0x00000000f4880000,0x00000000f4880000,0x00000000f8e80000)
 ParOldGen       total 409600K, used 379797K [0x00000000a0000000, 0x00000000b9000000, 0x00000000e0000000)
  object space 409600K, 92% used [0x00000000a0000000,0x00000000b72e54f8,0x00000000b9000000)
 Metaspace       used 73417K, capacity 76358K, committed 76672K, reserved 1116160K
  class space    used 9405K, capacity 10046K, committed 10112K, reserved 1048576K

