# JRE version: OpenJDK Runtime Environment (8.0_112-b06) (build 1.8.0_112-release-b06)
# Java VM: OpenJDK 64-Bit Server VM (25.112-b06 mixed mode linux-amd64 compressed oops)
Heap:
 PSYoungGen      total 347136K, used 25568K [0x00000000e0000000, 0x0000000100000000, 0x0000000100000000)
  eden space 267264K, 0% used [0x00000000e0000000,0x00000000e0000000,0x00000000f0500000)
  from space 79872K, 32% used [0x00000000f0500000,0x00000000f1df81c0,0x00000000f5300000)
  to   space 130048K, 0% used [0x00000000f8100000,0x00000000f8100000,0x0000000100000000)
 ParOldGen       total 513536K, used 513377K [0x00000000a0000000, 0x00000000bf580000, 0x00000000e0000000)
  object space 513536K, 99% used [0x00000000a0000000,0x00000000bf558750,0x00000000bf580000)
 Metaspace       used 61393K, capacity 63082K, committed 63408K, reserved 1103872K
  class space    used 8077K, capacity 8508K, committed 8624K, reserved 1048576K
GC Heap History (10 events):
Event: 60.236 GC heap after
Heap after GC invocations=48 (full 6):
 PSYoungGen      total 375808K, used 72979K [0x00000000e0000000, 0x00000000fe380000, 0x0000000100000000)
  eden space 275968K, 0% used [0x00000000e0000000,0x00000000e0000000,0x00000000f0d80000)
  from space 99840K, 73% used [0x00000000f7480000,0x00000000fbbc4e08,0x00000000fd600000)
  to   space 105472K, 0% used [0x00000000f0d80000,0x00000000f0d80000,0x00000000f7480000)
 ParOldGen       total 359424K, used 357041K [0x00000000a0000000, 0x00000000b5f00000, 0x00000000e0000000)
  object space 359424K, 99% used [0x00000000a0000000,0x00000000b5cac470,0x00000000b5f00000)
 Metaspace       used 61389K, capacity 63082K, committed 63408K, reserved 1103872K
  class space    used 8077K, capacity 8508K, committed 8624K, reserved 1048576K
}
Event: 60.236 GC heap before
{Heap before GC invocations=49 (full 7):
 PSYoungGen      total 375808K, used 72979K [0x00000000e0000000, 0x00000000fe380000, 0x0000000100000000)
  eden space 275968K, 0% used [0x00000000e0000000,0x00000000e0000000,0x00000000f0d80000)
  from space 99840K, 73% used [0x00000000f7480000,0x00000000fbbc4e08,0x00000000fd600000)
  to   space 105472K, 0% used [0x00000000f0d80000,0x00000000f0d80000,0x00000000f7480000)
 ParOldGen       total 359424K, used 357041K [0x00000000a0000000, 0x00000000b5f00000, 0x00000000e0000000)
  object space 359424K, 99% used [0x00000000a0000000,0x00000000b5cac470,0x00000000b5f00000)
 Metaspace       used 61389K, capacity 63082K, committed 63408K, reserved 1103872K
  class space    used 8077K, capacity 8508K, committed 8624K, reserved 1048576K
Event: 63.295 GC heap after
Heap after GC invocations=49 (full 7):
 PSYoungGen      total 375808K, used 64444K [0x00000000e0000000, 0x00000000fe380000, 0x0000000100000000)
  eden space 275968K, 0% used [0x00000000e0000000,0x00000000e0000000,0x00000000f0d80000)
  from space 99840K, 64% used [0x00000000f7480000,0x00000000fb36f3f8,0x00000000fd600000)
  to   space 105472K, 0% used [0x00000000f0d80000,0x00000000f0d80000,0x00000000f7480000)
 ParOldGen       total 513536K, used 359071K [0x00000000a0000000, 0x00000000bf580000, 0x00000000e0000000)
  object space 513536K, 69% used [0x00000000a0000000,0x00000000b5ea7ee8,0x00000000bf580000)
 Metaspace       used 61389K, capacity 63082K, committed 63408K, reserved 1103872K
  class space    used 8077K, capacity 8508K, committed 8624K, reserved 1048576K
}
Event: 64.115 GC heap before
{Heap before GC invocations=50 (full 7):
 PSYoungGen      total 375808K, used 340412K [0x00000000e0000000, 0x00000000fe380000, 0x0000000100000000)
  eden space 275968K, 100% used [0x00000000e0000000,0x00000000f0d80000,0x00000000f0d80000)
  from space 99840K, 64% used [0x00000000f7480000,0x00000000fb36f3f8,0x00000000fd600000)
  to   space 105472K, 0% used [0x00000000f0d80000,0x00000000f0d80000,0x00000000f7480000)
 ParOldGen       total 513536K, used 359071K [0x00000000a0000000, 0x00000000bf580000, 0x00000000e0000000)
  object space 513536K, 69% used [0x00000000a0000000,0x00000000b5ea7ee8,0x00000000bf580000)
 Metaspace       used 61390K, capacity 63082K, committed 63408K, reserved 1103872K
  class space    used 8077K, capacity 8508K, committed 8624K, reserved 1048576K
Event: 64.444 GC heap after
Heap after GC invocations=50 (full 7):
 PSYoungGen      total 381440K, used 74144K [0x00000000e0000000, 0x00000000ffc80000, 0x0000000100000000)
  eden space 275968K, 0% used [0x00000000e0000000,0x00000000e0000000,0x00000000f0d80000)
  from space 105472K, 70% used [0x00000000f0d80000,0x00000000f55e83c8,0x00000000f7480000)
  to   space 110080K, 0% used [0x00000000f9100000,0x00000000f9100000,0x00000000ffc80000)
 ParOldGen       total 513536K, used 388069K [0x00000000a0000000, 0x00000000bf580000, 0x00000000e0000000)
  object space 513536K, 75% used [0x00000000a0000000,0x00000000b7af95e8,0x00000000bf580000)
 Metaspace       used 61390K, capacity 63082K, committed 63408K, reserved 1103872K
  class space    used 8077K, capacity 8508K, committed 8624K, reserved 1048576K
}
Event: 65.303 GC heap before
{Heap before GC invocations=51 (full 7):
 PSYoungGen      total 381440K, used 350112K [0x00000000e0000000, 0x00000000ffc80000, 0x0000000100000000)
  eden space 275968K, 100% used [0x00000000e0000000,0x00000000f0d80000,0x00000000f0d80000)
  from space 105472K, 70% used [0x00000000f0d80000,0x00000000f55e83c8,0x00000000f7480000)
  to   space 110080K, 0% used [0x00000000f9100000,0x00000000f9100000,0x00000000ffc80000)
 ParOldGen       total 513536K, used 388069K [0x00000000a0000000, 0x00000000bf580000, 0x00000000e0000000)
  object space 513536K, 75% used [0x00000000a0000000,0x00000000b7af95e8,0x00000000bf580000)
 Metaspace       used 61393K, capacity 63082K, committed 63408K, reserved 1103872K
  class space    used 8077K, capacity 8508K, committed 8624K, reserved 1048576K
Event: 65.597 GC heap after
Heap after GC invocations=51 (full 7):
 PSYoungGen      total 377344K, used 110055K [0x00000000e0000000, 0x0000000100000000, 0x0000000100000000)
  eden space 267264K, 0% used [0x00000000e0000000,0x00000000e0000000,0x00000000f0500000)
  from space 110080K, 99% used [0x00000000f9100000,0x00000000ffc79c10,0x00000000ffc80000)
  to   space 128512K, 0% used [0x00000000f0500000,0x00000000f0500000,0x00000000f8280000)
 ParOldGen       total 513536K, used 392706K [0x00000000a0000000, 0x00000000bf580000, 0x00000000e0000000)
  object space 513536K, 76% used [0x00000000a0000000,0x00000000b7f80ac0,0x00000000bf580000)
 Metaspace       used 61393K, capacity 63082K, committed 63408K, reserved 1103872K
  class space    used 8077K, capacity 8508K, committed 8624K, reserved 1048576K
}
Event: 66.451 GC heap before
{Heap before GC invocations=52 (full 7):
 PSYoungGen      total 377344K, used 377319K [0x00000000e0000000, 0x0000000100000000, 0x0000000100000000)
  eden space 267264K, 100% used [0x00000000e0000000,0x00000000f0500000,0x00000000f0500000)
  from space 110080K, 99% used [0x00000000f9100000,0x00000000ffc79c10,0x00000000ffc80000)
  to   space 128512K, 0% used [0x00000000f0500000,0x00000000f0500000,0x00000000f8280000)
 ParOldGen       total 513536K, used 392706K [0x00000000a0000000, 0x00000000bf580000, 0x00000000e0000000)
  object space 513536K, 76% used [0x00000000a0000000,0x00000000b7f80ac0,0x00000000bf580000)
 Metaspace       used 61393K, capacity 63082K, committed 63408K, reserved 1103872K
  class space    used 8077K, capacity 8508K, committed 8624K, reserved 1048576K
Event: 66.695 GC heap after
Heap after GC invocations=52 (full 7):
 PSYoungGen      total 347136K, used 79515K [0x00000000e0000000, 0x0000000100000000, 0x0000000100000000)
  eden space 267264K, 0% used [0x00000000e0000000,0x00000000e0000000,0x00000000f0500000)
  from space 79872K, 99% used [0x00000000f0500000,0x00000000f52a6e28,0x00000000f5300000)
  to   space 130048K, 0% used [0x00000000f8100000,0x00000000f8100000,0x0000000100000000)
 ParOldGen       total 513536K, used 464136K [0x00000000a0000000, 0x00000000bf580000, 0x00000000e0000000)
  object space 513536K, 90% used [0x00000000a0000000,0x00000000bc542328,0x00000000bf580000)
 Metaspace       used 61393K, capacity 63082K, committed 63408K, reserved 1103872K
  class space    used 8077K, capacity 8508K, committed 8624K, reserved 1048576K
}
Event: 66.695 GC heap before
{Heap before GC invocations=53 (full 8):
 PSYoungGen      total 347136K, used 79515K [0x00000000e0000000, 0x0000000100000000, 0x0000000100000000)
  eden space 267264K, 0% used [0x00000000e0000000,0x00000000e0000000,0x00000000f0500000)
  from space 79872K, 99% used [0x00000000f0500000,0x00000000f52a6e28,0x00000000f5300000)
  to   space 130048K, 0% used [0x00000000f8100000,0x00000000f8100000,0x0000000100000000)
 ParOldGen       total 513536K, used 464136K [0x00000000a0000000, 0x00000000bf580000, 0x00000000e0000000)
  object space 513536K, 90% used [0x00000000a0000000,0x00000000bc542328,0x00000000bf580000)
 Metaspace       used 61393K, capacity 63082K, committed 63408K, reserved 1103872K
  class space    used 8077K, capacity 8508K, committed 8624K, reserved 1048576K

