# JRE version: OpenJDK Runtime Environment (8.0_112-b06) (build 1.8.0_112-release-b06)
# Java VM: OpenJDK 64-Bit Server VM (25.112-b06 mixed mode linux-amd64 compressed oops)
Heap:
 PSYoungGen      total 420352K, used 0K [0x00000000e0000000, 0x0000000100000000, 0x0000000100000000)
  eden space 316416K, 0% used [0x00000000e0000000,0x00000000e0000000,0x00000000f3500000)
  from space 103936K, 0% used [0x00000000f3500000,0x00000000f3500000,0x00000000f9a80000)
  to   space 100352K, 0% used [0x00000000f9e00000,0x00000000f9e00000,0x0000000100000000)
 ParOldGen       total 464384K, used 436861K [0x00000000a0000000, 0x00000000bc580000, 0x00000000e0000000)
  object space 464384K, 94% used [0x00000000a0000000,0x00000000baa9f708,0x00000000bc580000)
 Metaspace       used 69748K, capacity 72590K, committed 72728K, reserved 1112064K
  class space    used 8734K, capacity 9227K, committed 9264K, reserved 1048576K
GC Heap History (10 events):
Event: 972.897 GC heap after
Heap after GC invocations=33 (full 5):
 PSYoungGen      total 439296K, used 41970K [0x00000000e0000000, 0x00000000ffc80000, 0x0000000100000000)
  eden space 363008K, 0% used [0x00000000e0000000,0x00000000e0000000,0x00000000f6280000)
  from space 76288K, 55% used [0x00000000fb200000,0x00000000fdafcb48,0x00000000ffc80000)
  to   space 78848K, 0% used [0x00000000f6280000,0x00000000f6280000,0x00000000faf80000)
 ParOldGen       total 303616K, used 252054K [0x00000000a0000000, 0x00000000b2880000, 0x00000000e0000000)
  object space 303616K, 83% used [0x00000000a0000000,0x00000000af6258b8,0x00000000b2880000)
 Metaspace       used 69739K, capacity 72590K, committed 72728K, reserved 1112064K
  class space    used 8734K, capacity 9227K, committed 9264K, reserved 1048576K
}
Event: 972.897 GC heap before
{Heap before GC invocations=34 (full 6):
 PSYoungGen      total 439296K, used 41970K [0x00000000e0000000, 0x00000000ffc80000, 0x0000000100000000)
  eden space 363008K, 0% used [0x00000000e0000000,0x00000000e0000000,0x00000000f6280000)
  from space 76288K, 55% used [0x00000000fb200000,0x00000000fdafcb48,0x00000000ffc80000)
  to   space 78848K, 0% used [0x00000000f6280000,0x00000000f6280000,0x00000000faf80000)
 ParOldGen       total 303616K, used 252054K [0x00000000a0000000, 0x00000000b2880000, 0x00000000e0000000)
  object space 303616K, 83% used [0x00000000a0000000,0x00000000af6258b8,0x00000000b2880000)
 Metaspace       used 69739K, capacity 72590K, committed 72728K, reserved 1112064K
  class space    used 8734K, capacity 9227K, committed 9264K, reserved 1048576K
Event: 974.690 GC heap after
Heap after GC invocations=34 (full 6):
 PSYoungGen      total 439296K, used 0K [0x00000000e0000000, 0x00000000ffc80000, 0x0000000100000000)
  eden space 363008K, 0% used [0x00000000e0000000,0x00000000e0000000,0x00000000f6280000)
  from space 76288K, 0% used [0x00000000fb200000,0x00000000fb200000,0x00000000ffc80000)
  to   space 78848K, 0% used [0x00000000f6280000,0x00000000f6280000,0x00000000faf80000)
 ParOldGen       total 464384K, used 288419K [0x00000000a0000000, 0x00000000bc580000, 0x00000000e0000000)
  object space 464384K, 62% used [0x00000000a0000000,0x00000000b19a8da0,0x00000000bc580000)
 Metaspace       used 69739K, capacity 72590K, committed 72728K, reserved 1112064K
  class space    used 8734K, capacity 9227K, committed 9264K, reserved 1048576K
}
Event: 976.287 GC heap before
{Heap before GC invocations=35 (full 6):
 PSYoungGen      total 439296K, used 363008K [0x00000000e0000000, 0x00000000ffc80000, 0x0000000100000000)
  eden space 363008K, 100% used [0x00000000e0000000,0x00000000f6280000,0x00000000f6280000)
  from space 76288K, 0% used [0x00000000fb200000,0x00000000fb200000,0x00000000ffc80000)
  to   space 78848K, 0% used [0x00000000f6280000,0x00000000f6280000,0x00000000faf80000)
 ParOldGen       total 464384K, used 288419K [0x00000000a0000000, 0x00000000bc580000, 0x00000000e0000000)
  object space 464384K, 62% used [0x00000000a0000000,0x00000000b19a8da0,0x00000000bc580000)
 Metaspace       used 69746K, capacity 72590K, committed 72728K, reserved 1112064K
  class space    used 8734K, capacity 9227K, committed 9264K, reserved 1048576K
Event: 976.414 GC heap after
Heap after GC invocations=35 (full 6):
 PSYoungGen      total 441856K, used 53766K [0x00000000e0000000, 0x0000000100000000, 0x0000000100000000)
  eden space 363008K, 0% used [0x00000000e0000000,0x00000000e0000000,0x00000000f6280000)
  from space 78848K, 68% used [0x00000000f6280000,0x00000000f97019b8,0x00000000faf80000)
  to   space 82432K, 0% used [0x00000000faf80000,0x00000000faf80000,0x0000000100000000)
 ParOldGen       total 464384K, used 288419K [0x00000000a0000000, 0x00000000bc580000, 0x00000000e0000000)
  object space 464384K, 62% used [0x00000000a0000000,0x00000000b19a8da0,0x00000000bc580000)
 Metaspace       used 69746K, capacity 72590K, committed 72728K, reserved 1112064K
  class space    used 8734K, capacity 9227K, committed 9264K, reserved 1048576K
}
Event: 978.387 GC heap before
{Heap before GC invocations=36 (full 6):
 PSYoungGen      total 441856K, used 416774K [0x00000000e0000000, 0x0000000100000000, 0x0000000100000000)
  eden space 363008K, 100% used [0x00000000e0000000,0x00000000f6280000,0x00000000f6280000)
  from space 78848K, 68% used [0x00000000f6280000,0x00000000f97019b8,0x00000000faf80000)
  to   space 82432K, 0% used [0x00000000faf80000,0x00000000faf80000,0x0000000100000000)
 ParOldGen       total 464384K, used 288419K [0x00000000a0000000, 0x00000000bc580000, 0x00000000e0000000)
  object space 464384K, 62% used [0x00000000a0000000,0x00000000b19a8da0,0x00000000bc580000)
 Metaspace       used 69746K, capacity 72590K, committed 72728K, reserved 1112064K
  class space    used 8734K, capacity 9227K, committed 9264K, reserved 1048576K
Event: 978.631 GC heap after
Heap after GC invocations=36 (full 6):
 PSYoungGen      total 398848K, used 82402K [0x00000000e0000000, 0x0000000100000000, 0x0000000100000000)
  eden space 316416K, 0% used [0x00000000e0000000,0x00000000e0000000,0x00000000f3500000)
  from space 82432K, 99% used [0x00000000faf80000,0x00000000ffff8980,0x0000000100000000)
  to   space 103936K, 0% used [0x00000000f3500000,0x00000000f3500000,0x00000000f9a80000)
 ParOldGen       total 464384K, used 311092K [0x00000000a0000000, 0x00000000bc580000, 0x00000000e0000000)
  object space 464384K, 66% used [0x00000000a0000000,0x00000000b2fcd360,0x00000000bc580000)
 Metaspace       used 69746K, capacity 72590K, committed 72728K, reserved 1112064K
  class space    used 8734K, capacity 9227K, committed 9264K, reserved 1048576K
}
Event: 980.238 GC heap before
{Heap before GC invocations=37 (full 6):
 PSYoungGen      total 398848K, used 398818K [0x00000000e0000000, 0x0000000100000000, 0x0000000100000000)
  eden space 316416K, 100% used [0x00000000e0000000,0x00000000f3500000,0x00000000f3500000)
  from space 82432K, 99% used [0x00000000faf80000,0x00000000ffff8980,0x0000000100000000)
  to   space 103936K, 0% used [0x00000000f3500000,0x00000000f3500000,0x00000000f9a80000)
 ParOldGen       total 464384K, used 311092K [0x00000000a0000000, 0x00000000bc580000, 0x00000000e0000000)
  object space 464384K, 66% used [0x00000000a0000000,0x00000000b2fcd360,0x00000000bc580000)
 Metaspace       used 69748K, capacity 72590K, committed 72728K, reserved 1112064K
  class space    used 8734K, capacity 9227K, committed 9264K, reserved 1048576K
Event: 980.842 GC heap after
Heap after GC invocations=37 (full 6):
 PSYoungGen      total 420352K, used 48717K [0x00000000e0000000, 0x0000000100000000, 0x0000000100000000)
  eden space 316416K, 0% used [0x00000000e0000000,0x00000000e0000000,0x00000000f3500000)
  from space 103936K, 46% used [0x00000000f3500000,0x00000000f6493460,0x00000000f9a80000)
  to   space 100352K, 0% used [0x00000000f9e00000,0x00000000f9e00000,0x0000000100000000)
 ParOldGen       total 464384K, used 393967K [0x00000000a0000000, 0x00000000bc580000, 0x00000000e0000000)
  object space 464384K, 84% used [0x00000000a0000000,0x00000000b80bbf10,0x00000000bc580000)
 Metaspace       used 69748K, capacity 72590K, committed 72728K, reserved 1112064K
  class space    used 8734K, capacity 9227K, committed 9264K, reserved 1048576K
}
Event: 980.937 GC heap before
{Heap before GC invocations=38 (full 7):
 PSYoungGen      total 420352K, used 48717K [0x00000000e0000000, 0x0000000100000000, 0x0000000100000000)
  eden space 316416K, 0% used [0x00000000e0000000,0x00000000e0000000,0x00000000f3500000)
  from space 103936K, 46% used [0x00000000f3500000,0x00000000f6493460,0x00000000f9a80000)
  to   space 100352K, 0% used [0x00000000f9e00000,0x00000000f9e00000,0x0000000100000000)
 ParOldGen       total 464384K, used 393967K [0x00000000a0000000, 0x00000000bc580000, 0x00000000e0000000)
  object space 464384K, 84% used [0x00000000a0000000,0x00000000b80bbf10,0x00000000bc580000)
 Metaspace       used 69748K, capacity 72590K, committed 72728K, reserved 1112064K
  class space    used 8734K, capacity 9227K, committed 9264K, reserved 1048576K

