# JRE version: OpenJDK Runtime Environment (8.0_112-b06) (build 1.8.0_112-release-b06)
# Java VM: OpenJDK 64-Bit Server VM (25.112-b06 mixed mode linux-amd64 compressed oops)
Heap:
 PSYoungGen      total 420352K, used 35383K [0x00000000e0000000, 0x0000000100000000, 0x0000000100000000)
  eden space 333824K, 0% used [0x00000000e0000000,0x00000000e0000000,0x00000000f4600000)
  from space 86528K, 40% used [0x00000000f4600000,0x00000000f688de70,0x00000000f9a80000)
  to   space 87040K, 0% used [0x00000000fab00000,0x00000000fab00000,0x0000000100000000)
 ParOldGen       total 333312K, used 332918K [0x00000000a0000000, 0x00000000b4580000, 0x00000000e0000000)
  object space 333312K, 99% used [0x00000000a0000000,0x00000000b451d8f0,0x00000000b4580000)
 Metaspace       used 73798K, capacity 76892K, committed 77312K, reserved 1116160K
  class space    used 9443K, capacity 10149K, committed 10240K, reserved 1048576K
GC Heap History (10 events):
Event: 206.079 GC heap after
Heap after GC invocations=46 (full 7):
 PSYoungGen      total 343552K, used 7068K [0x00000000e0000000, 0x00000000fc700000, 0x0000000100000000)
  eden space 278528K, 0% used [0x00000000e0000000,0x00000000e0000000,0x00000000f1000000)
  from space 65024K, 10% used [0x00000000f1000000,0x00000000f16e7020,0x00000000f4f80000)
  to   space 67072K, 0% used [0x00000000f8580000,0x00000000f8580000,0x00000000fc700000)
 ParOldGen       total 333312K, used 214600K [0x00000000a0000000, 0x00000000b4580000, 0x00000000e0000000)
  object space 333312K, 64% used [0x00000000a0000000,0x00000000ad192058,0x00000000b4580000)
 Metaspace       used 73774K, capacity 76892K, committed 77312K, reserved 1116160K
  class space    used 9443K, capacity 10149K, committed 10240K, reserved 1048576K
}
Event: 207.110 GC heap before
{Heap before GC invocations=47 (full 7):
 PSYoungGen      total 343552K, used 285596K [0x00000000e0000000, 0x00000000fc700000, 0x0000000100000000)
  eden space 278528K, 100% used [0x00000000e0000000,0x00000000f1000000,0x00000000f1000000)
  from space 65024K, 10% used [0x00000000f1000000,0x00000000f16e7020,0x00000000f4f80000)
  to   space 67072K, 0% used [0x00000000f8580000,0x00000000f8580000,0x00000000fc700000)
 ParOldGen       total 333312K, used 214600K [0x00000000a0000000, 0x00000000b4580000, 0x00000000e0000000)
  object space 333312K, 64% used [0x00000000a0000000,0x00000000ad192058,0x00000000b4580000)
 Metaspace       used 73779K, capacity 76892K, committed 77312K, reserved 1116160K
  class space    used 9443K, capacity 10149K, committed 10240K, reserved 1048576K
Event: 207.297 GC heap after
Heap after GC invocations=47 (full 7):
 PSYoungGen      total 355840K, used 37225K [0x00000000e0000000, 0x00000000fb200000, 0x0000000100000000)
  eden space 310272K, 0% used [0x00000000e0000000,0x00000000e0000000,0x00000000f2f00000)
  from space 45568K, 81% used [0x00000000f8580000,0x00000000fa9da4d0,0x00000000fb200000)
  to   space 67072K, 0% used [0x00000000f2f00000,0x00000000f2f00000,0x00000000f7080000)
 ParOldGen       total 333312K, used 220689K [0x00000000a0000000, 0x00000000b4580000, 0x00000000e0000000)
  object space 333312K, 66% used [0x00000000a0000000,0x00000000ad784620,0x00000000b4580000)
 Metaspace       used 73779K, capacity 76892K, committed 77312K, reserved 1116160K
  class space    used 9443K, capacity 10149K, committed 10240K, reserved 1048576K
}
Event: 208.158 GC heap before
{Heap before GC invocations=48 (full 7):
 PSYoungGen      total 355840K, used 347497K [0x00000000e0000000, 0x00000000fb200000, 0x0000000100000000)
  eden space 310272K, 100% used [0x00000000e0000000,0x00000000f2f00000,0x00000000f2f00000)
  from space 45568K, 81% used [0x00000000f8580000,0x00000000fa9da4d0,0x00000000fb200000)
  to   space 67072K, 0% used [0x00000000f2f00000,0x00000000f2f00000,0x00000000f7080000)
 ParOldGen       total 333312K, used 220689K [0x00000000a0000000, 0x00000000b4580000, 0x00000000e0000000)
  object space 333312K, 66% used [0x00000000a0000000,0x00000000ad784620,0x00000000b4580000)
 Metaspace       used 73785K, capacity 76892K, committed 77312K, reserved 1116160K
  class space    used 9443K, capacity 10149K, committed 10240K, reserved 1048576K
Event: 208.279 GC heap after
Heap after GC invocations=48 (full 7):
 PSYoungGen      total 377344K, used 64627K [0x00000000e0000000, 0x00000000fe580000, 0x0000000100000000)
  eden space 310272K, 0% used [0x00000000e0000000,0x00000000e0000000,0x00000000f2f00000)
  from space 67072K, 96% used [0x00000000f2f00000,0x00000000f6e1cfb0,0x00000000f7080000)
  to   space 76800K, 0% used [0x00000000f9a80000,0x00000000f9a80000,0x00000000fe580000)
 ParOldGen       total 333312K, used 220689K [0x00000000a0000000, 0x00000000b4580000, 0x00000000e0000000)
  object space 333312K, 66% used [0x00000000a0000000,0x00000000ad784620,0x00000000b4580000)
 Metaspace       used 73785K, capacity 76892K, committed 77312K, reserved 1116160K
  class space    used 9443K, capacity 10149K, committed 10240K, reserved 1048576K
}
Event: 209.426 GC heap before
{Heap before GC invocations=49 (full 7):
 PSYoungGen      total 377344K, used 374899K [0x00000000e0000000, 0x00000000fe580000, 0x0000000100000000)
  eden space 310272K, 100% used [0x00000000e0000000,0x00000000f2f00000,0x00000000f2f00000)
  from space 67072K, 96% used [0x00000000f2f00000,0x00000000f6e1cfb0,0x00000000f7080000)
  to   space 76800K, 0% used [0x00000000f9a80000,0x00000000f9a80000,0x00000000fe580000)
 ParOldGen       total 333312K, used 220689K [0x00000000a0000000, 0x00000000b4580000, 0x00000000e0000000)
  object space 333312K, 66% used [0x00000000a0000000,0x00000000ad784620,0x00000000b4580000)
 Metaspace       used 73791K, capacity 76892K, committed 77312K, reserved 1116160K
  class space    used 9443K, capacity 10149K, committed 10240K, reserved 1048576K
Event: 209.675 GC heap after
Heap after GC invocations=49 (full 7):
 PSYoungGen      total 410624K, used 70013K [0x00000000e0000000, 0x00000000ffc00000, 0x0000000100000000)
  eden space 333824K, 0% used [0x00000000e0000000,0x00000000e0000000,0x00000000f4600000)
  from space 76800K, 91% used [0x00000000f9a80000,0x00000000fdedf5b0,0x00000000fe580000)
  to   space 86528K, 0% used [0x00000000f4600000,0x00000000f4600000,0x00000000f9a80000)
 ParOldGen       total 333312K, used 256671K [0x00000000a0000000, 0x00000000b4580000, 0x00000000e0000000)
  object space 333312K, 77% used [0x00000000a0000000,0x00000000afaa7ce8,0x00000000b4580000)
 Metaspace       used 73791K, capacity 76892K, committed 77312K, reserved 1116160K
  class space    used 9443K, capacity 10149K, committed 10240K, reserved 1048576K
}
Event: 211.544 GC heap before
{Heap before GC invocations=50 (full 7):
 PSYoungGen      total 410624K, used 403837K [0x00000000e0000000, 0x00000000ffc00000, 0x0000000100000000)
  eden space 333824K, 100% used [0x00000000e0000000,0x00000000f4600000,0x00000000f4600000)
  from space 76800K, 91% used [0x00000000f9a80000,0x00000000fdedf5b0,0x00000000fe580000)
  to   space 86528K, 0% used [0x00000000f4600000,0x00000000f4600000,0x00000000f9a80000)
 ParOldGen       total 333312K, used 256671K [0x00000000a0000000, 0x00000000b4580000, 0x00000000e0000000)
  object space 333312K, 77% used [0x00000000a0000000,0x00000000afaa7ce8,0x00000000b4580000)
 Metaspace       used 73798K, capacity 76892K, committed 77312K, reserved 1116160K
  class space    used 9443K, capacity 10149K, committed 10240K, reserved 1048576K
Event: 211.788 GC heap after
Heap after GC invocations=50 (full 7):
 PSYoungGen      total 420352K, used 49986K [0x00000000e0000000, 0x0000000100000000, 0x0000000100000000)
  eden space 333824K, 0% used [0x00000000e0000000,0x00000000e0000000,0x00000000f4600000)
  from space 86528K, 57% used [0x00000000f4600000,0x00000000f76d09b8,0x00000000f9a80000)
  to   space 87040K, 0% used [0x00000000fab00000,0x00000000fab00000,0x0000000100000000)
 ParOldGen       total 333312K, used 324809K [0x00000000a0000000, 0x00000000b4580000, 0x00000000e0000000)
  object space 333312K, 97% used [0x00000000a0000000,0x00000000b3d326d0,0x00000000b4580000)
 Metaspace       used 73798K, capacity 76892K, committed 77312K, reserved 1116160K
  class space    used 9443K, capacity 10149K, committed 10240K, reserved 1048576K
}
Event: 211.789 GC heap before
{Heap before GC invocations=51 (full 8):
 PSYoungGen      total 420352K, used 49986K [0x00000000e0000000, 0x0000000100000000, 0x0000000100000000)
  eden space 333824K, 0% used [0x00000000e0000000,0x00000000e0000000,0x00000000f4600000)
  from space 86528K, 57% used [0x00000000f4600000,0x00000000f76d09b8,0x00000000f9a80000)
  to   space 87040K, 0% used [0x00000000fab00000,0x00000000fab00000,0x0000000100000000)
 ParOldGen       total 333312K, used 324809K [0x00000000a0000000, 0x00000000b4580000, 0x00000000e0000000)
  object space 333312K, 97% used [0x00000000a0000000,0x00000000b3d326d0,0x00000000b4580000)
 Metaspace       used 73798K, capacity 76892K, committed 77312K, reserved 1116160K
  class space    used 9443K, capacity 10149K, committed 10240K, reserved 1048576K

