# JRE version: OpenJDK Runtime Environment (8.0_112-b06) (build 1.8.0_112-release-b06)
# Java VM: OpenJDK 64-Bit Server VM (25.112-b06 mixed mode linux-amd64 compressed oops)
Heap:
 PSYoungGen      total 392704K, used 15007K [0x00000000e0000000, 0x0000000100000000, 0x0000000100000000)
  eden space 317440K, 0% used [0x00000000e0000000,0x00000000e0000000,0x00000000f3600000)
  from space 75264K, 19% used [0x00000000f3600000,0x00000000f44a7f70,0x00000000f7f80000)
  to   space 110080K, 0% used [0x00000000f9480000,0x00000000f9480000,0x0000000100000000)
 ParOldGen       total 454144K, used 454037K [0x00000000a0000000, 0x00000000bbb80000, 0x00000000e0000000)
  object space 454144K, 99% used [0x00000000a0000000,0x00000000bbb65748,0x00000000bbb80000)
 Metaspace       used 62042K, capacity 63856K, committed 64176K, reserved 1105920K
  class space    used 8092K, capacity 8510K, committed 8624K, reserved 1048576K
GC Heap History (10 events):
Event: 72.611 GC heap after
Heap after GC invocations=39 (full 7):
 PSYoungGen      total 434688K, used 48187K [0x00000000e0000000, 0x00000000ffc00000, 0x0000000100000000)
  eden space 361472K, 0% used [0x00000000e0000000,0x00000000e0000000,0x00000000f6100000)
  from space 73216K, 65% used [0x00000000fab00000,0x00000000fda0ec88,0x00000000ff280000)
  to   space 75776K, 0% used [0x00000000f6100000,0x00000000f6100000,0x00000000fab00000)
 ParOldGen       total 321536K, used 281694K [0x00000000a0000000, 0x00000000b3a00000, 0x00000000e0000000)
  object space 321536K, 87% used [0x00000000a0000000,0x00000000b1317ab0,0x00000000b3a00000)
 Metaspace       used 62031K, capacity 63792K, committed 64176K, reserved 1105920K
  class space    used 8091K, capacity 8510K, committed 8624K, reserved 1048576K
}
Event: 72.611 GC heap before
{Heap before GC invocations=40 (full 8):
 PSYoungGen      total 434688K, used 48187K [0x00000000e0000000, 0x00000000ffc00000, 0x0000000100000000)
  eden space 361472K, 0% used [0x00000000e0000000,0x00000000e0000000,0x00000000f6100000)
  from space 73216K, 65% used [0x00000000fab00000,0x00000000fda0ec88,0x00000000ff280000)
  to   space 75776K, 0% used [0x00000000f6100000,0x00000000f6100000,0x00000000fab00000)
 ParOldGen       total 321536K, used 281694K [0x00000000a0000000, 0x00000000b3a00000, 0x00000000e0000000)
  object space 321536K, 87% used [0x00000000a0000000,0x00000000b1317ab0,0x00000000b3a00000)
 Metaspace       used 62031K, capacity 63792K, committed 64176K, reserved 1105920K
  class space    used 8091K, capacity 8510K, committed 8624K, reserved 1048576K
Event: 74.782 GC heap after
Heap after GC invocations=40 (full 8):
 PSYoungGen      total 434688K, used 3462K [0x00000000e0000000, 0x00000000ffc00000, 0x0000000100000000)
  eden space 361472K, 0% used [0x00000000e0000000,0x00000000e0000000,0x00000000f6100000)
  from space 73216K, 4% used [0x00000000fab00000,0x00000000fae618c8,0x00000000ff280000)
  to   space 75776K, 0% used [0x00000000f6100000,0x00000000f6100000,0x00000000fab00000)
 ParOldGen       total 454144K, used 321424K [0x00000000a0000000, 0x00000000bbb80000, 0x00000000e0000000)
  object space 454144K, 70% used [0x00000000a0000000,0x00000000b39e4268,0x00000000bbb80000)
 Metaspace       used 62031K, capacity 63792K, committed 64176K, reserved 1105920K
  class space    used 8091K, capacity 8510K, committed 8624K, reserved 1048576K
}
Event: 76.503 GC heap before
{Heap before GC invocations=41 (full 8):
 PSYoungGen      total 434688K, used 364934K [0x00000000e0000000, 0x00000000ffc00000, 0x0000000100000000)
  eden space 361472K, 100% used [0x00000000e0000000,0x00000000f6100000,0x00000000f6100000)
  from space 73216K, 4% used [0x00000000fab00000,0x00000000fae618c8,0x00000000ff280000)
  to   space 75776K, 0% used [0x00000000f6100000,0x00000000f6100000,0x00000000fab00000)
 ParOldGen       total 454144K, used 321424K [0x00000000a0000000, 0x00000000bbb80000, 0x00000000e0000000)
  object space 454144K, 70% used [0x00000000a0000000,0x00000000b39e4268,0x00000000bbb80000)
 Metaspace       used 62035K, capacity 63792K, committed 64176K, reserved 1105920K
  class space    used 8091K, capacity 8510K, committed 8624K, reserved 1048576K
Event: 76.694 GC heap after
Heap after GC invocations=41 (full 8):
 PSYoungGen      total 437248K, used 55717K [0x00000000e0000000, 0x0000000100000000, 0x0000000100000000)
  eden space 361472K, 0% used [0x00000000e0000000,0x00000000e0000000,0x00000000f6100000)
  from space 75776K, 73% used [0x00000000f6100000,0x00000000f9769420,0x00000000fab00000)
  to   space 80896K, 0% used [0x00000000fb100000,0x00000000fb100000,0x0000000100000000)
 ParOldGen       total 454144K, used 321432K [0x00000000a0000000, 0x00000000bbb80000, 0x00000000e0000000)
  object space 454144K, 70% used [0x00000000a0000000,0x00000000b39e6268,0x00000000bbb80000)
 Metaspace       used 62035K, capacity 63792K, committed 64176K, reserved 1105920K
  class space    used 8091K, capacity 8510K, committed 8624K, reserved 1048576K
}
Event: 78.488 GC heap before
{Heap before GC invocations=42 (full 8):
 PSYoungGen      total 437248K, used 417189K [0x00000000e0000000, 0x0000000100000000, 0x0000000100000000)
  eden space 361472K, 100% used [0x00000000e0000000,0x00000000f6100000,0x00000000f6100000)
  from space 75776K, 73% used [0x00000000f6100000,0x00000000f9769420,0x00000000fab00000)
  to   space 80896K, 0% used [0x00000000fb100000,0x00000000fb100000,0x0000000100000000)
 ParOldGen       total 454144K, used 321432K [0x00000000a0000000, 0x00000000bbb80000, 0x00000000e0000000)
  object space 454144K, 70% used [0x00000000a0000000,0x00000000b39e6268,0x00000000bbb80000)
 Metaspace       used 62038K, capacity 63856K, committed 64176K, reserved 1105920K
  class space    used 8091K, capacity 8510K, committed 8624K, reserved 1048576K
Event: 78.768 GC heap after
Heap after GC invocations=42 (full 8):
 PSYoungGen      total 398336K, used 80885K [0x00000000e0000000, 0x0000000100000000, 0x0000000100000000)
  eden space 317440K, 0% used [0x00000000e0000000,0x00000000e0000000,0x00000000f3600000)
  from space 80896K, 99% used [0x00000000fb100000,0x00000000ffffd530,0x0000000100000000)
  to   space 103424K, 0% used [0x00000000f3600000,0x00000000f3600000,0x00000000f9b00000)
 ParOldGen       total 454144K, used 348143K [0x00000000a0000000, 0x00000000bbb80000, 0x00000000e0000000)
  object space 454144K, 76% used [0x00000000a0000000,0x00000000b53fbcc0,0x00000000bbb80000)
 Metaspace       used 62038K, capacity 63856K, committed 64176K, reserved 1105920K
  class space    used 8091K, capacity 8510K, committed 8624K, reserved 1048576K
}
Event: 80.232 GC heap before
{Heap before GC invocations=43 (full 8):
 PSYoungGen      total 398336K, used 398325K [0x00000000e0000000, 0x0000000100000000, 0x0000000100000000)
  eden space 317440K, 100% used [0x00000000e0000000,0x00000000f3600000,0x00000000f3600000)
  from space 80896K, 99% used [0x00000000fb100000,0x00000000ffffd530,0x0000000100000000)
  to   space 103424K, 0% used [0x00000000f3600000,0x00000000f3600000,0x00000000f9b00000)
 ParOldGen       total 454144K, used 348143K [0x00000000a0000000, 0x00000000bbb80000, 0x00000000e0000000)
  object space 454144K, 76% used [0x00000000a0000000,0x00000000b53fbcc0,0x00000000bbb80000)
 Metaspace       used 62042K, capacity 63856K, committed 64176K, reserved 1105920K
  class space    used 8092K, capacity 8510K, committed 8624K, reserved 1048576K
Event: 80.542 GC heap after
Heap after GC invocations=43 (full 8):
 PSYoungGen      total 392704K, used 75127K [0x00000000e0000000, 0x0000000100000000, 0x0000000100000000)
  eden space 317440K, 0% used [0x00000000e0000000,0x00000000e0000000,0x00000000f3600000)
  from space 75264K, 99% used [0x00000000f3600000,0x00000000f7f5dce0,0x00000000f7f80000)
  to   space 110080K, 0% used [0x00000000f9480000,0x00000000f9480000,0x0000000100000000)
 ParOldGen       total 454144K, used 399801K [0x00000000a0000000, 0x00000000bbb80000, 0x00000000e0000000)
  object space 454144K, 88% used [0x00000000a0000000,0x00000000b866e600,0x00000000bbb80000)
 Metaspace       used 62042K, capacity 63856K, committed 64176K, reserved 1105920K
  class space    used 8092K, capacity 8510K, committed 8624K, reserved 1048576K
}
Event: 80.542 GC heap before
{Heap before GC invocations=44 (full 9):
 PSYoungGen      total 392704K, used 75127K [0x00000000e0000000, 0x0000000100000000, 0x0000000100000000)
  eden space 317440K, 0% used [0x00000000e0000000,0x00000000e0000000,0x00000000f3600000)
  from space 75264K, 99% used [0x00000000f3600000,0x00000000f7f5dce0,0x00000000f7f80000)
  to   space 110080K, 0% used [0x00000000f9480000,0x00000000f9480000,0x0000000100000000)
 ParOldGen       total 454144K, used 399801K [0x00000000a0000000, 0x00000000bbb80000, 0x00000000e0000000)
  object space 454144K, 88% used [0x00000000a0000000,0x00000000b866e600,0x00000000bbb80000)
 Metaspace       used 62042K, capacity 63856K, committed 64176K, reserved 1105920K
  class space    used 8092K, capacity 8510K, committed 8624K, reserved 1048576K

