# JRE version: OpenJDK Runtime Environment (8.0_112-b06) (build 1.8.0_112-release-b06)
# Java VM: OpenJDK 64-Bit Server VM (25.112-b06 mixed mode linux-amd64 compressed oops)
Heap:
 PSYoungGen      total 365568K, used 44755K [0x00000000e0000000, 0x00000000fa980000, 0x0000000100000000)
  eden space 306176K, 0% used [0x00000000e0000000,0x00000000e0000000,0x00000000f2b00000)
  from space 59392K, 75% used [0x00000000f2b00000,0x00000000f56b4e90,0x00000000f6500000)
  to   space 55808K, 0% used [0x00000000f6500000,0x00000000f6500000,0x00000000f9b80000)
 ParOldGen       total 196096K, used 175361K [0x00000000a0000000, 0x00000000abf80000, 0x00000000e0000000)
  object space 196096K, 89% used [0x00000000a0000000,0x00000000aab40660,0x00000000abf80000)
 Metaspace       used 62649K, capacity 64428K, committed 64688K, reserved 1105920K
  class space    used 8148K, capacity 8559K, committed 8624K, reserved 1048576K
GC Heap History (10 events):
Event: 79.679 GC heap after
Heap after GC invocations=27 (full 4):
 PSYoungGen      total 254464K, used 32485K [0x00000000e0000000, 0x00000000f6300000, 0x0000000100000000)
  eden space 205824K, 0% used [0x00000000e0000000,0x00000000e0000000,0x00000000ec900000)
  from space 48640K, 66% used [0x00000000ec900000,0x00000000ee8b96a8,0x00000000ef880000)
  to   space 51712K, 0% used [0x00000000f3080000,0x00000000f3080000,0x00000000f6300000)
 ParOldGen       total 206848K, used 149735K [0x00000000a0000000, 0x00000000aca00000, 0x00000000e0000000)
  object space 206848K, 72% used [0x00000000a0000000,0x00000000a9239fa0,0x00000000aca00000)
 Metaspace       used 62373K, capacity 64172K, committed 64432K, reserved 1105920K
  class space    used 8146K, capacity 8559K, committed 8624K, reserved 1048576K
}
Event: 80.778 GC heap before
{Heap before GC invocations=28 (full 4):
 PSYoungGen      total 254464K, used 238309K [0x00000000e0000000, 0x00000000f6300000, 0x0000000100000000)
  eden space 205824K, 100% used [0x00000000e0000000,0x00000000ec900000,0x00000000ec900000)
  from space 48640K, 66% used [0x00000000ec900000,0x00000000ee8b96a8,0x00000000ef880000)
  to   space 51712K, 0% used [0x00000000f3080000,0x00000000f3080000,0x00000000f6300000)
 ParOldGen       total 206848K, used 149735K [0x00000000a0000000, 0x00000000aca00000, 0x00000000e0000000)
  object space 206848K, 72% used [0x00000000a0000000,0x00000000a9239fa0,0x00000000aca00000)
 Metaspace       used 62571K, capacity 64364K, committed 64688K, reserved 1105920K
  class space    used 8148K, capacity 8559K, committed 8624K, reserved 1048576K
Event: 80.878 GC heap after
Heap after GC invocations=28 (full 4):
 PSYoungGen      total 311296K, used 27850K [0x00000000e0000000, 0x00000000f6700000, 0x0000000100000000)
  eden space 259584K, 0% used [0x00000000e0000000,0x00000000e0000000,0x00000000efd80000)
  from space 51712K, 53% used [0x00000000f3080000,0x00000000f4bb2bf8,0x00000000f6300000)
  to   space 52224K, 0% used [0x00000000efd80000,0x00000000efd80000,0x00000000f3080000)
 ParOldGen       total 206848K, used 179011K [0x00000000a0000000, 0x00000000aca00000, 0x00000000e0000000)
  object space 206848K, 86% used [0x00000000a0000000,0x00000000aaed0df0,0x00000000aca00000)
 Metaspace       used 62571K, capacity 64364K, committed 64688K, reserved 1105920K
  class space    used 8148K, capacity 8559K, committed 8624K, reserved 1048576K
}
Event: 80.878 GC heap before
{Heap before GC invocations=29 (full 5):
 PSYoungGen      total 311296K, used 27850K [0x00000000e0000000, 0x00000000f6700000, 0x0000000100000000)
  eden space 259584K, 0% used [0x00000000e0000000,0x00000000e0000000,0x00000000efd80000)
  from space 51712K, 53% used [0x00000000f3080000,0x00000000f4bb2bf8,0x00000000f6300000)
  to   space 52224K, 0% used [0x00000000efd80000,0x00000000efd80000,0x00000000f3080000)
 ParOldGen       total 206848K, used 179011K [0x00000000a0000000, 0x00000000aca00000, 0x00000000e0000000)
  object space 206848K, 86% used [0x00000000a0000000,0x00000000aaed0df0,0x00000000aca00000)
 Metaspace       used 62571K, capacity 64364K, committed 64688K, reserved 1105920K
  class space    used 8148K, capacity 8559K, committed 8624K, reserved 1048576K
Event: 81.576 GC heap after
Heap after GC invocations=29 (full 5):
 PSYoungGen      total 311296K, used 0K [0x00000000e0000000, 0x00000000f6700000, 0x0000000100000000)
  eden space 259584K, 0% used [0x00000000e0000000,0x00000000e0000000,0x00000000efd80000)
  from space 51712K, 0% used [0x00000000f3080000,0x00000000f3080000,0x00000000f6300000)
  to   space 52224K, 0% used [0x00000000efd80000,0x00000000efd80000,0x00000000f3080000)
 ParOldGen       total 196096K, used 103018K [0x00000000a0000000, 0x00000000abf80000, 0x00000000e0000000)
  object space 196096K, 52% used [0x00000000a0000000,0x00000000a649a910,0x00000000abf80000)
 Metaspace       used 62571K, capacity 64364K, committed 64688K, reserved 1105920K
  class space    used 8148K, capacity 8559K, committed 8624K, reserved 1048576K
}
Event: 83.049 GC heap before
{Heap before GC invocations=30 (full 5):
 PSYoungGen      total 311296K, used 259584K [0x00000000e0000000, 0x00000000f6700000, 0x0000000100000000)
  eden space 259584K, 100% used [0x00000000e0000000,0x00000000efd80000,0x00000000efd80000)
  from space 51712K, 0% used [0x00000000f3080000,0x00000000f3080000,0x00000000f6300000)
  to   space 52224K, 0% used [0x00000000efd80000,0x00000000efd80000,0x00000000f3080000)
 ParOldGen       total 196096K, used 103018K [0x00000000a0000000, 0x00000000abf80000, 0x00000000e0000000)
  object space 196096K, 52% used [0x00000000a0000000,0x00000000a649a910,0x00000000abf80000)
 Metaspace       used 62627K, capacity 64428K, committed 64688K, reserved 1105920K
  class space    used 8148K, capacity 8559K, committed 8624K, reserved 1048576K
Event: 83.110 GC heap after
Heap after GC invocations=30 (full 5):
 PSYoungGen      total 311808K, used 36444K [0x00000000e0000000, 0x00000000f9b80000, 0x0000000100000000)
  eden space 259584K, 0% used [0x00000000e0000000,0x00000000e0000000,0x00000000efd80000)
  from space 52224K, 69% used [0x00000000efd80000,0x00000000f2117150,0x00000000f3080000)
  to   space 55808K, 0% used [0x00000000f6500000,0x00000000f6500000,0x00000000f9b80000)
 ParOldGen       total 196096K, used 103026K [0x00000000a0000000, 0x00000000abf80000, 0x00000000e0000000)
  object space 196096K, 52% used [0x00000000a0000000,0x00000000a649c910,0x00000000abf80000)
 Metaspace       used 62627K, capacity 64428K, committed 64688K, reserved 1105920K
  class space    used 8148K, capacity 8559K, committed 8624K, reserved 1048576K
}
Event: 84.211 GC heap before
{Heap before GC invocations=31 (full 5):
 PSYoungGen      total 311808K, used 296028K [0x00000000e0000000, 0x00000000f9b80000, 0x0000000100000000)
  eden space 259584K, 100% used [0x00000000e0000000,0x00000000efd80000,0x00000000efd80000)
  from space 52224K, 69% used [0x00000000efd80000,0x00000000f2117150,0x00000000f3080000)
  to   space 55808K, 0% used [0x00000000f6500000,0x00000000f6500000,0x00000000f9b80000)
 ParOldGen       total 196096K, used 103026K [0x00000000a0000000, 0x00000000abf80000, 0x00000000e0000000)
  object space 196096K, 52% used [0x00000000a0000000,0x00000000a649c910,0x00000000abf80000)
 Metaspace       used 62646K, capacity 64428K, committed 64688K, reserved 1105920K
  class space    used 8148K, capacity 8559K, committed 8624K, reserved 1048576K
Event: 85.311 GC heap after
Heap after GC invocations=31 (full 5):
 PSYoungGen      total 361984K, used 39452K [0x00000000e0000000, 0x00000000fa980000, 0x0000000100000000)
  eden space 306176K, 0% used [0x00000000e0000000,0x00000000e0000000,0x00000000f2b00000)
  from space 55808K, 70% used [0x00000000f6500000,0x00000000f8b872d8,0x00000000f9b80000)
  to   space 59392K, 0% used [0x00000000f2b00000,0x00000000f2b00000,0x00000000f6500000)
 ParOldGen       total 196096K, used 137547K [0x00000000a0000000, 0x00000000abf80000, 0x00000000e0000000)
  object space 196096K, 70% used [0x00000000a0000000,0x00000000a8652dd0,0x00000000abf80000)
 Metaspace       used 62646K, capacity 64428K, committed 64688K, reserved 1105920K
  class space    used 8148K, capacity 8559K, committed 8624K, reserved 1048576K
}
Event: 89.616 GC heap before
{Heap before GC invocations=32 (full 5):
 PSYoungGen      total 361984K, used 345628K [0x00000000e0000000, 0x00000000fa980000, 0x0000000100000000)
  eden space 306176K, 100% used [0x00000000e0000000,0x00000000f2b00000,0x00000000f2b00000)
  from space 55808K, 70% used [0x00000000f6500000,0x00000000f8b872d8,0x00000000f9b80000)
  to   space 59392K, 0% used [0x00000000f2b00000,0x00000000f2b00000,0x00000000f6500000)
 ParOldGen       total 196096K, used 137547K [0x00000000a0000000, 0x00000000abf80000, 0x00000000e0000000)
  object space 196096K, 70% used [0x00000000a0000000,0x00000000a8652dd0,0x00000000abf80000)
 Metaspace       used 62649K, capacity 64428K, committed 64688K, reserved 1105920K
  class space    used 8148K, capacity 8559K, committed 8624K, reserved 1048576K

