# JRE version: OpenJDK Runtime Environment (8.0_112-b06) (build 1.8.0_112-release-b06)
# Java VM: OpenJDK 64-Bit Server VM (25.112-b06 mixed mode linux-amd64 compressed oops)
Heap:
 PSYoungGen      total 345088K, used 19716K [0x00000000e0000000, 0x00000000fc100000, 0x0000000100000000)
  eden space 283136K, 0% used [0x00000000e0000000,0x00000000e0000000,0x00000000f1480000)
  from space 61952K, 31% used [0x00000000f6200000,0x00000000f7541380,0x00000000f9e80000)
  to   space 79360K, 0% used [0x00000000f1480000,0x00000000f1480000,0x00000000f6200000)
 ParOldGen       total 344064K, used 344000K [0x00000000a0000000, 0x00000000b5000000, 0x00000000e0000000)
  object space 344064K, 99% used [0x00000000a0000000,0x00000000b4ff0348,0x00000000b5000000)
 Metaspace       used 62784K, capacity 64566K, committed 64944K, reserved 1105920K
  class space    used 8162K, capacity 8575K, committed 8624K, reserved 1048576K
GC Heap History (10 events):
Event: 60.089 GC heap after
Heap after GC invocations=45 (full 7):
 PSYoungGen      total 314880K, used 8481K [0x00000000e0000000, 0x00000000f6780000, 0x0000000100000000)
  eden space 264704K, 0% used [0x00000000e0000000,0x00000000e0000000,0x00000000f0280000)
  from space 50176K, 16% used [0x00000000f3400000,0x00000000f3c48520,0x00000000f6500000)
  to   space 50688K, 0% used [0x00000000f0280000,0x00000000f0280000,0x00000000f3400000)
 ParOldGen       total 344064K, used 223304K [0x00000000a0000000, 0x00000000b5000000, 0x00000000e0000000)
  object space 344064K, 64% used [0x00000000a0000000,0x00000000ada12008,0x00000000b5000000)
 Metaspace       used 62764K, capacity 64502K, committed 64688K, reserved 1105920K
  class space    used 8161K, capacity 8575K, committed 8624K, reserved 1048576K
}
Event: 60.637 GC heap before
{Heap before GC invocations=46 (full 7):
 PSYoungGen      total 314880K, used 273185K [0x00000000e0000000, 0x00000000f6780000, 0x0000000100000000)
  eden space 264704K, 100% used [0x00000000e0000000,0x00000000f0280000,0x00000000f0280000)
  from space 50176K, 16% used [0x00000000f3400000,0x00000000f3c48520,0x00000000f6500000)
  to   space 50688K, 0% used [0x00000000f0280000,0x00000000f0280000,0x00000000f3400000)
 ParOldGen       total 344064K, used 223304K [0x00000000a0000000, 0x00000000b5000000, 0x00000000e0000000)
  object space 344064K, 64% used [0x00000000a0000000,0x00000000ada12008,0x00000000b5000000)
 Metaspace       used 62771K, capacity 64566K, committed 64944K, reserved 1105920K
  class space    used 8162K, capacity 8575K, committed 8624K, reserved 1048576K
Event: 60.745 GC heap after
Heap after GC invocations=46 (full 7):
 PSYoungGen      total 315392K, used 23587K [0x00000000e0000000, 0x00000000f7700000, 0x0000000100000000)
  eden space 264704K, 0% used [0x00000000e0000000,0x00000000e0000000,0x00000000f0280000)
  from space 50688K, 46% used [0x00000000f0280000,0x00000000f1988c38,0x00000000f3400000)
  to   space 48640K, 0% used [0x00000000f4780000,0x00000000f4780000,0x00000000f7700000)
 ParOldGen       total 344064K, used 231026K [0x00000000a0000000, 0x00000000b5000000, 0x00000000e0000000)
  object space 344064K, 67% used [0x00000000a0000000,0x00000000ae19c8f8,0x00000000b5000000)
 Metaspace       used 62771K, capacity 64566K, committed 64944K, reserved 1105920K
  class space    used 8162K, capacity 8575K, committed 8624K, reserved 1048576K
}
Event: 61.585 GC heap before
{Heap before GC invocations=47 (full 7):
 PSYoungGen      total 315392K, used 288291K [0x00000000e0000000, 0x00000000f7700000, 0x0000000100000000)
  eden space 264704K, 100% used [0x00000000e0000000,0x00000000f0280000,0x00000000f0280000)
  from space 50688K, 46% used [0x00000000f0280000,0x00000000f1988c38,0x00000000f3400000)
  to   space 48640K, 0% used [0x00000000f4780000,0x00000000f4780000,0x00000000f7700000)
 ParOldGen       total 344064K, used 231026K [0x00000000a0000000, 0x00000000b5000000, 0x00000000e0000000)
  object space 344064K, 67% used [0x00000000a0000000,0x00000000ae19ca68,0x00000000b5000000)
 Metaspace       used 62774K, capacity 64566K, committed 64944K, reserved 1105920K
  class space    used 8162K, capacity 8575K, committed 8624K, reserved 1048576K
Event: 61.712 GC heap after
Heap after GC invocations=47 (full 7):
 PSYoungGen      total 325120K, used 48621K [0x00000000e0000000, 0x00000000f8d00000, 0x0000000100000000)
  eden space 276480K, 0% used [0x00000000e0000000,0x00000000e0000000,0x00000000f0e00000)
  from space 48640K, 99% used [0x00000000f4780000,0x00000000f76fb660,0x00000000f7700000)
  to   space 58880K, 0% used [0x00000000f0e00000,0x00000000f0e00000,0x00000000f4780000)
 ParOldGen       total 344064K, used 239019K [0x00000000a0000000, 0x00000000b5000000, 0x00000000e0000000)
  object space 344064K, 69% used [0x00000000a0000000,0x00000000ae96ac10,0x00000000b5000000)
 Metaspace       used 62774K, capacity 64566K, committed 64944K, reserved 1105920K
  class space    used 8162K, capacity 8575K, committed 8624K, reserved 1048576K
}
Event: 62.765 GC heap before
{Heap before GC invocations=48 (full 7):
 PSYoungGen      total 325120K, used 325101K [0x00000000e0000000, 0x00000000f8d00000, 0x0000000100000000)
  eden space 276480K, 100% used [0x00000000e0000000,0x00000000f0e00000,0x00000000f0e00000)
  from space 48640K, 99% used [0x00000000f4780000,0x00000000f76fb660,0x00000000f7700000)
  to   space 58880K, 0% used [0x00000000f0e00000,0x00000000f0e00000,0x00000000f4780000)
 ParOldGen       total 344064K, used 239020K [0x00000000a0000000, 0x00000000b5000000, 0x00000000e0000000)
  object space 344064K, 69% used [0x00000000a0000000,0x00000000ae96b290,0x00000000b5000000)
 Metaspace       used 62778K, capacity 64566K, committed 64944K, reserved 1105920K
  class space    used 8162K, capacity 8575K, committed 8624K, reserved 1048576K
Event: 62.934 GC heap after
Heap after GC invocations=48 (full 7):
 PSYoungGen      total 335360K, used 41608K [0x00000000e0000000, 0x00000000f9e80000, 0x0000000100000000)
  eden space 276480K, 0% used [0x00000000e0000000,0x00000000e0000000,0x00000000f0e00000)
  from space 58880K, 70% used [0x00000000f0e00000,0x00000000f36a21d0,0x00000000f4780000)
  to   space 61952K, 0% used [0x00000000f6200000,0x00000000f6200000,0x00000000f9e80000)
 ParOldGen       total 344064K, used 287633K [0x00000000a0000000, 0x00000000b5000000, 0x00000000e0000000)
  object space 344064K, 83% used [0x00000000a0000000,0x00000000b18e4498,0x00000000b5000000)
 Metaspace       used 62778K, capacity 64566K, committed 64944K, reserved 1105920K
  class space    used 8162K, capacity 8575K, committed 8624K, reserved 1048576K
}
Event: 64.087 GC heap before
{Heap before GC invocations=49 (full 7):
 PSYoungGen      total 335360K, used 318088K [0x00000000e0000000, 0x00000000f9e80000, 0x0000000100000000)
  eden space 276480K, 100% used [0x00000000e0000000,0x00000000f0e00000,0x00000000f0e00000)
  from space 58880K, 70% used [0x00000000f0e00000,0x00000000f36a21d0,0x00000000f4780000)
  to   space 61952K, 0% used [0x00000000f6200000,0x00000000f6200000,0x00000000f9e80000)
 ParOldGen       total 344064K, used 287633K [0x00000000a0000000, 0x00000000b5000000, 0x00000000e0000000)
  object space 344064K, 83% used [0x00000000a0000000,0x00000000b18e4498,0x00000000b5000000)
 Metaspace       used 62784K, capacity 64566K, committed 64944K, reserved 1105920K
  class space    used 8162K, capacity 8575K, committed 8624K, reserved 1048576K
Event: 64.251 GC heap after
Heap after GC invocations=49 (full 7):
 PSYoungGen      total 345088K, used 61930K [0x00000000e0000000, 0x00000000fc100000, 0x0000000100000000)
  eden space 283136K, 0% used [0x00000000e0000000,0x00000000e0000000,0x00000000f1480000)
  from space 61952K, 99% used [0x00000000f6200000,0x00000000f9e7a850,0x00000000f9e80000)
  to   space 79360K, 0% used [0x00000000f1480000,0x00000000f1480000,0x00000000f6200000)
 ParOldGen       total 344064K, used 309449K [0x00000000a0000000, 0x00000000b5000000, 0x00000000e0000000)
  object space 344064K, 89% used [0x00000000a0000000,0x00000000b2e32500,0x00000000b5000000)
 Metaspace       used 62784K, capacity 64566K, committed 64944K, reserved 1105920K
  class space    used 8162K, capacity 8575K, committed 8624K, reserved 1048576K
}
Event: 64.251 GC heap before
{Heap before GC invocations=50 (full 8):
 PSYoungGen      total 345088K, used 61930K [0x00000000e0000000, 0x00000000fc100000, 0x0000000100000000)
  eden space 283136K, 0% used [0x00000000e0000000,0x00000000e0000000,0x00000000f1480000)
  from space 61952K, 99% used [0x00000000f6200000,0x00000000f9e7a850,0x00000000f9e80000)
  to   space 79360K, 0% used [0x00000000f1480000,0x00000000f1480000,0x00000000f6200000)
 ParOldGen       total 344064K, used 309449K [0x00000000a0000000, 0x00000000b5000000, 0x00000000e0000000)
  object space 344064K, 89% used [0x00000000a0000000,0x00000000b2e32500,0x00000000b5000000)
 Metaspace       used 62784K, capacity 64566K, committed 64944K, reserved 1105920K
  class space    used 8162K, capacity 8575K, committed 8624K, reserved 1048576K

