# JRE version: OpenJDK Runtime Environment (8.0_112-b06) (build 1.8.0_112-release-b06)
# Java VM: OpenJDK 64-Bit Server VM (25.112-b06 mixed mode linux-amd64 compressed oops)
Heap:
 PSYoungGen      total 310272K, used 36363K [0x00000000e0000000, 0x0000000100000000, 0x0000000100000000)
  eden space 175104K, 0% used [0x00000000e0000000,0x00000000e0000000,0x00000000eab00000)
  from space 135168K, 26% used [0x00000000f7c00000,0x00000000f9f82eb8,0x0000000100000000)
  to   space 174592K, 0% used [0x00000000eab00000,0x00000000eab00000,0x00000000f5580000)
 ParOldGen       total 736256K, used 735919K [0x00000000a0000000, 0x00000000ccf00000, 0x00000000e0000000)
  object space 736256K, 99% used [0x00000000a0000000,0x00000000cceabe40,0x00000000ccf00000)
 Metaspace       used 67560K, capacity 69546K, committed 69760K, reserved 1110016K
  class space    used 8529K, capacity 8971K, committed 9088K, reserved 1048576K
GC Heap History (10 events):
Event: 103.328 GC heap after
Heap after GC invocations=59 (full 8):
 PSYoungGen      total 390144K, used 68667K [0x00000000e0000000, 0x0000000100000000, 0x0000000100000000)
  eden space 256000K, 0% used [0x00000000e0000000,0x00000000e0000000,0x00000000efa00000)
  from space 134144K, 51% used [0x00000000efa00000,0x00000000f3d0ed08,0x00000000f7d00000)
  to   space 131072K, 0% used [0x00000000f8000000,0x00000000f8000000,0x0000000100000000)
 ParOldGen       total 543744K, used 543369K [0x00000000a0000000, 0x00000000c1300000, 0x00000000e0000000)
  object space 543744K, 99% used [0x00000000a0000000,0x00000000c12a24a8,0x00000000c1300000)
 Metaspace       used 67549K, capacity 69546K, committed 69760K, reserved 1110016K
  class space    used 8528K, capacity 8971K, committed 9088K, reserved 1048576K
}
Event: 103.328 GC heap before
{Heap before GC invocations=60 (full 9):
 PSYoungGen      total 390144K, used 68667K [0x00000000e0000000, 0x0000000100000000, 0x0000000100000000)
  eden space 256000K, 0% used [0x00000000e0000000,0x00000000e0000000,0x00000000efa00000)
  from space 134144K, 51% used [0x00000000efa00000,0x00000000f3d0ed08,0x00000000f7d00000)
  to   space 131072K, 0% used [0x00000000f8000000,0x00000000f8000000,0x0000000100000000)
 ParOldGen       total 543744K, used 543369K [0x00000000a0000000, 0x00000000c1300000, 0x00000000e0000000)
  object space 543744K, 99% used [0x00000000a0000000,0x00000000c12a24a8,0x00000000c1300000)
 Metaspace       used 67549K, capacity 69546K, committed 69760K, reserved 1110016K
  class space    used 8528K, capacity 8971K, committed 9088K, reserved 1048576K
Event: 107.727 GC heap after
Heap after GC invocations=60 (full 9):
 PSYoungGen      total 390144K, used 60164K [0x00000000e0000000, 0x0000000100000000, 0x0000000100000000)
  eden space 256000K, 0% used [0x00000000e0000000,0x00000000e0000000,0x00000000efa00000)
  from space 134144K, 44% used [0x00000000efa00000,0x00000000f34c12c8,0x00000000f7d00000)
  to   space 131072K, 0% used [0x00000000f8000000,0x00000000f8000000,0x0000000100000000)
 ParOldGen       total 736256K, used 543282K [0x00000000a0000000, 0x00000000ccf00000, 0x00000000e0000000)
  object space 736256K, 73% used [0x00000000a0000000,0x00000000c128c830,0x00000000ccf00000)
 Metaspace       used 67549K, capacity 69546K, committed 69760K, reserved 1110016K
  class space    used 8528K, capacity 8971K, committed 9088K, reserved 1048576K
}
Event: 109.307 GC heap before
{Heap before GC invocations=61 (full 9):
 PSYoungGen      total 390144K, used 316164K [0x00000000e0000000, 0x0000000100000000, 0x0000000100000000)
  eden space 256000K, 100% used [0x00000000e0000000,0x00000000efa00000,0x00000000efa00000)
  from space 134144K, 44% used [0x00000000efa00000,0x00000000f34c12c8,0x00000000f7d00000)
  to   space 131072K, 0% used [0x00000000f8000000,0x00000000f8000000,0x0000000100000000)
 ParOldGen       total 736256K, used 543282K [0x00000000a0000000, 0x00000000ccf00000, 0x00000000e0000000)
  object space 736256K, 73% used [0x00000000a0000000,0x00000000c128c830,0x00000000ccf00000)
 Metaspace       used 67558K, capacity 69546K, committed 69760K, reserved 1110016K
  class space    used 8529K, capacity 8971K, committed 9088K, reserved 1048576K
Event: 109.735 GC heap after
Heap after GC invocations=61 (full 9):
 PSYoungGen      total 385024K, used 87894K [0x00000000e0000000, 0x0000000100000000, 0x0000000100000000)
  eden space 253952K, 0% used [0x00000000e0000000,0x00000000e0000000,0x00000000ef800000)
  from space 131072K, 67% used [0x00000000f8000000,0x00000000fd5d5bd8,0x0000000100000000)
  to   space 135168K, 0% used [0x00000000ef800000,0x00000000ef800000,0x00000000f7c00000)
 ParOldGen       total 736256K, used 543282K [0x00000000a0000000, 0x00000000ccf00000, 0x00000000e0000000)
  object space 736256K, 73% used [0x00000000a0000000,0x00000000c128c830,0x00000000ccf00000)
 Metaspace       used 67558K, capacity 69546K, committed 69760K, reserved 1110016K
  class space    used 8529K, capacity 8971K, committed 9088K, reserved 1048576K
}
Event: 112.549 GC heap before
{Heap before GC invocations=62 (full 9):
 PSYoungGen      total 385024K, used 341846K [0x00000000e0000000, 0x0000000100000000, 0x0000000100000000)
  eden space 253952K, 100% used [0x00000000e0000000,0x00000000ef800000,0x00000000ef800000)
  from space 131072K, 67% used [0x00000000f8000000,0x00000000fd5d5bd8,0x0000000100000000)
  to   space 135168K, 0% used [0x00000000ef800000,0x00000000ef800000,0x00000000f7c00000)
 ParOldGen       total 736256K, used 543282K [0x00000000a0000000, 0x00000000ccf00000, 0x00000000e0000000)
  object space 736256K, 73% used [0x00000000a0000000,0x00000000c128c830,0x00000000ccf00000)
 Metaspace       used 67559K, capacity 69546K, committed 69760K, reserved 1110016K
  class space    used 8529K, capacity 8971K, committed 9088K, reserved 1048576K
Event: 112.943 GC heap after
Heap after GC invocations=62 (full 9):
 PSYoungGen      total 389120K, used 135150K [0x00000000e0000000, 0x0000000100000000, 0x0000000100000000)
  eden space 253952K, 0% used [0x00000000e0000000,0x00000000e0000000,0x00000000ef800000)
  from space 135168K, 99% used [0x00000000ef800000,0x00000000f7bfba50,0x00000000f7c00000)
  to   space 135168K, 0% used [0x00000000f7c00000,0x00000000f7c00000,0x0000000100000000)
 ParOldGen       total 736256K, used 617241K [0x00000000a0000000, 0x00000000ccf00000, 0x00000000e0000000)
  object space 736256K, 83% used [0x00000000a0000000,0x00000000c5ac6520,0x00000000ccf00000)
 Metaspace       used 67559K, capacity 69546K, committed 69760K, reserved 1110016K
  class space    used 8529K, capacity 8971K, committed 9088K, reserved 1048576K
}
Event: 113.517 GC heap before
{Heap before GC invocations=63 (full 9):
 PSYoungGen      total 389120K, used 389102K [0x00000000e0000000, 0x0000000100000000, 0x0000000100000000)
  eden space 253952K, 100% used [0x00000000e0000000,0x00000000ef800000,0x00000000ef800000)
  from space 135168K, 99% used [0x00000000ef800000,0x00000000f7bfba50,0x00000000f7c00000)
  to   space 135168K, 0% used [0x00000000f7c00000,0x00000000f7c00000,0x0000000100000000)
 ParOldGen       total 736256K, used 617241K [0x00000000a0000000, 0x00000000ccf00000, 0x00000000e0000000)
  object space 736256K, 83% used [0x00000000a0000000,0x00000000c5ac6520,0x00000000ccf00000)
 Metaspace       used 67560K, capacity 69546K, committed 69760K, reserved 1110016K
  class space    used 8529K, capacity 8971K, committed 9088K, reserved 1048576K
Event: 114.124 GC heap after
Heap after GC invocations=63 (full 9):
 PSYoungGen      total 310272K, used 135159K [0x00000000e0000000, 0x0000000100000000, 0x0000000100000000)
  eden space 175104K, 0% used [0x00000000e0000000,0x00000000e0000000,0x00000000eab00000)
  from space 135168K, 99% used [0x00000000f7c00000,0x00000000ffffdd70,0x0000000100000000)
  to   space 174592K, 0% used [0x00000000eab00000,0x00000000eab00000,0x00000000f5580000)
 ParOldGen       total 736256K, used 681391K [0x00000000a0000000, 0x00000000ccf00000, 0x00000000e0000000)
  object space 736256K, 92% used [0x00000000a0000000,0x00000000c996bf48,0x00000000ccf00000)
 Metaspace       used 67560K, capacity 69546K, committed 69760K, reserved 1110016K
  class space    used 8529K, capacity 8971K, committed 9088K, reserved 1048576K
}
Event: 114.138 GC heap before
{Heap before GC invocations=64 (full 10):
 PSYoungGen      total 310272K, used 135159K [0x00000000e0000000, 0x0000000100000000, 0x0000000100000000)
  eden space 175104K, 0% used [0x00000000e0000000,0x00000000e0000000,0x00000000eab00000)
  from space 135168K, 99% used [0x00000000f7c00000,0x00000000ffffdd70,0x0000000100000000)
  to   space 174592K, 0% used [0x00000000eab00000,0x00000000eab00000,0x00000000f5580000)
 ParOldGen       total 736256K, used 681391K [0x00000000a0000000, 0x00000000ccf00000, 0x00000000e0000000)
  object space 736256K, 92% used [0x00000000a0000000,0x00000000c996bf48,0x00000000ccf00000)
 Metaspace       used 67560K, capacity 69546K, committed 69760K, reserved 1110016K
  class space    used 8529K, capacity 8971K, committed 9088K, reserved 1048576K

