# JRE version: OpenJDK Runtime Environment (8.0_112-b06) (build 1.8.0_112-release-b06)
# Java VM: OpenJDK 64-Bit Server VM (25.112-b06 mixed mode linux-amd64 compressed oops)
Heap:
 PSYoungGen      total 349696K, used 0K [0x00000000e0000000, 0x0000000100000000, 0x0000000100000000)
  eden space 175104K, 0% used [0x00000000e0000000,0x00000000e0000000,0x00000000eab00000)
  from space 174592K, 0% used [0x00000000eab00000,0x00000000eab00000,0x00000000f5580000)
  to   space 174592K, 0% used [0x00000000f5580000,0x00000000f5580000,0x0000000100000000)
 ParOldGen       total 842240K, used 733936K [0x00000000a0000000, 0x00000000d3680000, 0x00000000e0000000)
  object space 842240K, 87% used [0x00000000a0000000,0x00000000cccbc178,0x00000000d3680000)
 Metaspace       used 54067K, capacity 55816K, committed 55984K, reserved 1097728K
  class space    used 7116K, capacity 7501K, committed 7600K, reserved 1048576K
GC Heap History (10 events):
Event: 63.144 GC heap after
Heap after GC invocations=54 (full 8):
 PSYoungGen      total 336384K, used 161256K [0x00000000e0000000, 0x0000000100000000, 0x0000000100000000)
  eden space 175104K, 0% used [0x00000000e0000000,0x00000000e0000000,0x00000000eab00000)
  from space 161280K, 99% used [0x00000000f6280000,0x00000000ffffa350,0x0000000100000000)
  to   space 174592K, 0% used [0x00000000eab00000,0x00000000eab00000,0x00000000f5580000)
 ParOldGen       total 653312K, used 588614K [0x00000000a0000000, 0x00000000c7e00000, 0x00000000e0000000)
  object space 653312K, 90% used [0x00000000a0000000,0x00000000c3ed19b8,0x00000000c7e00000)
 Metaspace       used 54067K, capacity 55816K, committed 55984K, reserved 1097728K
  class space    used 7116K, capacity 7501K, committed 7600K, reserved 1048576K
}
Event: 63.144 GC heap before
{Heap before GC invocations=55 (full 9):
 PSYoungGen      total 336384K, used 161256K [0x00000000e0000000, 0x0000000100000000, 0x0000000100000000)
  eden space 175104K, 0% used [0x00000000e0000000,0x00000000e0000000,0x00000000eab00000)
  from space 161280K, 99% used [0x00000000f6280000,0x00000000ffffa350,0x0000000100000000)
  to   space 174592K, 0% used [0x00000000eab00000,0x00000000eab00000,0x00000000f5580000)
 ParOldGen       total 653312K, used 588614K [0x00000000a0000000, 0x00000000c7e00000, 0x00000000e0000000)
  object space 653312K, 90% used [0x00000000a0000000,0x00000000c3ed19b8,0x00000000c7e00000)
 Metaspace       used 54067K, capacity 55816K, committed 55984K, reserved 1097728K
  class space    used 7116K, capacity 7501K, committed 7600K, reserved 1048576K
Event: 66.399 GC heap after
Heap after GC invocations=55 (full 9):
 PSYoungGen      total 336384K, used 92374K [0x00000000e0000000, 0x0000000100000000, 0x0000000100000000)
  eden space 175104K, 0% used [0x00000000e0000000,0x00000000e0000000,0x00000000eab00000)
  from space 161280K, 57% used [0x00000000f6280000,0x00000000fbcb5850,0x0000000100000000)
  to   space 174592K, 0% used [0x00000000eab00000,0x00000000eab00000,0x00000000f5580000)
 ParOldGen       total 842240K, used 653169K [0x00000000a0000000, 0x00000000d3680000, 0x00000000e0000000)
  object space 842240K, 77% used [0x00000000a0000000,0x00000000c7ddc498,0x00000000d3680000)
 Metaspace       used 54067K, capacity 55816K, committed 55984K, reserved 1097728K
  class space    used 7116K, capacity 7501K, committed 7600K, reserved 1048576K
}
Event: 66.869 GC heap before
{Heap before GC invocations=56 (full 9):
 PSYoungGen      total 336384K, used 267478K [0x00000000e0000000, 0x0000000100000000, 0x0000000100000000)
  eden space 175104K, 100% used [0x00000000e0000000,0x00000000eab00000,0x00000000eab00000)
  from space 161280K, 57% used [0x00000000f6280000,0x00000000fbcb5850,0x0000000100000000)
  to   space 174592K, 0% used [0x00000000eab00000,0x00000000eab00000,0x00000000f5580000)
 ParOldGen       total 842240K, used 653169K [0x00000000a0000000, 0x00000000d3680000, 0x00000000e0000000)
  object space 842240K, 77% used [0x00000000a0000000,0x00000000c7ddc498,0x00000000d3680000)
 Metaspace       used 54067K, capacity 55816K, committed 55984K, reserved 1097728K
  class space    used 7116K, capacity 7501K, committed 7600K, reserved 1048576K
Event: 67.149 GC heap after
Heap after GC invocations=56 (full 9):
 PSYoungGen      total 349696K, used 124634K [0x00000000e0000000, 0x0000000100000000, 0x0000000100000000)
  eden space 175104K, 0% used [0x00000000e0000000,0x00000000e0000000,0x00000000eab00000)
  from space 174592K, 71% used [0x00000000eab00000,0x00000000f24b69e8,0x00000000f5580000)
  to   space 174592K, 0% used [0x00000000f5580000,0x00000000f5580000,0x0000000100000000)
 ParOldGen       total 842240K, used 661415K [0x00000000a0000000, 0x00000000d3680000, 0x00000000e0000000)
  object space 842240K, 78% used [0x00000000a0000000,0x00000000c85e9e38,0x00000000d3680000)
 Metaspace       used 54067K, capacity 55816K, committed 55984K, reserved 1097728K
  class space    used 7116K, capacity 7501K, committed 7600K, reserved 1048576K
}
Event: 67.584 GC heap before
{Heap before GC invocations=57 (full 9):
 PSYoungGen      total 349696K, used 299738K [0x00000000e0000000, 0x0000000100000000, 0x0000000100000000)
  eden space 175104K, 100% used [0x00000000e0000000,0x00000000eab00000,0x00000000eab00000)
  from space 174592K, 71% used [0x00000000eab00000,0x00000000f24b69e8,0x00000000f5580000)
  to   space 174592K, 0% used [0x00000000f5580000,0x00000000f5580000,0x0000000100000000)
 ParOldGen       total 842240K, used 661415K [0x00000000a0000000, 0x00000000d3680000, 0x00000000e0000000)
  object space 842240K, 78% used [0x00000000a0000000,0x00000000c85e9e38,0x00000000d3680000)
 Metaspace       used 54067K, capacity 55816K, committed 55984K, reserved 1097728K
  class space    used 7116K, capacity 7501K, committed 7600K, reserved 1048576K
Event: 67.775 GC heap after
Heap after GC invocations=57 (full 9):
 PSYoungGen      total 349696K, used 127938K [0x00000000e0000000, 0x0000000100000000, 0x0000000100000000)
  eden space 175104K, 0% used [0x00000000e0000000,0x00000000e0000000,0x00000000eab00000)
  from space 174592K, 73% used [0x00000000f5580000,0x00000000fd270960,0x0000000100000000)
  to   space 174592K, 0% used [0x00000000eab00000,0x00000000eab00000,0x00000000f5580000)
 ParOldGen       total 842240K, used 733049K [0x00000000a0000000, 0x00000000d3680000, 0x00000000e0000000)
  object space 842240K, 87% used [0x00000000a0000000,0x00000000ccbde720,0x00000000d3680000)
 Metaspace       used 54067K, capacity 55816K, committed 55984K, reserved 1097728K
  class space    used 7116K, capacity 7501K, committed 7600K, reserved 1048576K
}
Event: 68.147 GC heap before
{Heap before GC invocations=58 (full 9):
 PSYoungGen      total 349696K, used 303042K [0x00000000e0000000, 0x0000000100000000, 0x0000000100000000)
  eden space 175104K, 100% used [0x00000000e0000000,0x00000000eab00000,0x00000000eab00000)
  from space 174592K, 73% used [0x00000000f5580000,0x00000000fd270960,0x0000000100000000)
  to   space 174592K, 0% used [0x00000000eab00000,0x00000000eab00000,0x00000000f5580000)
 ParOldGen       total 842240K, used 733049K [0x00000000a0000000, 0x00000000d3680000, 0x00000000e0000000)
  object space 842240K, 87% used [0x00000000a0000000,0x00000000ccbde720,0x00000000d3680000)
 Metaspace       used 54067K, capacity 55816K, committed 55984K, reserved 1097728K
  class space    used 7116K, capacity 7501K, committed 7600K, reserved 1048576K
Event: 68.354 GC heap after
Heap after GC invocations=58 (full 9):
 PSYoungGen      total 349696K, used 78201K [0x00000000e0000000, 0x0000000100000000, 0x0000000100000000)
  eden space 175104K, 0% used [0x00000000e0000000,0x00000000e0000000,0x00000000eab00000)
  from space 174592K, 44% used [0x00000000eab00000,0x00000000ef75e590,0x00000000f5580000)
  to   space 174592K, 0% used [0x00000000f5580000,0x00000000f5580000,0x0000000100000000)
 ParOldGen       total 842240K, used 816213K [0x00000000a0000000, 0x00000000d3680000, 0x00000000e0000000)
  object space 842240K, 96% used [0x00000000a0000000,0x00000000d1d15678,0x00000000d3680000)
 Metaspace       used 54067K, capacity 55816K, committed 55984K, reserved 1097728K
  class space    used 7116K, capacity 7501K, committed 7600K, reserved 1048576K
}
Event: 68.354 GC heap before
{Heap before GC invocations=59 (full 10):
 PSYoungGen      total 349696K, used 78201K [0x00000000e0000000, 0x0000000100000000, 0x0000000100000000)
  eden space 175104K, 0% used [0x00000000e0000000,0x00000000e0000000,0x00000000eab00000)
  from space 174592K, 44% used [0x00000000eab00000,0x00000000ef75e590,0x00000000f5580000)
  to   space 174592K, 0% used [0x00000000f5580000,0x00000000f5580000,0x0000000100000000)
 ParOldGen       total 842240K, used 816213K [0x00000000a0000000, 0x00000000d3680000, 0x00000000e0000000)
  object space 842240K, 96% used [0x00000000a0000000,0x00000000d1d15678,0x00000000d3680000)
 Metaspace       used 54067K, capacity 55816K, committed 55984K, reserved 1097728K
  class space    used 7116K, capacity 7501K, committed 7600K, reserved 1048576K

