# JRE version: OpenJDK Runtime Environment (8.0_112-b06) (build 1.8.0_112-release-b06)
# Java VM: OpenJDK 64-Bit Server VM (25.112-b06 mixed mode linux-amd64 compressed oops)
Heap:
 PSYoungGen      total 303104K, used 0K [0x00000000e0000000, 0x0000000100000000, 0x0000000100000000)
  eden space 175104K, 0% used [0x00000000e0000000,0x00000000e0000000,0x00000000eab00000)
  from space 128000K, 0% used [0x00000000f8300000,0x00000000f8300000,0x0000000100000000)
  to   space 174592K, 0% used [0x00000000eab00000,0x00000000eab00000,0x00000000f5580000)
 ParOldGen       total 652288K, used 632960K [0x00000000a0000000, 0x00000000c7d00000, 0x00000000e0000000)
  object space 652288K, 97% used [0x00000000a0000000,0x00000000c6a201d0,0x00000000c7d00000)
 Metaspace       used 61627K, capacity 63396K, committed 63664K, reserved 1103872K
  class space    used 8089K, capacity 8506K, committed 8624K, reserved 1048576K
GC Heap History (10 events):
Event: 65.571 GC heap after
Heap after GC invocations=46 (full 7):
 PSYoungGen      total 428544K, used 95217K [0x00000000e0000000, 0x0000000100000000, 0x0000000100000000)
  eden space 333312K, 0% used [0x00000000e0000000,0x00000000e0000000,0x00000000f4580000)
  from space 95232K, 99% used [0x00000000f4580000,0x00000000fa27c448,0x00000000fa280000)
  to   space 95744K, 0% used [0x00000000fa280000,0x00000000fa280000,0x0000000100000000)
 ParOldGen       total 468480K, used 407861K [0x00000000a0000000, 0x00000000bc980000, 0x00000000e0000000)
  object space 468480K, 87% used [0x00000000a0000000,0x00000000b8e4d660,0x00000000bc980000)
 Metaspace       used 61615K, capacity 63396K, committed 63664K, reserved 1103872K
  class space    used 8088K, capacity 8506K, committed 8624K, reserved 1048576K
}
Event: 66.777 GC heap before
{Heap before GC invocations=47 (full 7):
 PSYoungGen      total 428544K, used 428529K [0x00000000e0000000, 0x0000000100000000, 0x0000000100000000)
  eden space 333312K, 100% used [0x00000000e0000000,0x00000000f4580000,0x00000000f4580000)
  from space 95232K, 99% used [0x00000000f4580000,0x00000000fa27c448,0x00000000fa280000)
  to   space 95744K, 0% used [0x00000000fa280000,0x00000000fa280000,0x0000000100000000)
 ParOldGen       total 468480K, used 407861K [0x00000000a0000000, 0x00000000bc980000, 0x00000000e0000000)
  object space 468480K, 87% used [0x00000000a0000000,0x00000000b8e4d660,0x00000000bc980000)
 Metaspace       used 61617K, capacity 63396K, committed 63664K, reserved 1103872K
  class space    used 8088K, capacity 8506K, committed 8624K, reserved 1048576K
Event: 67.057 GC heap after
Heap after GC invocations=47 (full 7):
 PSYoungGen      total 364032K, used 86538K [0x00000000e0000000, 0x0000000100000000, 0x0000000100000000)
  eden space 268288K, 0% used [0x00000000e0000000,0x00000000e0000000,0x00000000f0600000)
  from space 95744K, 90% used [0x00000000fa280000,0x00000000ff702948,0x0000000100000000)
  to   space 128000K, 0% used [0x00000000f0600000,0x00000000f0600000,0x00000000f8300000)
 ParOldGen       total 468480K, used 468250K [0x00000000a0000000, 0x00000000bc980000, 0x00000000e0000000)
  object space 468480K, 99% used [0x00000000a0000000,0x00000000bc9469a0,0x00000000bc980000)
 Metaspace       used 61617K, capacity 63396K, committed 63664K, reserved 1103872K
  class space    used 8088K, capacity 8506K, committed 8624K, reserved 1048576K
}
Event: 67.057 GC heap before
{Heap before GC invocations=48 (full 8):
 PSYoungGen      total 364032K, used 86538K [0x00000000e0000000, 0x0000000100000000, 0x0000000100000000)
  eden space 268288K, 0% used [0x00000000e0000000,0x00000000e0000000,0x00000000f0600000)
  from space 95744K, 90% used [0x00000000fa280000,0x00000000ff702948,0x0000000100000000)
  to   space 128000K, 0% used [0x00000000f0600000,0x00000000f0600000,0x00000000f8300000)
 ParOldGen       total 468480K, used 468250K [0x00000000a0000000, 0x00000000bc980000, 0x00000000e0000000)
  object space 468480K, 99% used [0x00000000a0000000,0x00000000bc9469a0,0x00000000bc980000)
 Metaspace       used 61617K, capacity 63396K, committed 63664K, reserved 1103872K
  class space    used 8088K, capacity 8506K, committed 8624K, reserved 1048576K
Event: 70.972 GC heap after
Heap after GC invocations=48 (full 8):
 PSYoungGen      total 364032K, used 77792K [0x00000000e0000000, 0x0000000100000000, 0x0000000100000000)
  eden space 268288K, 0% used [0x00000000e0000000,0x00000000e0000000,0x00000000f0600000)
  from space 95744K, 81% used [0x00000000fa280000,0x00000000fee78178,0x0000000100000000)
  to   space 128000K, 0% used [0x00000000f0600000,0x00000000f0600000,0x00000000f8300000)
 ParOldGen       total 652288K, used 468299K [0x00000000a0000000, 0x00000000c7d00000, 0x00000000e0000000)
  object space 652288K, 71% used [0x00000000a0000000,0x00000000bc952cb0,0x00000000c7d00000)
 Metaspace       used 61617K, capacity 63396K, committed 63664K, reserved 1103872K
  class space    used 8088K, capacity 8506K, committed 8624K, reserved 1048576K
}
Event: 72.015 GC heap before
{Heap before GC invocations=49 (full 8):
 PSYoungGen      total 364032K, used 346080K [0x00000000e0000000, 0x0000000100000000, 0x0000000100000000)
  eden space 268288K, 100% used [0x00000000e0000000,0x00000000f0600000,0x00000000f0600000)
  from space 95744K, 81% used [0x00000000fa280000,0x00000000fee78178,0x0000000100000000)
  to   space 128000K, 0% used [0x00000000f0600000,0x00000000f0600000,0x00000000f8300000)
 ParOldGen       total 652288K, used 468299K [0x00000000a0000000, 0x00000000c7d00000, 0x00000000e0000000)
  object space 652288K, 71% used [0x00000000a0000000,0x00000000bc952cb0,0x00000000c7d00000)
 Metaspace       used 61617K, capacity 63396K, committed 63664K, reserved 1103872K
  class space    used 8088K, capacity 8506K, committed 8624K, reserved 1048576K
Event: 72.341 GC heap after
Heap after GC invocations=49 (full 8):
 PSYoungGen      total 396288K, used 127998K [0x00000000e0000000, 0x0000000100000000, 0x0000000100000000)
  eden space 268288K, 0% used [0x00000000e0000000,0x00000000e0000000,0x00000000f0600000)
  from space 128000K, 99% used [0x00000000f0600000,0x00000000f82ff840,0x00000000f8300000)
  to   space 128000K, 0% used [0x00000000f8300000,0x00000000f8300000,0x0000000100000000)
 ParOldGen       total 652288K, used 511235K [0x00000000a0000000, 0x00000000c7d00000, 0x00000000e0000000)
  object space 652288K, 78% used [0x00000000a0000000,0x00000000bf340df0,0x00000000c7d00000)
 Metaspace       used 61617K, capacity 63396K, committed 63664K, reserved 1103872K
  class space    used 8088K, capacity 8506K, committed 8624K, reserved 1048576K
}
Event: 73.584 GC heap before
{Heap before GC invocations=50 (full 8):
 PSYoungGen      total 396288K, used 396286K [0x00000000e0000000, 0x0000000100000000, 0x0000000100000000)
  eden space 268288K, 100% used [0x00000000e0000000,0x00000000f0600000,0x00000000f0600000)
  from space 128000K, 99% used [0x00000000f0600000,0x00000000f82ff840,0x00000000f8300000)
  to   space 128000K, 0% used [0x00000000f8300000,0x00000000f8300000,0x0000000100000000)
 ParOldGen       total 652288K, used 511235K [0x00000000a0000000, 0x00000000c7d00000, 0x00000000e0000000)
  object space 652288K, 78% used [0x00000000a0000000,0x00000000bf340df0,0x00000000c7d00000)
 Metaspace       used 61627K, capacity 63396K, committed 63664K, reserved 1103872K
  class space    used 8089K, capacity 8506K, committed 8624K, reserved 1048576K
Event: 73.850 GC heap after
Heap after GC invocations=50 (full 8):
 PSYoungGen      total 303104K, used 126807K [0x00000000e0000000, 0x0000000100000000, 0x0000000100000000)
  eden space 175104K, 0% used [0x00000000e0000000,0x00000000e0000000,0x00000000eab00000)
  from space 128000K, 99% used [0x00000000f8300000,0x00000000ffed5e28,0x0000000100000000)
  to   space 174592K, 0% used [0x00000000eab00000,0x00000000eab00000,0x00000000f5580000)
 ParOldGen       total 652288K, used 587230K [0x00000000a0000000, 0x00000000c7d00000, 0x00000000e0000000)
  object space 652288K, 90% used [0x00000000a0000000,0x00000000c3d77a38,0x00000000c7d00000)
 Metaspace       used 61627K, capacity 63396K, committed 63664K, reserved 1103872K
  class space    used 8089K, capacity 8506K, committed 8624K, reserved 1048576K
}
Event: 73.850 GC heap before
{Heap before GC invocations=51 (full 9):
 PSYoungGen      total 303104K, used 126807K [0x00000000e0000000, 0x0000000100000000, 0x0000000100000000)
  eden space 175104K, 0% used [0x00000000e0000000,0x00000000e0000000,0x00000000eab00000)
  from space 128000K, 99% used [0x00000000f8300000,0x00000000ffed5e28,0x0000000100000000)
  to   space 174592K, 0% used [0x00000000eab00000,0x00000000eab00000,0x00000000f5580000)
 ParOldGen       total 652288K, used 587230K [0x00000000a0000000, 0x00000000c7d00000, 0x00000000e0000000)
  object space 652288K, 90% used [0x00000000a0000000,0x00000000c3d77a38,0x00000000c7d00000)
 Metaspace       used 61627K, capacity 63396K, committed 63664K, reserved 1103872K
  class space    used 8089K, capacity 8506K, committed 8624K, reserved 1048576K

