# JRE version: OpenJDK Runtime Environment (8.0_112-b06) (build 1.8.0_112-release-b06)
# Java VM: OpenJDK 64-Bit Server VM (25.112-b06 mixed mode linux-amd64 compressed oops)
Heap:
 PSYoungGen      total 355840K, used 56819K [0x00000000e0000000, 0x0000000100000000, 0x0000000100000000)
  eden space 187392K, 0% used [0x00000000e0000000,0x00000000e0000000,0x00000000eb700000)
  from space 168448K, 33% used [0x00000000eb700000,0x00000000eee7ccb8,0x00000000f5b80000)
  to   space 165888K, 0% used [0x00000000f5e00000,0x00000000f5e00000,0x0000000100000000)
 ParOldGen       total 608768K, used 608400K [0x00000000a0000000, 0x00000000c5280000, 0x00000000e0000000)
  object space 608768K, 99% used [0x00000000a0000000,0x00000000c52242d0,0x00000000c5280000)
 Metaspace       used 56964K, capacity 58792K, committed 59008K, reserved 1099776K
  class space    used 7551K, capacity 7943K, committed 8064K, reserved 1048576K
GC Heap History (10 events):
Event: 71.694 GC heap after
Heap after GC invocations=34 (full 7):
 PSYoungGen      total 419328K, used 32407K [0x00000000e0000000, 0x0000000100000000, 0x0000000100000000)
  eden space 314368K, 0% used [0x00000000e0000000,0x00000000e0000000,0x00000000f3300000)
  from space 104960K, 30% used [0x00000000f3300000,0x00000000f52a5ff0,0x00000000f9980000)
  to   space 100352K, 0% used [0x00000000f9e00000,0x00000000f9e00000,0x0000000100000000)
 ParOldGen       total 608768K, used 440504K [0x00000000a0000000, 0x00000000c5280000, 0x00000000e0000000)
  object space 608768K, 72% used [0x00000000a0000000,0x00000000bae2e080,0x00000000c5280000)
 Metaspace       used 56953K, capacity 58792K, committed 59008K, reserved 1099776K
  class space    used 7550K, capacity 7943K, committed 8064K, reserved 1048576K
}
Event: 72.791 GC heap before
{Heap before GC invocations=35 (full 7):
 PSYoungGen      total 419328K, used 346775K [0x00000000e0000000, 0x0000000100000000, 0x0000000100000000)
  eden space 314368K, 100% used [0x00000000e0000000,0x00000000f3300000,0x00000000f3300000)
  from space 104960K, 30% used [0x00000000f3300000,0x00000000f52a5ff0,0x00000000f9980000)
  to   space 100352K, 0% used [0x00000000f9e00000,0x00000000f9e00000,0x0000000100000000)
 ParOldGen       total 608768K, used 440504K [0x00000000a0000000, 0x00000000c5280000, 0x00000000e0000000)
  object space 608768K, 72% used [0x00000000a0000000,0x00000000bae2e080,0x00000000c5280000)
 Metaspace       used 56953K, capacity 58792K, committed 59008K, reserved 1099776K
  class space    used 7550K, capacity 7943K, committed 8064K, reserved 1048576K
Event: 73.137 GC heap after
Heap after GC invocations=35 (full 7):
 PSYoungGen      total 408576K, used 78318K [0x00000000e0000000, 0x0000000100000000, 0x0000000100000000)
  eden space 308224K, 0% used [0x00000000e0000000,0x00000000e0000000,0x00000000f2d00000)
  from space 100352K, 78% used [0x00000000f9e00000,0x00000000fea7b800,0x0000000100000000)
  to   space 108032K, 0% used [0x00000000f2d00000,0x00000000f2d00000,0x00000000f9680000)
 ParOldGen       total 608768K, used 440504K [0x00000000a0000000, 0x00000000c5280000, 0x00000000e0000000)
  object space 608768K, 72% used [0x00000000a0000000,0x00000000bae2e080,0x00000000c5280000)
 Metaspace       used 56953K, capacity 58792K, committed 59008K, reserved 1099776K
  class space    used 7550K, capacity 7943K, committed 8064K, reserved 1048576K
}
Event: 74.416 GC heap before
{Heap before GC invocations=36 (full 7):
 PSYoungGen      total 408576K, used 386542K [0x00000000e0000000, 0x0000000100000000, 0x0000000100000000)
  eden space 308224K, 100% used [0x00000000e0000000,0x00000000f2d00000,0x00000000f2d00000)
  from space 100352K, 78% used [0x00000000f9e00000,0x00000000fea7b800,0x0000000100000000)
  to   space 108032K, 0% used [0x00000000f2d00000,0x00000000f2d00000,0x00000000f9680000)
 ParOldGen       total 608768K, used 440504K [0x00000000a0000000, 0x00000000c5280000, 0x00000000e0000000)
  object space 608768K, 72% used [0x00000000a0000000,0x00000000bae2e080,0x00000000c5280000)
 Metaspace       used 56955K, capacity 58792K, committed 59008K, reserved 1099776K
  class space    used 7550K, capacity 7943K, committed 8064K, reserved 1048576K
Event: 74.613 GC heap after
Heap after GC invocations=36 (full 7):
 PSYoungGen      total 416256K, used 108011K [0x00000000e0000000, 0x0000000100000000, 0x0000000100000000)
  eden space 308224K, 0% used [0x00000000e0000000,0x00000000e0000000,0x00000000f2d00000)
  from space 108032K, 99% used [0x00000000f2d00000,0x00000000f967ade0,0x00000000f9680000)
  to   space 108032K, 0% used [0x00000000f9680000,0x00000000f9680000,0x0000000100000000)
 ParOldGen       total 608768K, used 456422K [0x00000000a0000000, 0x00000000c5280000, 0x00000000e0000000)
  object space 608768K, 74% used [0x00000000a0000000,0x00000000bbdb9908,0x00000000c5280000)
 Metaspace       used 56955K, capacity 58792K, committed 59008K, reserved 1099776K
  class space    used 7550K, capacity 7943K, committed 8064K, reserved 1048576K
}
Event: 75.739 GC heap before
{Heap before GC invocations=37 (full 7):
 PSYoungGen      total 416256K, used 416235K [0x00000000e0000000, 0x0000000100000000, 0x0000000100000000)
  eden space 308224K, 100% used [0x00000000e0000000,0x00000000f2d00000,0x00000000f2d00000)
  from space 108032K, 99% used [0x00000000f2d00000,0x00000000f967ade0,0x00000000f9680000)
  to   space 108032K, 0% used [0x00000000f9680000,0x00000000f9680000,0x0000000100000000)
 ParOldGen       total 608768K, used 456422K [0x00000000a0000000, 0x00000000c5280000, 0x00000000e0000000)
  object space 608768K, 74% used [0x00000000a0000000,0x00000000bbdb9908,0x00000000c5280000)
 Metaspace       used 56964K, capacity 58792K, committed 59008K, reserved 1099776K
  class space    used 7551K, capacity 7943K, committed 8064K, reserved 1048576K
Event: 76.097 GC heap after
Heap after GC invocations=37 (full 7):
 PSYoungGen      total 295424K, used 108001K [0x00000000e0000000, 0x0000000100000000, 0x0000000100000000)
  eden space 187392K, 0% used [0x00000000e0000000,0x00000000e0000000,0x00000000eb700000)
  from space 108032K, 99% used [0x00000000f9680000,0x00000000ffff8580,0x0000000100000000)
  to   space 168448K, 0% used [0x00000000eb700000,0x00000000eb700000,0x00000000f5b80000)
 ParOldGen       total 608768K, used 524354K [0x00000000a0000000, 0x00000000c5280000, 0x00000000e0000000)
  object space 608768K, 86% used [0x00000000a0000000,0x00000000c0010a48,0x00000000c5280000)
 Metaspace       used 56964K, capacity 58792K, committed 59008K, reserved 1099776K
  class space    used 7551K, capacity 7943K, committed 8064K, reserved 1048576K
}
Event: 76.849 GC heap before
{Heap before GC invocations=38 (full 7):
 PSYoungGen      total 295424K, used 295393K [0x00000000e0000000, 0x0000000100000000, 0x0000000100000000)
  eden space 187392K, 100% used [0x00000000e0000000,0x00000000eb700000,0x00000000eb700000)
  from space 108032K, 99% used [0x00000000f9680000,0x00000000ffff8580,0x0000000100000000)
  to   space 168448K, 0% used [0x00000000eb700000,0x00000000eb700000,0x00000000f5b80000)
 ParOldGen       total 608768K, used 524354K [0x00000000a0000000, 0x00000000c5280000, 0x00000000e0000000)
  object space 608768K, 86% used [0x00000000a0000000,0x00000000c0010a48,0x00000000c5280000)
 Metaspace       used 56964K, capacity 58792K, committed 59008K, reserved 1099776K
  class space    used 7551K, capacity 7943K, committed 8064K, reserved 1048576K
Event: 77.128 GC heap after
Heap after GC invocations=38 (full 7):
 PSYoungGen      total 355840K, used 86956K [0x00000000e0000000, 0x0000000100000000, 0x0000000100000000)
  eden space 187392K, 0% used [0x00000000e0000000,0x00000000e0000000,0x00000000eb700000)
  from space 168448K, 51% used [0x00000000eb700000,0x00000000f0beb2f8,0x00000000f5b80000)
  to   space 165888K, 0% used [0x00000000f5e00000,0x00000000f5e00000,0x0000000100000000)
 ParOldGen       total 608768K, used 585311K [0x00000000a0000000, 0x00000000c5280000, 0x00000000e0000000)
  object space 608768K, 96% used [0x00000000a0000000,0x00000000c3b97d30,0x00000000c5280000)
 Metaspace       used 56964K, capacity 58792K, committed 59008K, reserved 1099776K
  class space    used 7551K, capacity 7943K, committed 8064K, reserved 1048576K
}
Event: 77.128 GC heap before
{Heap before GC invocations=39 (full 8):
 PSYoungGen      total 355840K, used 86956K [0x00000000e0000000, 0x0000000100000000, 0x0000000100000000)
  eden space 187392K, 0% used [0x00000000e0000000,0x00000000e0000000,0x00000000eb700000)
  from space 168448K, 51% used [0x00000000eb700000,0x00000000f0beb2f8,0x00000000f5b80000)
  to   space 165888K, 0% used [0x00000000f5e00000,0x00000000f5e00000,0x0000000100000000)
 ParOldGen       total 608768K, used 585311K [0x00000000a0000000, 0x00000000c5280000, 0x00000000e0000000)
  object space 608768K, 96% used [0x00000000a0000000,0x00000000c3b97d30,0x00000000c5280000)
 Metaspace       used 56964K, capacity 58792K, committed 59008K, reserved 1099776K
  class space    used 7551K, capacity 7943K, committed 8064K, reserved 1048576K

