# JRE version: OpenJDK Runtime Environment (8.0_112-b06) (build 1.8.0_112-release-b06)
# Java VM: OpenJDK 64-Bit Server VM (25.112-b06 mixed mode linux-amd64 compressed oops)
Heap:
 PSYoungGen      total 330752K, used 136969K [0x00000000e0000000, 0x0000000100000000, 0x0000000100000000)
  eden space 175104K, 0% used [0x00000000e0000000,0x00000000e0000000,0x00000000eab00000)
  from space 155648K, 87% used [0x00000000f6800000,0x00000000fedc25d8,0x0000000100000000)
  to   space 174592K, 0% used [0x00000000eab00000,0x00000000eab00000,0x00000000f5580000)
 ParOldGen       total 594432K, used 594012K [0x00000000a0000000, 0x00000000c4480000, 0x00000000e0000000)
  object space 594432K, 99% used [0x00000000a0000000,0x00000000c44171d0,0x00000000c4480000)
 Metaspace       used 53976K, capacity 55666K, committed 55856K, reserved 1097728K
  class space    used 7107K, capacity 7471K, committed 7472K, reserved 1048576K
GC Heap History (10 events):
Event: 51.592 GC heap after
Heap after GC invocations=51 (full 7):
 PSYoungGen      total 367616K, used 54150K [0x00000000e0000000, 0x0000000100000000, 0x0000000100000000)
  eden space 236544K, 0% used [0x00000000e0000000,0x00000000e0000000,0x00000000ee700000)
  from space 131072K, 41% used [0x00000000f6f80000,0x00000000fa461960,0x00000000fef80000)
  to   space 139776K, 0% used [0x00000000ee700000,0x00000000ee700000,0x00000000f6f80000)
 ParOldGen       total 594432K, used 432017K [0x00000000a0000000, 0x00000000c4480000, 0x00000000e0000000)
  object space 594432K, 72% used [0x00000000a0000000,0x00000000ba5e46b8,0x00000000c4480000)
 Metaspace       used 53965K, capacity 55666K, committed 55856K, reserved 1097728K
  class space    used 7106K, capacity 7471K, committed 7472K, reserved 1048576K
}
Event: 52.485 GC heap before
{Heap before GC invocations=52 (full 7):
 PSYoungGen      total 367616K, used 290694K [0x00000000e0000000, 0x0000000100000000, 0x0000000100000000)
  eden space 236544K, 100% used [0x00000000e0000000,0x00000000ee700000,0x00000000ee700000)
  from space 131072K, 41% used [0x00000000f6f80000,0x00000000fa461960,0x00000000fef80000)
  to   space 139776K, 0% used [0x00000000ee700000,0x00000000ee700000,0x00000000f6f80000)
 ParOldGen       total 594432K, used 432017K [0x00000000a0000000, 0x00000000c4480000, 0x00000000e0000000)
  object space 594432K, 72% used [0x00000000a0000000,0x00000000ba5e46b8,0x00000000c4480000)
 Metaspace       used 53967K, capacity 55666K, committed 55856K, reserved 1097728K
  class space    used 7106K, capacity 7471K, committed 7472K, reserved 1048576K
Event: 52.889 GC heap after
Heap after GC invocations=52 (full 7):
 PSYoungGen      total 376320K, used 84664K [0x00000000e0000000, 0x0000000100000000, 0x0000000100000000)
  eden space 236544K, 0% used [0x00000000e0000000,0x00000000e0000000,0x00000000ee700000)
  from space 139776K, 60% used [0x00000000ee700000,0x00000000f39ae130,0x00000000f6f80000)
  to   space 141824K, 0% used [0x00000000f7580000,0x00000000f7580000,0x0000000100000000)
 ParOldGen       total 594432K, used 436105K [0x00000000a0000000, 0x00000000c4480000, 0x00000000e0000000)
  object space 594432K, 73% used [0x00000000a0000000,0x00000000ba9e26b8,0x00000000c4480000)
 Metaspace       used 53967K, capacity 55666K, committed 55856K, reserved 1097728K
  class space    used 7106K, capacity 7471K, committed 7472K, reserved 1048576K
}
Event: 53.868 GC heap before
{Heap before GC invocations=53 (full 7):
 PSYoungGen      total 376320K, used 321208K [0x00000000e0000000, 0x0000000100000000, 0x0000000100000000)
  eden space 236544K, 100% used [0x00000000e0000000,0x00000000ee700000,0x00000000ee700000)
  from space 139776K, 60% used [0x00000000ee700000,0x00000000f39ae130,0x00000000f6f80000)
  to   space 141824K, 0% used [0x00000000f7580000,0x00000000f7580000,0x0000000100000000)
 ParOldGen       total 594432K, used 436105K [0x00000000a0000000, 0x00000000c4480000, 0x00000000e0000000)
  object space 594432K, 73% used [0x00000000a0000000,0x00000000ba9e26b8,0x00000000c4480000)
 Metaspace       used 53968K, capacity 55666K, committed 55856K, reserved 1097728K
  class space    used 7106K, capacity 7471K, committed 7472K, reserved 1048576K
Event: 54.174 GC heap after
Heap after GC invocations=53 (full 7):
 PSYoungGen      total 354816K, used 119174K [0x00000000e0000000, 0x0000000100000000, 0x0000000100000000)
  eden space 212992K, 0% used [0x00000000e0000000,0x00000000e0000000,0x00000000ed000000)
  from space 141824K, 84% used [0x00000000f7580000,0x00000000fe9e18b8,0x0000000100000000)
  to   space 155648K, 0% used [0x00000000ed000000,0x00000000ed000000,0x00000000f6800000)
 ParOldGen       total 594432K, used 436105K [0x00000000a0000000, 0x00000000c4480000, 0x00000000e0000000)
  object space 594432K, 73% used [0x00000000a0000000,0x00000000ba9e26b8,0x00000000c4480000)
 Metaspace       used 53968K, capacity 55666K, committed 55856K, reserved 1097728K
  class space    used 7106K, capacity 7471K, committed 7472K, reserved 1048576K
}
Event: 55.300 GC heap before
{Heap before GC invocations=54 (full 7):
 PSYoungGen      total 354816K, used 332166K [0x00000000e0000000, 0x0000000100000000, 0x0000000100000000)
  eden space 212992K, 100% used [0x00000000e0000000,0x00000000ed000000,0x00000000ed000000)
  from space 141824K, 84% used [0x00000000f7580000,0x00000000fe9e18b8,0x0000000100000000)
  to   space 155648K, 0% used [0x00000000ed000000,0x00000000ed000000,0x00000000f6800000)
 ParOldGen       total 594432K, used 436105K [0x00000000a0000000, 0x00000000c4480000, 0x00000000e0000000)
  object space 594432K, 73% used [0x00000000a0000000,0x00000000ba9e26b8,0x00000000c4480000)
 Metaspace       used 53968K, capacity 55666K, committed 55856K, reserved 1097728K
  class space    used 7106K, capacity 7471K, committed 7472K, reserved 1048576K
Event: 55.560 GC heap after
Heap after GC invocations=54 (full 7):
 PSYoungGen      total 368640K, used 155632K [0x00000000e0000000, 0x0000000100000000, 0x0000000100000000)
  eden space 212992K, 0% used [0x00000000e0000000,0x00000000e0000000,0x00000000ed000000)
  from space 155648K, 99% used [0x00000000ed000000,0x00000000f67fc058,0x00000000f6800000)
  to   space 155648K, 0% used [0x00000000f6800000,0x00000000f6800000,0x0000000100000000)
 ParOldGen       total 594432K, used 473594K [0x00000000a0000000, 0x00000000c4480000, 0x00000000e0000000)
  object space 594432K, 79% used [0x00000000a0000000,0x00000000bce7eab8,0x00000000c4480000)
 Metaspace       used 53968K, capacity 55666K, committed 55856K, reserved 1097728K
  class space    used 7106K, capacity 7471K, committed 7472K, reserved 1048576K
}
Event: 55.928 GC heap before
{Heap before GC invocations=55 (full 7):
 PSYoungGen      total 368640K, used 368624K [0x00000000e0000000, 0x0000000100000000, 0x0000000100000000)
  eden space 212992K, 100% used [0x00000000e0000000,0x00000000ed000000,0x00000000ed000000)
  from space 155648K, 99% used [0x00000000ed000000,0x00000000f67fc058,0x00000000f6800000)
  to   space 155648K, 0% used [0x00000000f6800000,0x00000000f6800000,0x0000000100000000)
 ParOldGen       total 594432K, used 473594K [0x00000000a0000000, 0x00000000c4480000, 0x00000000e0000000)
  object space 594432K, 79% used [0x00000000a0000000,0x00000000bce7eab8,0x00000000c4480000)
 Metaspace       used 53976K, capacity 55666K, committed 55856K, reserved 1097728K
  class space    used 7107K, capacity 7471K, committed 7472K, reserved 1048576K
Event: 56.252 GC heap after
Heap after GC invocations=55 (full 7):
 PSYoungGen      total 330752K, used 155640K [0x00000000e0000000, 0x0000000100000000, 0x0000000100000000)
  eden space 175104K, 0% used [0x00000000e0000000,0x00000000e0000000,0x00000000eab00000)
  from space 155648K, 99% used [0x00000000f6800000,0x00000000ffffe110,0x0000000100000000)
  to   space 174592K, 0% used [0x00000000eab00000,0x00000000eab00000,0x00000000f5580000)
 ParOldGen       total 594432K, used 585375K [0x00000000a0000000, 0x00000000c4480000, 0x00000000e0000000)
  object space 594432K, 98% used [0x00000000a0000000,0x00000000c3ba7fa8,0x00000000c4480000)
 Metaspace       used 53976K, capacity 55666K, committed 55856K, reserved 1097728K
  class space    used 7107K, capacity 7471K, committed 7472K, reserved 1048576K
}
Event: 56.252 GC heap before
{Heap before GC invocations=56 (full 8):
 PSYoungGen      total 330752K, used 155640K [0x00000000e0000000, 0x0000000100000000, 0x0000000100000000)
  eden space 175104K, 0% used [0x00000000e0000000,0x00000000e0000000,0x00000000eab00000)
  from space 155648K, 99% used [0x00000000f6800000,0x00000000ffffe110,0x0000000100000000)
  to   space 174592K, 0% used [0x00000000eab00000,0x00000000eab00000,0x00000000f5580000)
 ParOldGen       total 594432K, used 585375K [0x00000000a0000000, 0x00000000c4480000, 0x00000000e0000000)
  object space 594432K, 98% used [0x00000000a0000000,0x00000000c3ba7fa8,0x00000000c4480000)
 Metaspace       used 53976K, capacity 55666K, committed 55856K, reserved 1097728K
  class space    used 7107K, capacity 7471K, committed 7472K, reserved 1048576K

