# JRE version: OpenJDK Runtime Environment (8.0_112-b06) (build 1.8.0_112-release-b06)
# Java VM: OpenJDK 64-Bit Server VM (25.112-b06 mixed mode linux-amd64 compressed oops)
Heap:
 PSYoungGen      total 349696K, used 10534K [0x00000000e0000000, 0x0000000100000000, 0x0000000100000000)
  eden space 229376K, 0% used [0x00000000e0000000,0x00000000e0000000,0x00000000ee000000)
  from space 120320K, 8% used [0x00000000ee000000,0x00000000eea49ad8,0x00000000f5580000)
  to   space 160768K, 0% used [0x00000000f6300000,0x00000000f6300000,0x0000000100000000)
 ParOldGen       total 646656K, used 646322K [0x00000000a0000000, 0x00000000c7780000, 0x00000000e0000000)
  object space 646656K, 99% used [0x00000000a0000000,0x00000000c772c9e8,0x00000000c7780000)
 Metaspace       used 62507K, capacity 64354K, committed 64432K, reserved 1105920K
  class space    used 8153K, capacity 8561K, committed 8624K, reserved 1048576K
GC Heap History (10 events):
Event: 81.399 GC heap after
Heap after GC invocations=32 (full 7):
 PSYoungGen      total 419840K, used 0K [0x00000000e0000000, 0x0000000100000000, 0x0000000100000000)
  eden space 315392K, 0% used [0x00000000e0000000,0x00000000e0000000,0x00000000f3400000)
  from space 104448K, 0% used [0x00000000f3400000,0x00000000f3400000,0x00000000f9a00000)
  to   space 101376K, 0% used [0x00000000f9d00000,0x00000000f9d00000,0x0000000100000000)
 ParOldGen       total 646656K, used 445635K [0x00000000a0000000, 0x00000000c7780000, 0x00000000e0000000)
  object space 646656K, 68% used [0x00000000a0000000,0x00000000bb330f68,0x00000000c7780000)
 Metaspace       used 62492K, capacity 64354K, committed 64432K, reserved 1105920K
  class space    used 8152K, capacity 8561K, committed 8624K, reserved 1048576K
}
Event: 83.241 GC heap before
{Heap before GC invocations=33 (full 7):
 PSYoungGen      total 419840K, used 315392K [0x00000000e0000000, 0x0000000100000000, 0x0000000100000000)
  eden space 315392K, 100% used [0x00000000e0000000,0x00000000f3400000,0x00000000f3400000)
  from space 104448K, 0% used [0x00000000f3400000,0x00000000f3400000,0x00000000f9a00000)
  to   space 101376K, 0% used [0x00000000f9d00000,0x00000000f9d00000,0x0000000100000000)
 ParOldGen       total 646656K, used 445635K [0x00000000a0000000, 0x00000000c7780000, 0x00000000e0000000)
  object space 646656K, 68% used [0x00000000a0000000,0x00000000bb330f68,0x00000000c7780000)
 Metaspace       used 62496K, capacity 64354K, committed 64432K, reserved 1105920K
  class space    used 8152K, capacity 8561K, committed 8624K, reserved 1048576K
Event: 83.338 GC heap after
Heap after GC invocations=33 (full 7):
 PSYoungGen      total 408576K, used 47606K [0x00000000e0000000, 0x00000000ff500000, 0x0000000100000000)
  eden space 318464K, 0% used [0x00000000e0000000,0x00000000e0000000,0x00000000f3700000)
  from space 90112K, 52% used [0x00000000f9d00000,0x00000000fcb7dad0,0x00000000ff500000)
  to   space 97280K, 0% used [0x00000000f3700000,0x00000000f3700000,0x00000000f9600000)
 ParOldGen       total 646656K, used 445635K [0x00000000a0000000, 0x00000000c7780000, 0x00000000e0000000)
  object space 646656K, 68% used [0x00000000a0000000,0x00000000bb330f68,0x00000000c7780000)
 Metaspace       used 62496K, capacity 64354K, committed 64432K, reserved 1105920K
  class space    used 8152K, capacity 8561K, committed 8624K, reserved 1048576K
}
Event: 85.146 GC heap before
{Heap before GC invocations=34 (full 7):
 PSYoungGen      total 408576K, used 366070K [0x00000000e0000000, 0x00000000ff500000, 0x0000000100000000)
  eden space 318464K, 100% used [0x00000000e0000000,0x00000000f3700000,0x00000000f3700000)
  from space 90112K, 52% used [0x00000000f9d00000,0x00000000fcb7dad0,0x00000000ff500000)
  to   space 97280K, 0% used [0x00000000f3700000,0x00000000f3700000,0x00000000f9600000)
 ParOldGen       total 646656K, used 445635K [0x00000000a0000000, 0x00000000c7780000, 0x00000000e0000000)
  object space 646656K, 68% used [0x00000000a0000000,0x00000000bb330f68,0x00000000c7780000)
 Metaspace       used 62498K, capacity 64354K, committed 64432K, reserved 1105920K
  class space    used 8152K, capacity 8561K, committed 8624K, reserved 1048576K
Event: 85.370 GC heap after
Heap after GC invocations=34 (full 7):
 PSYoungGen      total 414208K, used 95284K [0x00000000e0000000, 0x0000000100000000, 0x0000000100000000)
  eden space 318464K, 0% used [0x00000000e0000000,0x00000000e0000000,0x00000000f3700000)
  from space 95744K, 99% used [0x00000000f3700000,0x00000000f940d088,0x00000000f9480000)
  to   space 110080K, 0% used [0x00000000f9480000,0x00000000f9480000,0x0000000100000000)
 ParOldGen       total 646656K, used 445635K [0x00000000a0000000, 0x00000000c7780000, 0x00000000e0000000)
  object space 646656K, 68% used [0x00000000a0000000,0x00000000bb330f68,0x00000000c7780000)
 Metaspace       used 62498K, capacity 64354K, committed 64432K, reserved 1105920K
  class space    used 8152K, capacity 8561K, committed 8624K, reserved 1048576K
}
Event: 89.467 GC heap before
{Heap before GC invocations=35 (full 7):
 PSYoungGen      total 414208K, used 413748K [0x00000000e0000000, 0x0000000100000000, 0x0000000100000000)
  eden space 318464K, 100% used [0x00000000e0000000,0x00000000f3700000,0x00000000f3700000)
  from space 95744K, 99% used [0x00000000f3700000,0x00000000f940d088,0x00000000f9480000)
  to   space 110080K, 0% used [0x00000000f9480000,0x00000000f9480000,0x0000000100000000)
 ParOldGen       total 646656K, used 445635K [0x00000000a0000000, 0x00000000c7780000, 0x00000000e0000000)
  object space 646656K, 68% used [0x00000000a0000000,0x00000000bb330f68,0x00000000c7780000)
 Metaspace       used 62498K, capacity 64354K, committed 64432K, reserved 1105920K
  class space    used 8152K, capacity 8561K, committed 8624K, reserved 1048576K
Event: 90.148 GC heap after
Heap after GC invocations=35 (full 7):
 PSYoungGen      total 339456K, used 110074K [0x00000000e0000000, 0x0000000100000000, 0x0000000100000000)
  eden space 229376K, 0% used [0x00000000e0000000,0x00000000e0000000,0x00000000ee000000)
  from space 110080K, 99% used [0x00000000f9480000,0x00000000ffffea28,0x0000000100000000)
  to   space 147456K, 0% used [0x00000000ee000000,0x00000000ee000000,0x00000000f7000000)
 ParOldGen       total 646656K, used 497921K [0x00000000a0000000, 0x00000000c7780000, 0x00000000e0000000)
  object space 646656K, 76% used [0x00000000a0000000,0x00000000be640408,0x00000000c7780000)
 Metaspace       used 62498K, capacity 64354K, committed 64432K, reserved 1105920K
  class space    used 8152K, capacity 8561K, committed 8624K, reserved 1048576K
}
Event: 92.009 GC heap before
{Heap before GC invocations=36 (full 7):
 PSYoungGen      total 339456K, used 339450K [0x00000000e0000000, 0x0000000100000000, 0x0000000100000000)
  eden space 229376K, 100% used [0x00000000e0000000,0x00000000ee000000,0x00000000ee000000)
  from space 110080K, 99% used [0x00000000f9480000,0x00000000ffffea28,0x0000000100000000)
  to   space 147456K, 0% used [0x00000000ee000000,0x00000000ee000000,0x00000000f7000000)
 ParOldGen       total 646656K, used 497921K [0x00000000a0000000, 0x00000000c7780000, 0x00000000e0000000)
  object space 646656K, 76% used [0x00000000a0000000,0x00000000be640408,0x00000000c7780000)
 Metaspace       used 62507K, capacity 64354K, committed 64432K, reserved 1105920K
  class space    used 8153K, capacity 8561K, committed 8624K, reserved 1048576K
Event: 92.528 GC heap after
Heap after GC invocations=36 (full 7):
 PSYoungGen      total 349696K, used 120202K [0x00000000e0000000, 0x0000000100000000, 0x0000000100000000)
  eden space 229376K, 0% used [0x00000000e0000000,0x00000000e0000000,0x00000000ee000000)
  from space 120320K, 99% used [0x00000000ee000000,0x00000000f5562ab0,0x00000000f5580000)
  to   space 160768K, 0% used [0x00000000f6300000,0x00000000f6300000,0x0000000100000000)
 ParOldGen       total 646656K, used 585168K [0x00000000a0000000, 0x00000000c7780000, 0x00000000e0000000)
  object space 646656K, 90% used [0x00000000a0000000,0x00000000c3b74048,0x00000000c7780000)
 Metaspace       used 62507K, capacity 64354K, committed 64432K, reserved 1105920K
  class space    used 8153K, capacity 8561K, committed 8624K, reserved 1048576K
}
Event: 92.528 GC heap before
{Heap before GC invocations=37 (full 8):
 PSYoungGen      total 349696K, used 120202K [0x00000000e0000000, 0x0000000100000000, 0x0000000100000000)
  eden space 229376K, 0% used [0x00000000e0000000,0x00000000e0000000,0x00000000ee000000)
  from space 120320K, 99% used [0x00000000ee000000,0x00000000f5562ab0,0x00000000f5580000)
  to   space 160768K, 0% used [0x00000000f6300000,0x00000000f6300000,0x0000000100000000)
 ParOldGen       total 646656K, used 585168K [0x00000000a0000000, 0x00000000c7780000, 0x00000000e0000000)
  object space 646656K, 90% used [0x00000000a0000000,0x00000000c3b74048,0x00000000c7780000)
 Metaspace       used 62507K, capacity 64354K, committed 64432K, reserved 1105920K
  class space    used 8153K, capacity 8561K, committed 8624K, reserved 1048576K

