# JRE version: OpenJDK Runtime Environment (8.0_112-b06) (build 1.8.0_112-release-b06)
# Java VM: OpenJDK 64-Bit Server VM (25.112-b06 mixed mode linux-amd64 compressed oops)
Heap:
 PSYoungGen      total 307200K, used 54901K [0x00000000e0000000, 0x0000000100000000, 0x0000000100000000)
  eden space 210944K, 0% used [0x00000000e0000000,0x00000000e0000000,0x00000000ece00000)
  from space 96256K, 57% used [0x00000000ece00000,0x00000000f039d6d0,0x00000000f2c00000)
  to   space 159232K, 0% used [0x00000000f6480000,0x00000000f6480000,0x0000000100000000)
 ParOldGen       total 538624K, used 538621K [0x00000000a0000000, 0x00000000c0e00000, 0x00000000e0000000)
  object space 538624K, 99% used [0x00000000a0000000,0x00000000c0dff7f8,0x00000000c0e00000)
 Metaspace       used 53939K, capacity 55546K, committed 55728K, reserved 1097728K
  class space    used 7111K, capacity 7497K, committed 7600K, reserved 1048576K
GC Heap History (10 events):
Event: 45.482 GC heap after
Heap after GC invocations=50 (full 7):
 PSYoungGen      total 332288K, used 71498K [0x00000000e0000000, 0x00000000fc200000, 0x0000000100000000)
  eden space 236032K, 0% used [0x00000000e0000000,0x00000000e0000000,0x00000000ee680000)
  from space 96256K, 74% used [0x00000000ee680000,0x00000000f2c52898,0x00000000f4480000)
  to   space 102400K, 0% used [0x00000000f5e00000,0x00000000f5e00000,0x00000000fc200000)
 ParOldGen       total 538624K, used 384856K [0x00000000a0000000, 0x00000000c0e00000, 0x00000000e0000000)
  object space 538624K, 71% used [0x00000000a0000000,0x00000000b77d62f0,0x00000000c0e00000)
 Metaspace       used 53925K, capacity 55546K, committed 55728K, reserved 1097728K
  class space    used 7110K, capacity 7497K, committed 7600K, reserved 1048576K
}
Event: 46.214 GC heap before
{Heap before GC invocations=51 (full 7):
 PSYoungGen      total 332288K, used 307530K [0x00000000e0000000, 0x00000000fc200000, 0x0000000100000000)
  eden space 236032K, 100% used [0x00000000e0000000,0x00000000ee680000,0x00000000ee680000)
  from space 96256K, 74% used [0x00000000ee680000,0x00000000f2c52898,0x00000000f4480000)
  to   space 102400K, 0% used [0x00000000f5e00000,0x00000000f5e00000,0x00000000fc200000)
 ParOldGen       total 538624K, used 384856K [0x00000000a0000000, 0x00000000c0e00000, 0x00000000e0000000)
  object space 538624K, 71% used [0x00000000a0000000,0x00000000b77d62f0,0x00000000c0e00000)
 Metaspace       used 53929K, capacity 55546K, committed 55728K, reserved 1097728K
  class space    used 7110K, capacity 7497K, committed 7600K, reserved 1048576K
Event: 46.410 GC heap after
Heap after GC invocations=51 (full 7):
 PSYoungGen      total 341504K, used 102372K [0x00000000e0000000, 0x00000000fe400000, 0x0000000100000000)
  eden space 239104K, 0% used [0x00000000e0000000,0x00000000e0000000,0x00000000ee980000)
  from space 102400K, 99% used [0x00000000f5e00000,0x00000000fc1f91a8,0x00000000fc200000)
  to   space 119296K, 0% used [0x00000000ee980000,0x00000000ee980000,0x00000000f5e00000)
 ParOldGen       total 538624K, used 388372K [0x00000000a0000000, 0x00000000c0e00000, 0x00000000e0000000)
  object space 538624K, 72% used [0x00000000a0000000,0x00000000b7b450e0,0x00000000c0e00000)
 Metaspace       used 53929K, capacity 55546K, committed 55728K, reserved 1097728K
  class space    used 7110K, capacity 7497K, committed 7600K, reserved 1048576K
}
Event: 47.352 GC heap before
{Heap before GC invocations=52 (full 7):
 PSYoungGen      total 341504K, used 341476K [0x00000000e0000000, 0x00000000fe400000, 0x0000000100000000)
  eden space 239104K, 100% used [0x00000000e0000000,0x00000000ee980000,0x00000000ee980000)
  from space 102400K, 99% used [0x00000000f5e00000,0x00000000fc1f91a8,0x00000000fc200000)
  to   space 119296K, 0% used [0x00000000ee980000,0x00000000ee980000,0x00000000f5e00000)
 ParOldGen       total 538624K, used 388372K [0x00000000a0000000, 0x00000000c0e00000, 0x00000000e0000000)
  object space 538624K, 72% used [0x00000000a0000000,0x00000000b7b450e0,0x00000000c0e00000)
 Metaspace       used 53929K, capacity 55546K, committed 55728K, reserved 1097728K
  class space    used 7110K, capacity 7497K, committed 7600K, reserved 1048576K
Event: 47.569 GC heap after
Heap after GC invocations=52 (full 7):
 PSYoungGen      total 358400K, used 101555K [0x00000000e0000000, 0x00000000fff80000, 0x0000000100000000)
  eden space 239104K, 0% used [0x00000000e0000000,0x00000000e0000000,0x00000000ee980000)
  from space 119296K, 85% used [0x00000000ee980000,0x00000000f4cace78,0x00000000f5e00000)
  to   space 131584K, 0% used [0x00000000f7f00000,0x00000000f7f00000,0x00000000fff80000)
 ParOldGen       total 538624K, used 425308K [0x00000000a0000000, 0x00000000c0e00000, 0x00000000e0000000)
  object space 538624K, 78% used [0x00000000a0000000,0x00000000b9f57210,0x00000000c0e00000)
 Metaspace       used 53929K, capacity 55546K, committed 55728K, reserved 1097728K
  class space    used 7110K, capacity 7497K, committed 7600K, reserved 1048576K
}
Event: 48.379 GC heap before
{Heap before GC invocations=53 (full 7):
 PSYoungGen      total 358400K, used 340659K [0x00000000e0000000, 0x00000000fff80000, 0x0000000100000000)
  eden space 239104K, 100% used [0x00000000e0000000,0x00000000ee980000,0x00000000ee980000)
  from space 119296K, 85% used [0x00000000ee980000,0x00000000f4cace78,0x00000000f5e00000)
  to   space 131584K, 0% used [0x00000000f7f00000,0x00000000f7f00000,0x00000000fff80000)
 ParOldGen       total 538624K, used 425308K [0x00000000a0000000, 0x00000000c0e00000, 0x00000000e0000000)
  object space 538624K, 78% used [0x00000000a0000000,0x00000000b9f57210,0x00000000c0e00000)
 Metaspace       used 53930K, capacity 55546K, committed 55728K, reserved 1097728K
  class space    used 7110K, capacity 7497K, committed 7600K, reserved 1048576K
Event: 48.619 GC heap after
Heap after GC invocations=53 (full 7):
 PSYoungGen      total 342528K, used 131554K [0x00000000e0000000, 0x0000000100000000, 0x0000000100000000)
  eden space 210944K, 0% used [0x00000000e0000000,0x00000000e0000000,0x00000000ece00000)
  from space 131584K, 99% used [0x00000000f7f00000,0x00000000fff788d8,0x00000000fff80000)
  to   space 156672K, 0% used [0x00000000ece00000,0x00000000ece00000,0x00000000f6700000)
 ParOldGen       total 538624K, used 436740K [0x00000000a0000000, 0x00000000c0e00000, 0x00000000e0000000)
  object space 538624K, 81% used [0x00000000a0000000,0x00000000baa81288,0x00000000c0e00000)
 Metaspace       used 53930K, capacity 55546K, committed 55728K, reserved 1097728K
  class space    used 7110K, capacity 7497K, committed 7600K, reserved 1048576K
}
Event: 50.095 GC heap before
{Heap before GC invocations=54 (full 7):
 PSYoungGen      total 342528K, used 342498K [0x00000000e0000000, 0x0000000100000000, 0x0000000100000000)
  eden space 210944K, 100% used [0x00000000e0000000,0x00000000ece00000,0x00000000ece00000)
  from space 131584K, 99% used [0x00000000f7f00000,0x00000000fff788d8,0x00000000fff80000)
  to   space 156672K, 0% used [0x00000000ece00000,0x00000000ece00000,0x00000000f6700000)
 ParOldGen       total 538624K, used 436740K [0x00000000a0000000, 0x00000000c0e00000, 0x00000000e0000000)
  object space 538624K, 81% used [0x00000000a0000000,0x00000000baa81288,0x00000000c0e00000)
 Metaspace       used 53939K, capacity 55546K, committed 55728K, reserved 1097728K
  class space    used 7111K, capacity 7497K, committed 7600K, reserved 1048576K
Event: 50.359 GC heap after
Heap after GC invocations=54 (full 7):
 PSYoungGen      total 307200K, used 96038K [0x00000000e0000000, 0x0000000100000000, 0x0000000100000000)
  eden space 210944K, 0% used [0x00000000e0000000,0x00000000e0000000,0x00000000ece00000)
  from space 96256K, 99% used [0x00000000ece00000,0x00000000f2bc9b60,0x00000000f2c00000)
  to   space 159232K, 0% used [0x00000000f6480000,0x00000000f6480000,0x0000000100000000)
 ParOldGen       total 538624K, used 501783K [0x00000000a0000000, 0x00000000c0e00000, 0x00000000e0000000)
  object space 538624K, 93% used [0x00000000a0000000,0x00000000bea05f98,0x00000000c0e00000)
 Metaspace       used 53939K, capacity 55546K, committed 55728K, reserved 1097728K
  class space    used 7111K, capacity 7497K, committed 7600K, reserved 1048576K
}
Event: 50.359 GC heap before
{Heap before GC invocations=55 (full 8):
 PSYoungGen      total 307200K, used 96038K [0x00000000e0000000, 0x0000000100000000, 0x0000000100000000)
  eden space 210944K, 0% used [0x00000000e0000000,0x00000000e0000000,0x00000000ece00000)
  from space 96256K, 99% used [0x00000000ece00000,0x00000000f2bc9b60,0x00000000f2c00000)
  to   space 159232K, 0% used [0x00000000f6480000,0x00000000f6480000,0x0000000100000000)
 ParOldGen       total 538624K, used 501783K [0x00000000a0000000, 0x00000000c0e00000, 0x00000000e0000000)
  object space 538624K, 93% used [0x00000000a0000000,0x00000000bea05f98,0x00000000c0e00000)
 Metaspace       used 53939K, capacity 55546K, committed 55728K, reserved 1097728K
  class space    used 7111K, capacity 7497K, committed 7600K, reserved 1048576K

