# JRE version: OpenJDK Runtime Environment (8.0_112-b06) (build 1.8.0_112-release-b06)
# Java VM: OpenJDK 64-Bit Server VM (25.112-b06 mixed mode linux-amd64 compressed oops)
Heap:
 PSYoungGen      total 330752K, used 58191K [0x00000000e0000000, 0x0000000100000000, 0x0000000100000000)
  eden space 175104K, 0% used [0x00000000e0000000,0x00000000e0000000,0x00000000eab00000)
  from space 155648K, 37% used [0x00000000f6800000,0x00000000fa0d3f10,0x0000000100000000)
  to   space 174592K, 0% used [0x00000000eab00000,0x00000000eab00000,0x00000000f5580000)
 ParOldGen       total 671232K, used 671119K [0x00000000a0000000, 0x00000000c8f80000, 0x00000000e0000000)
  object space 671232K, 99% used [0x00000000a0000000,0x00000000c8f63c80,0x00000000c8f80000)
 Metaspace       used 55414K, capacity 57168K, committed 57392K, reserved 1099776K
  class space    used 7300K, capacity 7708K, committed 7728K, reserved 1048576K
GC Heap History (10 events):
Event: 62.855 GC heap after
Heap after GC invocations=52 (full 8):
 PSYoungGen      total 371712K, used 67377K [0x00000000e0000000, 0x00000000fe000000, 0x0000000100000000)
  eden space 260096K, 0% used [0x00000000e0000000,0x00000000e0000000,0x00000000efe00000)
  from space 111616K, 60% used [0x00000000f7300000,0x00000000fb4cc7b0,0x00000000fe000000)
  to   space 115712K, 0% used [0x00000000efe00000,0x00000000efe00000,0x00000000f6f00000)
 ParOldGen       total 671232K, used 497751K [0x00000000a0000000, 0x00000000c8f80000, 0x00000000e0000000)
  object space 671232K, 74% used [0x00000000a0000000,0x00000000be615f60,0x00000000c8f80000)
 Metaspace       used 55402K, capacity 57136K, committed 57392K, reserved 1099776K
  class space    used 7299K, capacity 7676K, committed 7728K, reserved 1048576K
}
Event: 63.587 GC heap before
{Heap before GC invocations=53 (full 8):
 PSYoungGen      total 371712K, used 327473K [0x00000000e0000000, 0x00000000fe000000, 0x0000000100000000)
  eden space 260096K, 100% used [0x00000000e0000000,0x00000000efe00000,0x00000000efe00000)
  from space 111616K, 60% used [0x00000000f7300000,0x00000000fb4cc7b0,0x00000000fe000000)
  to   space 115712K, 0% used [0x00000000efe00000,0x00000000efe00000,0x00000000f6f00000)
 ParOldGen       total 671232K, used 497751K [0x00000000a0000000, 0x00000000c8f80000, 0x00000000e0000000)
  object space 671232K, 74% used [0x00000000a0000000,0x00000000be615f60,0x00000000c8f80000)
 Metaspace       used 55404K, capacity 57136K, committed 57392K, reserved 1099776K
  class space    used 7299K, capacity 7676K, committed 7728K, reserved 1048576K
Event: 63.754 GC heap after
Heap after GC invocations=53 (full 8):
 PSYoungGen      total 375808K, used 107439K [0x00000000e0000000, 0x0000000100000000, 0x0000000100000000)
  eden space 260096K, 0% used [0x00000000e0000000,0x00000000e0000000,0x00000000efe00000)
  from space 115712K, 92% used [0x00000000efe00000,0x00000000f66ebf70,0x00000000f6f00000)
  to   space 130560K, 0% used [0x00000000f8080000,0x00000000f8080000,0x0000000100000000)
 ParOldGen       total 671232K, used 497751K [0x00000000a0000000, 0x00000000c8f80000, 0x00000000e0000000)
  object space 671232K, 74% used [0x00000000a0000000,0x00000000be615f60,0x00000000c8f80000)
 Metaspace       used 55404K, capacity 57136K, committed 57392K, reserved 1099776K
  class space    used 7299K, capacity 7676K, committed 7728K, reserved 1048576K
}
Event: 64.932 GC heap before
{Heap before GC invocations=54 (full 8):
 PSYoungGen      total 375808K, used 367535K [0x00000000e0000000, 0x0000000100000000, 0x0000000100000000)
  eden space 260096K, 100% used [0x00000000e0000000,0x00000000efe00000,0x00000000efe00000)
  from space 115712K, 92% used [0x00000000efe00000,0x00000000f66ebf70,0x00000000f6f00000)
  to   space 130560K, 0% used [0x00000000f8080000,0x00000000f8080000,0x0000000100000000)
 ParOldGen       total 671232K, used 497751K [0x00000000a0000000, 0x00000000c8f80000, 0x00000000e0000000)
  object space 671232K, 74% used [0x00000000a0000000,0x00000000be615f60,0x00000000c8f80000)
 Metaspace       used 55414K, capacity 57168K, committed 57392K, reserved 1099776K
  class space    used 7300K, capacity 7708K, committed 7728K, reserved 1048576K
Event: 65.219 GC heap after
Heap after GC invocations=54 (full 8):
 PSYoungGen      total 343552K, used 130545K [0x00000000e0000000, 0x0000000100000000, 0x0000000100000000)
  eden space 212992K, 0% used [0x00000000e0000000,0x00000000e0000000,0x00000000ed000000)
  from space 130560K, 99% used [0x00000000f8080000,0x00000000ffffc600,0x0000000100000000)
  to   space 155648K, 0% used [0x00000000ed000000,0x00000000ed000000,0x00000000f6800000)
 ParOldGen       total 671232K, used 511153K [0x00000000a0000000, 0x00000000c8f80000, 0x00000000e0000000)
  object space 671232K, 76% used [0x00000000a0000000,0x00000000bf32c6d8,0x00000000c8f80000)
 Metaspace       used 55414K, capacity 57168K, committed 57392K, reserved 1099776K
  class space    used 7300K, capacity 7708K, committed 7728K, reserved 1048576K
}
Event: 66.188 GC heap before
{Heap before GC invocations=55 (full 8):
 PSYoungGen      total 343552K, used 343537K [0x00000000e0000000, 0x0000000100000000, 0x0000000100000000)
  eden space 212992K, 100% used [0x00000000e0000000,0x00000000ed000000,0x00000000ed000000)
  from space 130560K, 99% used [0x00000000f8080000,0x00000000ffffc600,0x0000000100000000)
  to   space 155648K, 0% used [0x00000000ed000000,0x00000000ed000000,0x00000000f6800000)
 ParOldGen       total 671232K, used 511153K [0x00000000a0000000, 0x00000000c8f80000, 0x00000000e0000000)
  object space 671232K, 76% used [0x00000000a0000000,0x00000000bf32c6d8,0x00000000c8f80000)
 Metaspace       used 55414K, capacity 57168K, committed 57392K, reserved 1099776K
  class space    used 7300K, capacity 7708K, committed 7728K, reserved 1048576K
Event: 66.514 GC heap after
Heap after GC invocations=55 (full 8):
 PSYoungGen      total 368640K, used 155621K [0x00000000e0000000, 0x0000000100000000, 0x0000000100000000)
  eden space 212992K, 0% used [0x00000000e0000000,0x00000000e0000000,0x00000000ed000000)
  from space 155648K, 99% used [0x00000000ed000000,0x00000000f67f97f0,0x00000000f6800000)
  to   space 155648K, 0% used [0x00000000f6800000,0x00000000f6800000,0x0000000100000000)
 ParOldGen       total 671232K, used 594192K [0x00000000a0000000, 0x00000000c8f80000, 0x00000000e0000000)
  object space 671232K, 88% used [0x00000000a0000000,0x00000000c4444308,0x00000000c8f80000)
 Metaspace       used 55414K, capacity 57168K, committed 57392K, reserved 1099776K
  class space    used 7300K, capacity 7708K, committed 7728K, reserved 1048576K
}
Event: 66.944 GC heap before
{Heap before GC invocations=56 (full 8):
 PSYoungGen      total 368640K, used 368613K [0x00000000e0000000, 0x0000000100000000, 0x0000000100000000)
  eden space 212992K, 100% used [0x00000000e0000000,0x00000000ed000000,0x00000000ed000000)
  from space 155648K, 99% used [0x00000000ed000000,0x00000000f67f97f0,0x00000000f6800000)
  to   space 155648K, 0% used [0x00000000f6800000,0x00000000f6800000,0x0000000100000000)
 ParOldGen       total 671232K, used 594192K [0x00000000a0000000, 0x00000000c8f80000, 0x00000000e0000000)
  object space 671232K, 88% used [0x00000000a0000000,0x00000000c4444308,0x00000000c8f80000)
 Metaspace       used 55414K, capacity 57168K, committed 57392K, reserved 1099776K
  class space    used 7300K, capacity 7708K, committed 7728K, reserved 1048576K
Event: 67.289 GC heap after
Heap after GC invocations=56 (full 8):
 PSYoungGen      total 330752K, used 149659K [0x00000000e0000000, 0x0000000100000000, 0x0000000100000000)
  eden space 175104K, 0% used [0x00000000e0000000,0x00000000e0000000,0x00000000eab00000)
  from space 155648K, 96% used [0x00000000f6800000,0x00000000ffa26d18,0x0000000100000000)
  to   space 174592K, 0% used [0x00000000eab00000,0x00000000eab00000,0x00000000f5580000)
 ParOldGen       total 671232K, used 660346K [0x00000000a0000000, 0x00000000c8f80000, 0x00000000e0000000)
  object space 671232K, 98% used [0x00000000a0000000,0x00000000c84dead0,0x00000000c8f80000)
 Metaspace       used 55414K, capacity 57168K, committed 57392K, reserved 1099776K
  class space    used 7300K, capacity 7708K, committed 7728K, reserved 1048576K
}
Event: 67.408 GC heap before
{Heap before GC invocations=57 (full 9):
 PSYoungGen      total 330752K, used 149659K [0x00000000e0000000, 0x0000000100000000, 0x0000000100000000)
  eden space 175104K, 0% used [0x00000000e0000000,0x00000000e0000000,0x00000000eab00000)
  from space 155648K, 96% used [0x00000000f6800000,0x00000000ffa26d18,0x0000000100000000)
  to   space 174592K, 0% used [0x00000000eab00000,0x00000000eab00000,0x00000000f5580000)
 ParOldGen       total 671232K, used 660346K [0x00000000a0000000, 0x00000000c8f80000, 0x00000000e0000000)
  object space 671232K, 98% used [0x00000000a0000000,0x00000000c84dead0,0x00000000c8f80000)
 Metaspace       used 55414K, capacity 57168K, committed 57392K, reserved 1099776K
  class space    used 7300K, capacity 7708K, committed 7728K, reserved 1048576K

