# JRE version: OpenJDK Runtime Environment (8.0_112-b06) (build 1.8.0_112-release-b06)
# Java VM: OpenJDK 64-Bit Server VM (25.112-b06 mixed mode linux-amd64 compressed oops)
Heap:
 PSYoungGen      total 349696K, used 0K [0x00000000e0000000, 0x0000000100000000, 0x0000000100000000)
  eden space 175104K, 0% used [0x00000000e0000000,0x00000000e0000000,0x00000000eab00000)
  from space 174592K, 0% used [0x00000000eab00000,0x00000000eab00000,0x00000000f5580000)
  to   space 171008K, 0% used [0x00000000f5900000,0x00000000f5900000,0x0000000100000000)
 ParOldGen       total 823808K, used 799080K [0x00000000a0000000, 0x00000000d2480000, 0x00000000e0000000)
  object space 823808K, 96% used [0x00000000a0000000,0x00000000d0c5a238,0x00000000d2480000)
 Metaspace       used 74585K, capacity 77784K, committed 78104K, reserved 1118208K
  class space    used 9538K, capacity 10249K, committed 10288K, reserved 1048576K
GC Heap History (10 events):
Event: 201.520 GC heap after
Heap after GC invocations=47 (full 8):
 PSYoungGen      total 279552K, used 50289K [0x00000000e0000000, 0x00000000ff180000, 0x0000000100000000)
  eden space 228864K, 0% used [0x00000000e0000000,0x00000000e0000000,0x00000000edf80000)
  from space 50688K, 99% used [0x00000000edf80000,0x00000000f109c678,0x00000000f1100000)
  to   space 140288K, 0% used [0x00000000f6880000,0x00000000f6880000,0x00000000ff180000)
 ParOldGen       total 823808K, used 608344K [0x00000000a0000000, 0x00000000d2480000, 0x00000000e0000000)
  object space 823808K, 73% used [0x00000000a0000000,0x00000000c52161a0,0x00000000d2480000)
 Metaspace       used 74575K, capacity 77720K, committed 77848K, reserved 1116160K
  class space    used 9537K, capacity 10249K, committed 10288K, reserved 1048576K
}
Event: 201.874 GC heap before
{Heap before GC invocations=48 (full 8):
 PSYoungGen      total 279552K, used 279153K [0x00000000e0000000, 0x00000000ff180000, 0x0000000100000000)
  eden space 228864K, 100% used [0x00000000e0000000,0x00000000edf80000,0x00000000edf80000)
  from space 50688K, 99% used [0x00000000edf80000,0x00000000f109c678,0x00000000f1100000)
  to   space 140288K, 0% used [0x00000000f6880000,0x00000000f6880000,0x00000000ff180000)
 ParOldGen       total 823808K, used 608344K [0x00000000a0000000, 0x00000000d2480000, 0x00000000e0000000)
  object space 823808K, 73% used [0x00000000a0000000,0x00000000c52161a0,0x00000000d2480000)
 Metaspace       used 74584K, capacity 77784K, committed 78104K, reserved 1118208K
  class space    used 9538K, capacity 10249K, committed 10288K, reserved 1048576K
Event: 202.020 GC heap after
Heap after GC invocations=48 (full 8):
 PSYoungGen      total 335872K, used 140287K [0x00000000e0000000, 0x0000000100000000, 0x0000000100000000)
  eden space 195584K, 0% used [0x00000000e0000000,0x00000000e0000000,0x00000000ebf00000)
  from space 140288K, 99% used [0x00000000f6880000,0x00000000ff17fe00,0x00000000ff180000)
  to   space 164352K, 0% used [0x00000000ebf00000,0x00000000ebf00000,0x00000000f5f80000)
 ParOldGen       total 823808K, used 620358K [0x00000000a0000000, 0x00000000d2480000, 0x00000000e0000000)
  object space 823808K, 75% used [0x00000000a0000000,0x00000000c5dd1860,0x00000000d2480000)
 Metaspace       used 74584K, capacity 77784K, committed 78104K, reserved 1118208K
  class space    used 9538K, capacity 10249K, committed 10288K, reserved 1048576K
}
Event: 202.828 GC heap before
{Heap before GC invocations=49 (full 8):
 PSYoungGen      total 335872K, used 335871K [0x00000000e0000000, 0x0000000100000000, 0x0000000100000000)
  eden space 195584K, 100% used [0x00000000e0000000,0x00000000ebf00000,0x00000000ebf00000)
  from space 140288K, 99% used [0x00000000f6880000,0x00000000ff17fe00,0x00000000ff180000)
  to   space 164352K, 0% used [0x00000000ebf00000,0x00000000ebf00000,0x00000000f5f80000)
 ParOldGen       total 823808K, used 620358K [0x00000000a0000000, 0x00000000d2480000, 0x00000000e0000000)
  object space 823808K, 75% used [0x00000000a0000000,0x00000000c5dd1860,0x00000000d2480000)
 Metaspace       used 74585K, capacity 77784K, committed 78104K, reserved 1118208K
  class space    used 9538K, capacity 10249K, committed 10288K, reserved 1048576K
Event: 202.997 GC heap after
Heap after GC invocations=49 (full 8):
 PSYoungGen      total 359936K, used 46863K [0x00000000e0000000, 0x0000000100000000, 0x0000000100000000)
  eden space 195584K, 0% used [0x00000000e0000000,0x00000000e0000000,0x00000000ebf00000)
  from space 164352K, 28% used [0x00000000ebf00000,0x00000000eecc3fa0,0x00000000f5f80000)
  to   space 160256K, 0% used [0x00000000f6380000,0x00000000f6380000,0x0000000100000000)
 ParOldGen       total 823808K, used 675406K [0x00000000a0000000, 0x00000000d2480000, 0x00000000e0000000)
  object space 823808K, 81% used [0x00000000a0000000,0x00000000c93939f8,0x00000000d2480000)
 Metaspace       used 74585K, capacity 77784K, committed 78104K, reserved 1118208K
  class space    used 9538K, capacity 10249K, committed 10288K, reserved 1048576K
}
Event: 203.602 GC heap before
{Heap before GC invocations=50 (full 8):
 PSYoungGen      total 359936K, used 242447K [0x00000000e0000000, 0x0000000100000000, 0x0000000100000000)
  eden space 195584K, 100% used [0x00000000e0000000,0x00000000ebf00000,0x00000000ebf00000)
  from space 164352K, 28% used [0x00000000ebf00000,0x00000000eecc3fa0,0x00000000f5f80000)
  to   space 160256K, 0% used [0x00000000f6380000,0x00000000f6380000,0x0000000100000000)
 ParOldGen       total 823808K, used 675406K [0x00000000a0000000, 0x00000000d2480000, 0x00000000e0000000)
  object space 823808K, 81% used [0x00000000a0000000,0x00000000c93939f8,0x00000000d2480000)
 Metaspace       used 74585K, capacity 77784K, committed 78104K, reserved 1118208K
  class space    used 9538K, capacity 10249K, committed 10288K, reserved 1048576K
Event: 203.699 GC heap after
Heap after GC invocations=50 (full 8):
 PSYoungGen      total 335360K, used 142776K [0x00000000e0000000, 0x0000000100000000, 0x0000000100000000)
  eden space 175104K, 0% used [0x00000000e0000000,0x00000000e0000000,0x00000000eab00000)
  from space 160256K, 89% used [0x00000000f6380000,0x00000000feeee038,0x0000000100000000)
  to   space 174592K, 0% used [0x00000000eab00000,0x00000000eab00000,0x00000000f5580000)
 ParOldGen       total 823808K, used 675406K [0x00000000a0000000, 0x00000000d2480000, 0x00000000e0000000)
  object space 823808K, 81% used [0x00000000a0000000,0x00000000c93939f8,0x00000000d2480000)
 Metaspace       used 74585K, capacity 77784K, committed 78104K, reserved 1118208K
  class space    used 9538K, capacity 10249K, committed 10288K, reserved 1048576K
}
Event: 204.037 GC heap before
{Heap before GC invocations=51 (full 8):
 PSYoungGen      total 335360K, used 317880K [0x00000000e0000000, 0x0000000100000000, 0x0000000100000000)
  eden space 175104K, 100% used [0x00000000e0000000,0x00000000eab00000,0x00000000eab00000)
  from space 160256K, 89% used [0x00000000f6380000,0x00000000feeee038,0x0000000100000000)
  to   space 174592K, 0% used [0x00000000eab00000,0x00000000eab00000,0x00000000f5580000)
 ParOldGen       total 823808K, used 675406K [0x00000000a0000000, 0x00000000d2480000, 0x00000000e0000000)
  object space 823808K, 81% used [0x00000000a0000000,0x00000000c93939f8,0x00000000d2480000)
 Metaspace       used 74585K, capacity 77784K, committed 78104K, reserved 1118208K
  class space    used 9538K, capacity 10249K, committed 10288K, reserved 1048576K
Event: 204.526 GC heap after
Heap after GC invocations=51 (full 8):
 PSYoungGen      total 349696K, used 60063K [0x00000000e0000000, 0x0000000100000000, 0x0000000100000000)
  eden space 175104K, 0% used [0x00000000e0000000,0x00000000e0000000,0x00000000eab00000)
  from space 174592K, 34% used [0x00000000eab00000,0x00000000ee5a7e70,0x00000000f5580000)
  to   space 171008K, 0% used [0x00000000f5900000,0x00000000f5900000,0x0000000100000000)
 ParOldGen       total 823808K, used 781964K [0x00000000a0000000, 0x00000000d2480000, 0x00000000e0000000)
  object space 823808K, 94% used [0x00000000a0000000,0x00000000cfba31b0,0x00000000d2480000)
 Metaspace       used 74585K, capacity 77784K, committed 78104K, reserved 1118208K
  class space    used 9538K, capacity 10249K, committed 10288K, reserved 1048576K
}
Event: 204.775 GC heap before
{Heap before GC invocations=52 (full 9):
 PSYoungGen      total 349696K, used 60063K [0x00000000e0000000, 0x0000000100000000, 0x0000000100000000)
  eden space 175104K, 0% used [0x00000000e0000000,0x00000000e0000000,0x00000000eab00000)
  from space 174592K, 34% used [0x00000000eab00000,0x00000000ee5a7e70,0x00000000f5580000)
  to   space 171008K, 0% used [0x00000000f5900000,0x00000000f5900000,0x0000000100000000)
 ParOldGen       total 823808K, used 781964K [0x00000000a0000000, 0x00000000d2480000, 0x00000000e0000000)
  object space 823808K, 94% used [0x00000000a0000000,0x00000000cfba31b0,0x00000000d2480000)
 Metaspace       used 74585K, capacity 77784K, committed 78104K, reserved 1118208K
  class space    used 9538K, capacity 10249K, committed 10288K, reserved 1048576K

