# JRE version: OpenJDK Runtime Environment (8.0_112-b06) (build 1.8.0_112-release-b06)
# Java VM: OpenJDK 64-Bit Server VM (25.112-b06 mixed mode linux-amd64 compressed oops)
Heap:
 PSYoungGen      total 403968K, used 7362K [0x00000000e0000000, 0x0000000100000000, 0x0000000100000000)
  eden space 283648K, 0% used [0x00000000e0000000,0x00000000e0000000,0x00000000f1500000)
  from space 120320K, 6% used [0x00000000f1500000,0x00000000f1c30b60,0x00000000f8a80000)
  to   space 115712K, 0% used [0x00000000f8f00000,0x00000000f8f00000,0x0000000100000000)
 ParOldGen       total 527360K, used 527351K [0x00000000a0000000, 0x00000000c0300000, 0x00000000e0000000)
  object space 527360K, 99% used [0x00000000a0000000,0x00000000c02fdc10,0x00000000c0300000)
 Metaspace       used 74782K, capacity 78040K, committed 78336K, reserved 1118208K
  class space    used 9503K, capacity 10223K, committed 10240K, reserved 1048576K
GC Heap History (10 events):
Event: 257.627 GC heap after
Heap after GC invocations=36 (full 7):
 PSYoungGen      total 417280K, used 20457K [0x00000000e0000000, 0x0000000100000000, 0x0000000100000000)
  eden space 310272K, 0% used [0x00000000e0000000,0x00000000e0000000,0x00000000f2f00000)
  from space 107008K, 19% used [0x00000000f2f00000,0x00000000f42fa5a8,0x00000000f9780000)
  to   space 101376K, 0% used [0x00000000f9d00000,0x00000000f9d00000,0x0000000100000000)
 ParOldGen       total 527360K, used 336151K [0x00000000a0000000, 0x00000000c0300000, 0x00000000e0000000)
  object space 527360K, 63% used [0x00000000a0000000,0x00000000b4845ea0,0x00000000c0300000)
 Metaspace       used 74775K, capacity 78040K, committed 78336K, reserved 1118208K
  class space    used 9503K, capacity 10223K, committed 10240K, reserved 1048576K
}
Event: 258.604 GC heap before
{Heap before GC invocations=37 (full 7):
 PSYoungGen      total 417280K, used 330729K [0x00000000e0000000, 0x0000000100000000, 0x0000000100000000)
  eden space 310272K, 100% used [0x00000000e0000000,0x00000000f2f00000,0x00000000f2f00000)
  from space 107008K, 19% used [0x00000000f2f00000,0x00000000f42fa5a8,0x00000000f9780000)
  to   space 101376K, 0% used [0x00000000f9d00000,0x00000000f9d00000,0x0000000100000000)
 ParOldGen       total 527360K, used 336151K [0x00000000a0000000, 0x00000000c0300000, 0x00000000e0000000)
  object space 527360K, 63% used [0x00000000a0000000,0x00000000b4845ea0,0x00000000c0300000)
 Metaspace       used 74777K, capacity 78040K, committed 78336K, reserved 1118208K
  class space    used 9503K, capacity 10223K, committed 10240K, reserved 1048576K
Event: 258.852 GC heap after
Heap after GC invocations=37 (full 7):
 PSYoungGen      total 402432K, used 47958K [0x00000000e0000000, 0x00000000ff180000, 0x0000000100000000)
  eden space 315904K, 0% used [0x00000000e0000000,0x00000000e0000000,0x00000000f3480000)
  from space 86528K, 55% used [0x00000000f9d00000,0x00000000fcbd5b10,0x00000000ff180000)
  to   space 96768K, 0% used [0x00000000f3480000,0x00000000f3480000,0x00000000f9300000)
 ParOldGen       total 527360K, used 354637K [0x00000000a0000000, 0x00000000c0300000, 0x00000000e0000000)
  object space 527360K, 67% used [0x00000000a0000000,0x00000000b5a535a8,0x00000000c0300000)
 Metaspace       used 74777K, capacity 78040K, committed 78336K, reserved 1118208K
  class space    used 9503K, capacity 10223K, committed 10240K, reserved 1048576K
}
Event: 259.918 GC heap before
{Heap before GC invocations=38 (full 7):
 PSYoungGen      total 402432K, used 363862K [0x00000000e0000000, 0x00000000ff180000, 0x0000000100000000)
  eden space 315904K, 100% used [0x00000000e0000000,0x00000000f3480000,0x00000000f3480000)
  from space 86528K, 55% used [0x00000000f9d00000,0x00000000fcbd5b10,0x00000000ff180000)
  to   space 96768K, 0% used [0x00000000f3480000,0x00000000f3480000,0x00000000f9300000)
 ParOldGen       total 527360K, used 354637K [0x00000000a0000000, 0x00000000c0300000, 0x00000000e0000000)
  object space 527360K, 67% used [0x00000000a0000000,0x00000000b5a535a8,0x00000000c0300000)
 Metaspace       used 74779K, capacity 78040K, committed 78336K, reserved 1118208K
  class space    used 9503K, capacity 10223K, committed 10240K, reserved 1048576K
Event: 260.072 GC heap after
Heap after GC invocations=38 (full 7):
 PSYoungGen      total 412672K, used 95655K [0x00000000e0000000, 0x0000000100000000, 0x0000000100000000)
  eden space 315904K, 0% used [0x00000000e0000000,0x00000000e0000000,0x00000000f3480000)
  from space 96768K, 98% used [0x00000000f3480000,0x00000000f91e9ea0,0x00000000f9300000)
  to   space 110080K, 0% used [0x00000000f9480000,0x00000000f9480000,0x0000000100000000)
 ParOldGen       total 527360K, used 354637K [0x00000000a0000000, 0x00000000c0300000, 0x00000000e0000000)
  object space 527360K, 67% used [0x00000000a0000000,0x00000000b5a535a8,0x00000000c0300000)
 Metaspace       used 74779K, capacity 78040K, committed 78336K, reserved 1118208K
  class space    used 9503K, capacity 10223K, committed 10240K, reserved 1048576K
}
Event: 260.973 GC heap before
{Heap before GC invocations=39 (full 7):
 PSYoungGen      total 412672K, used 411559K [0x00000000e0000000, 0x0000000100000000, 0x0000000100000000)
  eden space 315904K, 100% used [0x00000000e0000000,0x00000000f3480000,0x00000000f3480000)
  from space 96768K, 98% used [0x00000000f3480000,0x00000000f91e9ea0,0x00000000f9300000)
  to   space 110080K, 0% used [0x00000000f9480000,0x00000000f9480000,0x0000000100000000)
 ParOldGen       total 527360K, used 354637K [0x00000000a0000000, 0x00000000c0300000, 0x00000000e0000000)
  object space 527360K, 67% used [0x00000000a0000000,0x00000000b5a535a8,0x00000000c0300000)
 Metaspace       used 74782K, capacity 78040K, committed 78336K, reserved 1118208K
  class space    used 9503K, capacity 10223K, committed 10240K, reserved 1048576K
Event: 261.193 GC heap after
Heap after GC invocations=39 (full 7):
 PSYoungGen      total 393728K, used 94479K [0x00000000e0000000, 0x0000000100000000, 0x0000000100000000)
  eden space 283648K, 0% used [0x00000000e0000000,0x00000000e0000000,0x00000000f1500000)
  from space 110080K, 85% used [0x00000000f9480000,0x00000000ff0c3c38,0x0000000100000000)
  to   space 120320K, 0% used [0x00000000f1500000,0x00000000f1500000,0x00000000f8a80000)
 ParOldGen       total 527360K, used 400686K [0x00000000a0000000, 0x00000000c0300000, 0x00000000e0000000)
  object space 527360K, 75% used [0x00000000a0000000,0x00000000b874b8e0,0x00000000c0300000)
 Metaspace       used 74782K, capacity 78040K, committed 78336K, reserved 1118208K
  class space    used 9503K, capacity 10223K, committed 10240K, reserved 1048576K
}
Event: 262.048 GC heap before
{Heap before GC invocations=40 (full 7):
 PSYoungGen      total 393728K, used 378127K [0x00000000e0000000, 0x0000000100000000, 0x0000000100000000)
  eden space 283648K, 100% used [0x00000000e0000000,0x00000000f1500000,0x00000000f1500000)
  from space 110080K, 85% used [0x00000000f9480000,0x00000000ff0c3c38,0x0000000100000000)
  to   space 120320K, 0% used [0x00000000f1500000,0x00000000f1500000,0x00000000f8a80000)
 ParOldGen       total 527360K, used 400686K [0x00000000a0000000, 0x00000000c0300000, 0x00000000e0000000)
  object space 527360K, 75% used [0x00000000a0000000,0x00000000b874b8e0,0x00000000c0300000)
 Metaspace       used 74782K, capacity 78040K, committed 78336K, reserved 1118208K
  class space    used 9503K, capacity 10223K, committed 10240K, reserved 1048576K
Event: 262.321 GC heap after
Heap after GC invocations=40 (full 7):
 PSYoungGen      total 403968K, used 44847K [0x00000000e0000000, 0x0000000100000000, 0x0000000100000000)
  eden space 283648K, 0% used [0x00000000e0000000,0x00000000e0000000,0x00000000f1500000)
  from space 120320K, 37% used [0x00000000f1500000,0x00000000f40cbfa0,0x00000000f8a80000)
  to   space 115712K, 0% used [0x00000000f8f00000,0x00000000f8f00000,0x0000000100000000)
 ParOldGen       total 527360K, used 493978K [0x00000000a0000000, 0x00000000c0300000, 0x00000000e0000000)
  object space 527360K, 93% used [0x00000000a0000000,0x00000000be266948,0x00000000c0300000)
 Metaspace       used 74782K, capacity 78040K, committed 78336K, reserved 1118208K
  class space    used 9503K, capacity 10223K, committed 10240K, reserved 1048576K
}
Event: 262.321 GC heap before
{Heap before GC invocations=41 (full 8):
 PSYoungGen      total 403968K, used 44847K [0x00000000e0000000, 0x0000000100000000, 0x0000000100000000)
  eden space 283648K, 0% used [0x00000000e0000000,0x00000000e0000000,0x00000000f1500000)
  from space 120320K, 37% used [0x00000000f1500000,0x00000000f40cbfa0,0x00000000f8a80000)
  to   space 115712K, 0% used [0x00000000f8f00000,0x00000000f8f00000,0x0000000100000000)
 ParOldGen       total 527360K, used 493978K [0x00000000a0000000, 0x00000000c0300000, 0x00000000e0000000)
  object space 527360K, 93% used [0x00000000a0000000,0x00000000be266948,0x00000000c0300000)
 Metaspace       used 74782K, capacity 78040K, committed 78336K, reserved 1118208K
  class space    used 9503K, capacity 10223K, committed 10240K, reserved 1048576K

