# JRE version: OpenJDK Runtime Environment (8.0_112-b06) (build 1.8.0_112-release-b06)
# Java VM: OpenJDK 64-Bit Server VM (25.112-b06 mixed mode linux-amd64 compressed oops)
Heap:
 PSYoungGen      total 336896K, used 0K [0x00000000e0000000, 0x0000000100000000, 0x0000000100000000)
  eden space 170496K, 0% used [0x00000000e0000000,0x00000000e0000000,0x00000000ea680000)
  from space 166400K, 0% used [0x00000000f5100000,0x00000000f5100000,0x00000000ff380000)
  to   space 174592K, 0% used [0x00000000ea680000,0x00000000ea680000,0x00000000f5100000)
 ParOldGen       total 787456K, used 719454K [0x00000000a0000000, 0x00000000d0100000, 0x00000000e0000000)
  object space 787456K, 91% used [0x00000000a0000000,0x00000000cbe97950,0x00000000d0100000)
 Metaspace       used 56921K, capacity 58714K, committed 58928K, reserved 1099776K
  class space    used 7534K, capacity 7941K, committed 7984K, reserved 1048576K
GC Heap History (10 events):
Event: 63.928 GC heap after
Heap after GC invocations=38 (full 7):
 PSYoungGen      total 311808K, used 127137K [0x00000000e0000000, 0x0000000100000000, 0x0000000100000000)
  eden space 184320K, 0% used [0x00000000e0000000,0x00000000e0000000,0x00000000eb400000)
  from space 127488K, 99% used [0x00000000eb400000,0x00000000f30286e0,0x00000000f3080000)
  to   space 174592K, 0% used [0x00000000f5580000,0x00000000f5580000,0x0000000100000000)
 ParOldGen       total 569344K, used 548059K [0x00000000a0000000, 0x00000000c2c00000, 0x00000000e0000000)
  object space 569344K, 96% used [0x00000000a0000000,0x00000000c1736cd8,0x00000000c2c00000)
 Metaspace       used 56912K, capacity 58714K, committed 58928K, reserved 1099776K
  class space    used 7533K, capacity 7941K, committed 7984K, reserved 1048576K
}
Event: 63.928 GC heap before
{Heap before GC invocations=39 (full 8):
 PSYoungGen      total 311808K, used 127137K [0x00000000e0000000, 0x0000000100000000, 0x0000000100000000)
  eden space 184320K, 0% used [0x00000000e0000000,0x00000000e0000000,0x00000000eb400000)
  from space 127488K, 99% used [0x00000000eb400000,0x00000000f30286e0,0x00000000f3080000)
  to   space 174592K, 0% used [0x00000000f5580000,0x00000000f5580000,0x0000000100000000)
 ParOldGen       total 569344K, used 548059K [0x00000000a0000000, 0x00000000c2c00000, 0x00000000e0000000)
  object space 569344K, 96% used [0x00000000a0000000,0x00000000c1736cd8,0x00000000c2c00000)
 Metaspace       used 56912K, capacity 58714K, committed 58928K, reserved 1099776K
  class space    used 7533K, capacity 7941K, committed 7984K, reserved 1048576K
Event: 69.304 GC heap after
Heap after GC invocations=39 (full 8):
 PSYoungGen      total 311808K, used 94469K [0x00000000e0000000, 0x0000000100000000, 0x0000000100000000)
  eden space 184320K, 0% used [0x00000000e0000000,0x00000000e0000000,0x00000000eb400000)
  from space 127488K, 74% used [0x00000000eb400000,0x00000000f1041790,0x00000000f3080000)
  to   space 174592K, 0% used [0x00000000f5580000,0x00000000f5580000,0x0000000100000000)
 ParOldGen       total 787456K, used 569017K [0x00000000a0000000, 0x00000000d0100000, 0x00000000e0000000)
  object space 787456K, 72% used [0x00000000a0000000,0x00000000c2bae4e8,0x00000000d0100000)
 Metaspace       used 56912K, capacity 58714K, committed 58928K, reserved 1099776K
  class space    used 7533K, capacity 7941K, committed 7984K, reserved 1048576K
}
Event: 69.920 GC heap before
{Heap before GC invocations=40 (full 8):
 PSYoungGen      total 311808K, used 278789K [0x00000000e0000000, 0x0000000100000000, 0x0000000100000000)
  eden space 184320K, 100% used [0x00000000e0000000,0x00000000eb400000,0x00000000eb400000)
  from space 127488K, 74% used [0x00000000eb400000,0x00000000f1041790,0x00000000f3080000)
  to   space 174592K, 0% used [0x00000000f5580000,0x00000000f5580000,0x0000000100000000)
 ParOldGen       total 787456K, used 569017K [0x00000000a0000000, 0x00000000d0100000, 0x00000000e0000000)
  object space 787456K, 72% used [0x00000000a0000000,0x00000000c2bae4e8,0x00000000d0100000)
 Metaspace       used 56920K, capacity 58714K, committed 58928K, reserved 1099776K
  class space    used 7534K, capacity 7941K, committed 7984K, reserved 1048576K
Event: 70.954 GC heap after
Heap after GC invocations=40 (full 8):
 PSYoungGen      total 353280K, used 73411K [0x00000000e0000000, 0x0000000100000000, 0x0000000100000000)
  eden space 178688K, 0% used [0x00000000e0000000,0x00000000e0000000,0x00000000eae80000)
  from space 174592K, 42% used [0x00000000f5580000,0x00000000f9d30f48,0x0000000100000000)
  to   space 171008K, 0% used [0x00000000eae80000,0x00000000eae80000,0x00000000f5580000)
 ParOldGen       total 787456K, used 667597K [0x00000000a0000000, 0x00000000d0100000, 0x00000000e0000000)
  object space 787456K, 84% used [0x00000000a0000000,0x00000000c8bf34d0,0x00000000d0100000)
 Metaspace       used 56920K, capacity 58714K, committed 58928K, reserved 1099776K
  class space    used 7534K, capacity 7941K, committed 7984K, reserved 1048576K
}
Event: 73.000 GC heap before
{Heap before GC invocations=41 (full 8):
 PSYoungGen      total 353280K, used 252099K [0x00000000e0000000, 0x0000000100000000, 0x0000000100000000)
  eden space 178688K, 100% used [0x00000000e0000000,0x00000000eae80000,0x00000000eae80000)
  from space 174592K, 42% used [0x00000000f5580000,0x00000000f9d30f48,0x0000000100000000)
  to   space 171008K, 0% used [0x00000000eae80000,0x00000000eae80000,0x00000000f5580000)
 ParOldGen       total 787456K, used 667597K [0x00000000a0000000, 0x00000000d0100000, 0x00000000e0000000)
  object space 787456K, 84% used [0x00000000a0000000,0x00000000c8bf34d0,0x00000000d0100000)
 Metaspace       used 56921K, capacity 58714K, committed 58928K, reserved 1099776K
  class space    used 7534K, capacity 7941K, committed 7984K, reserved 1048576K
Event: 73.083 GC heap after
Heap after GC invocations=41 (full 8):
 PSYoungGen      total 266752K, used 87666K [0x00000000e0000000, 0x00000000ff380000, 0x0000000100000000)
  eden space 178688K, 0% used [0x00000000e0000000,0x00000000e0000000,0x00000000eae80000)
  from space 88064K, 99% used [0x00000000eae80000,0x00000000f041cbf0,0x00000000f0480000)
  to   space 166400K, 0% used [0x00000000f5100000,0x00000000f5100000,0x00000000ff380000)
 ParOldGen       total 787456K, used 667597K [0x00000000a0000000, 0x00000000d0100000, 0x00000000e0000000)
  object space 787456K, 84% used [0x00000000a0000000,0x00000000c8bf34d0,0x00000000d0100000)
 Metaspace       used 56921K, capacity 58714K, committed 58928K, reserved 1099776K
  class space    used 7534K, capacity 7941K, committed 7984K, reserved 1048576K
}
Event: 73.259 GC heap before
{Heap before GC invocations=42 (full 8):
 PSYoungGen      total 266752K, used 266354K [0x00000000e0000000, 0x00000000ff380000, 0x0000000100000000)
  eden space 178688K, 100% used [0x00000000e0000000,0x00000000eae80000,0x00000000eae80000)
  from space 88064K, 99% used [0x00000000eae80000,0x00000000f041cbf0,0x00000000f0480000)
  to   space 166400K, 0% used [0x00000000f5100000,0x00000000f5100000,0x00000000ff380000)
 ParOldGen       total 787456K, used 667597K [0x00000000a0000000, 0x00000000d0100000, 0x00000000e0000000)
  object space 787456K, 84% used [0x00000000a0000000,0x00000000c8bf34d0,0x00000000d0100000)
 Metaspace       used 56921K, capacity 58714K, committed 58928K, reserved 1099776K
  class space    used 7534K, capacity 7941K, committed 7984K, reserved 1048576K
Event: 73.475 GC heap after
Heap after GC invocations=42 (full 8):
 PSYoungGen      total 336896K, used 166384K [0x00000000e0000000, 0x0000000100000000, 0x0000000100000000)
  eden space 170496K, 0% used [0x00000000e0000000,0x00000000e0000000,0x00000000ea680000)
  from space 166400K, 99% used [0x00000000f5100000,0x00000000ff37c308,0x00000000ff380000)
  to   space 174592K, 0% used [0x00000000ea680000,0x00000000ea680000,0x00000000f5100000)
 ParOldGen       total 787456K, used 688689K [0x00000000a0000000, 0x00000000d0100000, 0x00000000e0000000)
  object space 787456K, 87% used [0x00000000a0000000,0x00000000ca08c6f8,0x00000000d0100000)
 Metaspace       used 56921K, capacity 58714K, committed 58928K, reserved 1099776K
  class space    used 7534K, capacity 7941K, committed 7984K, reserved 1048576K
}
Event: 73.475 GC heap before
{Heap before GC invocations=43 (full 9):
 PSYoungGen      total 336896K, used 166384K [0x00000000e0000000, 0x0000000100000000, 0x0000000100000000)
  eden space 170496K, 0% used [0x00000000e0000000,0x00000000e0000000,0x00000000ea680000)
  from space 166400K, 99% used [0x00000000f5100000,0x00000000ff37c308,0x00000000ff380000)
  to   space 174592K, 0% used [0x00000000ea680000,0x00000000ea680000,0x00000000f5100000)
 ParOldGen       total 787456K, used 688689K [0x00000000a0000000, 0x00000000d0100000, 0x00000000e0000000)
  object space 787456K, 87% used [0x00000000a0000000,0x00000000ca08c6f8,0x00000000d0100000)
 Metaspace       used 56921K, capacity 58714K, committed 58928K, reserved 1099776K
  class space    used 7534K, capacity 7941K, committed 7984K, reserved 1048576K

