# JRE version: OpenJDK Runtime Environment (8.0_112-b06) (build 1.8.0_112-release-b06)
# Java VM: OpenJDK 64-Bit Server VM (25.112-b06 mixed mode linux-amd64 compressed oops)
Heap:
 PSYoungGen      total 439808K, used 7871K [0x00000000e0000000, 0x0000000100000000, 0x0000000100000000)
  eden space 359424K, 0% used [0x00000000e0000000,0x00000000e0000000,0x00000000f5f00000)
  from space 80384K, 9% used [0x00000000f5f00000,0x00000000f66aff08,0x00000000fad80000)
  to   space 82944K, 0% used [0x00000000faf00000,0x00000000faf00000,0x0000000100000000)
 ParOldGen       total 291328K, used 291097K [0x00000000a0000000, 0x00000000b1c80000, 0x00000000e0000000)
  object space 291328K, 99% used [0x00000000a0000000,0x00000000b1c46630,0x00000000b1c80000)
 Metaspace       used 71665K, capacity 75268K, committed 75568K, reserved 1116160K
  class space    used 8919K, capacity 9451K, committed 9520K, reserved 1048576K
GC Heap History (10 events):
Event: 1472.473 GC heap after
Heap after GC invocations=33 (full 5):
 PSYoungGen      total 436224K, used 58023K [0x00000000e0000000, 0x0000000100000000, 0x0000000100000000)
  eden space 361472K, 0% used [0x00000000e0000000,0x00000000e0000000,0x00000000f6100000)
  from space 74752K, 77% used [0x00000000fb700000,0x00000000fefa9d00,0x0000000100000000)
  to   space 81408K, 0% used [0x00000000f6100000,0x00000000f6100000,0x00000000fb080000)
 ParOldGen       total 233472K, used 210714K [0x00000000a0000000, 0x00000000ae400000, 0x00000000e0000000)
  object space 233472K, 90% used [0x00000000a0000000,0x00000000acdc6880,0x00000000ae400000)
 Metaspace       used 71776K, capacity 75474K, committed 75568K, reserved 1116160K
  class space    used 8940K, capacity 9491K, committed 9520K, reserved 1048576K
}
Event: 1472.473 GC heap before
{Heap before GC invocations=34 (full 6):
 PSYoungGen      total 436224K, used 58023K [0x00000000e0000000, 0x0000000100000000, 0x0000000100000000)
  eden space 361472K, 0% used [0x00000000e0000000,0x00000000e0000000,0x00000000f6100000)
  from space 74752K, 77% used [0x00000000fb700000,0x00000000fefa9d00,0x0000000100000000)
  to   space 81408K, 0% used [0x00000000f6100000,0x00000000f6100000,0x00000000fb080000)
 ParOldGen       total 233472K, used 210714K [0x00000000a0000000, 0x00000000ae400000, 0x00000000e0000000)
  object space 233472K, 90% used [0x00000000a0000000,0x00000000acdc6880,0x00000000ae400000)
 Metaspace       used 71776K, capacity 75474K, committed 75568K, reserved 1116160K
  class space    used 8940K, capacity 9491K, committed 9520K, reserved 1048576K
Event: 1473.562 GC heap after
Heap after GC invocations=34 (full 6):
 PSYoungGen      total 436224K, used 0K [0x00000000e0000000, 0x0000000100000000, 0x0000000100000000)
  eden space 361472K, 0% used [0x00000000e0000000,0x00000000e0000000,0x00000000f6100000)
  from space 74752K, 0% used [0x00000000fb700000,0x00000000fb700000,0x0000000100000000)
  to   space 81408K, 0% used [0x00000000f6100000,0x00000000f6100000,0x00000000fb080000)
 ParOldGen       total 291328K, used 173589K [0x00000000a0000000, 0x00000000b1c80000, 0x00000000e0000000)
  object space 291328K, 59% used [0x00000000a0000000,0x00000000aa9854c0,0x00000000b1c80000)
 Metaspace       used 71649K, capacity 75268K, committed 75568K, reserved 1116160K
  class space    used 8918K, capacity 9451K, committed 9520K, reserved 1048576K
}
Event: 1474.931 GC heap before
{Heap before GC invocations=35 (full 6):
 PSYoungGen      total 436224K, used 361472K [0x00000000e0000000, 0x0000000100000000, 0x0000000100000000)
  eden space 361472K, 100% used [0x00000000e0000000,0x00000000f6100000,0x00000000f6100000)
  from space 74752K, 0% used [0x00000000fb700000,0x00000000fb700000,0x0000000100000000)
  to   space 81408K, 0% used [0x00000000f6100000,0x00000000f6100000,0x00000000fb080000)
 ParOldGen       total 291328K, used 173589K [0x00000000a0000000, 0x00000000b1c80000, 0x00000000e0000000)
  object space 291328K, 59% used [0x00000000a0000000,0x00000000aa9854c0,0x00000000b1c80000)
 Metaspace       used 71652K, capacity 75268K, committed 75568K, reserved 1116160K
  class space    used 8918K, capacity 9451K, committed 9520K, reserved 1048576K
Event: 1475.026 GC heap after
Heap after GC invocations=35 (full 6):
 PSYoungGen      total 414208K, used 52490K [0x00000000e0000000, 0x0000000100000000, 0x0000000100000000)
  eden space 361472K, 0% used [0x00000000e0000000,0x00000000e0000000,0x00000000f6100000)
  from space 52736K, 99% used [0x00000000f6100000,0x00000000f94428e8,0x00000000f9480000)
  to   space 84480K, 0% used [0x00000000fad80000,0x00000000fad80000,0x0000000100000000)
 ParOldGen       total 291328K, used 173589K [0x00000000a0000000, 0x00000000b1c80000, 0x00000000e0000000)
  object space 291328K, 59% used [0x00000000a0000000,0x00000000aa9854c0,0x00000000b1c80000)
 Metaspace       used 71652K, capacity 75268K, committed 75568K, reserved 1116160K
  class space    used 8918K, capacity 9451K, committed 9520K, reserved 1048576K
}
Event: 1475.853 GC heap before
{Heap before GC invocations=36 (full 6):
 PSYoungGen      total 414208K, used 413962K [0x00000000e0000000, 0x0000000100000000, 0x0000000100000000)
  eden space 361472K, 100% used [0x00000000e0000000,0x00000000f6100000,0x00000000f6100000)
  from space 52736K, 99% used [0x00000000f6100000,0x00000000f94428e8,0x00000000f9480000)
  to   space 84480K, 0% used [0x00000000fad80000,0x00000000fad80000,0x0000000100000000)
 ParOldGen       total 291328K, used 173589K [0x00000000a0000000, 0x00000000b1c80000, 0x00000000e0000000)
  object space 291328K, 59% used [0x00000000a0000000,0x00000000aa9854c0,0x00000000b1c80000)
 Metaspace       used 71658K, capacity 75268K, committed 75568K, reserved 1116160K
  class space    used 8919K, capacity 9451K, committed 9520K, reserved 1048576K
Event: 1475.969 GC heap after
Heap after GC invocations=36 (full 6):
 PSYoungGen      total 443904K, used 36921K [0x00000000e0000000, 0x0000000100000000, 0x0000000100000000)
  eden space 359424K, 0% used [0x00000000e0000000,0x00000000e0000000,0x00000000f5f00000)
  from space 84480K, 43% used [0x00000000fad80000,0x00000000fd18e5d0,0x0000000100000000)
  to   space 80384K, 0% used [0x00000000f5f00000,0x00000000f5f00000,0x00000000fad80000)
 ParOldGen       total 291328K, used 223499K [0x00000000a0000000, 0x00000000b1c80000, 0x00000000e0000000)
  object space 291328K, 76% used [0x00000000a0000000,0x00000000ada42fa0,0x00000000b1c80000)
 Metaspace       used 71658K, capacity 75268K, committed 75568K, reserved 1116160K
  class space    used 8919K, capacity 9451K, committed 9520K, reserved 1048576K
}
Event: 1477.144 GC heap before
{Heap before GC invocations=37 (full 6):
 PSYoungGen      total 443904K, used 396345K [0x00000000e0000000, 0x0000000100000000, 0x0000000100000000)
  eden space 359424K, 100% used [0x00000000e0000000,0x00000000f5f00000,0x00000000f5f00000)
  from space 84480K, 43% used [0x00000000fad80000,0x00000000fd18e5d0,0x0000000100000000)
  to   space 80384K, 0% used [0x00000000f5f00000,0x00000000f5f00000,0x00000000fad80000)
 ParOldGen       total 291328K, used 223499K [0x00000000a0000000, 0x00000000b1c80000, 0x00000000e0000000)
  object space 291328K, 76% used [0x00000000a0000000,0x00000000ada42fa0,0x00000000b1c80000)
 Metaspace       used 71665K, capacity 75268K, committed 75568K, reserved 1116160K
  class space    used 8919K, capacity 9451K, committed 9520K, reserved 1048576K
Event: 1478.637 GC heap after
Heap after GC invocations=37 (full 6):
 PSYoungGen      total 439808K, used 52149K [0x00000000e0000000, 0x0000000100000000, 0x0000000100000000)
  eden space 359424K, 0% used [0x00000000e0000000,0x00000000e0000000,0x00000000f5f00000)
  from space 80384K, 64% used [0x00000000f5f00000,0x00000000f91ed730,0x00000000fad80000)
  to   space 82944K, 0% used [0x00000000faf00000,0x00000000faf00000,0x0000000100000000)
 ParOldGen       total 291328K, used 258770K [0x00000000a0000000, 0x00000000b1c80000, 0x00000000e0000000)
  object space 291328K, 88% used [0x00000000a0000000,0x00000000afcb48a0,0x00000000b1c80000)
 Metaspace       used 71665K, capacity 75268K, committed 75568K, reserved 1116160K
  class space    used 8919K, capacity 9451K, committed 9520K, reserved 1048576K
}
Event: 1478.649 GC heap before
{Heap before GC invocations=38 (full 7):
 PSYoungGen      total 439808K, used 52149K [0x00000000e0000000, 0x0000000100000000, 0x0000000100000000)
  eden space 359424K, 0% used [0x00000000e0000000,0x00000000e0000000,0x00000000f5f00000)
  from space 80384K, 64% used [0x00000000f5f00000,0x00000000f91ed730,0x00000000fad80000)
  to   space 82944K, 0% used [0x00000000faf00000,0x00000000faf00000,0x0000000100000000)
 ParOldGen       total 291328K, used 258770K [0x00000000a0000000, 0x00000000b1c80000, 0x00000000e0000000)
  object space 291328K, 88% used [0x00000000a0000000,0x00000000afcb48a0,0x00000000b1c80000)
 Metaspace       used 71665K, capacity 75268K, committed 75568K, reserved 1116160K
  class space    used 8919K, capacity 9451K, committed 9520K, reserved 1048576K

