# JRE version: OpenJDK Runtime Environment (8.0_112-b06) (build 1.8.0_112-release-b06)
# Java VM: OpenJDK 64-Bit Server VM (25.112-b06 mixed mode linux-amd64 compressed oops)
Heap:
 PSYoungGen      total 392192K, used 31896K [0x00000000e0000000, 0x0000000100000000, 0x0000000100000000)
  eden space 260096K, 0% used [0x00000000e0000000,0x00000000e0000000,0x00000000efe00000)
  from space 132096K, 24% used [0x00000000efe00000,0x00000000f1d26210,0x00000000f7f00000)
  to   space 126464K, 0% used [0x00000000f8480000,0x00000000f8480000,0x0000000100000000)
 ParOldGen       total 491520K, used 491271K [0x00000000a0000000, 0x00000000be000000, 0x00000000e0000000)
  object space 491520K, 99% used [0x00000000a0000000,0x00000000bdfc1d68,0x00000000be000000)
 Metaspace       used 54018K, capacity 55760K, committed 55984K, reserved 1097728K
  class space    used 7123K, capacity 7501K, committed 7600K, reserved 1048576K
GC Heap History (10 events):
Event: 50.577 GC heap after
Heap after GC invocations=29 (full 6):
 PSYoungGen      total 414208K, used 4108K [0x00000000e0000000, 0x0000000100000000, 0x0000000100000000)
  eden space 338432K, 0% used [0x00000000e0000000,0x00000000e0000000,0x00000000f4a80000)
  from space 75776K, 5% used [0x00000000f4a80000,0x00000000f4e83120,0x00000000f9480000)
  to   space 77824K, 0% used [0x00000000fb400000,0x00000000fb400000,0x0000000100000000)
 ParOldGen       total 481792K, used 327668K [0x00000000a0000000, 0x00000000bd680000, 0x00000000e0000000)
  object space 481792K, 68% used [0x00000000a0000000,0x00000000b3ffd220,0x00000000bd680000)
 Metaspace       used 54007K, capacity 55760K, committed 55984K, reserved 1097728K
  class space    used 7122K, capacity 7501K, committed 7600K, reserved 1048576K
}
Event: 51.783 GC heap before
{Heap before GC invocations=30 (full 6):
 PSYoungGen      total 414208K, used 342540K [0x00000000e0000000, 0x0000000100000000, 0x0000000100000000)
  eden space 338432K, 100% used [0x00000000e0000000,0x00000000f4a80000,0x00000000f4a80000)
  from space 75776K, 5% used [0x00000000f4a80000,0x00000000f4e83120,0x00000000f9480000)
  to   space 77824K, 0% used [0x00000000fb400000,0x00000000fb400000,0x0000000100000000)
 ParOldGen       total 481792K, used 327668K [0x00000000a0000000, 0x00000000bd680000, 0x00000000e0000000)
  object space 481792K, 68% used [0x00000000a0000000,0x00000000b3ffd220,0x00000000bd680000)
 Metaspace       used 54009K, capacity 55760K, committed 55984K, reserved 1097728K
  class space    used 7122K, capacity 7501K, committed 7600K, reserved 1048576K
Event: 51.992 GC heap after
Heap after GC invocations=30 (full 6):
 PSYoungGen      total 440320K, used 53728K [0x00000000e0000000, 0x0000000100000000, 0x0000000100000000)
  eden space 362496K, 0% used [0x00000000e0000000,0x00000000e0000000,0x00000000f6200000)
  from space 77824K, 69% used [0x00000000fb400000,0x00000000fe8781a8,0x0000000100000000)
  to   space 80896K, 0% used [0x00000000f6200000,0x00000000f6200000,0x00000000fb100000)
 ParOldGen       total 481792K, used 327668K [0x00000000a0000000, 0x00000000bd680000, 0x00000000e0000000)
  object space 481792K, 68% used [0x00000000a0000000,0x00000000b3ffd220,0x00000000bd680000)
 Metaspace       used 54009K, capacity 55760K, committed 55984K, reserved 1097728K
  class space    used 7122K, capacity 7501K, committed 7600K, reserved 1048576K
}
Event: 53.309 GC heap before
{Heap before GC invocations=31 (full 6):
 PSYoungGen      total 440320K, used 416224K [0x00000000e0000000, 0x0000000100000000, 0x0000000100000000)
  eden space 362496K, 100% used [0x00000000e0000000,0x00000000f6200000,0x00000000f6200000)
  from space 77824K, 69% used [0x00000000fb400000,0x00000000fe8781a8,0x0000000100000000)
  to   space 80896K, 0% used [0x00000000f6200000,0x00000000f6200000,0x00000000fb100000)
 ParOldGen       total 481792K, used 327668K [0x00000000a0000000, 0x00000000bd680000, 0x00000000e0000000)
  object space 481792K, 68% used [0x00000000a0000000,0x00000000b3ffd220,0x00000000bd680000)
 Metaspace       used 54013K, capacity 55760K, committed 55984K, reserved 1097728K
  class space    used 7122K, capacity 7501K, committed 7600K, reserved 1048576K
Event: 53.493 GC heap after
Heap after GC invocations=31 (full 6):
 PSYoungGen      total 443392K, used 80895K [0x00000000e0000000, 0x0000000100000000, 0x0000000100000000)
  eden space 362496K, 0% used [0x00000000e0000000,0x00000000e0000000,0x00000000f6200000)
  from space 80896K, 99% used [0x00000000f6200000,0x00000000fb0ffe38,0x00000000fb100000)
  to   space 80896K, 0% used [0x00000000fb100000,0x00000000fb100000,0x0000000100000000)
 ParOldGen       total 481792K, used 355137K [0x00000000a0000000, 0x00000000bd680000, 0x00000000e0000000)
  object space 481792K, 73% used [0x00000000a0000000,0x00000000b5ad0548,0x00000000bd680000)
 Metaspace       used 54013K, capacity 55760K, committed 55984K, reserved 1097728K
  class space    used 7122K, capacity 7501K, committed 7600K, reserved 1048576K
}
Event: 54.433 GC heap before
{Heap before GC invocations=32 (full 6):
 PSYoungGen      total 443392K, used 443391K [0x00000000e0000000, 0x0000000100000000, 0x0000000100000000)
  eden space 362496K, 100% used [0x00000000e0000000,0x00000000f6200000,0x00000000f6200000)
  from space 80896K, 99% used [0x00000000f6200000,0x00000000fb0ffe38,0x00000000fb100000)
  to   space 80896K, 0% used [0x00000000fb100000,0x00000000fb100000,0x0000000100000000)
 ParOldGen       total 481792K, used 355137K [0x00000000a0000000, 0x00000000bd680000, 0x00000000e0000000)
  object space 481792K, 73% used [0x00000000a0000000,0x00000000b5ad0548,0x00000000bd680000)
 Metaspace       used 54016K, capacity 55760K, committed 55984K, reserved 1097728K
  class space    used 7123K, capacity 7501K, committed 7600K, reserved 1048576K
Event: 54.736 GC heap after
Heap after GC invocations=32 (full 6):
 PSYoungGen      total 340992K, used 80875K [0x00000000e0000000, 0x0000000100000000, 0x0000000100000000)
  eden space 260096K, 0% used [0x00000000e0000000,0x00000000e0000000,0x00000000efe00000)
  from space 80896K, 99% used [0x00000000fb100000,0x00000000ffffad30,0x0000000100000000)
  to   space 132096K, 0% used [0x00000000efe00000,0x00000000efe00000,0x00000000f7f00000)
 ParOldGen       total 481792K, used 410514K [0x00000000a0000000, 0x00000000bd680000, 0x00000000e0000000)
  object space 481792K, 85% used [0x00000000a0000000,0x00000000b90e4b78,0x00000000bd680000)
 Metaspace       used 54016K, capacity 55760K, committed 55984K, reserved 1097728K
  class space    used 7123K, capacity 7501K, committed 7600K, reserved 1048576K
}
Event: 55.523 GC heap before
{Heap before GC invocations=33 (full 6):
 PSYoungGen      total 340992K, used 340971K [0x00000000e0000000, 0x0000000100000000, 0x0000000100000000)
  eden space 260096K, 100% used [0x00000000e0000000,0x00000000efe00000,0x00000000efe00000)
  from space 80896K, 99% used [0x00000000fb100000,0x00000000ffffad30,0x0000000100000000)
  to   space 132096K, 0% used [0x00000000efe00000,0x00000000efe00000,0x00000000f7f00000)
 ParOldGen       total 481792K, used 410514K [0x00000000a0000000, 0x00000000bd680000, 0x00000000e0000000)
  object space 481792K, 85% used [0x00000000a0000000,0x00000000b90e4b78,0x00000000bd680000)
 Metaspace       used 54018K, capacity 55760K, committed 55984K, reserved 1097728K
  class space    used 7123K, capacity 7501K, committed 7600K, reserved 1048576K
Event: 55.792 GC heap after
Heap after GC invocations=33 (full 6):
 PSYoungGen      total 392192K, used 38790K [0x00000000e0000000, 0x0000000100000000, 0x0000000100000000)
  eden space 260096K, 0% used [0x00000000e0000000,0x00000000e0000000,0x00000000efe00000)
  from space 132096K, 29% used [0x00000000efe00000,0x00000000f23e1980,0x00000000f7f00000)
  to   space 126464K, 0% used [0x00000000f8480000,0x00000000f8480000,0x0000000100000000)
 ParOldGen       total 491520K, used 491421K [0x00000000a0000000, 0x00000000be000000, 0x00000000e0000000)
  object space 491520K, 99% used [0x00000000a0000000,0x00000000bdfe75e0,0x00000000be000000)
 Metaspace       used 54018K, capacity 55760K, committed 55984K, reserved 1097728K
  class space    used 7123K, capacity 7501K, committed 7600K, reserved 1048576K
}
Event: 55.792 GC heap before
{Heap before GC invocations=34 (full 7):
 PSYoungGen      total 392192K, used 38790K [0x00000000e0000000, 0x0000000100000000, 0x0000000100000000)
  eden space 260096K, 0% used [0x00000000e0000000,0x00000000e0000000,0x00000000efe00000)
  from space 132096K, 29% used [0x00000000efe00000,0x00000000f23e1980,0x00000000f7f00000)
  to   space 126464K, 0% used [0x00000000f8480000,0x00000000f8480000,0x0000000100000000)
 ParOldGen       total 491520K, used 491421K [0x00000000a0000000, 0x00000000be000000, 0x00000000e0000000)
  object space 491520K, 99% used [0x00000000a0000000,0x00000000bdfe75e0,0x00000000be000000)
 Metaspace       used 54018K, capacity 55760K, committed 55984K, reserved 1097728K
  class space    used 7123K, capacity 7501K, committed 7600K, reserved 1048576K

