# JRE version: OpenJDK Runtime Environment (8.0_112-b06) (build 1.8.0_112-release-b06)
# Java VM: OpenJDK 64-Bit Server VM (25.112-b06 mixed mode linux-amd64 compressed oops)
Heap:
 PSYoungGen      total 427520K, used 12110K [0x00000000e0000000, 0x00000000ffe00000, 0x0000000100000000)
  eden space 335872K, 0% used [0x00000000e0000000,0x00000000e0000000,0x00000000f4800000)
  from space 91648K, 13% used [0x00000000fa480000,0x00000000fb053858,0x00000000ffe00000)
  to   space 93184K, 0% used [0x00000000f4800000,0x00000000f4800000,0x00000000fa300000)
 ParOldGen       total 351232K, used 351088K [0x00000000a0000000, 0x00000000b5700000, 0x00000000e0000000)
  object space 351232K, 99% used [0x00000000a0000000,0x00000000b56dc178,0x00000000b5700000)
 Metaspace       used 71539K, capacity 75078K, committed 75544K, reserved 1116160K
  class space    used 8904K, capacity 9449K, committed 9520K, reserved 1048576K
GC Heap History (10 events):
Event: 1817.017 GC heap after
Heap after GC invocations=39 (full 5):
 PSYoungGen      total 392192K, used 0K [0x00000000e0000000, 0x0000000100000000, 0x0000000100000000)
  eden space 319488K, 0% used [0x00000000e0000000,0x00000000e0000000,0x00000000f3800000)
  from space 72704K, 0% used [0x00000000fb900000,0x00000000fb900000,0x0000000100000000)
  to   space 102400K, 0% used [0x00000000f3800000,0x00000000f3800000,0x00000000f9c00000)
 ParOldGen       total 351232K, used 207764K [0x00000000a0000000, 0x00000000b5700000, 0x00000000e0000000)
  object space 351232K, 59% used [0x00000000a0000000,0x00000000acae5100,0x00000000b5700000)
 Metaspace       used 71525K, capacity 75078K, committed 75544K, reserved 1116160K
  class space    used 8903K, capacity 9449K, committed 9520K, reserved 1048576K
}
Event: 1817.969 GC heap before
{Heap before GC invocations=40 (full 5):
 PSYoungGen      total 392192K, used 319488K [0x00000000e0000000, 0x0000000100000000, 0x0000000100000000)
  eden space 319488K, 100% used [0x00000000e0000000,0x00000000f3800000,0x00000000f3800000)
  from space 72704K, 0% used [0x00000000fb900000,0x00000000fb900000,0x0000000100000000)
  to   space 102400K, 0% used [0x00000000f3800000,0x00000000f3800000,0x00000000f9c00000)
 ParOldGen       total 351232K, used 207764K [0x00000000a0000000, 0x00000000b5700000, 0x00000000e0000000)
  object space 351232K, 59% used [0x00000000a0000000,0x00000000acae5100,0x00000000b5700000)
 Metaspace       used 71532K, capacity 75078K, committed 75544K, reserved 1116160K
  class space    used 8904K, capacity 9449K, committed 9520K, reserved 1048576K
Event: 1818.057 GC heap after
Heap after GC invocations=40 (full 5):
 PSYoungGen      total 421888K, used 44953K [0x00000000e0000000, 0x0000000100000000, 0x0000000100000000)
  eden space 319488K, 0% used [0x00000000e0000000,0x00000000e0000000,0x00000000f3800000)
  from space 102400K, 43% used [0x00000000f3800000,0x00000000f63e6750,0x00000000f9c00000)
  to   space 99328K, 0% used [0x00000000f9f00000,0x00000000f9f00000,0x0000000100000000)
 ParOldGen       total 351232K, used 207772K [0x00000000a0000000, 0x00000000b5700000, 0x00000000e0000000)
  object space 351232K, 59% used [0x00000000a0000000,0x00000000acae7100,0x00000000b5700000)
 Metaspace       used 71532K, capacity 75078K, committed 75544K, reserved 1116160K
  class space    used 8904K, capacity 9449K, committed 9520K, reserved 1048576K
}
Event: 1818.728 GC heap before
{Heap before GC invocations=41 (full 5):
 PSYoungGen      total 421888K, used 364441K [0x00000000e0000000, 0x0000000100000000, 0x0000000100000000)
  eden space 319488K, 100% used [0x00000000e0000000,0x00000000f3800000,0x00000000f3800000)
  from space 102400K, 43% used [0x00000000f3800000,0x00000000f63e6750,0x00000000f9c00000)
  to   space 99328K, 0% used [0x00000000f9f00000,0x00000000f9f00000,0x0000000100000000)
 ParOldGen       total 351232K, used 207772K [0x00000000a0000000, 0x00000000b5700000, 0x00000000e0000000)
  object space 351232K, 59% used [0x00000000a0000000,0x00000000acae7100,0x00000000b5700000)
 Metaspace       used 71534K, capacity 75078K, committed 75544K, reserved 1116160K
  class space    used 8904K, capacity 9449K, committed 9520K, reserved 1048576K
Event: 1818.858 GC heap after
Heap after GC invocations=41 (full 5):
 PSYoungGen      total 409600K, used 26889K [0x00000000e0000000, 0x00000000ff400000, 0x0000000100000000)
  eden space 322560K, 0% used [0x00000000e0000000,0x00000000e0000000,0x00000000f3b00000)
  from space 87040K, 30% used [0x00000000f9f00000,0x00000000fb9427f0,0x00000000ff400000)
  to   space 94720K, 0% used [0x00000000f3b00000,0x00000000f3b00000,0x00000000f9780000)
 ParOldGen       total 351232K, used 251306K [0x00000000a0000000, 0x00000000b5700000, 0x00000000e0000000)
  object space 351232K, 71% used [0x00000000a0000000,0x00000000af56aab8,0x00000000b5700000)
 Metaspace       used 71534K, capacity 75078K, committed 75544K, reserved 1116160K
  class space    used 8904K, capacity 9449K, committed 9520K, reserved 1048576K
}
Event: 1819.894 GC heap before
{Heap before GC invocations=42 (full 5):
 PSYoungGen      total 409600K, used 349449K [0x00000000e0000000, 0x00000000ff400000, 0x0000000100000000)
  eden space 322560K, 100% used [0x00000000e0000000,0x00000000f3b00000,0x00000000f3b00000)
  from space 87040K, 30% used [0x00000000f9f00000,0x00000000fb9427f0,0x00000000ff400000)
  to   space 94720K, 0% used [0x00000000f3b00000,0x00000000f3b00000,0x00000000f9780000)
 ParOldGen       total 351232K, used 251306K [0x00000000a0000000, 0x00000000b5700000, 0x00000000e0000000)
  object space 351232K, 71% used [0x00000000a0000000,0x00000000af56aab8,0x00000000b5700000)
 Metaspace       used 71537K, capacity 75078K, committed 75544K, reserved 1116160K
  class space    used 8904K, capacity 9449K, committed 9520K, reserved 1048576K
Event: 1820.039 GC heap after
Heap after GC invocations=42 (full 5):
 PSYoungGen      total 417280K, used 48308K [0x00000000e0000000, 0x0000000100000000, 0x0000000100000000)
  eden space 322560K, 0% used [0x00000000e0000000,0x00000000e0000000,0x00000000f3b00000)
  from space 94720K, 51% used [0x00000000f3b00000,0x00000000f6a2d130,0x00000000f9780000)
  to   space 93696K, 0% used [0x00000000fa480000,0x00000000fa480000,0x0000000100000000)
 ParOldGen       total 351232K, used 277127K [0x00000000a0000000, 0x00000000b5700000, 0x00000000e0000000)
  object space 351232K, 78% used [0x00000000a0000000,0x00000000b0ea1d50,0x00000000b5700000)
 Metaspace       used 71537K, capacity 75078K, committed 75544K, reserved 1116160K
  class space    used 8904K, capacity 9449K, committed 9520K, reserved 1048576K
}
Event: 1821.234 GC heap before
{Heap before GC invocations=43 (full 5):
 PSYoungGen      total 417280K, used 370868K [0x00000000e0000000, 0x0000000100000000, 0x0000000100000000)
  eden space 322560K, 100% used [0x00000000e0000000,0x00000000f3b00000,0x00000000f3b00000)
  from space 94720K, 51% used [0x00000000f3b00000,0x00000000f6a2d130,0x00000000f9780000)
  to   space 93696K, 0% used [0x00000000fa480000,0x00000000fa480000,0x0000000100000000)
 ParOldGen       total 351232K, used 277127K [0x00000000a0000000, 0x00000000b5700000, 0x00000000e0000000)
  object space 351232K, 78% used [0x00000000a0000000,0x00000000b0ea1d50,0x00000000b5700000)
 Metaspace       used 71539K, capacity 75078K, committed 75544K, reserved 1116160K
  class space    used 8904K, capacity 9449K, committed 9520K, reserved 1048576K
Event: 1821.431 GC heap after
Heap after GC invocations=43 (full 5):
 PSYoungGen      total 427520K, used 50738K [0x00000000e0000000, 0x00000000ffe00000, 0x0000000100000000)
  eden space 335872K, 0% used [0x00000000e0000000,0x00000000e0000000,0x00000000f4800000)
  from space 91648K, 55% used [0x00000000fa480000,0x00000000fd60c958,0x00000000ffe00000)
  to   space 93184K, 0% used [0x00000000f4800000,0x00000000f4800000,0x00000000fa300000)
 ParOldGen       total 351232K, used 322908K [0x00000000a0000000, 0x00000000b5700000, 0x00000000e0000000)
  object space 351232K, 91% used [0x00000000a0000000,0x00000000b3b572d8,0x00000000b5700000)
 Metaspace       used 71539K, capacity 75078K, committed 75544K, reserved 1116160K
  class space    used 8904K, capacity 9449K, committed 9520K, reserved 1048576K
}
Event: 1821.431 GC heap before
{Heap before GC invocations=44 (full 6):
 PSYoungGen      total 427520K, used 50738K [0x00000000e0000000, 0x00000000ffe00000, 0x0000000100000000)
  eden space 335872K, 0% used [0x00000000e0000000,0x00000000e0000000,0x00000000f4800000)
  from space 91648K, 55% used [0x00000000fa480000,0x00000000fd60c958,0x00000000ffe00000)
  to   space 93184K, 0% used [0x00000000f4800000,0x00000000f4800000,0x00000000fa300000)
 ParOldGen       total 351232K, used 322908K [0x00000000a0000000, 0x00000000b5700000, 0x00000000e0000000)
  object space 351232K, 91% used [0x00000000a0000000,0x00000000b3b572d8,0x00000000b5700000)
 Metaspace       used 71539K, capacity 75078K, committed 75544K, reserved 1116160K
  class space    used 8904K, capacity 9449K, committed 9520K, reserved 1048576K

