# JRE version: OpenJDK Runtime Environment (8.0_112-b06) (build 1.8.0_112-release-b06)
# Java VM: OpenJDK 64-Bit Server VM (25.112-b06 mixed mode linux-amd64 compressed oops)
Heap:
 PSYoungGen      total 313344K, used 0K [0x00000000e0000000, 0x0000000100000000, 0x0000000100000000)
  eden space 175104K, 0% used [0x00000000e0000000,0x00000000e0000000,0x00000000eab00000)
  from space 138240K, 0% used [0x00000000f7900000,0x00000000f7900000,0x0000000100000000)
  to   space 174592K, 0% used [0x00000000eab00000,0x00000000eab00000,0x00000000f5580000)
 ParOldGen       total 688640K, used 666563K [0x00000000a0000000, 0x00000000ca080000, 0x00000000e0000000)
  object space 688640K, 96% used [0x00000000a0000000,0x00000000c8af0c98,0x00000000ca080000)
 Metaspace       used 54091K, capacity 55752K, committed 55984K, reserved 1097728K
  class space    used 7120K, capacity 7501K, committed 7600K, reserved 1048576K
GC Heap History (10 events):
Event: 50.435 GC heap after
Heap after GC invocations=52 (full 8):
 PSYoungGen      total 389632K, used 16842K [0x00000000e0000000, 0x00000000ffb00000, 0x0000000100000000)
  eden space 270336K, 0% used [0x00000000e0000000,0x00000000e0000000,0x00000000f0800000)
  from space 119296K, 14% used [0x00000000f7f00000,0x00000000f8f72b60,0x00000000ff380000)
  to   space 121856K, 0% used [0x00000000f0800000,0x00000000f0800000,0x00000000f7f00000)
 ParOldGen       total 688640K, used 513835K [0x00000000a0000000, 0x00000000ca080000, 0x00000000e0000000)
  object space 688640K, 74% used [0x00000000a0000000,0x00000000bf5cacc0,0x00000000ca080000)
 Metaspace       used 54082K, capacity 55752K, committed 55984K, reserved 1097728K
  class space    used 7119K, capacity 7501K, committed 7600K, reserved 1048576K
}
Event: 51.281 GC heap before
{Heap before GC invocations=53 (full 8):
 PSYoungGen      total 389632K, used 287178K [0x00000000e0000000, 0x00000000ffb00000, 0x0000000100000000)
  eden space 270336K, 100% used [0x00000000e0000000,0x00000000f0800000,0x00000000f0800000)
  from space 119296K, 14% used [0x00000000f7f00000,0x00000000f8f72b60,0x00000000ff380000)
  to   space 121856K, 0% used [0x00000000f0800000,0x00000000f0800000,0x00000000f7f00000)
 ParOldGen       total 688640K, used 513835K [0x00000000a0000000, 0x00000000ca080000, 0x00000000e0000000)
  object space 688640K, 74% used [0x00000000a0000000,0x00000000bf5cacc0,0x00000000ca080000)
 Metaspace       used 54082K, capacity 55752K, committed 55984K, reserved 1097728K
  class space    used 7119K, capacity 7501K, committed 7600K, reserved 1048576K
Event: 51.506 GC heap after
Heap after GC invocations=53 (full 8):
 PSYoungGen      total 392192K, used 61738K [0x00000000e0000000, 0x00000000ffc80000, 0x0000000100000000)
  eden space 270336K, 0% used [0x00000000e0000000,0x00000000e0000000,0x00000000f0800000)
  from space 121856K, 50% used [0x00000000f0800000,0x00000000f444a830,0x00000000f7f00000)
  to   space 118784K, 0% used [0x00000000f8880000,0x00000000f8880000,0x00000000ffc80000)
 ParOldGen       total 688640K, used 513835K [0x00000000a0000000, 0x00000000ca080000, 0x00000000e0000000)
  object space 688640K, 74% used [0x00000000a0000000,0x00000000bf5cacc0,0x00000000ca080000)
 Metaspace       used 54082K, capacity 55752K, committed 55984K, reserved 1097728K
  class space    used 7119K, capacity 7501K, committed 7600K, reserved 1048576K
}
Event: 53.189 GC heap before
{Heap before GC invocations=54 (full 8):
 PSYoungGen      total 392192K, used 332074K [0x00000000e0000000, 0x00000000ffc80000, 0x0000000100000000)
  eden space 270336K, 100% used [0x00000000e0000000,0x00000000f0800000,0x00000000f0800000)
  from space 121856K, 50% used [0x00000000f0800000,0x00000000f444a830,0x00000000f7f00000)
  to   space 118784K, 0% used [0x00000000f8880000,0x00000000f8880000,0x00000000ffc80000)
 ParOldGen       total 688640K, used 513835K [0x00000000a0000000, 0x00000000ca080000, 0x00000000e0000000)
  object space 688640K, 74% used [0x00000000a0000000,0x00000000bf5cacc0,0x00000000ca080000)
 Metaspace       used 54091K, capacity 55752K, committed 55984K, reserved 1097728K
  class space    used 7120K, capacity 7501K, committed 7600K, reserved 1048576K
Event: 53.411 GC heap after
Heap after GC invocations=54 (full 8):
 PSYoungGen      total 366592K, used 118771K [0x00000000e0000000, 0x0000000100000000, 0x0000000100000000)
  eden space 247808K, 0% used [0x00000000e0000000,0x00000000e0000000,0x00000000ef200000)
  from space 118784K, 99% used [0x00000000f8880000,0x00000000ffc7ced8,0x00000000ffc80000)
  to   space 138240K, 0% used [0x00000000ef200000,0x00000000ef200000,0x00000000f7900000)
 ParOldGen       total 688640K, used 517969K [0x00000000a0000000, 0x00000000ca080000, 0x00000000e0000000)
  object space 688640K, 75% used [0x00000000a0000000,0x00000000bf9d46a0,0x00000000ca080000)
 Metaspace       used 54091K, capacity 55752K, committed 55984K, reserved 1097728K
  class space    used 7120K, capacity 7501K, committed 7600K, reserved 1048576K
}
Event: 53.862 GC heap before
{Heap before GC invocations=55 (full 8):
 PSYoungGen      total 366592K, used 366579K [0x00000000e0000000, 0x0000000100000000, 0x0000000100000000)
  eden space 247808K, 100% used [0x00000000e0000000,0x00000000ef200000,0x00000000ef200000)
  from space 118784K, 99% used [0x00000000f8880000,0x00000000ffc7ced8,0x00000000ffc80000)
  to   space 138240K, 0% used [0x00000000ef200000,0x00000000ef200000,0x00000000f7900000)
 ParOldGen       total 688640K, used 517969K [0x00000000a0000000, 0x00000000ca080000, 0x00000000e0000000)
  object space 688640K, 75% used [0x00000000a0000000,0x00000000bf9d46a0,0x00000000ca080000)
 Metaspace       used 54091K, capacity 55752K, committed 55984K, reserved 1097728K
  class space    used 7120K, capacity 7501K, committed 7600K, reserved 1048576K
Event: 54.192 GC heap after
Heap after GC invocations=55 (full 8):
 PSYoungGen      total 386048K, used 138222K [0x00000000e0000000, 0x0000000100000000, 0x0000000100000000)
  eden space 247808K, 0% used [0x00000000e0000000,0x00000000e0000000,0x00000000ef200000)
  from space 138240K, 99% used [0x00000000ef200000,0x00000000f78fba10,0x00000000f7900000)
  to   space 138240K, 0% used [0x00000000f7900000,0x00000000f7900000,0x0000000100000000)
 ParOldGen       total 688640K, used 605063K [0x00000000a0000000, 0x00000000ca080000, 0x00000000e0000000)
  object space 688640K, 87% used [0x00000000a0000000,0x00000000c4ee1d08,0x00000000ca080000)
 Metaspace       used 54091K, capacity 55752K, committed 55984K, reserved 1097728K
  class space    used 7120K, capacity 7501K, committed 7600K, reserved 1048576K
}
Event: 54.908 GC heap before
{Heap before GC invocations=56 (full 8):
 PSYoungGen      total 386048K, used 386030K [0x00000000e0000000, 0x0000000100000000, 0x0000000100000000)
  eden space 247808K, 100% used [0x00000000e0000000,0x00000000ef200000,0x00000000ef200000)
  from space 138240K, 99% used [0x00000000ef200000,0x00000000f78fba10,0x00000000f7900000)
  to   space 138240K, 0% used [0x00000000f7900000,0x00000000f7900000,0x0000000100000000)
 ParOldGen       total 688640K, used 605063K [0x00000000a0000000, 0x00000000ca080000, 0x00000000e0000000)
  object space 688640K, 87% used [0x00000000a0000000,0x00000000c4ee1d08,0x00000000ca080000)
 Metaspace       used 54091K, capacity 55752K, committed 55984K, reserved 1097728K
  class space    used 7120K, capacity 7501K, committed 7600K, reserved 1048576K
Event: 55.121 GC heap after
Heap after GC invocations=56 (full 8):
 PSYoungGen      total 313344K, used 136875K [0x00000000e0000000, 0x0000000100000000, 0x0000000100000000)
  eden space 175104K, 0% used [0x00000000e0000000,0x00000000e0000000,0x00000000eab00000)
  from space 138240K, 99% used [0x00000000f7900000,0x00000000ffeaafa8,0x0000000100000000)
  to   space 174592K, 0% used [0x00000000eab00000,0x00000000eab00000,0x00000000f5580000)
 ParOldGen       total 688640K, used 688254K [0x00000000a0000000, 0x00000000ca080000, 0x00000000e0000000)
  object space 688640K, 99% used [0x00000000a0000000,0x00000000ca01fa58,0x00000000ca080000)
 Metaspace       used 54091K, capacity 55752K, committed 55984K, reserved 1097728K
  class space    used 7120K, capacity 7501K, committed 7600K, reserved 1048576K
}
Event: 55.121 GC heap before
{Heap before GC invocations=57 (full 9):
 PSYoungGen      total 313344K, used 136875K [0x00000000e0000000, 0x0000000100000000, 0x0000000100000000)
  eden space 175104K, 0% used [0x00000000e0000000,0x00000000e0000000,0x00000000eab00000)
  from space 138240K, 99% used [0x00000000f7900000,0x00000000ffeaafa8,0x0000000100000000)
  to   space 174592K, 0% used [0x00000000eab00000,0x00000000eab00000,0x00000000f5580000)
 ParOldGen       total 688640K, used 688254K [0x00000000a0000000, 0x00000000ca080000, 0x00000000e0000000)
  object space 688640K, 99% used [0x00000000a0000000,0x00000000ca01fa58,0x00000000ca080000)
 Metaspace       used 54091K, capacity 55752K, committed 55984K, reserved 1097728K
  class space    used 7120K, capacity 7501K, committed 7600K, reserved 1048576K

