# JRE version: OpenJDK Runtime Environment (8.0_112-b06) (build 1.8.0_112-release-b06)
# Java VM: OpenJDK 64-Bit Server VM (25.112-b06 mixed mode linux-amd64 compressed oops)
Heap:
 PSYoungGen      total 349696K, used 100985K [0x00000000e0000000, 0x0000000100000000, 0x0000000100000000)
  eden space 175104K, 0% used [0x00000000e0000000,0x00000000e0000000,0x00000000eab00000)
  from space 174592K, 57% used [0x00000000f5580000,0x00000000fb81e750,0x0000000100000000)
  to   space 174592K, 0% used [0x00000000eab00000,0x00000000eab00000,0x00000000f5580000)
 ParOldGen       total 645120K, used 644920K [0x00000000a0000000, 0x00000000c7600000, 0x00000000e0000000)
  object space 645120K, 99% used [0x00000000a0000000,0x00000000c75ce0e0,0x00000000c7600000)
 Metaspace       used 54075K, capacity 55824K, committed 55984K, reserved 1097728K
  class space    used 7115K, capacity 7501K, committed 7600K, reserved 1048576K
GC Heap History (10 events):
Event: 56.171 GC heap after
Heap after GC invocations=52 (full 8):
 PSYoungGen      total 375808K, used 39537K [0x00000000e0000000, 0x0000000100000000, 0x0000000100000000)
  eden space 236544K, 0% used [0x00000000e0000000,0x00000000e0000000,0x00000000ee700000)
  from space 139264K, 28% used [0x00000000f7800000,0x00000000f9e9c408,0x0000000100000000)
  to   space 143872K, 0% used [0x00000000ee700000,0x00000000ee700000,0x00000000f7380000)
 ParOldGen       total 645120K, used 483781K [0x00000000a0000000, 0x00000000c7600000, 0x00000000e0000000)
  object space 645120K, 74% used [0x00000000a0000000,0x00000000bd871778,0x00000000c7600000)
 Metaspace       used 54066K, capacity 55824K, committed 55984K, reserved 1097728K
  class space    used 7114K, capacity 7501K, committed 7600K, reserved 1048576K
}
Event: 57.033 GC heap before
{Heap before GC invocations=53 (full 8):
 PSYoungGen      total 375808K, used 276081K [0x00000000e0000000, 0x0000000100000000, 0x0000000100000000)
  eden space 236544K, 100% used [0x00000000e0000000,0x00000000ee700000,0x00000000ee700000)
  from space 139264K, 28% used [0x00000000f7800000,0x00000000f9e9c408,0x0000000100000000)
  to   space 143872K, 0% used [0x00000000ee700000,0x00000000ee700000,0x00000000f7380000)
 ParOldGen       total 645120K, used 483781K [0x00000000a0000000, 0x00000000c7600000, 0x00000000e0000000)
  object space 645120K, 74% used [0x00000000a0000000,0x00000000bd871778,0x00000000c7600000)
 Metaspace       used 54066K, capacity 55824K, committed 55984K, reserved 1097728K
  class space    used 7114K, capacity 7501K, committed 7600K, reserved 1048576K
Event: 57.262 GC heap after
Heap after GC invocations=53 (full 8):
 PSYoungGen      total 380416K, used 73276K [0x00000000e0000000, 0x00000000ffe80000, 0x0000000100000000)
  eden space 236544K, 0% used [0x00000000e0000000,0x00000000e0000000,0x00000000ee700000)
  from space 143872K, 50% used [0x00000000ee700000,0x00000000f2e8f098,0x00000000f7380000)
  to   space 140800K, 0% used [0x00000000f7500000,0x00000000f7500000,0x00000000ffe80000)
 ParOldGen       total 645120K, used 483781K [0x00000000a0000000, 0x00000000c7600000, 0x00000000e0000000)
  object space 645120K, 74% used [0x00000000a0000000,0x00000000bd871778,0x00000000c7600000)
 Metaspace       used 54066K, capacity 55824K, committed 55984K, reserved 1097728K
  class space    used 7114K, capacity 7501K, committed 7600K, reserved 1048576K
}
Event: 59.647 GC heap before
{Heap before GC invocations=54 (full 8):
 PSYoungGen      total 380416K, used 309820K [0x00000000e0000000, 0x00000000ffe80000, 0x0000000100000000)
  eden space 236544K, 100% used [0x00000000e0000000,0x00000000ee700000,0x00000000ee700000)
  from space 143872K, 50% used [0x00000000ee700000,0x00000000f2e8f098,0x00000000f7380000)
  to   space 140800K, 0% used [0x00000000f7500000,0x00000000f7500000,0x00000000ffe80000)
 ParOldGen       total 645120K, used 483781K [0x00000000a0000000, 0x00000000c7600000, 0x00000000e0000000)
  object space 645120K, 74% used [0x00000000a0000000,0x00000000bd871778,0x00000000c7600000)
 Metaspace       used 54066K, capacity 55824K, committed 55984K, reserved 1097728K
  class space    used 7114K, capacity 7501K, committed 7600K, reserved 1048576K
Event: 59.849 GC heap after
Heap after GC invocations=54 (full 8):
 PSYoungGen      total 315904K, used 140794K [0x00000000e0000000, 0x0000000100000000, 0x0000000100000000)
  eden space 175104K, 0% used [0x00000000e0000000,0x00000000e0000000,0x00000000eab00000)
  from space 140800K, 99% used [0x00000000f7500000,0x00000000ffe7e890,0x00000000ffe80000)
  to   space 174592K, 0% used [0x00000000eab00000,0x00000000eab00000,0x00000000f5580000)
 ParOldGen       total 645120K, used 515807K [0x00000000a0000000, 0x00000000c7600000, 0x00000000e0000000)
  object space 645120K, 79% used [0x00000000a0000000,0x00000000bf7b7c60,0x00000000c7600000)
 Metaspace       used 54066K, capacity 55824K, committed 55984K, reserved 1097728K
  class space    used 7114K, capacity 7501K, committed 7600K, reserved 1048576K
}
Event: 60.157 GC heap before
{Heap before GC invocations=55 (full 8):
 PSYoungGen      total 315904K, used 315898K [0x00000000e0000000, 0x0000000100000000, 0x0000000100000000)
  eden space 175104K, 100% used [0x00000000e0000000,0x00000000eab00000,0x00000000eab00000)
  from space 140800K, 99% used [0x00000000f7500000,0x00000000ffe7e890,0x00000000ffe80000)
  to   space 174592K, 0% used [0x00000000eab00000,0x00000000eab00000,0x00000000f5580000)
 ParOldGen       total 645120K, used 515807K [0x00000000a0000000, 0x00000000c7600000, 0x00000000e0000000)
  object space 645120K, 79% used [0x00000000a0000000,0x00000000bf7b7c60,0x00000000c7600000)
 Metaspace       used 54074K, capacity 55824K, committed 55984K, reserved 1097728K
  class space    used 7115K, capacity 7501K, committed 7600K, reserved 1048576K
Event: 60.376 GC heap after
Heap after GC invocations=55 (full 8):
 PSYoungGen      total 349696K, used 174575K [0x00000000e0000000, 0x0000000100000000, 0x0000000100000000)
  eden space 175104K, 0% used [0x00000000e0000000,0x00000000e0000000,0x00000000eab00000)
  from space 174592K, 99% used [0x00000000eab00000,0x00000000f557be38,0x00000000f5580000)
  to   space 174592K, 0% used [0x00000000f5580000,0x00000000f5580000,0x0000000100000000)
 ParOldGen       total 645120K, used 564503K [0x00000000a0000000, 0x00000000c7600000, 0x00000000e0000000)
  object space 645120K, 87% used [0x00000000a0000000,0x00000000c2745fd0,0x00000000c7600000)
 Metaspace       used 54074K, capacity 55824K, committed 55984K, reserved 1097728K
  class space    used 7115K, capacity 7501K, committed 7600K, reserved 1048576K
}
Event: 60.807 GC heap before
{Heap before GC invocations=56 (full 8):
 PSYoungGen      total 349696K, used 349679K [0x00000000e0000000, 0x0000000100000000, 0x0000000100000000)
  eden space 175104K, 100% used [0x00000000e0000000,0x00000000eab00000,0x00000000eab00000)
  from space 174592K, 99% used [0x00000000eab00000,0x00000000f557be38,0x00000000f5580000)
  to   space 174592K, 0% used [0x00000000f5580000,0x00000000f5580000,0x0000000100000000)
 ParOldGen       total 645120K, used 564503K [0x00000000a0000000, 0x00000000c7600000, 0x00000000e0000000)
  object space 645120K, 87% used [0x00000000a0000000,0x00000000c2745fd0,0x00000000c7600000)
 Metaspace       used 54075K, capacity 55824K, committed 55984K, reserved 1097728K
  class space    used 7115K, capacity 7501K, committed 7600K, reserved 1048576K
Event: 61.025 GC heap after
Heap after GC invocations=56 (full 8):
 PSYoungGen      total 349696K, used 174562K [0x00000000e0000000, 0x0000000100000000, 0x0000000100000000)
  eden space 175104K, 0% used [0x00000000e0000000,0x00000000e0000000,0x00000000eab00000)
  from space 174592K, 99% used [0x00000000f5580000,0x00000000ffff8bf0,0x0000000100000000)
  to   space 174592K, 0% used [0x00000000eab00000,0x00000000eab00000,0x00000000f5580000)
 ParOldGen       total 645120K, used 616657K [0x00000000a0000000, 0x00000000c7600000, 0x00000000e0000000)
  object space 645120K, 95% used [0x00000000a0000000,0x00000000c5a34488,0x00000000c7600000)
 Metaspace       used 54075K, capacity 55824K, committed 55984K, reserved 1097728K
  class space    used 7115K, capacity 7501K, committed 7600K, reserved 1048576K
}
Event: 61.025 GC heap before
{Heap before GC invocations=57 (full 9):
 PSYoungGen      total 349696K, used 174562K [0x00000000e0000000, 0x0000000100000000, 0x0000000100000000)
  eden space 175104K, 0% used [0x00000000e0000000,0x00000000e0000000,0x00000000eab00000)
  from space 174592K, 99% used [0x00000000f5580000,0x00000000ffff8bf0,0x0000000100000000)
  to   space 174592K, 0% used [0x00000000eab00000,0x00000000eab00000,0x00000000f5580000)
 ParOldGen       total 645120K, used 616657K [0x00000000a0000000, 0x00000000c7600000, 0x00000000e0000000)
  object space 645120K, 95% used [0x00000000a0000000,0x00000000c5a34488,0x00000000c7600000)
 Metaspace       used 54075K, capacity 55824K, committed 55984K, reserved 1097728K
  class space    used 7115K, capacity 7501K, committed 7600K, reserved 1048576K

