# JRE version: OpenJDK Runtime Environment (8.0_112-b06) (build 1.8.0_112-release-b06)
# Java VM: OpenJDK 64-Bit Server VM (25.112-b06 mixed mode linux-amd64 compressed oops)
Heap:
 PSYoungGen      total 355840K, used 0K [0x00000000e0000000, 0x00000000fde80000, 0x0000000100000000)
  eden space 235008K, 0% used [0x00000000e0000000,0x00000000e0000000,0x00000000ee580000)
  from space 120832K, 0% used [0x00000000f6880000,0x00000000f6880000,0x00000000fde80000)
  to   space 127488K, 0% used [0x00000000ee580000,0x00000000ee580000,0x00000000f6200000)
 ParOldGen       total 534528K, used 508444K [0x00000000a0000000, 0x00000000c0a00000, 0x00000000e0000000)
  object space 534528K, 95% used [0x00000000a0000000,0x00000000bf087350,0x00000000c0a00000)
 Metaspace       used 69261K, capacity 71762K, committed 71984K, reserved 1112064K
  class space    used 8711K, capacity 9169K, committed 9264K, reserved 1048576K
GC Heap History (10 events):
Event: 1022.751 GC heap after
Heap after GC invocations=83 (full 11):
 PSYoungGen      total 350720K, used 26739K [0x00000000e0000000, 0x00000000ff380000, 0x0000000100000000)
  eden space 189440K, 0% used [0x00000000e0000000,0x00000000e0000000,0x00000000eb900000)
  from space 161280K, 16% used [0x00000000f5080000,0x00000000f6a9cde8,0x00000000fee00000)
  to   space 155136K, 0% used [0x00000000eb900000,0x00000000eb900000,0x00000000f5080000)
 ParOldGen       total 534528K, used 367036K [0x00000000a0000000, 0x00000000c0a00000, 0x00000000e0000000)
  object space 534528K, 68% used [0x00000000a0000000,0x00000000b666f3b0,0x00000000c0a00000)
 Metaspace       used 69261K, capacity 71762K, committed 71984K, reserved 1112064K
  class space    used 8711K, capacity 9169K, committed 9264K, reserved 1048576K
}
Event: 1023.216 GC heap before
{Heap before GC invocations=84 (full 11):
 PSYoungGen      total 350720K, used 216179K [0x00000000e0000000, 0x00000000ff380000, 0x0000000100000000)
  eden space 189440K, 100% used [0x00000000e0000000,0x00000000eb900000,0x00000000eb900000)
  from space 161280K, 16% used [0x00000000f5080000,0x00000000f6a9cde8,0x00000000fee00000)
  to   space 155136K, 0% used [0x00000000eb900000,0x00000000eb900000,0x00000000f5080000)
 ParOldGen       total 534528K, used 367036K [0x00000000a0000000, 0x00000000c0a00000, 0x00000000e0000000)
  object space 534528K, 68% used [0x00000000a0000000,0x00000000b666f3b0,0x00000000c0a00000)
 Metaspace       used 69261K, capacity 71762K, committed 71984K, reserved 1112064K
  class space    used 8711K, capacity 9169K, committed 9264K, reserved 1048576K
Event: 1023.318 GC heap after
Heap after GC invocations=84 (full 11):
 PSYoungGen      total 344576K, used 28587K [0x00000000e0000000, 0x00000000fed00000, 0x0000000100000000)
  eden space 189440K, 0% used [0x00000000e0000000,0x00000000e0000000,0x00000000eb900000)
  from space 155136K, 18% used [0x00000000eb900000,0x00000000ed4ead38,0x00000000f5080000)
  to   space 148480K, 0% used [0x00000000f5c00000,0x00000000f5c00000,0x00000000fed00000)
 ParOldGen       total 534528K, used 392568K [0x00000000a0000000, 0x00000000c0a00000, 0x00000000e0000000)
  object space 534528K, 73% used [0x00000000a0000000,0x00000000b7f5e200,0x00000000c0a00000)
 Metaspace       used 69261K, capacity 71762K, committed 71984K, reserved 1112064K
  class space    used 8711K, capacity 9169K, committed 9264K, reserved 1048576K
}
Event: 1023.797 GC heap before
{Heap before GC invocations=85 (full 11):
 PSYoungGen      total 344576K, used 218027K [0x00000000e0000000, 0x00000000fed00000, 0x0000000100000000)
  eden space 189440K, 100% used [0x00000000e0000000,0x00000000eb900000,0x00000000eb900000)
  from space 155136K, 18% used [0x00000000eb900000,0x00000000ed4ead38,0x00000000f5080000)
  to   space 148480K, 0% used [0x00000000f5c00000,0x00000000f5c00000,0x00000000fed00000)
 ParOldGen       total 534528K, used 392568K [0x00000000a0000000, 0x00000000c0a00000, 0x00000000e0000000)
  object space 534528K, 73% used [0x00000000a0000000,0x00000000b7f5e200,0x00000000c0a00000)
 Metaspace       used 69261K, capacity 71762K, committed 71984K, reserved 1112064K
  class space    used 8711K, capacity 9169K, committed 9264K, reserved 1048576K
Event: 1023.947 GC heap after
Heap after GC invocations=85 (full 11):
 PSYoungGen      total 348160K, used 31824K [0x00000000e0000000, 0x00000000fe200000, 0x0000000100000000)
  eden space 210944K, 0% used [0x00000000e0000000,0x00000000e0000000,0x00000000ece00000)
  from space 137216K, 23% used [0x00000000f5c00000,0x00000000f7b141a0,0x00000000fe200000)
  to   space 141312K, 0% used [0x00000000ece00000,0x00000000ece00000,0x00000000f5800000)
 ParOldGen       total 534528K, used 420174K [0x00000000a0000000, 0x00000000c0a00000, 0x00000000e0000000)
  object space 534528K, 78% used [0x00000000a0000000,0x00000000b9a53bd8,0x00000000c0a00000)
 Metaspace       used 69261K, capacity 71762K, committed 71984K, reserved 1112064K
  class space    used 8711K, capacity 9169K, committed 9264K, reserved 1048576K
}
Event: 1024.421 GC heap before
{Heap before GC invocations=86 (full 11):
 PSYoungGen      total 348160K, used 242768K [0x00000000e0000000, 0x00000000fe200000, 0x0000000100000000)
  eden space 210944K, 100% used [0x00000000e0000000,0x00000000ece00000,0x00000000ece00000)
  from space 137216K, 23% used [0x00000000f5c00000,0x00000000f7b141a0,0x00000000fe200000)
  to   space 141312K, 0% used [0x00000000ece00000,0x00000000ece00000,0x00000000f5800000)
 ParOldGen       total 534528K, used 420174K [0x00000000a0000000, 0x00000000c0a00000, 0x00000000e0000000)
  object space 534528K, 78% used [0x00000000a0000000,0x00000000b9a53bd8,0x00000000c0a00000)
 Metaspace       used 69261K, capacity 71762K, committed 71984K, reserved 1112064K
  class space    used 8711K, capacity 9169K, committed 9264K, reserved 1048576K
Event: 1024.511 GC heap after
Heap after GC invocations=86 (full 11):
 PSYoungGen      total 352256K, used 32027K [0x00000000e0000000, 0x00000000fec00000, 0x0000000100000000)
  eden space 210944K, 0% used [0x00000000e0000000,0x00000000e0000000,0x00000000ece00000)
  from space 141312K, 22% used [0x00000000ece00000,0x00000000eed46f68,0x00000000f5800000)
  to   space 134656K, 0% used [0x00000000f6880000,0x00000000f6880000,0x00000000fec00000)
 ParOldGen       total 534528K, used 450109K [0x00000000a0000000, 0x00000000c0a00000, 0x00000000e0000000)
  object space 534528K, 84% used [0x00000000a0000000,0x00000000bb78f778,0x00000000c0a00000)
 Metaspace       used 69261K, capacity 71762K, committed 71984K, reserved 1112064K
  class space    used 8711K, capacity 9169K, committed 9264K, reserved 1048576K
}
Event: 1024.879 GC heap before
{Heap before GC invocations=87 (full 11):
 PSYoungGen      total 352256K, used 242971K [0x00000000e0000000, 0x00000000fec00000, 0x0000000100000000)
  eden space 210944K, 100% used [0x00000000e0000000,0x00000000ece00000,0x00000000ece00000)
  from space 141312K, 22% used [0x00000000ece00000,0x00000000eed46f68,0x00000000f5800000)
  to   space 134656K, 0% used [0x00000000f6880000,0x00000000f6880000,0x00000000fec00000)
 ParOldGen       total 534528K, used 450109K [0x00000000a0000000, 0x00000000c0a00000, 0x00000000e0000000)
  object space 534528K, 84% used [0x00000000a0000000,0x00000000bb78f778,0x00000000c0a00000)
 Metaspace       used 69261K, capacity 71762K, committed 71984K, reserved 1112064K
  class space    used 8711K, capacity 9169K, committed 9264K, reserved 1048576K
Event: 1024.984 GC heap after
Heap after GC invocations=87 (full 11):
 PSYoungGen      total 355840K, used 33661K [0x00000000e0000000, 0x00000000fde80000, 0x0000000100000000)
  eden space 235008K, 0% used [0x00000000e0000000,0x00000000e0000000,0x00000000ee580000)
  from space 120832K, 27% used [0x00000000f6880000,0x00000000f895f458,0x00000000fde80000)
  to   space 127488K, 0% used [0x00000000ee580000,0x00000000ee580000,0x00000000f6200000)
 ParOldGen       total 534528K, used 481056K [0x00000000a0000000, 0x00000000c0a00000, 0x00000000e0000000)
  object space 534528K, 89% used [0x00000000a0000000,0x00000000bd5c80c0,0x00000000c0a00000)
 Metaspace       used 69261K, capacity 71762K, committed 71984K, reserved 1112064K
  class space    used 8711K, capacity 9169K, committed 9264K, reserved 1048576K
}
Event: 1024.984 GC heap before
{Heap before GC invocations=88 (full 12):
 PSYoungGen      total 355840K, used 33661K [0x00000000e0000000, 0x00000000fde80000, 0x0000000100000000)
  eden space 235008K, 0% used [0x00000000e0000000,0x00000000e0000000,0x00000000ee580000)
  from space 120832K, 27% used [0x00000000f6880000,0x00000000f895f458,0x00000000fde80000)
  to   space 127488K, 0% used [0x00000000ee580000,0x00000000ee580000,0x00000000f6200000)
 ParOldGen       total 534528K, used 481056K [0x00000000a0000000, 0x00000000c0a00000, 0x00000000e0000000)
  object space 534528K, 89% used [0x00000000a0000000,0x00000000bd5c80c0,0x00000000c0a00000)
 Metaspace       used 69261K, capacity 71762K, committed 71984K, reserved 1112064K
  class space    used 8711K, capacity 9169K, committed 9264K, reserved 1048576K

