# JRE version: OpenJDK Runtime Environment (8.0_112-b06) (build 1.8.0_112-release-b06)
# Java VM: OpenJDK 64-Bit Server VM (25.112-b06 mixed mode linux-amd64 compressed oops)
Heap:
 PSYoungGen      total 369664K, used 65328K [0x00000000e0000000, 0x0000000100000000, 0x0000000100000000)
  eden space 275456K, 0% used [0x00000000e0000000,0x00000000e0000000,0x00000000f0d00000)
  from space 94208K, 69% used [0x00000000fa400000,0x00000000fe3cc2b0,0x0000000100000000)
  to   space 124416K, 0% used [0x00000000f0d00000,0x00000000f0d00000,0x00000000f8680000)
 ParOldGen       total 343040K, used 342827K [0x00000000a0000000, 0x00000000b4f00000, 0x00000000e0000000)
  object space 343040K, 99% used [0x00000000a0000000,0x00000000b4ecaeb0,0x00000000b4f00000)
 Metaspace       used 73512K, capacity 77038K, committed 77312K, reserved 1116160K
  class space    used 9420K, capacity 10218K, committed 10240K, reserved 1048576K
GC Heap History (10 events):
Event: 484.040 GC heap after
Heap after GC invocations=49 (full 7):
 PSYoungGen      total 412672K, used 22775K [0x00000000e0000000, 0x00000000fde00000, 0x0000000100000000)
  eden space 343552K, 0% used [0x00000000e0000000,0x00000000e0000000,0x00000000f4f80000)
  from space 69120K, 32% used [0x00000000f9500000,0x00000000fab3dd78,0x00000000fd880000)
  to   space 71168K, 0% used [0x00000000f4f80000,0x00000000f4f80000,0x00000000f9500000)
 ParOldGen       total 343040K, used 219665K [0x00000000a0000000, 0x00000000b4f00000, 0x00000000e0000000)
  object space 343040K, 64% used [0x00000000a0000000,0x00000000ad6844d8,0x00000000b4f00000)
 Metaspace       used 73490K, capacity 77038K, committed 77312K, reserved 1116160K
  class space    used 9419K, capacity 10218K, committed 10240K, reserved 1048576K
}
Event: 485.097 GC heap before
{Heap before GC invocations=50 (full 7):
 PSYoungGen      total 412672K, used 366327K [0x00000000e0000000, 0x00000000fde00000, 0x0000000100000000)
  eden space 343552K, 100% used [0x00000000e0000000,0x00000000f4f80000,0x00000000f4f80000)
  from space 69120K, 32% used [0x00000000f9500000,0x00000000fab3dd78,0x00000000fd880000)
  to   space 71168K, 0% used [0x00000000f4f80000,0x00000000f4f80000,0x00000000f9500000)
 ParOldGen       total 343040K, used 219665K [0x00000000a0000000, 0x00000000b4f00000, 0x00000000e0000000)
  object space 343040K, 64% used [0x00000000a0000000,0x00000000ad6844d8,0x00000000b4f00000)
 Metaspace       used 73497K, capacity 77038K, committed 77312K, reserved 1116160K
  class space    used 9419K, capacity 10218K, committed 10240K, reserved 1048576K
Event: 485.320 GC heap after
Heap after GC invocations=50 (full 7):
 PSYoungGen      total 414720K, used 46734K [0x00000000e0000000, 0x00000000ffd00000, 0x0000000100000000)
  eden space 343552K, 0% used [0x00000000e0000000,0x00000000e0000000,0x00000000f4f80000)
  from space 71168K, 65% used [0x00000000f4f80000,0x00000000f7d23b98,0x00000000f9500000)
  to   space 73728K, 0% used [0x00000000fb500000,0x00000000fb500000,0x00000000ffd00000)
 ParOldGen       total 343040K, used 241404K [0x00000000a0000000, 0x00000000b4f00000, 0x00000000e0000000)
  object space 343040K, 70% used [0x00000000a0000000,0x00000000aebbf228,0x00000000b4f00000)
 Metaspace       used 73497K, capacity 77038K, committed 77312K, reserved 1116160K
  class space    used 9419K, capacity 10218K, committed 10240K, reserved 1048576K
}
Event: 486.085 GC heap before
{Heap before GC invocations=51 (full 7):
 PSYoungGen      total 414720K, used 390286K [0x00000000e0000000, 0x00000000ffd00000, 0x0000000100000000)
  eden space 343552K, 100% used [0x00000000e0000000,0x00000000f4f80000,0x00000000f4f80000)
  from space 71168K, 65% used [0x00000000f4f80000,0x00000000f7d23b98,0x00000000f9500000)
  to   space 73728K, 0% used [0x00000000fb500000,0x00000000fb500000,0x00000000ffd00000)
 ParOldGen       total 343040K, used 241404K [0x00000000a0000000, 0x00000000b4f00000, 0x00000000e0000000)
  object space 343040K, 70% used [0x00000000a0000000,0x00000000aebbf228,0x00000000b4f00000)
 Metaspace       used 73499K, capacity 77038K, committed 77312K, reserved 1116160K
  class space    used 9419K, capacity 10218K, committed 10240K, reserved 1048576K
Event: 486.261 GC heap after
Heap after GC invocations=51 (full 7):
 PSYoungGen      total 427008K, used 72574K [0x00000000e0000000, 0x0000000100000000, 0x0000000100000000)
  eden space 353280K, 0% used [0x00000000e0000000,0x00000000e0000000,0x00000000f5900000)
  from space 73728K, 98% used [0x00000000fb500000,0x00000000ffbdfa28,0x00000000ffd00000)
  to   space 85504K, 0% used [0x00000000f5900000,0x00000000f5900000,0x00000000fac80000)
 ParOldGen       total 343040K, used 241404K [0x00000000a0000000, 0x00000000b4f00000, 0x00000000e0000000)
  object space 343040K, 70% used [0x00000000a0000000,0x00000000aebbf228,0x00000000b4f00000)
 Metaspace       used 73499K, capacity 77038K, committed 77312K, reserved 1116160K
  class space    used 9419K, capacity 10218K, committed 10240K, reserved 1048576K
}
Event: 487.552 GC heap before
{Heap before GC invocations=52 (full 7):
 PSYoungGen      total 427008K, used 425854K [0x00000000e0000000, 0x0000000100000000, 0x0000000100000000)
  eden space 353280K, 100% used [0x00000000e0000000,0x00000000f5900000,0x00000000f5900000)
  from space 73728K, 98% used [0x00000000fb500000,0x00000000ffbdfa28,0x00000000ffd00000)
  to   space 85504K, 0% used [0x00000000f5900000,0x00000000f5900000,0x00000000fac80000)
 ParOldGen       total 343040K, used 241404K [0x00000000a0000000, 0x00000000b4f00000, 0x00000000e0000000)
  object space 343040K, 70% used [0x00000000a0000000,0x00000000aebbf228,0x00000000b4f00000)
 Metaspace       used 73507K, capacity 77038K, committed 77312K, reserved 1116160K
  class space    used 9419K, capacity 10218K, committed 10240K, reserved 1048576K
Event: 487.746 GC heap after
Heap after GC invocations=52 (full 7):
 PSYoungGen      total 430080K, used 76513K [0x00000000e0000000, 0x0000000100000000, 0x0000000100000000)
  eden space 353280K, 0% used [0x00000000e0000000,0x00000000e0000000,0x00000000f5900000)
  from space 76800K, 99% used [0x00000000f5900000,0x00000000fa3b86f8,0x00000000fa400000)
  to   space 94208K, 0% used [0x00000000fa400000,0x00000000fa400000,0x0000000100000000)
 ParOldGen       total 343040K, used 286211K [0x00000000a0000000, 0x00000000b4f00000, 0x00000000e0000000)
  object space 343040K, 83% used [0x00000000a0000000,0x00000000b1780c50,0x00000000b4f00000)
 Metaspace       used 73507K, capacity 77038K, committed 77312K, reserved 1116160K
  class space    used 9419K, capacity 10218K, committed 10240K, reserved 1048576K
}
Event: 489.187 GC heap before
{Heap before GC invocations=53 (full 7):
 PSYoungGen      total 430080K, used 429793K [0x00000000e0000000, 0x0000000100000000, 0x0000000100000000)
  eden space 353280K, 100% used [0x00000000e0000000,0x00000000f5900000,0x00000000f5900000)
  from space 76800K, 99% used [0x00000000f5900000,0x00000000fa3b86f8,0x00000000fa400000)
  to   space 94208K, 0% used [0x00000000fa400000,0x00000000fa400000,0x0000000100000000)
 ParOldGen       total 343040K, used 286211K [0x00000000a0000000, 0x00000000b4f00000, 0x00000000e0000000)
  object space 343040K, 83% used [0x00000000a0000000,0x00000000b1780c50,0x00000000b4f00000)
 Metaspace       used 73512K, capacity 77038K, committed 77312K, reserved 1116160K
  class space    used 9420K, capacity 10218K, committed 10240K, reserved 1048576K
Event: 489.466 GC heap after
Heap after GC invocations=53 (full 7):
 PSYoungGen      total 369664K, used 94181K [0x00000000e0000000, 0x0000000100000000, 0x0000000100000000)
  eden space 275456K, 0% used [0x00000000e0000000,0x00000000e0000000,0x00000000f0d00000)
  from space 94208K, 99% used [0x00000000fa400000,0x00000000ffff9590,0x0000000100000000)
  to   space 124416K, 0% used [0x00000000f0d00000,0x00000000f0d00000,0x00000000f8680000)
 ParOldGen       total 343040K, used 322000K [0x00000000a0000000, 0x00000000b4f00000, 0x00000000e0000000)
  object space 343040K, 93% used [0x00000000a0000000,0x00000000b3a74058,0x00000000b4f00000)
 Metaspace       used 73512K, capacity 77038K, committed 77312K, reserved 1116160K
  class space    used 9420K, capacity 10218K, committed 10240K, reserved 1048576K
}
Event: 489.466 GC heap before
{Heap before GC invocations=54 (full 8):
 PSYoungGen      total 369664K, used 94181K [0x00000000e0000000, 0x0000000100000000, 0x0000000100000000)
  eden space 275456K, 0% used [0x00000000e0000000,0x00000000e0000000,0x00000000f0d00000)
  from space 94208K, 99% used [0x00000000fa400000,0x00000000ffff9590,0x0000000100000000)
  to   space 124416K, 0% used [0x00000000f0d00000,0x00000000f0d00000,0x00000000f8680000)
 ParOldGen       total 343040K, used 322000K [0x00000000a0000000, 0x00000000b4f00000, 0x00000000e0000000)
  object space 343040K, 93% used [0x00000000a0000000,0x00000000b3a74058,0x00000000b4f00000)
 Metaspace       used 73512K, capacity 77038K, committed 77312K, reserved 1116160K
  class space    used 9420K, capacity 10218K, committed 10240K, reserved 1048576K

