# JRE version: OpenJDK Runtime Environment (8.0_112-b06) (build 1.8.0_112-release-b06)
# Java VM: OpenJDK 64-Bit Server VM (25.112-b06 mixed mode linux-amd64 compressed oops)
Heap:
 PSYoungGen      total 346624K, used 0K [0x00000000e0000000, 0x00000000feb00000, 0x0000000100000000)
  eden space 181248K, 0% used [0x00000000e0000000,0x00000000e0000000,0x00000000eb100000)
  from space 165376K, 0% used [0x00000000eb100000,0x00000000eb100000,0x00000000f5280000)
  to   space 156160K, 0% used [0x00000000f5280000,0x00000000f5280000,0x00000000feb00000)
 ParOldGen       total 805376K, used 705956K [0x00000000a0000000, 0x00000000d1280000, 0x00000000e0000000)
  object space 805376K, 87% used [0x00000000a0000000,0x00000000cb1691c8,0x00000000d1280000)
 Metaspace       used 69179K, capacity 71712K, committed 71984K, reserved 1112064K
  class space    used 8698K, capacity 9148K, committed 9264K, reserved 1048576K
GC Heap History (10 events):
Event: 1035.947 GC heap after
Heap after GC invocations=143 (full 16):
 PSYoungGen      total 349696K, used 26925K [0x00000000e0000000, 0x0000000100000000, 0x0000000100000000)
  eden space 175104K, 0% used [0x00000000e0000000,0x00000000e0000000,0x00000000eab00000)
  from space 174592K, 15% used [0x00000000eab00000,0x00000000ec54b5f8,0x00000000f5580000)
  to   space 174592K, 0% used [0x00000000f5580000,0x00000000f5580000,0x0000000100000000)
 ParOldGen       total 805376K, used 548108K [0x00000000a0000000, 0x00000000d1280000, 0x00000000e0000000)
  object space 805376K, 68% used [0x00000000a0000000,0x00000000c1743078,0x00000000d1280000)
 Metaspace       used 69179K, capacity 71712K, committed 71984K, reserved 1112064K
  class space    used 8698K, capacity 9148K, committed 9264K, reserved 1048576K
}
Event: 1036.366 GC heap before
{Heap before GC invocations=144 (full 16):
 PSYoungGen      total 349696K, used 202029K [0x00000000e0000000, 0x0000000100000000, 0x0000000100000000)
  eden space 175104K, 100% used [0x00000000e0000000,0x00000000eab00000,0x00000000eab00000)
  from space 174592K, 15% used [0x00000000eab00000,0x00000000ec54b5f8,0x00000000f5580000)
  to   space 174592K, 0% used [0x00000000f5580000,0x00000000f5580000,0x0000000100000000)
 ParOldGen       total 805376K, used 548108K [0x00000000a0000000, 0x00000000d1280000, 0x00000000e0000000)
  object space 805376K, 68% used [0x00000000a0000000,0x00000000c1743078,0x00000000d1280000)
 Metaspace       used 69179K, capacity 71712K, committed 71984K, reserved 1112064K
  class space    used 8698K, capacity 9148K, committed 9264K, reserved 1048576K
Event: 1036.439 GC heap after
Heap after GC invocations=144 (full 16):
 PSYoungGen      total 347648K, used 54103K [0x00000000e0000000, 0x00000000ffe00000, 0x0000000100000000)
  eden space 175104K, 0% used [0x00000000e0000000,0x00000000e0000000,0x00000000eab00000)
  from space 172544K, 31% used [0x00000000f5580000,0x00000000f8a55cc8,0x00000000ffe00000)
  to   space 173568K, 0% used [0x00000000eab00000,0x00000000eab00000,0x00000000f5480000)
 ParOldGen       total 805376K, used 573909K [0x00000000a0000000, 0x00000000d1280000, 0x00000000e0000000)
  object space 805376K, 71% used [0x00000000a0000000,0x00000000c30757d0,0x00000000d1280000)
 Metaspace       used 69179K, capacity 71712K, committed 71984K, reserved 1112064K
  class space    used 8698K, capacity 9148K, committed 9264K, reserved 1048576K
}
Event: 1036.987 GC heap before
{Heap before GC invocations=145 (full 16):
 PSYoungGen      total 347648K, used 229207K [0x00000000e0000000, 0x00000000ffe00000, 0x0000000100000000)
  eden space 175104K, 100% used [0x00000000e0000000,0x00000000eab00000,0x00000000eab00000)
  from space 172544K, 31% used [0x00000000f5580000,0x00000000f8a55cc8,0x00000000ffe00000)
  to   space 173568K, 0% used [0x00000000eab00000,0x00000000eab00000,0x00000000f5480000)
 ParOldGen       total 805376K, used 573909K [0x00000000a0000000, 0x00000000d1280000, 0x00000000e0000000)
  object space 805376K, 71% used [0x00000000a0000000,0x00000000c30757d0,0x00000000d1280000)
 Metaspace       used 69179K, capacity 71712K, committed 71984K, reserved 1112064K
  class space    used 8698K, capacity 9148K, committed 9264K, reserved 1048576K
Event: 1037.059 GC heap after
Heap after GC invocations=145 (full 16):
 PSYoungGen      total 251392K, used 76059K [0x00000000e0000000, 0x00000000ff700000, 0x0000000100000000)
  eden space 175104K, 0% used [0x00000000e0000000,0x00000000e0000000,0x00000000eab00000)
  from space 76288K, 99% used [0x00000000eab00000,0x00000000ef546c90,0x00000000ef580000)
  to   space 168448K, 0% used [0x00000000f5280000,0x00000000f5280000,0x00000000ff700000)
 ParOldGen       total 805376K, used 584825K [0x00000000a0000000, 0x00000000d1280000, 0x00000000e0000000)
  object space 805376K, 72% used [0x00000000a0000000,0x00000000c3b1e5d8,0x00000000d1280000)
 Metaspace       used 69179K, capacity 71712K, committed 71984K, reserved 1112064K
  class space    used 8698K, capacity 9148K, committed 9264K, reserved 1048576K
}
Event: 1037.277 GC heap before
{Heap before GC invocations=146 (full 16):
 PSYoungGen      total 251392K, used 251163K [0x00000000e0000000, 0x00000000ff700000, 0x0000000100000000)
  eden space 175104K, 100% used [0x00000000e0000000,0x00000000eab00000,0x00000000eab00000)
  from space 76288K, 99% used [0x00000000eab00000,0x00000000ef546c90,0x00000000ef580000)
  to   space 168448K, 0% used [0x00000000f5280000,0x00000000f5280000,0x00000000ff700000)
 ParOldGen       total 805376K, used 584825K [0x00000000a0000000, 0x00000000d1280000, 0x00000000e0000000)
  object space 805376K, 72% used [0x00000000a0000000,0x00000000c3b1e5d8,0x00000000d1280000)
 Metaspace       used 69179K, capacity 71712K, committed 71984K, reserved 1112064K
  class space    used 8698K, capacity 9148K, committed 9264K, reserved 1048576K
Event: 1037.398 GC heap after
Heap after GC invocations=146 (full 16):
 PSYoungGen      total 349696K, used 80103K [0x00000000e0000000, 0x0000000100000000, 0x0000000100000000)
  eden space 181248K, 0% used [0x00000000e0000000,0x00000000e0000000,0x00000000eb100000)
  from space 168448K, 47% used [0x00000000f5280000,0x00000000fa0b9ec8,0x00000000ff700000)
  to   space 165376K, 0% used [0x00000000eb100000,0x00000000eb100000,0x00000000f5280000)
 ParOldGen       total 805376K, used 658767K [0x00000000a0000000, 0x00000000d1280000, 0x00000000e0000000)
  object space 805376K, 81% used [0x00000000a0000000,0x00000000c8353dd8,0x00000000d1280000)
 Metaspace       used 69179K, capacity 71712K, committed 71984K, reserved 1112064K
  class space    used 8698K, capacity 9148K, committed 9264K, reserved 1048576K
}
Event: 1037.649 GC heap before
{Heap before GC invocations=147 (full 16):
 PSYoungGen      total 349696K, used 261351K [0x00000000e0000000, 0x0000000100000000, 0x0000000100000000)
  eden space 181248K, 100% used [0x00000000e0000000,0x00000000eb100000,0x00000000eb100000)
  from space 168448K, 47% used [0x00000000f5280000,0x00000000fa0b9ec8,0x00000000ff700000)
  to   space 165376K, 0% used [0x00000000eb100000,0x00000000eb100000,0x00000000f5280000)
 ParOldGen       total 805376K, used 658767K [0x00000000a0000000, 0x00000000d1280000, 0x00000000e0000000)
  object space 805376K, 81% used [0x00000000a0000000,0x00000000c8353dd8,0x00000000d1280000)
 Metaspace       used 69179K, capacity 71712K, committed 71984K, reserved 1112064K
  class space    used 8698K, capacity 9148K, committed 9264K, reserved 1048576K
Event: 1037.755 GC heap after
Heap after GC invocations=147 (full 16):
 PSYoungGen      total 346624K, used 55281K [0x00000000e0000000, 0x00000000feb00000, 0x0000000100000000)
  eden space 181248K, 0% used [0x00000000e0000000,0x00000000e0000000,0x00000000eb100000)
  from space 165376K, 33% used [0x00000000eb100000,0x00000000ee6fc400,0x00000000f5280000)
  to   space 156160K, 0% used [0x00000000f5280000,0x00000000f5280000,0x00000000feb00000)
 ParOldGen       total 805376K, used 738877K [0x00000000a0000000, 0x00000000d1280000, 0x00000000e0000000)
  object space 805376K, 91% used [0x00000000a0000000,0x00000000cd18f788,0x00000000d1280000)
 Metaspace       used 69179K, capacity 71712K, committed 71984K, reserved 1112064K
  class space    used 8698K, capacity 9148K, committed 9264K, reserved 1048576K
}
Event: 1037.755 GC heap before
{Heap before GC invocations=148 (full 17):
 PSYoungGen      total 346624K, used 55281K [0x00000000e0000000, 0x00000000feb00000, 0x0000000100000000)
  eden space 181248K, 0% used [0x00000000e0000000,0x00000000e0000000,0x00000000eb100000)
  from space 165376K, 33% used [0x00000000eb100000,0x00000000ee6fc400,0x00000000f5280000)
  to   space 156160K, 0% used [0x00000000f5280000,0x00000000f5280000,0x00000000feb00000)
 ParOldGen       total 805376K, used 738877K [0x00000000a0000000, 0x00000000d1280000, 0x00000000e0000000)
  object space 805376K, 91% used [0x00000000a0000000,0x00000000cd18f788,0x00000000d1280000)
 Metaspace       used 69179K, capacity 71712K, committed 71984K, reserved 1112064K
  class space    used 8698K, capacity 9148K, committed 9264K, reserved 1048576K

