# JRE version: OpenJDK Runtime Environment (8.0_112-b06) (build 1.8.0_112-release-b06)
# Java VM: OpenJDK 64-Bit Server VM (25.112-b06 mixed mode linux-amd64 compressed oops)
Heap:
 PSYoungGen      total 365056K, used 0K [0x00000000e0000000, 0x0000000100000000, 0x0000000100000000)
  eden space 205824K, 0% used [0x00000000e0000000,0x00000000e0000000,0x00000000ec900000)
  from space 159232K, 0% used [0x00000000ec900000,0x00000000ec900000,0x00000000f6480000)
  to   space 155648K, 0% used [0x00000000f6800000,0x00000000f6800000,0x0000000100000000)
 ParOldGen       total 770048K, used 664111K [0x00000000a0000000, 0x00000000cf000000, 0x00000000e0000000)
  object space 770048K, 86% used [0x00000000a0000000,0x00000000c888bf88,0x00000000cf000000)
 Metaspace       used 69944K, capacity 72766K, committed 73008K, reserved 1114112K
  class space    used 8722K, capacity 9196K, committed 9264K, reserved 1048576K
GC Heap History (10 events):
Event: 1083.842 GC heap after
Heap after GC invocations=41 (full 7):
 PSYoungGen      total 401408K, used 53542K [0x00000000e0000000, 0x0000000100000000, 0x0000000100000000)
  eden space 312320K, 0% used [0x00000000e0000000,0x00000000e0000000,0x00000000f3100000)
  from space 89088K, 60% used [0x00000000fa900000,0x00000000fdd499d8,0x0000000100000000)
  to   space 105984K, 0% used [0x00000000f3100000,0x00000000f3100000,0x00000000f9880000)
 ParOldGen       total 557568K, used 498225K [0x00000000a0000000, 0x00000000c2080000, 0x00000000e0000000)
  object space 557568K, 89% used [0x00000000a0000000,0x00000000be68c5d8,0x00000000c2080000)
 Metaspace       used 70062K, capacity 72972K, committed 73008K, reserved 1114112K
  class space    used 8743K, capacity 9236K, committed 9264K, reserved 1048576K
}
Event: 1083.842 GC heap before
{Heap before GC invocations=42 (full 8):
 PSYoungGen      total 401408K, used 53542K [0x00000000e0000000, 0x0000000100000000, 0x0000000100000000)
  eden space 312320K, 0% used [0x00000000e0000000,0x00000000e0000000,0x00000000f3100000)
  from space 89088K, 60% used [0x00000000fa900000,0x00000000fdd499d8,0x0000000100000000)
  to   space 105984K, 0% used [0x00000000f3100000,0x00000000f3100000,0x00000000f9880000)
 ParOldGen       total 557568K, used 498225K [0x00000000a0000000, 0x00000000c2080000, 0x00000000e0000000)
  object space 557568K, 89% used [0x00000000a0000000,0x00000000be68c5d8,0x00000000c2080000)
 Metaspace       used 70062K, capacity 72972K, committed 73008K, reserved 1114112K
  class space    used 8743K, capacity 9236K, committed 9264K, reserved 1048576K
Event: 1086.214 GC heap after
Heap after GC invocations=42 (full 8):
 PSYoungGen      total 401408K, used 0K [0x00000000e0000000, 0x0000000100000000, 0x0000000100000000)
  eden space 312320K, 0% used [0x00000000e0000000,0x00000000e0000000,0x00000000f3100000)
  from space 89088K, 0% used [0x00000000fa900000,0x00000000fa900000,0x0000000100000000)
  to   space 105984K, 0% used [0x00000000f3100000,0x00000000f3100000,0x00000000f9880000)
 ParOldGen       total 770048K, used 549761K [0x00000000a0000000, 0x00000000cf000000, 0x00000000e0000000)
  object space 770048K, 71% used [0x00000000a0000000,0x00000000c18e0538,0x00000000cf000000)
 Metaspace       used 70062K, capacity 72972K, committed 73008K, reserved 1114112K
  class space    used 8743K, capacity 9236K, committed 9264K, reserved 1048576K
}
Event: 1087.466 GC heap before
{Heap before GC invocations=43 (full 8):
 PSYoungGen      total 401408K, used 312320K [0x00000000e0000000, 0x0000000100000000, 0x0000000100000000)
  eden space 312320K, 100% used [0x00000000e0000000,0x00000000f3100000,0x00000000f3100000)
  from space 89088K, 0% used [0x00000000fa900000,0x00000000fa900000,0x0000000100000000)
  to   space 105984K, 0% used [0x00000000f3100000,0x00000000f3100000,0x00000000f9880000)
 ParOldGen       total 770048K, used 549761K [0x00000000a0000000, 0x00000000cf000000, 0x00000000e0000000)
  object space 770048K, 71% used [0x00000000a0000000,0x00000000c18e0538,0x00000000cf000000)
 Metaspace       used 70062K, capacity 72972K, committed 73008K, reserved 1114112K
  class space    used 8743K, capacity 9236K, committed 9264K, reserved 1048576K
Event: 1087.557 GC heap after
Heap after GC invocations=43 (full 8):
 PSYoungGen      total 418304K, used 60499K [0x00000000e0000000, 0x0000000100000000, 0x0000000100000000)
  eden space 312320K, 0% used [0x00000000e0000000,0x00000000e0000000,0x00000000f3100000)
  from space 105984K, 57% used [0x00000000f3100000,0x00000000f6c14d50,0x00000000f9880000)
  to   space 104960K, 0% used [0x00000000f9980000,0x00000000f9980000,0x0000000100000000)
 ParOldGen       total 770048K, used 549761K [0x00000000a0000000, 0x00000000cf000000, 0x00000000e0000000)
  object space 770048K, 71% used [0x00000000a0000000,0x00000000c18e0538,0x00000000cf000000)
 Metaspace       used 70062K, capacity 72972K, committed 73008K, reserved 1114112K
  class space    used 8743K, capacity 9236K, committed 9264K, reserved 1048576K
}
Event: 1088.460 GC heap before
{Heap before GC invocations=44 (full 8):
 PSYoungGen      total 418304K, used 372819K [0x00000000e0000000, 0x0000000100000000, 0x0000000100000000)
  eden space 312320K, 100% used [0x00000000e0000000,0x00000000f3100000,0x00000000f3100000)
  from space 105984K, 57% used [0x00000000f3100000,0x00000000f6c14d50,0x00000000f9880000)
  to   space 104960K, 0% used [0x00000000f9980000,0x00000000f9980000,0x0000000100000000)
 ParOldGen       total 770048K, used 549761K [0x00000000a0000000, 0x00000000cf000000, 0x00000000e0000000)
  object space 770048K, 71% used [0x00000000a0000000,0x00000000c18e0538,0x00000000cf000000)
 Metaspace       used 70071K, capacity 72972K, committed 73008K, reserved 1114112K
  class space    used 8744K, capacity 9236K, committed 9264K, reserved 1048576K
Event: 1088.677 GC heap after
Heap after GC invocations=44 (full 8):
 PSYoungGen      total 310784K, used 104934K [0x00000000e0000000, 0x0000000100000000, 0x0000000100000000)
  eden space 205824K, 0% used [0x00000000e0000000,0x00000000e0000000,0x00000000ec900000)
  from space 104960K, 99% used [0x00000000f9980000,0x00000000ffff99c8,0x0000000100000000)
  to   space 159232K, 0% used [0x00000000ec900000,0x00000000ec900000,0x00000000f6480000)
 ParOldGen       total 770048K, used 654948K [0x00000000a0000000, 0x00000000cf000000, 0x00000000e0000000)
  object space 770048K, 85% used [0x00000000a0000000,0x00000000c7f99340,0x00000000cf000000)
 Metaspace       used 70071K, capacity 72972K, committed 73008K, reserved 1114112K
  class space    used 8744K, capacity 9236K, committed 9264K, reserved 1048576K
}
Event: 1089.391 GC heap before
{Heap before GC invocations=45 (full 8):
 PSYoungGen      total 310784K, used 310758K [0x00000000e0000000, 0x0000000100000000, 0x0000000100000000)
  eden space 205824K, 100% used [0x00000000e0000000,0x00000000ec900000,0x00000000ec900000)
  from space 104960K, 99% used [0x00000000f9980000,0x00000000ffff99c8,0x0000000100000000)
  to   space 159232K, 0% used [0x00000000ec900000,0x00000000ec900000,0x00000000f6480000)
 ParOldGen       total 770048K, used 654948K [0x00000000a0000000, 0x00000000cf000000, 0x00000000e0000000)
  object space 770048K, 85% used [0x00000000a0000000,0x00000000c7f99340,0x00000000cf000000)
 Metaspace       used 70071K, capacity 72972K, committed 73008K, reserved 1114112K
  class space    used 8744K, capacity 9236K, committed 9264K, reserved 1048576K
Event: 1089.943 GC heap after
Heap after GC invocations=45 (full 8):
 PSYoungGen      total 365056K, used 79982K [0x00000000e0000000, 0x0000000100000000, 0x0000000100000000)
  eden space 205824K, 0% used [0x00000000e0000000,0x00000000e0000000,0x00000000ec900000)
  from space 159232K, 50% used [0x00000000ec900000,0x00000000f171b868,0x00000000f6480000)
  to   space 155648K, 0% used [0x00000000f6800000,0x00000000f6800000,0x0000000100000000)
 ParOldGen       total 770048K, used 751400K [0x00000000a0000000, 0x00000000cf000000, 0x00000000e0000000)
  object space 770048K, 97% used [0x00000000a0000000,0x00000000cddca310,0x00000000cf000000)
 Metaspace       used 70071K, capacity 72972K, committed 73008K, reserved 1114112K
  class space    used 8744K, capacity 9236K, committed 9264K, reserved 1048576K
}
Event: 1089.943 GC heap before
{Heap before GC invocations=46 (full 9):
 PSYoungGen      total 365056K, used 79982K [0x00000000e0000000, 0x0000000100000000, 0x0000000100000000)
  eden space 205824K, 0% used [0x00000000e0000000,0x00000000e0000000,0x00000000ec900000)
  from space 159232K, 50% used [0x00000000ec900000,0x00000000f171b868,0x00000000f6480000)
  to   space 155648K, 0% used [0x00000000f6800000,0x00000000f6800000,0x0000000100000000)
 ParOldGen       total 770048K, used 751400K [0x00000000a0000000, 0x00000000cf000000, 0x00000000e0000000)
  object space 770048K, 97% used [0x00000000a0000000,0x00000000cddca310,0x00000000cf000000)
 Metaspace       used 70071K, capacity 72972K, committed 73008K, reserved 1114112K
  class space    used 8744K, capacity 9236K, committed 9264K, reserved 1048576K

