# JRE version: OpenJDK Runtime Environment (8.0_112-b06) (build 1.8.0_112-release-b06)
# Java VM: OpenJDK 64-Bit Server VM (25.112-b06 mixed mode linux-amd64 compressed oops)
Heap:
 PSYoungGen      total 340992K, used 110744K [0x00000000e0000000, 0x0000000100000000, 0x0000000100000000)
  eden space 175104K, 0% used [0x00000000e0000000,0x00000000e0000000,0x00000000eab00000)
  from space 165888K, 66% used [0x00000000f5e00000,0x00000000fca261d0,0x0000000100000000)
  to   space 174592K, 0% used [0x00000000eab00000,0x00000000eab00000,0x00000000f5580000)
 ParOldGen       total 519168K, used 518849K [0x00000000a0000000, 0x00000000bfb00000, 0x00000000e0000000)
  object space 519168K, 99% used [0x00000000a0000000,0x00000000bfab06d8,0x00000000bfb00000)
 Metaspace       used 54002K, capacity 55758K, committed 55984K, reserved 1097728K
  class space    used 7117K, capacity 7502K, committed 7600K, reserved 1048576K
GC Heap History (10 events):
Event: 53.551 GC heap after
Heap after GC invocations=41 (full 7):
 PSYoungGen      total 379392K, used 103510K [0x00000000e0000000, 0x0000000100000000, 0x0000000100000000)
  eden space 263168K, 0% used [0x00000000e0000000,0x00000000e0000000,0x00000000f0100000)
  from space 116224K, 89% used [0x00000000f8e80000,0x00000000ff395940,0x0000000100000000)
  to   space 130560K, 0% used [0x00000000f0100000,0x00000000f0100000,0x00000000f8080000)
 ParOldGen       total 519168K, used 375417K [0x00000000a0000000, 0x00000000bfb00000, 0x00000000e0000000)
  object space 519168K, 72% used [0x00000000a0000000,0x00000000b6e9e5e0,0x00000000bfb00000)
 Metaspace       used 53990K, capacity 55758K, committed 55984K, reserved 1097728K
  class space    used 7115K, capacity 7502K, committed 7600K, reserved 1048576K
}
Event: 54.365 GC heap before
{Heap before GC invocations=42 (full 7):
 PSYoungGen      total 379392K, used 366678K [0x00000000e0000000, 0x0000000100000000, 0x0000000100000000)
  eden space 263168K, 100% used [0x00000000e0000000,0x00000000f0100000,0x00000000f0100000)
  from space 116224K, 89% used [0x00000000f8e80000,0x00000000ff395940,0x0000000100000000)
  to   space 130560K, 0% used [0x00000000f0100000,0x00000000f0100000,0x00000000f8080000)
 ParOldGen       total 519168K, used 375417K [0x00000000a0000000, 0x00000000bfb00000, 0x00000000e0000000)
  object space 519168K, 72% used [0x00000000a0000000,0x00000000b6e9e5e0,0x00000000bfb00000)
 Metaspace       used 53990K, capacity 55758K, committed 55984K, reserved 1097728K
  class space    used 7115K, capacity 7502K, committed 7600K, reserved 1048576K
Event: 54.769 GC heap after
Heap after GC invocations=42 (full 7):
 PSYoungGen      total 393728K, used 130543K [0x00000000e0000000, 0x0000000100000000, 0x0000000100000000)
  eden space 263168K, 0% used [0x00000000e0000000,0x00000000e0000000,0x00000000f0100000)
  from space 130560K, 99% used [0x00000000f0100000,0x00000000f807bfc8,0x00000000f8080000)
  to   space 130560K, 0% used [0x00000000f8080000,0x00000000f8080000,0x0000000100000000)
 ParOldGen       total 519168K, used 387062K [0x00000000a0000000, 0x00000000bfb00000, 0x00000000e0000000)
  object space 519168K, 74% used [0x00000000a0000000,0x00000000b79fdb20,0x00000000bfb00000)
 Metaspace       used 53990K, capacity 55758K, committed 55984K, reserved 1097728K
  class space    used 7115K, capacity 7502K, committed 7600K, reserved 1048576K
}
Event: 55.754 GC heap before
{Heap before GC invocations=43 (full 7):
 PSYoungGen      total 393728K, used 393711K [0x00000000e0000000, 0x0000000100000000, 0x0000000100000000)
  eden space 263168K, 100% used [0x00000000e0000000,0x00000000f0100000,0x00000000f0100000)
  from space 130560K, 99% used [0x00000000f0100000,0x00000000f807bfc8,0x00000000f8080000)
  to   space 130560K, 0% used [0x00000000f8080000,0x00000000f8080000,0x0000000100000000)
 ParOldGen       total 519168K, used 387062K [0x00000000a0000000, 0x00000000bfb00000, 0x00000000e0000000)
  object space 519168K, 74% used [0x00000000a0000000,0x00000000b79fdb20,0x00000000bfb00000)
 Metaspace       used 53993K, capacity 55758K, committed 55984K, reserved 1097728K
  class space    used 7116K, capacity 7502K, committed 7600K, reserved 1048576K
Event: 56.073 GC heap after
Heap after GC invocations=43 (full 7):
 PSYoungGen      total 323072K, used 112095K [0x00000000e0000000, 0x0000000100000000, 0x0000000100000000)
  eden space 192512K, 0% used [0x00000000e0000000,0x00000000e0000000,0x00000000ebc00000)
  from space 130560K, 85% used [0x00000000f8080000,0x00000000fedf7f20,0x0000000100000000)
  to   space 165888K, 0% used [0x00000000ebc00000,0x00000000ebc00000,0x00000000f5e00000)
 ParOldGen       total 519168K, used 445616K [0x00000000a0000000, 0x00000000bfb00000, 0x00000000e0000000)
  object space 519168K, 85% used [0x00000000a0000000,0x00000000bb32c120,0x00000000bfb00000)
 Metaspace       used 53993K, capacity 55758K, committed 55984K, reserved 1097728K
  class space    used 7116K, capacity 7502K, committed 7600K, reserved 1048576K
}
Event: 56.886 GC heap before
{Heap before GC invocations=44 (full 7):
 PSYoungGen      total 323072K, used 304607K [0x00000000e0000000, 0x0000000100000000, 0x0000000100000000)
  eden space 192512K, 100% used [0x00000000e0000000,0x00000000ebc00000,0x00000000ebc00000)
  from space 130560K, 85% used [0x00000000f8080000,0x00000000fedf7f20,0x0000000100000000)
  to   space 165888K, 0% used [0x00000000ebc00000,0x00000000ebc00000,0x00000000f5e00000)
 ParOldGen       total 519168K, used 445616K [0x00000000a0000000, 0x00000000bfb00000, 0x00000000e0000000)
  object space 519168K, 85% used [0x00000000a0000000,0x00000000bb32c120,0x00000000bfb00000)
 Metaspace       used 53993K, capacity 55758K, committed 55984K, reserved 1097728K
  class space    used 7116K, capacity 7502K, committed 7600K, reserved 1048576K
Event: 57.127 GC heap after
Heap after GC invocations=44 (full 7):
 PSYoungGen      total 358400K, used 165858K [0x00000000e0000000, 0x0000000100000000, 0x0000000100000000)
  eden space 192512K, 0% used [0x00000000e0000000,0x00000000e0000000,0x00000000ebc00000)
  from space 165888K, 99% used [0x00000000ebc00000,0x00000000f5df8a30,0x00000000f5e00000)
  to   space 165888K, 0% used [0x00000000f5e00000,0x00000000f5e00000,0x0000000100000000)
 ParOldGen       total 519168K, used 446593K [0x00000000a0000000, 0x00000000bfb00000, 0x00000000e0000000)
  object space 519168K, 86% used [0x00000000a0000000,0x00000000bb420718,0x00000000bfb00000)
 Metaspace       used 53993K, capacity 55758K, committed 55984K, reserved 1097728K
  class space    used 7116K, capacity 7502K, committed 7600K, reserved 1048576K
}
Event: 58.284 GC heap before
{Heap before GC invocations=45 (full 7):
 PSYoungGen      total 358400K, used 358370K [0x00000000e0000000, 0x0000000100000000, 0x0000000100000000)
  eden space 192512K, 100% used [0x00000000e0000000,0x00000000ebc00000,0x00000000ebc00000)
  from space 165888K, 99% used [0x00000000ebc00000,0x00000000f5df8a30,0x00000000f5e00000)
  to   space 165888K, 0% used [0x00000000f5e00000,0x00000000f5e00000,0x0000000100000000)
 ParOldGen       total 519168K, used 446593K [0x00000000a0000000, 0x00000000bfb00000, 0x00000000e0000000)
  object space 519168K, 86% used [0x00000000a0000000,0x00000000bb420718,0x00000000bfb00000)
 Metaspace       used 54002K, capacity 55758K, committed 55984K, reserved 1097728K
  class space    used 7117K, capacity 7502K, committed 7600K, reserved 1048576K
Event: 58.583 GC heap after
Heap after GC invocations=45 (full 7):
 PSYoungGen      total 340992K, used 117824K [0x00000000e0000000, 0x0000000100000000, 0x0000000100000000)
  eden space 175104K, 0% used [0x00000000e0000000,0x00000000e0000000,0x00000000eab00000)
  from space 165888K, 71% used [0x00000000f5e00000,0x00000000fd1103c8,0x0000000100000000)
  to   space 174592K, 0% used [0x00000000eab00000,0x00000000eab00000,0x00000000f5580000)
 ParOldGen       total 519168K, used 518822K [0x00000000a0000000, 0x00000000bfb00000, 0x00000000e0000000)
  object space 519168K, 99% used [0x00000000a0000000,0x00000000bfaa98d0,0x00000000bfb00000)
 Metaspace       used 54002K, capacity 55758K, committed 55984K, reserved 1097728K
  class space    used 7117K, capacity 7502K, committed 7600K, reserved 1048576K
}
Event: 58.583 GC heap before
{Heap before GC invocations=46 (full 8):
 PSYoungGen      total 340992K, used 117824K [0x00000000e0000000, 0x0000000100000000, 0x0000000100000000)
  eden space 175104K, 0% used [0x00000000e0000000,0x00000000e0000000,0x00000000eab00000)
  from space 165888K, 71% used [0x00000000f5e00000,0x00000000fd1103c8,0x0000000100000000)
  to   space 174592K, 0% used [0x00000000eab00000,0x00000000eab00000,0x00000000f5580000)
 ParOldGen       total 519168K, used 518822K [0x00000000a0000000, 0x00000000bfb00000, 0x00000000e0000000)
  object space 519168K, 99% used [0x00000000a0000000,0x00000000bfaa98d0,0x00000000bfb00000)
 Metaspace       used 54002K, capacity 55758K, committed 55984K, reserved 1097728K
  class space    used 7117K, capacity 7502K, committed 7600K, reserved 1048576K

