# JRE version: OpenJDK Runtime Environment (8.0_112-b06) (build 1.8.0_112-release-b06)
# Java VM: OpenJDK 64-Bit Server VM (25.112-b06 mixed mode linux-amd64 compressed oops)
Heap:
 PSYoungGen      total 438272K, used 6513K [0x00000000e0000000, 0x0000000100000000, 0x0000000100000000)
  eden space 360448K, 0% used [0x00000000e0000000,0x00000000e0000000,0x00000000f6000000)
  from space 77824K, 8% used [0x00000000faf00000,0x00000000fb55c678,0x00000000ffb00000)
  to   space 80896K, 0% used [0x00000000f6000000,0x00000000f6000000,0x00000000faf00000)
 ParOldGen       total 308736K, used 308472K [0x00000000a0000000, 0x00000000b2d80000, 0x00000000e0000000)
  object space 308736K, 99% used [0x00000000a0000000,0x00000000b2d3e328,0x00000000b2d80000)
 Metaspace       used 67118K, capacity 69148K, committed 69808K, reserved 1110016K
  class space    used 8583K, capacity 8973K, committed 9136K, reserved 1048576K
GC Heap History (10 events):
Event: 1683.361 GC heap after
Heap after GC invocations=29 (full 4):
 PSYoungGen      total 435200K, used 56283K [0x00000000e0000000, 0x0000000100000000, 0x0000000100000000)
  eden space 378880K, 0% used [0x00000000e0000000,0x00000000e0000000,0x00000000f7200000)
  from space 56320K, 99% used [0x00000000f7200000,0x00000000fa8f6dc8,0x00000000fa900000)
  to   space 79360K, 0% used [0x00000000fb280000,0x00000000fb280000,0x0000000100000000)
 ParOldGen       total 223744K, used 222747K [0x00000000a0000000, 0x00000000ada80000, 0x00000000e0000000)
  object space 223744K, 99% used [0x00000000a0000000,0x00000000ad986fa0,0x00000000ada80000)
 Metaspace       used 67103K, capacity 69148K, committed 69808K, reserved 1110016K
  class space    used 8582K, capacity 8973K, committed 9136K, reserved 1048576K
}
Event: 1683.361 GC heap before
{Heap before GC invocations=30 (full 5):
 PSYoungGen      total 435200K, used 56283K [0x00000000e0000000, 0x0000000100000000, 0x0000000100000000)
  eden space 378880K, 0% used [0x00000000e0000000,0x00000000e0000000,0x00000000f7200000)
  from space 56320K, 99% used [0x00000000f7200000,0x00000000fa8f6dc8,0x00000000fa900000)
  to   space 79360K, 0% used [0x00000000fb280000,0x00000000fb280000,0x0000000100000000)
 ParOldGen       total 223744K, used 222747K [0x00000000a0000000, 0x00000000ada80000, 0x00000000e0000000)
  object space 223744K, 99% used [0x00000000a0000000,0x00000000ad986fa0,0x00000000ada80000)
 Metaspace       used 67103K, capacity 69148K, committed 69808K, reserved 1110016K
  class space    used 8582K, capacity 8973K, committed 9136K, reserved 1048576K
Event: 1684.526 GC heap after
Heap after GC invocations=30 (full 5):
 PSYoungGen      total 435200K, used 0K [0x00000000e0000000, 0x0000000100000000, 0x0000000100000000)
  eden space 378880K, 0% used [0x00000000e0000000,0x00000000e0000000,0x00000000f7200000)
  from space 56320K, 0% used [0x00000000f7200000,0x00000000f7200000,0x00000000fa900000)
  to   space 79360K, 0% used [0x00000000fb280000,0x00000000fb280000,0x0000000100000000)
 ParOldGen       total 308736K, used 189115K [0x00000000a0000000, 0x00000000b2d80000, 0x00000000e0000000)
  object space 308736K, 61% used [0x00000000a0000000,0x00000000ab8aed78,0x00000000b2d80000)
 Metaspace       used 67103K, capacity 69148K, committed 69808K, reserved 1110016K
  class space    used 8582K, capacity 8973K, committed 9136K, reserved 1048576K
}
Event: 1685.596 GC heap before
{Heap before GC invocations=31 (full 5):
 PSYoungGen      total 435200K, used 378880K [0x00000000e0000000, 0x0000000100000000, 0x0000000100000000)
  eden space 378880K, 100% used [0x00000000e0000000,0x00000000f7200000,0x00000000f7200000)
  from space 56320K, 0% used [0x00000000f7200000,0x00000000f7200000,0x00000000fa900000)
  to   space 79360K, 0% used [0x00000000fb280000,0x00000000fb280000,0x0000000100000000)
 ParOldGen       total 308736K, used 189115K [0x00000000a0000000, 0x00000000b2d80000, 0x00000000e0000000)
  object space 308736K, 61% used [0x00000000a0000000,0x00000000ab8aed78,0x00000000b2d80000)
 Metaspace       used 67110K, capacity 69148K, committed 69808K, reserved 1110016K
  class space    used 8583K, capacity 8973K, committed 9136K, reserved 1048576K
Event: 1685.700 GC heap after
Heap after GC invocations=31 (full 5):
 PSYoungGen      total 440832K, used 48831K [0x00000000e0000000, 0x0000000100000000, 0x0000000100000000)
  eden space 361472K, 0% used [0x00000000e0000000,0x00000000e0000000,0x00000000f6100000)
  from space 79360K, 61% used [0x00000000fb280000,0x00000000fe22ffc0,0x0000000100000000)
  to   space 81408K, 0% used [0x00000000f6100000,0x00000000f6100000,0x00000000fb080000)
 ParOldGen       total 308736K, used 189123K [0x00000000a0000000, 0x00000000b2d80000, 0x00000000e0000000)
  object space 308736K, 61% used [0x00000000a0000000,0x00000000ab8b0d78,0x00000000b2d80000)
 Metaspace       used 67110K, capacity 69148K, committed 69808K, reserved 1110016K
  class space    used 8583K, capacity 8973K, committed 9136K, reserved 1048576K
}
Event: 1686.553 GC heap before
{Heap before GC invocations=32 (full 5):
 PSYoungGen      total 440832K, used 410303K [0x00000000e0000000, 0x0000000100000000, 0x0000000100000000)
  eden space 361472K, 100% used [0x00000000e0000000,0x00000000f6100000,0x00000000f6100000)
  from space 79360K, 61% used [0x00000000fb280000,0x00000000fe22ffc0,0x0000000100000000)
  to   space 81408K, 0% used [0x00000000f6100000,0x00000000f6100000,0x00000000fb080000)
 ParOldGen       total 308736K, used 189123K [0x00000000a0000000, 0x00000000b2d80000, 0x00000000e0000000)
  object space 308736K, 61% used [0x00000000a0000000,0x00000000ab8b0d78,0x00000000b2d80000)
 Metaspace       used 67113K, capacity 69148K, committed 69808K, reserved 1110016K
  class space    used 8583K, capacity 8973K, committed 9136K, reserved 1048576K
Event: 1686.676 GC heap after
Heap after GC invocations=32 (full 5):
 PSYoungGen      total 396288K, used 34692K [0x00000000e0000000, 0x00000000ffb00000, 0x0000000100000000)
  eden space 361472K, 0% used [0x00000000e0000000,0x00000000e0000000,0x00000000f6100000)
  from space 34816K, 99% used [0x00000000f6100000,0x00000000f82e1120,0x00000000f8300000)
  to   space 77824K, 0% used [0x00000000faf00000,0x00000000faf00000,0x00000000ffb00000)
 ParOldGen       total 308736K, used 236422K [0x00000000a0000000, 0x00000000b2d80000, 0x00000000e0000000)
  object space 308736K, 76% used [0x00000000a0000000,0x00000000ae6e1988,0x00000000b2d80000)
 Metaspace       used 67113K, capacity 69148K, committed 69808K, reserved 1110016K
  class space    used 8583K, capacity 8973K, committed 9136K, reserved 1048576K
}
Event: 1688.020 GC heap before
{Heap before GC invocations=33 (full 5):
 PSYoungGen      total 396288K, used 396164K [0x00000000e0000000, 0x00000000ffb00000, 0x0000000100000000)
  eden space 361472K, 100% used [0x00000000e0000000,0x00000000f6100000,0x00000000f6100000)
  from space 34816K, 99% used [0x00000000f6100000,0x00000000f82e1120,0x00000000f8300000)
  to   space 77824K, 0% used [0x00000000faf00000,0x00000000faf00000,0x00000000ffb00000)
 ParOldGen       total 308736K, used 236422K [0x00000000a0000000, 0x00000000b2d80000, 0x00000000e0000000)
  object space 308736K, 76% used [0x00000000a0000000,0x00000000ae6e1988,0x00000000b2d80000)
 Metaspace       used 67118K, capacity 69148K, committed 69808K, reserved 1110016K
  class space    used 8583K, capacity 8973K, committed 9136K, reserved 1048576K
Event: 1688.192 GC heap after
Heap after GC invocations=33 (full 5):
 PSYoungGen      total 438272K, used 52802K [0x00000000e0000000, 0x0000000100000000, 0x0000000100000000)
  eden space 360448K, 0% used [0x00000000e0000000,0x00000000e0000000,0x00000000f6000000)
  from space 77824K, 67% used [0x00000000faf00000,0x00000000fe290a08,0x00000000ffb00000)
  to   space 80896K, 0% used [0x00000000f6000000,0x00000000f6000000,0x00000000faf00000)
 ParOldGen       total 308736K, used 269035K [0x00000000a0000000, 0x00000000b2d80000, 0x00000000e0000000)
  object space 308736K, 87% used [0x00000000a0000000,0x00000000b06bafc0,0x00000000b2d80000)
 Metaspace       used 67118K, capacity 69148K, committed 69808K, reserved 1110016K
  class space    used 8583K, capacity 8973K, committed 9136K, reserved 1048576K
}
Event: 1688.193 GC heap before
{Heap before GC invocations=34 (full 6):
 PSYoungGen      total 438272K, used 52802K [0x00000000e0000000, 0x0000000100000000, 0x0000000100000000)
  eden space 360448K, 0% used [0x00000000e0000000,0x00000000e0000000,0x00000000f6000000)
  from space 77824K, 67% used [0x00000000faf00000,0x00000000fe290a08,0x00000000ffb00000)
  to   space 80896K, 0% used [0x00000000f6000000,0x00000000f6000000,0x00000000faf00000)
 ParOldGen       total 308736K, used 269035K [0x00000000a0000000, 0x00000000b2d80000, 0x00000000e0000000)
  object space 308736K, 87% used [0x00000000a0000000,0x00000000b06bafc0,0x00000000b2d80000)
 Metaspace       used 67118K, capacity 69148K, committed 69808K, reserved 1110016K
  class space    used 8583K, capacity 8973K, committed 9136K, reserved 1048576K

