# JRE version: OpenJDK Runtime Environment (8.0_112-b06) (build 1.8.0_112-release-b06)
# Java VM: OpenJDK 64-Bit Server VM (25.112-b06 mixed mode linux-amd64 compressed oops)
Heap:
 PSYoungGen      total 349696K, used 0K [0x00000000e0000000, 0x0000000100000000, 0x0000000100000000)
  eden space 175104K, 0% used [0x00000000e0000000,0x00000000e0000000,0x00000000eab00000)
  from space 174592K, 0% used [0x00000000eab00000,0x00000000eab00000,0x00000000f5580000)
  to   space 174592K, 0% used [0x00000000f5580000,0x00000000f5580000,0x0000000100000000)
 ParOldGen       total 771072K, used 642798K [0x00000000a0000000, 0x00000000cf100000, 0x00000000e0000000)
  object space 771072K, 83% used [0x00000000a0000000,0x00000000c73bbae8,0x00000000cf100000)
 Metaspace       used 54547K, capacity 56280K, committed 56496K, reserved 1097728K
  class space    used 7190K, capacity 7582K, committed 7600K, reserved 1048576K
GC Heap History (10 events):
Event: 63.598 GC heap after
Heap after GC invocations=45 (full 7):
 PSYoungGen      total 345088K, used 163091K [0x00000000e0000000, 0x0000000100000000, 0x0000000100000000)
  eden space 175104K, 0% used [0x00000000e0000000,0x00000000e0000000,0x00000000eab00000)
  from space 169984K, 95% used [0x00000000f5a00000,0x00000000ff944f80,0x0000000100000000)
  to   space 174592K, 0% used [0x00000000eab00000,0x00000000eab00000,0x00000000f5580000)
 ParOldGen       total 576000K, used 448934K [0x00000000a0000000, 0x00000000c3280000, 0x00000000e0000000)
  object space 576000K, 77% used [0x00000000a0000000,0x00000000bb669968,0x00000000c3280000)
 Metaspace       used 54537K, capacity 56216K, committed 56240K, reserved 1097728K
  class space    used 7189K, capacity 7582K, committed 7600K, reserved 1048576K
}
Event: 64.738 GC heap before
{Heap before GC invocations=46 (full 7):
 PSYoungGen      total 345088K, used 338195K [0x00000000e0000000, 0x0000000100000000, 0x0000000100000000)
  eden space 175104K, 100% used [0x00000000e0000000,0x00000000eab00000,0x00000000eab00000)
  from space 169984K, 95% used [0x00000000f5a00000,0x00000000ff944f80,0x0000000100000000)
  to   space 174592K, 0% used [0x00000000eab00000,0x00000000eab00000,0x00000000f5580000)
 ParOldGen       total 576000K, used 448934K [0x00000000a0000000, 0x00000000c3280000, 0x00000000e0000000)
  object space 576000K, 77% used [0x00000000a0000000,0x00000000bb669968,0x00000000c3280000)
 Metaspace       used 54546K, capacity 56280K, committed 56496K, reserved 1097728K
  class space    used 7190K, capacity 7582K, committed 7600K, reserved 1048576K
Event: 65.068 GC heap after
Heap after GC invocations=46 (full 7):
 PSYoungGen      total 349696K, used 125333K [0x00000000e0000000, 0x0000000100000000, 0x0000000100000000)
  eden space 175104K, 0% used [0x00000000e0000000,0x00000000e0000000,0x00000000eab00000)
  from space 174592K, 71% used [0x00000000eab00000,0x00000000f2565530,0x00000000f5580000)
  to   space 174592K, 0% used [0x00000000f5580000,0x00000000f5580000,0x0000000100000000)
 ParOldGen       total 576000K, used 517189K [0x00000000a0000000, 0x00000000c3280000, 0x00000000e0000000)
  object space 576000K, 89% used [0x00000000a0000000,0x00000000bf911508,0x00000000c3280000)
 Metaspace       used 54546K, capacity 56280K, committed 56496K, reserved 1097728K
  class space    used 7190K, capacity 7582K, committed 7600K, reserved 1048576K
}
Event: 65.068 GC heap before
{Heap before GC invocations=47 (full 8):
 PSYoungGen      total 349696K, used 125333K [0x00000000e0000000, 0x0000000100000000, 0x0000000100000000)
  eden space 175104K, 0% used [0x00000000e0000000,0x00000000e0000000,0x00000000eab00000)
  from space 174592K, 71% used [0x00000000eab00000,0x00000000f2565530,0x00000000f5580000)
  to   space 174592K, 0% used [0x00000000f5580000,0x00000000f5580000,0x0000000100000000)
 ParOldGen       total 576000K, used 517189K [0x00000000a0000000, 0x00000000c3280000, 0x00000000e0000000)
  object space 576000K, 89% used [0x00000000a0000000,0x00000000bf911508,0x00000000c3280000)
 Metaspace       used 54546K, capacity 56280K, committed 56496K, reserved 1097728K
  class space    used 7190K, capacity 7582K, committed 7600K, reserved 1048576K
Event: 68.476 GC heap after
Heap after GC invocations=47 (full 8):
 PSYoungGen      total 349696K, used 63097K [0x00000000e0000000, 0x0000000100000000, 0x0000000100000000)
  eden space 175104K, 0% used [0x00000000e0000000,0x00000000e0000000,0x00000000eab00000)
  from space 174592K, 36% used [0x00000000eab00000,0x00000000ee89e428,0x00000000f5580000)
  to   space 174592K, 0% used [0x00000000f5580000,0x00000000f5580000,0x0000000100000000)
 ParOldGen       total 771072K, used 575761K [0x00000000a0000000, 0x00000000cf100000, 0x00000000e0000000)
  object space 771072K, 74% used [0x00000000a0000000,0x00000000c32447e8,0x00000000cf100000)
 Metaspace       used 54546K, capacity 56280K, committed 56496K, reserved 1097728K
  class space    used 7190K, capacity 7582K, committed 7600K, reserved 1048576K
}
Event: 68.851 GC heap before
{Heap before GC invocations=48 (full 8):
 PSYoungGen      total 349696K, used 238201K [0x00000000e0000000, 0x0000000100000000, 0x0000000100000000)
  eden space 175104K, 100% used [0x00000000e0000000,0x00000000eab00000,0x00000000eab00000)
  from space 174592K, 36% used [0x00000000eab00000,0x00000000ee89e428,0x00000000f5580000)
  to   space 174592K, 0% used [0x00000000f5580000,0x00000000f5580000,0x0000000100000000)
 ParOldGen       total 771072K, used 575761K [0x00000000a0000000, 0x00000000cf100000, 0x00000000e0000000)
  object space 771072K, 74% used [0x00000000a0000000,0x00000000c32447e8,0x00000000cf100000)
 Metaspace       used 54547K, capacity 56280K, committed 56496K, reserved 1097728K
  class space    used 7190K, capacity 7582K, committed 7600K, reserved 1048576K
Event: 69.155 GC heap after
Heap after GC invocations=48 (full 8):
 PSYoungGen      total 349696K, used 137473K [0x00000000e0000000, 0x0000000100000000, 0x0000000100000000)
  eden space 175104K, 0% used [0x00000000e0000000,0x00000000e0000000,0x00000000eab00000)
  from space 174592K, 78% used [0x00000000f5580000,0x00000000fdbc04d8,0x0000000100000000)
  to   space 174592K, 0% used [0x00000000eab00000,0x00000000eab00000,0x00000000f5580000)
 ParOldGen       total 771072K, used 582748K [0x00000000a0000000, 0x00000000cf100000, 0x00000000e0000000)
  object space 771072K, 75% used [0x00000000a0000000,0x00000000c3917018,0x00000000cf100000)
 Metaspace       used 54547K, capacity 56280K, committed 56496K, reserved 1097728K
  class space    used 7190K, capacity 7582K, committed 7600K, reserved 1048576K
}
Event: 69.772 GC heap before
{Heap before GC invocations=49 (full 8):
 PSYoungGen      total 349696K, used 312577K [0x00000000e0000000, 0x0000000100000000, 0x0000000100000000)
  eden space 175104K, 100% used [0x00000000e0000000,0x00000000eab00000,0x00000000eab00000)
  from space 174592K, 78% used [0x00000000f5580000,0x00000000fdbc04d8,0x0000000100000000)
  to   space 174592K, 0% used [0x00000000eab00000,0x00000000eab00000,0x00000000f5580000)
 ParOldGen       total 771072K, used 582748K [0x00000000a0000000, 0x00000000cf100000, 0x00000000e0000000)
  object space 771072K, 75% used [0x00000000a0000000,0x00000000c3917018,0x00000000cf100000)
 Metaspace       used 54547K, capacity 56280K, committed 56496K, reserved 1097728K
  class space    used 7190K, capacity 7582K, committed 7600K, reserved 1048576K
Event: 69.997 GC heap after
Heap after GC invocations=49 (full 8):
 PSYoungGen      total 349696K, used 45640K [0x00000000e0000000, 0x0000000100000000, 0x0000000100000000)
  eden space 175104K, 0% used [0x00000000e0000000,0x00000000e0000000,0x00000000eab00000)
  from space 174592K, 26% used [0x00000000eab00000,0x00000000ed792060,0x00000000f5580000)
  to   space 174592K, 0% used [0x00000000f5580000,0x00000000f5580000,0x0000000100000000)
 ParOldGen       total 771072K, used 688078K [0x00000000a0000000, 0x00000000cf100000, 0x00000000e0000000)
  object space 771072K, 89% used [0x00000000a0000000,0x00000000c9ff3958,0x00000000cf100000)
 Metaspace       used 54547K, capacity 56280K, committed 56496K, reserved 1097728K
  class space    used 7190K, capacity 7582K, committed 7600K, reserved 1048576K
}
Event: 69.997 GC heap before
{Heap before GC invocations=50 (full 9):
 PSYoungGen      total 349696K, used 45640K [0x00000000e0000000, 0x0000000100000000, 0x0000000100000000)
  eden space 175104K, 0% used [0x00000000e0000000,0x00000000e0000000,0x00000000eab00000)
  from space 174592K, 26% used [0x00000000eab00000,0x00000000ed792060,0x00000000f5580000)
  to   space 174592K, 0% used [0x00000000f5580000,0x00000000f5580000,0x0000000100000000)
 ParOldGen       total 771072K, used 688078K [0x00000000a0000000, 0x00000000cf100000, 0x00000000e0000000)
  object space 771072K, 89% used [0x00000000a0000000,0x00000000c9ff3958,0x00000000cf100000)
 Metaspace       used 54547K, capacity 56280K, committed 56496K, reserved 1097728K
  class space    used 7190K, capacity 7582K, committed 7600K, reserved 1048576K

