# JRE version: OpenJDK Runtime Environment (8.0_112-b06) (build 1.8.0_112-release-b06)
# Java VM: OpenJDK 64-Bit Server VM (25.112-b06 mixed mode linux-amd64 compressed oops)
Heap:
 PSYoungGen      total 389120K, used 59728K [0x00000000e0000000, 0x0000000100000000, 0x0000000100000000)
  eden space 253952K, 0% used [0x00000000e0000000,0x00000000e0000000,0x00000000ef800000)
  from space 135168K, 44% used [0x00000000ef800000,0x00000000f3254140,0x00000000f7c00000)
  to   space 135168K, 0% used [0x00000000f7c00000,0x00000000f7c00000,0x0000000100000000)
 ParOldGen       total 632320K, used 632219K [0x00000000a0000000, 0x00000000c6980000, 0x00000000e0000000)
  object space 632320K, 99% used [0x00000000a0000000,0x00000000c6966dd8,0x00000000c6980000)
 Metaspace       used 56025K, capacity 57726K, committed 58032K, reserved 1099776K
  class space    used 7421K, capacity 7792K, committed 7856K, reserved 1048576K
GC Heap History (10 events):
Event: 53.294 GC heap after
Heap after GC invocations=32 (full 6):
 PSYoungGen      total 368640K, used 78559K [0x00000000e0000000, 0x0000000100000000, 0x0000000100000000)
  eden space 271360K, 0% used [0x00000000e0000000,0x00000000e0000000,0x00000000f0900000)
  from space 97280K, 80% used [0x00000000fa100000,0x00000000fedb7c18,0x0000000100000000)
  to   space 126464K, 0% used [0x00000000f0900000,0x00000000f0900000,0x00000000f8480000)
 ParOldGen       total 458240K, used 406211K [0x00000000a0000000, 0x00000000bbf80000, 0x00000000e0000000)
  object space 458240K, 88% used [0x00000000a0000000,0x00000000b8cb0cc0,0x00000000bbf80000)
 Metaspace       used 56016K, capacity 57662K, committed 58032K, reserved 1099776K
  class space    used 7420K, capacity 7792K, committed 7856K, reserved 1048576K
}
Event: 53.294 GC heap before
{Heap before GC invocations=33 (full 7):
 PSYoungGen      total 368640K, used 78559K [0x00000000e0000000, 0x0000000100000000, 0x0000000100000000)
  eden space 271360K, 0% used [0x00000000e0000000,0x00000000e0000000,0x00000000f0900000)
  from space 97280K, 80% used [0x00000000fa100000,0x00000000fedb7c18,0x0000000100000000)
  to   space 126464K, 0% used [0x00000000f0900000,0x00000000f0900000,0x00000000f8480000)
 ParOldGen       total 458240K, used 406211K [0x00000000a0000000, 0x00000000bbf80000, 0x00000000e0000000)
  object space 458240K, 88% used [0x00000000a0000000,0x00000000b8cb0cc0,0x00000000bbf80000)
 Metaspace       used 56016K, capacity 57662K, committed 58032K, reserved 1099776K
  class space    used 7420K, capacity 7792K, committed 7856K, reserved 1048576K
Event: 56.691 GC heap after
Heap after GC invocations=33 (full 7):
 PSYoungGen      total 368640K, used 23004K [0x00000000e0000000, 0x0000000100000000, 0x0000000100000000)
  eden space 271360K, 0% used [0x00000000e0000000,0x00000000e0000000,0x00000000f0900000)
  from space 97280K, 23% used [0x00000000fa100000,0x00000000fb777160,0x0000000100000000)
  to   space 126464K, 0% used [0x00000000f0900000,0x00000000f0900000,0x00000000f8480000)
 ParOldGen       total 632320K, used 457864K [0x00000000a0000000, 0x00000000c6980000, 0x00000000e0000000)
  object space 632320K, 72% used [0x00000000a0000000,0x00000000bbf222b8,0x00000000c6980000)
 Metaspace       used 56016K, capacity 57662K, committed 58032K, reserved 1099776K
  class space    used 7420K, capacity 7792K, committed 7856K, reserved 1048576K
}
Event: 57.738 GC heap before
{Heap before GC invocations=34 (full 7):
 PSYoungGen      total 368640K, used 294364K [0x00000000e0000000, 0x0000000100000000, 0x0000000100000000)
  eden space 271360K, 100% used [0x00000000e0000000,0x00000000f0900000,0x00000000f0900000)
  from space 97280K, 23% used [0x00000000fa100000,0x00000000fb777160,0x0000000100000000)
  to   space 126464K, 0% used [0x00000000f0900000,0x00000000f0900000,0x00000000f8480000)
 ParOldGen       total 632320K, used 457864K [0x00000000a0000000, 0x00000000c6980000, 0x00000000e0000000)
  object space 632320K, 72% used [0x00000000a0000000,0x00000000bbf222b8,0x00000000c6980000)
 Metaspace       used 56017K, capacity 57662K, committed 58032K, reserved 1099776K
  class space    used 7420K, capacity 7792K, committed 7856K, reserved 1048576K
Event: 58.027 GC heap after
Heap after GC invocations=34 (full 7):
 PSYoungGen      total 397824K, used 60969K [0x00000000e0000000, 0x0000000100000000, 0x0000000100000000)
  eden space 271360K, 0% used [0x00000000e0000000,0x00000000e0000000,0x00000000f0900000)
  from space 126464K, 48% used [0x00000000f0900000,0x00000000f448a598,0x00000000f8480000)
  to   space 122880K, 0% used [0x00000000f8800000,0x00000000f8800000,0x0000000100000000)
 ParOldGen       total 632320K, used 458552K [0x00000000a0000000, 0x00000000c6980000, 0x00000000e0000000)
  object space 632320K, 72% used [0x00000000a0000000,0x00000000bbfce2b8,0x00000000c6980000)
 Metaspace       used 56017K, capacity 57662K, committed 58032K, reserved 1099776K
  class space    used 7420K, capacity 7792K, committed 7856K, reserved 1048576K
}
Event: 59.055 GC heap before
{Heap before GC invocations=35 (full 7):
 PSYoungGen      total 397824K, used 332329K [0x00000000e0000000, 0x0000000100000000, 0x0000000100000000)
  eden space 271360K, 100% used [0x00000000e0000000,0x00000000f0900000,0x00000000f0900000)
  from space 126464K, 48% used [0x00000000f0900000,0x00000000f448a598,0x00000000f8480000)
  to   space 122880K, 0% used [0x00000000f8800000,0x00000000f8800000,0x0000000100000000)
 ParOldGen       total 632320K, used 458552K [0x00000000a0000000, 0x00000000c6980000, 0x00000000e0000000)
  object space 632320K, 72% used [0x00000000a0000000,0x00000000bbfce2b8,0x00000000c6980000)
 Metaspace       used 56017K, capacity 57662K, committed 58032K, reserved 1099776K
  class space    used 7420K, capacity 7792K, committed 7856K, reserved 1048576K
Event: 59.271 GC heap after
Heap after GC invocations=35 (full 7):
 PSYoungGen      total 376832K, used 104098K [0x00000000e0000000, 0x0000000100000000, 0x0000000100000000)
  eden space 253952K, 0% used [0x00000000e0000000,0x00000000e0000000,0x00000000ef800000)
  from space 122880K, 84% used [0x00000000f8800000,0x00000000feda8bf0,0x0000000100000000)
  to   space 135168K, 0% used [0x00000000ef800000,0x00000000ef800000,0x00000000f7c00000)
 ParOldGen       total 632320K, used 458552K [0x00000000a0000000, 0x00000000c6980000, 0x00000000e0000000)
  object space 632320K, 72% used [0x00000000a0000000,0x00000000bbfce2b8,0x00000000c6980000)
 Metaspace       used 56017K, capacity 57662K, committed 58032K, reserved 1099776K
  class space    used 7420K, capacity 7792K, committed 7856K, reserved 1048576K
}
Event: 60.400 GC heap before
{Heap before GC invocations=36 (full 7):
 PSYoungGen      total 376832K, used 358050K [0x00000000e0000000, 0x0000000100000000, 0x0000000100000000)
  eden space 253952K, 100% used [0x00000000e0000000,0x00000000ef800000,0x00000000ef800000)
  from space 122880K, 84% used [0x00000000f8800000,0x00000000feda8bf0,0x0000000100000000)
  to   space 135168K, 0% used [0x00000000ef800000,0x00000000ef800000,0x00000000f7c00000)
 ParOldGen       total 632320K, used 458552K [0x00000000a0000000, 0x00000000c6980000, 0x00000000e0000000)
  object space 632320K, 72% used [0x00000000a0000000,0x00000000bbfce2b8,0x00000000c6980000)
 Metaspace       used 56025K, capacity 57726K, committed 58032K, reserved 1099776K
  class space    used 7421K, capacity 7792K, committed 7856K, reserved 1048576K
Event: 60.722 GC heap after
Heap after GC invocations=36 (full 7):
 PSYoungGen      total 389120K, used 135154K [0x00000000e0000000, 0x0000000100000000, 0x0000000100000000)
  eden space 253952K, 0% used [0x00000000e0000000,0x00000000e0000000,0x00000000ef800000)
  from space 135168K, 99% used [0x00000000ef800000,0x00000000f7bfcbd0,0x00000000f7c00000)
  to   space 135168K, 0% used [0x00000000f7c00000,0x00000000f7c00000,0x0000000100000000)
 ParOldGen       total 632320K, used 562547K [0x00000000a0000000, 0x00000000c6980000, 0x00000000e0000000)
  object space 632320K, 88% used [0x00000000a0000000,0x00000000c255cf20,0x00000000c6980000)
 Metaspace       used 56025K, capacity 57726K, committed 58032K, reserved 1099776K
  class space    used 7421K, capacity 7792K, committed 7856K, reserved 1048576K
}
Event: 60.722 GC heap before
{Heap before GC invocations=37 (full 8):
 PSYoungGen      total 389120K, used 135154K [0x00000000e0000000, 0x0000000100000000, 0x0000000100000000)
  eden space 253952K, 0% used [0x00000000e0000000,0x00000000e0000000,0x00000000ef800000)
  from space 135168K, 99% used [0x00000000ef800000,0x00000000f7bfcbd0,0x00000000f7c00000)
  to   space 135168K, 0% used [0x00000000f7c00000,0x00000000f7c00000,0x0000000100000000)
 ParOldGen       total 632320K, used 562547K [0x00000000a0000000, 0x00000000c6980000, 0x00000000e0000000)
  object space 632320K, 88% used [0x00000000a0000000,0x00000000c255cf20,0x00000000c6980000)
 Metaspace       used 56025K, capacity 57726K, committed 58032K, reserved 1099776K
  class space    used 7421K, capacity 7792K, committed 7856K, reserved 1048576K

