# JRE version: OpenJDK Runtime Environment (8.0_112-b06) (build 1.8.0_112-release-b06)
# Java VM: OpenJDK 64-Bit Server VM (25.112-b06 mixed mode linux-amd64 compressed oops)
Heap:
 PSYoungGen      total 394240K, used 9030K [0x00000000e0000000, 0x0000000100000000, 0x0000000100000000)
  eden space 264192K, 0% used [0x00000000e0000000,0x00000000e0000000,0x00000000f0200000)
  from space 130048K, 6% used [0x00000000f0200000,0x00000000f0ad19d0,0x00000000f8100000)
  to   space 122880K, 0% used [0x00000000f8800000,0x00000000f8800000,0x0000000100000000)
 ParOldGen       total 520704K, used 520200K [0x00000000a0000000, 0x00000000bfc80000, 0x00000000e0000000)
  object space 520704K, 99% used [0x00000000a0000000,0x00000000bfc021c0,0x00000000bfc80000)
 Metaspace       used 53963K, capacity 55584K, committed 55856K, reserved 1097728K
  class space    used 7112K, capacity 7469K, committed 7472K, reserved 1048576K
GC Heap History (10 events):
Event: 38.563 GC heap after
Heap after GC invocations=29 (full 5):
 PSYoungGen      total 436224K, used 51333K [0x00000000e0000000, 0x0000000100000000, 0x0000000100000000)
  eden space 351232K, 0% used [0x00000000e0000000,0x00000000e0000000,0x00000000f5700000)
  from space 84992K, 60% used [0x00000000fad00000,0x00000000fdf21738,0x0000000100000000)
  to   space 86528K, 0% used [0x00000000f5700000,0x00000000f5700000,0x00000000fab80000)
 ParOldGen       total 357376K, used 344870K [0x00000000a0000000, 0x00000000b5d00000, 0x00000000e0000000)
  object space 357376K, 96% used [0x00000000a0000000,0x00000000b50c9bc8,0x00000000b5d00000)
 Metaspace       used 53956K, capacity 55584K, committed 55856K, reserved 1097728K
  class space    used 7112K, capacity 7469K, committed 7472K, reserved 1048576K
}
Event: 38.563 GC heap before
{Heap before GC invocations=30 (full 6):
 PSYoungGen      total 436224K, used 51333K [0x00000000e0000000, 0x0000000100000000, 0x0000000100000000)
  eden space 351232K, 0% used [0x00000000e0000000,0x00000000e0000000,0x00000000f5700000)
  from space 84992K, 60% used [0x00000000fad00000,0x00000000fdf21738,0x0000000100000000)
  to   space 86528K, 0% used [0x00000000f5700000,0x00000000f5700000,0x00000000fab80000)
 ParOldGen       total 357376K, used 344870K [0x00000000a0000000, 0x00000000b5d00000, 0x00000000e0000000)
  object space 357376K, 96% used [0x00000000a0000000,0x00000000b50c9bc8,0x00000000b5d00000)
 Metaspace       used 53956K, capacity 55584K, committed 55856K, reserved 1097728K
  class space    used 7112K, capacity 7469K, committed 7472K, reserved 1048576K
Event: 40.978 GC heap after
Heap after GC invocations=30 (full 6):
 PSYoungGen      total 436224K, used 34724K [0x00000000e0000000, 0x0000000100000000, 0x0000000100000000)
  eden space 351232K, 0% used [0x00000000e0000000,0x00000000e0000000,0x00000000f5700000)
  from space 84992K, 40% used [0x00000000fad00000,0x00000000fcee9258,0x0000000100000000)
  to   space 86528K, 0% used [0x00000000f5700000,0x00000000f5700000,0x00000000fab80000)
 ParOldGen       total 520704K, used 357175K [0x00000000a0000000, 0x00000000bfc80000, 0x00000000e0000000)
  object space 520704K, 68% used [0x00000000a0000000,0x00000000b5ccdf20,0x00000000bfc80000)
 Metaspace       used 53956K, capacity 55584K, committed 55856K, reserved 1097728K
  class space    used 7112K, capacity 7469K, committed 7472K, reserved 1048576K
}
Event: 42.514 GC heap before
{Heap before GC invocations=31 (full 6):
 PSYoungGen      total 436224K, used 385956K [0x00000000e0000000, 0x0000000100000000, 0x0000000100000000)
  eden space 351232K, 100% used [0x00000000e0000000,0x00000000f5700000,0x00000000f5700000)
  from space 84992K, 40% used [0x00000000fad00000,0x00000000fcee9258,0x0000000100000000)
  to   space 86528K, 0% used [0x00000000f5700000,0x00000000f5700000,0x00000000fab80000)
 ParOldGen       total 520704K, used 357175K [0x00000000a0000000, 0x00000000bfc80000, 0x00000000e0000000)
  object space 520704K, 68% used [0x00000000a0000000,0x00000000b5ccdf20,0x00000000bfc80000)
 Metaspace       used 53960K, capacity 55584K, committed 55856K, reserved 1097728K
  class space    used 7112K, capacity 7469K, committed 7472K, reserved 1048576K
Event: 42.752 GC heap after
Heap after GC invocations=31 (full 6):
 PSYoungGen      total 437760K, used 86039K [0x00000000e0000000, 0x0000000100000000, 0x0000000100000000)
  eden space 351232K, 0% used [0x00000000e0000000,0x00000000e0000000,0x00000000f5700000)
  from space 86528K, 99% used [0x00000000f5700000,0x00000000fab05f88,0x00000000fab80000)
  to   space 86528K, 0% used [0x00000000fab80000,0x00000000fab80000,0x0000000100000000)
 ParOldGen       total 520704K, used 357183K [0x00000000a0000000, 0x00000000bfc80000, 0x00000000e0000000)
  object space 520704K, 68% used [0x00000000a0000000,0x00000000b5ccff20,0x00000000bfc80000)
 Metaspace       used 53960K, capacity 55584K, committed 55856K, reserved 1097728K
  class space    used 7112K, capacity 7469K, committed 7472K, reserved 1048576K
}
Event: 44.165 GC heap before
{Heap before GC invocations=32 (full 6):
 PSYoungGen      total 437760K, used 437271K [0x00000000e0000000, 0x0000000100000000, 0x0000000100000000)
  eden space 351232K, 100% used [0x00000000e0000000,0x00000000f5700000,0x00000000f5700000)
  from space 86528K, 99% used [0x00000000f5700000,0x00000000fab05f88,0x00000000fab80000)
  to   space 86528K, 0% used [0x00000000fab80000,0x00000000fab80000,0x0000000100000000)
 ParOldGen       total 520704K, used 357183K [0x00000000a0000000, 0x00000000bfc80000, 0x00000000e0000000)
  object space 520704K, 68% used [0x00000000a0000000,0x00000000b5ccff20,0x00000000bfc80000)
 Metaspace       used 53963K, capacity 55584K, committed 55856K, reserved 1097728K
  class space    used 7112K, capacity 7469K, committed 7472K, reserved 1048576K
Event: 44.414 GC heap after
Heap after GC invocations=32 (full 6):
 PSYoungGen      total 350720K, used 86511K [0x00000000e0000000, 0x0000000100000000, 0x0000000100000000)
  eden space 264192K, 0% used [0x00000000e0000000,0x00000000e0000000,0x00000000f0200000)
  from space 86528K, 99% used [0x00000000fab80000,0x00000000ffffbc08,0x0000000100000000)
  to   space 130048K, 0% used [0x00000000f0200000,0x00000000f0200000,0x00000000f8100000)
 ParOldGen       total 520704K, used 407565K [0x00000000a0000000, 0x00000000bfc80000, 0x00000000e0000000)
  object space 520704K, 78% used [0x00000000a0000000,0x00000000b8e034e8,0x00000000bfc80000)
 Metaspace       used 53963K, capacity 55584K, committed 55856K, reserved 1097728K
  class space    used 7112K, capacity 7469K, committed 7472K, reserved 1048576K
}
Event: 45.529 GC heap before
{Heap before GC invocations=33 (full 6):
 PSYoungGen      total 350720K, used 350703K [0x00000000e0000000, 0x0000000100000000, 0x0000000100000000)
  eden space 264192K, 100% used [0x00000000e0000000,0x00000000f0200000,0x00000000f0200000)
  from space 86528K, 99% used [0x00000000fab80000,0x00000000ffffbc08,0x0000000100000000)
  to   space 130048K, 0% used [0x00000000f0200000,0x00000000f0200000,0x00000000f8100000)
 ParOldGen       total 520704K, used 407565K [0x00000000a0000000, 0x00000000bfc80000, 0x00000000e0000000)
  object space 520704K, 78% used [0x00000000a0000000,0x00000000b8e034e8,0x00000000bfc80000)
 Metaspace       used 53963K, capacity 55584K, committed 55856K, reserved 1097728K
  class space    used 7112K, capacity 7469K, committed 7472K, reserved 1048576K
Event: 45.792 GC heap after
Heap after GC invocations=33 (full 6):
 PSYoungGen      total 394240K, used 52758K [0x00000000e0000000, 0x0000000100000000, 0x0000000100000000)
  eden space 264192K, 0% used [0x00000000e0000000,0x00000000e0000000,0x00000000f0200000)
  from space 130048K, 40% used [0x00000000f0200000,0x00000000f3585938,0x00000000f8100000)
  to   space 122880K, 0% used [0x00000000f8800000,0x00000000f8800000,0x0000000100000000)
 ParOldGen       total 520704K, used 481464K [0x00000000a0000000, 0x00000000bfc80000, 0x00000000e0000000)
  object space 520704K, 92% used [0x00000000a0000000,0x00000000bd62e380,0x00000000bfc80000)
 Metaspace       used 53963K, capacity 55584K, committed 55856K, reserved 1097728K
  class space    used 7112K, capacity 7469K, committed 7472K, reserved 1048576K
}
Event: 45.792 GC heap before
{Heap before GC invocations=34 (full 7):
 PSYoungGen      total 394240K, used 52758K [0x00000000e0000000, 0x0000000100000000, 0x0000000100000000)
  eden space 264192K, 0% used [0x00000000e0000000,0x00000000e0000000,0x00000000f0200000)
  from space 130048K, 40% used [0x00000000f0200000,0x00000000f3585938,0x00000000f8100000)
  to   space 122880K, 0% used [0x00000000f8800000,0x00000000f8800000,0x0000000100000000)
 ParOldGen       total 520704K, used 481464K [0x00000000a0000000, 0x00000000bfc80000, 0x00000000e0000000)
  object space 520704K, 92% used [0x00000000a0000000,0x00000000bd62e380,0x00000000bfc80000)
 Metaspace       used 53963K, capacity 55584K, committed 55856K, reserved 1097728K
  class space    used 7112K, capacity 7469K, committed 7472K, reserved 1048576K

