# JRE version: OpenJDK Runtime Environment (8.0_112-b06) (build 1.8.0_112-release-b06)
# Java VM: OpenJDK 64-Bit Server VM (25.112-b06 mixed mode linux-amd64 compressed oops)
Heap:
 PSYoungGen      total 315904K, used 93890K [0x00000000e0000000, 0x0000000100000000, 0x0000000100000000)
  eden space 175104K, 0% used [0x00000000e0000000,0x00000000e0000000,0x00000000eab00000)
  from space 140800K, 66% used [0x00000000f7680000,0x00000000fd2308b8,0x0000000100000000)
  to   space 174592K, 0% used [0x00000000eab00000,0x00000000eab00000,0x00000000f5580000)
 ParOldGen       total 512000K, used 511885K [0x00000000a0000000, 0x00000000bf400000, 0x00000000e0000000)
  object space 512000K, 99% used [0x00000000a0000000,0x00000000bf3e3430,0x00000000bf400000)
 Metaspace       used 64458K, capacity 67210K, committed 67456K, reserved 1107968K
  class space    used 8384K, capacity 8999K, committed 9088K, reserved 1048576K
GC Heap History (10 events):
Event: 216.137 GC heap after
Heap after GC invocations=51 (full 7):
 PSYoungGen      total 351232K, used 85231K [0x00000000e0000000, 0x00000000fd600000, 0x0000000100000000)
  eden space 259072K, 0% used [0x00000000e0000000,0x00000000e0000000,0x00000000efd00000)
  from space 92160K, 92% used [0x00000000f6300000,0x00000000fb63beb0,0x00000000fbd00000)
  to   space 104448K, 0% used [0x00000000efd00000,0x00000000efd00000,0x00000000f6300000)
 ParOldGen       total 512000K, used 373851K [0x00000000a0000000, 0x00000000bf400000, 0x00000000e0000000)
  object space 512000K, 73% used [0x00000000a0000000,0x00000000b6d16dd0,0x00000000bf400000)
 Metaspace       used 64446K, capacity 67210K, committed 67456K, reserved 1107968K
  class space    used 8382K, capacity 8999K, committed 9088K, reserved 1048576K
}
Event: 216.939 GC heap before
{Heap before GC invocations=52 (full 7):
 PSYoungGen      total 351232K, used 344303K [0x00000000e0000000, 0x00000000fd600000, 0x0000000100000000)
  eden space 259072K, 100% used [0x00000000e0000000,0x00000000efd00000,0x00000000efd00000)
  from space 92160K, 92% used [0x00000000f6300000,0x00000000fb63beb0,0x00000000fbd00000)
  to   space 104448K, 0% used [0x00000000efd00000,0x00000000efd00000,0x00000000f6300000)
 ParOldGen       total 512000K, used 373851K [0x00000000a0000000, 0x00000000bf400000, 0x00000000e0000000)
  object space 512000K, 73% used [0x00000000a0000000,0x00000000b6d16dd0,0x00000000bf400000)
 Metaspace       used 64446K, capacity 67210K, committed 67456K, reserved 1107968K
  class space    used 8382K, capacity 8999K, committed 9088K, reserved 1048576K
Event: 217.141 GC heap after
Heap after GC invocations=52 (full 7):
 PSYoungGen      total 363520K, used 104436K [0x00000000e0000000, 0x0000000100000000, 0x0000000100000000)
  eden space 259072K, 0% used [0x00000000e0000000,0x00000000e0000000,0x00000000efd00000)
  from space 104448K, 99% used [0x00000000efd00000,0x00000000f62fd310,0x00000000f6300000)
  to   space 128000K, 0% used [0x00000000f8300000,0x00000000f8300000,0x0000000100000000)
 ParOldGen       total 512000K, used 392291K [0x00000000a0000000, 0x00000000bf400000, 0x00000000e0000000)
  object space 512000K, 76% used [0x00000000a0000000,0x00000000b7f18ff8,0x00000000bf400000)
 Metaspace       used 64446K, capacity 67210K, committed 67456K, reserved 1107968K
  class space    used 8382K, capacity 8999K, committed 9088K, reserved 1048576K
}
Event: 217.909 GC heap before
{Heap before GC invocations=53 (full 7):
 PSYoungGen      total 363520K, used 363508K [0x00000000e0000000, 0x0000000100000000, 0x0000000100000000)
  eden space 259072K, 100% used [0x00000000e0000000,0x00000000efd00000,0x00000000efd00000)
  from space 104448K, 99% used [0x00000000efd00000,0x00000000f62fd310,0x00000000f6300000)
  to   space 128000K, 0% used [0x00000000f8300000,0x00000000f8300000,0x0000000100000000)
 ParOldGen       total 512000K, used 392291K [0x00000000a0000000, 0x00000000bf400000, 0x00000000e0000000)
  object space 512000K, 76% used [0x00000000a0000000,0x00000000b7f18ff8,0x00000000bf400000)
 Metaspace       used 64446K, capacity 67210K, committed 67456K, reserved 1107968K
  class space    used 8382K, capacity 8999K, committed 9088K, reserved 1048576K
Event: 218.129 GC heap after
Heap after GC invocations=53 (full 7):
 PSYoungGen      total 375808K, used 99219K [0x00000000e0000000, 0x0000000100000000, 0x0000000100000000)
  eden space 247808K, 0% used [0x00000000e0000000,0x00000000e0000000,0x00000000ef200000)
  from space 128000K, 77% used [0x00000000f8300000,0x00000000fe3e4db8,0x0000000100000000)
  to   space 138240K, 0% used [0x00000000ef200000,0x00000000ef200000,0x00000000f7900000)
 ParOldGen       total 512000K, used 436381K [0x00000000a0000000, 0x00000000bf400000, 0x00000000e0000000)
  object space 512000K, 85% used [0x00000000a0000000,0x00000000baa276e8,0x00000000bf400000)
 Metaspace       used 64446K, capacity 67210K, committed 67456K, reserved 1107968K
  class space    used 8382K, capacity 8999K, committed 9088K, reserved 1048576K
}
Event: 219.939 GC heap before
{Heap before GC invocations=54 (full 7):
 PSYoungGen      total 375808K, used 347027K [0x00000000e0000000, 0x0000000100000000, 0x0000000100000000)
  eden space 247808K, 100% used [0x00000000e0000000,0x00000000ef200000,0x00000000ef200000)
  from space 128000K, 77% used [0x00000000f8300000,0x00000000fe3e4db8,0x0000000100000000)
  to   space 138240K, 0% used [0x00000000ef200000,0x00000000ef200000,0x00000000f7900000)
 ParOldGen       total 512000K, used 436381K [0x00000000a0000000, 0x00000000bf400000, 0x00000000e0000000)
  object space 512000K, 85% used [0x00000000a0000000,0x00000000baa276e8,0x00000000bf400000)
 Metaspace       used 64449K, capacity 67210K, committed 67456K, reserved 1107968K
  class space    used 8382K, capacity 8999K, committed 9088K, reserved 1048576K
Event: 220.155 GC heap after
Heap after GC invocations=54 (full 7):
 PSYoungGen      total 383488K, used 135655K [0x00000000e0000000, 0x0000000100000000, 0x0000000100000000)
  eden space 247808K, 0% used [0x00000000e0000000,0x00000000e0000000,0x00000000ef200000)
  from space 135680K, 99% used [0x00000000ef200000,0x00000000f7679e68,0x00000000f7680000)
  to   space 140800K, 0% used [0x00000000f7680000,0x00000000f7680000,0x0000000100000000)
 ParOldGen       total 512000K, used 436389K [0x00000000a0000000, 0x00000000bf400000, 0x00000000e0000000)
  object space 512000K, 85% used [0x00000000a0000000,0x00000000baa296e8,0x00000000bf400000)
 Metaspace       used 64449K, capacity 67210K, committed 67456K, reserved 1107968K
  class space    used 8382K, capacity 8999K, committed 9088K, reserved 1048576K
}
Event: 221.244 GC heap before
{Heap before GC invocations=55 (full 7):
 PSYoungGen      total 383488K, used 383463K [0x00000000e0000000, 0x0000000100000000, 0x0000000100000000)
  eden space 247808K, 100% used [0x00000000e0000000,0x00000000ef200000,0x00000000ef200000)
  from space 135680K, 99% used [0x00000000ef200000,0x00000000f7679e68,0x00000000f7680000)
  to   space 140800K, 0% used [0x00000000f7680000,0x00000000f7680000,0x0000000100000000)
 ParOldGen       total 512000K, used 436389K [0x00000000a0000000, 0x00000000bf400000, 0x00000000e0000000)
  object space 512000K, 85% used [0x00000000a0000000,0x00000000baa296e8,0x00000000bf400000)
 Metaspace       used 64458K, capacity 67210K, committed 67456K, reserved 1107968K
  class space    used 8384K, capacity 8999K, committed 9088K, reserved 1048576K
Event: 221.540 GC heap after
Heap after GC invocations=55 (full 7):
 PSYoungGen      total 315904K, used 140778K [0x00000000e0000000, 0x0000000100000000, 0x0000000100000000)
  eden space 175104K, 0% used [0x00000000e0000000,0x00000000e0000000,0x00000000eab00000)
  from space 140800K, 99% used [0x00000000f7680000,0x00000000ffffab38,0x0000000100000000)
  to   space 174592K, 0% used [0x00000000eab00000,0x00000000eab00000,0x00000000f5580000)
 ParOldGen       total 512000K, used 466739K [0x00000000a0000000, 0x00000000bf400000, 0x00000000e0000000)
  object space 512000K, 91% used [0x00000000a0000000,0x00000000bc7ccef8,0x00000000bf400000)
 Metaspace       used 64458K, capacity 67210K, committed 67456K, reserved 1107968K
  class space    used 8384K, capacity 8999K, committed 9088K, reserved 1048576K
}
Event: 221.540 GC heap before
{Heap before GC invocations=56 (full 8):
 PSYoungGen      total 315904K, used 140778K [0x00000000e0000000, 0x0000000100000000, 0x0000000100000000)
  eden space 175104K, 0% used [0x00000000e0000000,0x00000000e0000000,0x00000000eab00000)
  from space 140800K, 99% used [0x00000000f7680000,0x00000000ffffab38,0x0000000100000000)
  to   space 174592K, 0% used [0x00000000eab00000,0x00000000eab00000,0x00000000f5580000)
 ParOldGen       total 512000K, used 466739K [0x00000000a0000000, 0x00000000bf400000, 0x00000000e0000000)
  object space 512000K, 91% used [0x00000000a0000000,0x00000000bc7ccef8,0x00000000bf400000)
 Metaspace       used 64458K, capacity 67210K, committed 67456K, reserved 1107968K
  class space    used 8384K, capacity 8999K, committed 9088K, reserved 1048576K

