# JRE version: OpenJDK Runtime Environment (8.0_112-b06) (build 1.8.0_112-release-b06)
# Java VM: OpenJDK 64-Bit Server VM (25.112-b06 mixed mode linux-amd64 compressed oops)
Heap:
 PSYoungGen      total 378368K, used 0K [0x00000000e0000000, 0x0000000100000000, 0x0000000100000000)
  eden space 282624K, 0% used [0x00000000e0000000,0x00000000e0000000,0x00000000f1400000)
  from space 95744K, 0% used [0x00000000f1400000,0x00000000f1400000,0x00000000f7180000)
  to   space 130048K, 0% used [0x00000000f8100000,0x00000000f8100000,0x0000000100000000)
 ParOldGen       total 698368K, used 688139K [0x00000000a0000000, 0x00000000caa00000, 0x00000000e0000000)
  object space 698368K, 98% used [0x00000000a0000000,0x00000000ca002dd8,0x00000000caa00000)
 Metaspace       used 60932K, capacity 63636K, committed 63744K, reserved 1103872K
  class space    used 8051K, capacity 8670K, committed 8704K, reserved 1048576K
GC Heap History (10 events):
Event: 100.618 GC heap after
Heap after GC invocations=51 (full 7):
 PSYoungGen      total 415232K, used 46112K [0x00000000e0000000, 0x00000000fe400000, 0x0000000100000000)
  eden space 340992K, 0% used [0x00000000e0000000,0x00000000e0000000,0x00000000f4d00000)
  from space 74240K, 62% used [0x00000000f9b80000,0x00000000fc888210,0x00000000fe400000)
  to   space 77312K, 0% used [0x00000000f4d00000,0x00000000f4d00000,0x00000000f9880000)
 ParOldGen       total 517632K, used 483891K [0x00000000a0000000, 0x00000000bf980000, 0x00000000e0000000)
  object space 517632K, 93% used [0x00000000a0000000,0x00000000bd88cd20,0x00000000bf980000)
 Metaspace       used 60922K, capacity 63636K, committed 63744K, reserved 1103872K
  class space    used 8050K, capacity 8670K, committed 8704K, reserved 1048576K
}
Event: 100.619 GC heap before
{Heap before GC invocations=52 (full 8):
 PSYoungGen      total 415232K, used 46112K [0x00000000e0000000, 0x00000000fe400000, 0x0000000100000000)
  eden space 340992K, 0% used [0x00000000e0000000,0x00000000e0000000,0x00000000f4d00000)
  from space 74240K, 62% used [0x00000000f9b80000,0x00000000fc888210,0x00000000fe400000)
  to   space 77312K, 0% used [0x00000000f4d00000,0x00000000f4d00000,0x00000000f9880000)
 ParOldGen       total 517632K, used 483891K [0x00000000a0000000, 0x00000000bf980000, 0x00000000e0000000)
  object space 517632K, 93% used [0x00000000a0000000,0x00000000bd88cd20,0x00000000bf980000)
 Metaspace       used 60922K, capacity 63636K, committed 63744K, reserved 1103872K
  class space    used 8050K, capacity 8670K, committed 8704K, reserved 1048576K
Event: 104.441 GC heap after
Heap after GC invocations=52 (full 8):
 PSYoungGen      total 415232K, used 8579K [0x00000000e0000000, 0x00000000fe400000, 0x0000000100000000)
  eden space 340992K, 0% used [0x00000000e0000000,0x00000000e0000000,0x00000000f4d00000)
  from space 74240K, 11% used [0x00000000f9b80000,0x00000000fa3e0e98,0x00000000fe400000)
  to   space 77312K, 0% used [0x00000000f4d00000,0x00000000f4d00000,0x00000000f9880000)
 ParOldGen       total 698368K, used 517428K [0x00000000a0000000, 0x00000000caa00000, 0x00000000e0000000)
  object space 698368K, 74% used [0x00000000a0000000,0x00000000bf94d1c8,0x00000000caa00000)
 Metaspace       used 60922K, capacity 63636K, committed 63744K, reserved 1103872K
  class space    used 8050K, capacity 8670K, committed 8704K, reserved 1048576K
}
Event: 106.718 GC heap before
{Heap before GC invocations=53 (full 8):
 PSYoungGen      total 415232K, used 349571K [0x00000000e0000000, 0x00000000fe400000, 0x0000000100000000)
  eden space 340992K, 100% used [0x00000000e0000000,0x00000000f4d00000,0x00000000f4d00000)
  from space 74240K, 11% used [0x00000000f9b80000,0x00000000fa3e0e98,0x00000000fe400000)
  to   space 77312K, 0% used [0x00000000f4d00000,0x00000000f4d00000,0x00000000f9880000)
 ParOldGen       total 698368K, used 517428K [0x00000000a0000000, 0x00000000caa00000, 0x00000000e0000000)
  object space 698368K, 74% used [0x00000000a0000000,0x00000000bf94d1c8,0x00000000caa00000)
 Metaspace       used 60922K, capacity 63636K, committed 63744K, reserved 1103872K
  class space    used 8050K, capacity 8670K, committed 8704K, reserved 1048576K
Event: 107.140 GC heap after
Heap after GC invocations=53 (full 8):
 PSYoungGen      total 418304K, used 60116K [0x00000000e0000000, 0x0000000100000000, 0x0000000100000000)
  eden space 340992K, 0% used [0x00000000e0000000,0x00000000e0000000,0x00000000f4d00000)
  from space 77312K, 77% used [0x00000000f4d00000,0x00000000f87b52d8,0x00000000f9880000)
  to   space 81920K, 0% used [0x00000000fb000000,0x00000000fb000000,0x0000000100000000)
 ParOldGen       total 698368K, used 524289K [0x00000000a0000000, 0x00000000caa00000, 0x00000000e0000000)
  object space 698368K, 75% used [0x00000000a0000000,0x00000000c0000680,0x00000000caa00000)
 Metaspace       used 60922K, capacity 63636K, committed 63744K, reserved 1103872K
  class space    used 8050K, capacity 8670K, committed 8704K, reserved 1048576K
}
Event: 108.550 GC heap before
{Heap before GC invocations=54 (full 8):
 PSYoungGen      total 418304K, used 401108K [0x00000000e0000000, 0x0000000100000000, 0x0000000100000000)
  eden space 340992K, 100% used [0x00000000e0000000,0x00000000f4d00000,0x00000000f4d00000)
  from space 77312K, 77% used [0x00000000f4d00000,0x00000000f87b52d8,0x00000000f9880000)
  to   space 81920K, 0% used [0x00000000fb000000,0x00000000fb000000,0x0000000100000000)
 ParOldGen       total 698368K, used 524289K [0x00000000a0000000, 0x00000000caa00000, 0x00000000e0000000)
  object space 698368K, 75% used [0x00000000a0000000,0x00000000c0000680,0x00000000caa00000)
 Metaspace       used 60932K, capacity 63636K, committed 63744K, reserved 1103872K
  class space    used 8051K, capacity 8670K, committed 8704K, reserved 1048576K
Event: 108.760 GC heap after
Heap after GC invocations=54 (full 8):
 PSYoungGen      total 364544K, used 81919K [0x00000000e0000000, 0x0000000100000000, 0x0000000100000000)
  eden space 282624K, 0% used [0x00000000e0000000,0x00000000e0000000,0x00000000f1400000)
  from space 81920K, 99% used [0x00000000fb000000,0x00000000fffffd10,0x0000000100000000)
  to   space 120832K, 0% used [0x00000000f1400000,0x00000000f1400000,0x00000000f8a00000)
 ParOldGen       total 698368K, used 597946K [0x00000000a0000000, 0x00000000caa00000, 0x00000000e0000000)
  object space 698368K, 85% used [0x00000000a0000000,0x00000000c47ee948,0x00000000caa00000)
 Metaspace       used 60932K, capacity 63636K, committed 63744K, reserved 1103872K
  class space    used 8051K, capacity 8670K, committed 8704K, reserved 1048576K
}
Event: 109.368 GC heap before
{Heap before GC invocations=55 (full 8):
 PSYoungGen      total 364544K, used 364543K [0x00000000e0000000, 0x0000000100000000, 0x0000000100000000)
  eden space 282624K, 100% used [0x00000000e0000000,0x00000000f1400000,0x00000000f1400000)
  from space 81920K, 99% used [0x00000000fb000000,0x00000000fffffd10,0x0000000100000000)
  to   space 120832K, 0% used [0x00000000f1400000,0x00000000f1400000,0x00000000f8a00000)
 ParOldGen       total 698368K, used 597946K [0x00000000a0000000, 0x00000000caa00000, 0x00000000e0000000)
  object space 698368K, 85% used [0x00000000a0000000,0x00000000c47ee948,0x00000000caa00000)
 Metaspace       used 60932K, capacity 63636K, committed 63744K, reserved 1103872K
  class space    used 8051K, capacity 8670K, committed 8704K, reserved 1048576K
Event: 109.639 GC heap after
Heap after GC invocations=55 (full 8):
 PSYoungGen      total 378368K, used 95726K [0x00000000e0000000, 0x0000000100000000, 0x0000000100000000)
  eden space 282624K, 0% used [0x00000000e0000000,0x00000000e0000000,0x00000000f1400000)
  from space 95744K, 99% used [0x00000000f1400000,0x00000000f717ba18,0x00000000f7180000)
  to   space 130048K, 0% used [0x00000000f8100000,0x00000000f8100000,0x0000000100000000)
 ParOldGen       total 698368K, used 678894K [0x00000000a0000000, 0x00000000caa00000, 0x00000000e0000000)
  object space 698368K, 97% used [0x00000000a0000000,0x00000000c96fb958,0x00000000caa00000)
 Metaspace       used 60932K, capacity 63636K, committed 63744K, reserved 1103872K
  class space    used 8051K, capacity 8670K, committed 8704K, reserved 1048576K
}
Event: 109.639 GC heap before
{Heap before GC invocations=56 (full 9):
 PSYoungGen      total 378368K, used 95726K [0x00000000e0000000, 0x0000000100000000, 0x0000000100000000)
  eden space 282624K, 0% used [0x00000000e0000000,0x00000000e0000000,0x00000000f1400000)
  from space 95744K, 99% used [0x00000000f1400000,0x00000000f717ba18,0x00000000f7180000)
  to   space 130048K, 0% used [0x00000000f8100000,0x00000000f8100000,0x0000000100000000)
 ParOldGen       total 698368K, used 678894K [0x00000000a0000000, 0x00000000caa00000, 0x00000000e0000000)
  object space 698368K, 97% used [0x00000000a0000000,0x00000000c96fb958,0x00000000caa00000)
 Metaspace       used 60932K, capacity 63636K, committed 63744K, reserved 1103872K
  class space    used 8051K, capacity 8670K, committed 8704K, reserved 1048576K

