# JRE version: OpenJDK Runtime Environment (8.0_112-b06) (build 1.8.0_112-release-b06)
# Java VM: OpenJDK 64-Bit Server VM (25.112-b06 mixed mode linux-amd64 compressed oops)
Heap:
 PSYoungGen      total 409600K, used 44925K [0x00000000e0000000, 0x0000000100000000, 0x0000000100000000)
  eden space 294912K, 0% used [0x00000000e0000000,0x00000000e0000000,0x00000000f2000000)
  from space 114688K, 39% used [0x00000000f2000000,0x00000000f4bdf540,0x00000000f9000000)
  to   space 114688K, 0% used [0x00000000f9000000,0x00000000f9000000,0x0000000100000000)
 ParOldGen       total 598016K, used 597973K [0x00000000a0000000, 0x00000000c4800000, 0x00000000e0000000)
  object space 598016K, 99% used [0x00000000a0000000,0x00000000c47f5458,0x00000000c4800000)
 Metaspace       used 78791K, capacity 82898K, committed 84784K, reserved 1122304K
  class space    used 9768K, capacity 10517K, committed 11056K, reserved 1048576K
GC Heap History (10 events):
Event: 3395.608 GC heap after
Heap after GC invocations=44 (full 6):
 PSYoungGen      total 398848K, used 56401K [0x00000000e0000000, 0x0000000100000000, 0x0000000100000000)
  eden space 313344K, 0% used [0x00000000e0000000,0x00000000e0000000,0x00000000f3200000)
  from space 85504K, 65% used [0x00000000fac80000,0x00000000fe3944e8,0x0000000100000000)
  to   space 105472K, 0% used [0x00000000f3200000,0x00000000f3200000,0x00000000f9900000)
 ParOldGen       total 423936K, used 406190K [0x00000000a0000000, 0x00000000b9e00000, 0x00000000e0000000)
  object space 423936K, 95% used [0x00000000a0000000,0x00000000b8cab918,0x00000000b9e00000)
 Metaspace       used 78790K, capacity 82898K, committed 84784K, reserved 1122304K
  class space    used 9768K, capacity 10517K, committed 11056K, reserved 1048576K
}
Event: 3395.608 GC heap before
{Heap before GC invocations=45 (full 7):
 PSYoungGen      total 398848K, used 56401K [0x00000000e0000000, 0x0000000100000000, 0x0000000100000000)
  eden space 313344K, 0% used [0x00000000e0000000,0x00000000e0000000,0x00000000f3200000)
  from space 85504K, 65% used [0x00000000fac80000,0x00000000fe3944e8,0x0000000100000000)
  to   space 105472K, 0% used [0x00000000f3200000,0x00000000f3200000,0x00000000f9900000)
 ParOldGen       total 423936K, used 406190K [0x00000000a0000000, 0x00000000b9e00000, 0x00000000e0000000)
  object space 423936K, 95% used [0x00000000a0000000,0x00000000b8cab918,0x00000000b9e00000)
 Metaspace       used 78790K, capacity 82898K, committed 84784K, reserved 1122304K
  class space    used 9768K, capacity 10517K, committed 11056K, reserved 1048576K
Event: 3398.090 GC heap after
Heap after GC invocations=45 (full 7):
 PSYoungGen      total 398848K, used 34544K [0x00000000e0000000, 0x0000000100000000, 0x0000000100000000)
  eden space 313344K, 0% used [0x00000000e0000000,0x00000000e0000000,0x00000000f3200000)
  from space 85504K, 40% used [0x00000000fac80000,0x00000000fce3c038,0x0000000100000000)
  to   space 105472K, 0% used [0x00000000f3200000,0x00000000f3200000,0x00000000f9900000)
 ParOldGen       total 598016K, used 423462K [0x00000000a0000000, 0x00000000c4800000, 0x00000000e0000000)
  object space 598016K, 70% used [0x00000000a0000000,0x00000000b9d89850,0x00000000c4800000)
 Metaspace       used 78790K, capacity 82898K, committed 84784K, reserved 1122304K
  class space    used 9768K, capacity 10517K, committed 11056K, reserved 1048576K
}
Event: 3399.000 GC heap before
{Heap before GC invocations=46 (full 7):
 PSYoungGen      total 398848K, used 347888K [0x00000000e0000000, 0x0000000100000000, 0x0000000100000000)
  eden space 313344K, 100% used [0x00000000e0000000,0x00000000f3200000,0x00000000f3200000)
  from space 85504K, 40% used [0x00000000fac80000,0x00000000fce3c038,0x0000000100000000)
  to   space 105472K, 0% used [0x00000000f3200000,0x00000000f3200000,0x00000000f9900000)
 ParOldGen       total 598016K, used 423462K [0x00000000a0000000, 0x00000000c4800000, 0x00000000e0000000)
  object space 598016K, 70% used [0x00000000a0000000,0x00000000b9d89850,0x00000000c4800000)
 Metaspace       used 78790K, capacity 82898K, committed 84784K, reserved 1122304K
  class space    used 9768K, capacity 10517K, committed 11056K, reserved 1048576K
Event: 3399.311 GC heap after
Heap after GC invocations=46 (full 7):
 PSYoungGen      total 418816K, used 50129K [0x00000000e0000000, 0x0000000100000000, 0x0000000100000000)
  eden space 313344K, 0% used [0x00000000e0000000,0x00000000e0000000,0x00000000f3200000)
  from space 105472K, 47% used [0x00000000f3200000,0x00000000f62f4548,0x00000000f9900000)
  to   space 101376K, 0% used [0x00000000f9d00000,0x00000000f9d00000,0x0000000100000000)
 ParOldGen       total 598016K, used 456179K [0x00000000a0000000, 0x00000000c4800000, 0x00000000e0000000)
  object space 598016K, 76% used [0x00000000a0000000,0x00000000bbd7cda8,0x00000000c4800000)
 Metaspace       used 78790K, capacity 82898K, committed 84784K, reserved 1122304K
  class space    used 9768K, capacity 10517K, committed 11056K, reserved 1048576K
}
Event: 3400.198 GC heap before
{Heap before GC invocations=47 (full 7):
 PSYoungGen      total 418816K, used 363473K [0x00000000e0000000, 0x0000000100000000, 0x0000000100000000)
  eden space 313344K, 100% used [0x00000000e0000000,0x00000000f3200000,0x00000000f3200000)
  from space 105472K, 47% used [0x00000000f3200000,0x00000000f62f4548,0x00000000f9900000)
  to   space 101376K, 0% used [0x00000000f9d00000,0x00000000f9d00000,0x0000000100000000)
 ParOldGen       total 598016K, used 456179K [0x00000000a0000000, 0x00000000c4800000, 0x00000000e0000000)
  object space 598016K, 76% used [0x00000000a0000000,0x00000000bbd7cda8,0x00000000c4800000)
 Metaspace       used 78791K, capacity 82898K, committed 84784K, reserved 1122304K
  class space    used 9768K, capacity 10517K, committed 11056K, reserved 1048576K
Event: 3400.364 GC heap after
Heap after GC invocations=47 (full 7):
 PSYoungGen      total 396288K, used 96889K [0x00000000e0000000, 0x0000000100000000, 0x0000000100000000)
  eden space 294912K, 0% used [0x00000000e0000000,0x00000000e0000000,0x00000000f2000000)
  from space 101376K, 95% used [0x00000000f9d00000,0x00000000ffb9e550,0x0000000100000000)
  to   space 114688K, 0% used [0x00000000f2000000,0x00000000f2000000,0x00000000f9000000)
 ParOldGen       total 598016K, used 456179K [0x00000000a0000000, 0x00000000c4800000, 0x00000000e0000000)
  object space 598016K, 76% used [0x00000000a0000000,0x00000000bbd7cda8,0x00000000c4800000)
 Metaspace       used 78791K, capacity 82898K, committed 84784K, reserved 1122304K
  class space    used 9768K, capacity 10517K, committed 11056K, reserved 1048576K
}
Event: 3401.349 GC heap before
{Heap before GC invocations=48 (full 7):
 PSYoungGen      total 396288K, used 391801K [0x00000000e0000000, 0x0000000100000000, 0x0000000100000000)
  eden space 294912K, 100% used [0x00000000e0000000,0x00000000f2000000,0x00000000f2000000)
  from space 101376K, 95% used [0x00000000f9d00000,0x00000000ffb9e550,0x0000000100000000)
  to   space 114688K, 0% used [0x00000000f2000000,0x00000000f2000000,0x00000000f9000000)
 ParOldGen       total 598016K, used 456179K [0x00000000a0000000, 0x00000000c4800000, 0x00000000e0000000)
  object space 598016K, 76% used [0x00000000a0000000,0x00000000bbd7cda8,0x00000000c4800000)
 Metaspace       used 78791K, capacity 82898K, committed 84784K, reserved 1122304K
  class space    used 9768K, capacity 10517K, committed 11056K, reserved 1048576K
Event: 3401.633 GC heap after
Heap after GC invocations=48 (full 7):
 PSYoungGen      total 409600K, used 114669K [0x00000000e0000000, 0x0000000100000000, 0x0000000100000000)
  eden space 294912K, 0% used [0x00000000e0000000,0x00000000e0000000,0x00000000f2000000)
  from space 114688K, 99% used [0x00000000f2000000,0x00000000f8ffb518,0x00000000f9000000)
  to   space 114688K, 0% used [0x00000000f9000000,0x00000000f9000000,0x0000000100000000)
 ParOldGen       total 598016K, used 533175K [0x00000000a0000000, 0x00000000c4800000, 0x00000000e0000000)
  object space 598016K, 89% used [0x00000000a0000000,0x00000000c08ade90,0x00000000c4800000)
 Metaspace       used 78791K, capacity 82898K, committed 84784K, reserved 1122304K
  class space    used 9768K, capacity 10517K, committed 11056K, reserved 1048576K
}
Event: 3401.633 GC heap before
{Heap before GC invocations=49 (full 8):
 PSYoungGen      total 409600K, used 114669K [0x00000000e0000000, 0x0000000100000000, 0x0000000100000000)
  eden space 294912K, 0% used [0x00000000e0000000,0x00000000e0000000,0x00000000f2000000)
  from space 114688K, 99% used [0x00000000f2000000,0x00000000f8ffb518,0x00000000f9000000)
  to   space 114688K, 0% used [0x00000000f9000000,0x00000000f9000000,0x0000000100000000)
 ParOldGen       total 598016K, used 533175K [0x00000000a0000000, 0x00000000c4800000, 0x00000000e0000000)
  object space 598016K, 89% used [0x00000000a0000000,0x00000000c08ade90,0x00000000c4800000)
 Metaspace       used 78791K, capacity 82898K, committed 84784K, reserved 1122304K
  class space    used 9768K, capacity 10517K, committed 11056K, reserved 1048576K

