# JRE version: OpenJDK Runtime Environment (8.0_112-b06) (build 1.8.0_112-release-b06)
# Java VM: OpenJDK 64-Bit Server VM (25.112-b06 mixed mode linux-amd64 compressed oops)
Heap:
 PSYoungGen      total 407040K, used 0K [0x00000000e0000000, 0x00000000fff00000, 0x0000000100000000)
  eden space 289792K, 0% used [0x00000000e0000000,0x00000000e0000000,0x00000000f1b00000)
  from space 117248K, 0% used [0x00000000f1b00000,0x00000000f1b00000,0x00000000f8d80000)
  to   space 113664K, 0% used [0x00000000f9000000,0x00000000f9000000,0x00000000fff00000)
 ParOldGen       total 277504K, used 267114K [0x00000000a0000000, 0x00000000b0f00000, 0x00000000e0000000)
  object space 277504K, 96% used [0x00000000a0000000,0x00000000b04da8a8,0x00000000b0f00000)
 Metaspace       used 68792K, capacity 71510K, committed 71960K, reserved 1112064K
  class space    used 8695K, capacity 9215K, committed 9264K, reserved 1048576K
GC Heap History (10 events):
Event: 2460.770 GC heap after
Heap after GC invocations=28 (full 4):
 PSYoungGen      total 378368K, used 90618K [0x00000000e0000000, 0x0000000100000000, 0x0000000100000000)
  eden space 287744K, 0% used [0x00000000e0000000,0x00000000e0000000,0x00000000f1900000)
  from space 90624K, 99% used [0x00000000fa780000,0x00000000ffffea10,0x0000000100000000)
  to   space 118272K, 0% used [0x00000000f1900000,0x00000000f1900000,0x00000000f8c80000)
 ParOldGen       total 203264K, used 170491K [0x00000000a0000000, 0x00000000ac680000, 0x00000000e0000000)
  object space 203264K, 83% used [0x00000000a0000000,0x00000000aa67ec58,0x00000000ac680000)
 Metaspace       used 68784K, capacity 71510K, committed 71960K, reserved 1112064K
  class space    used 8694K, capacity 9215K, committed 9264K, reserved 1048576K
}
Event: 2460.770 GC heap before
{Heap before GC invocations=29 (full 5):
 PSYoungGen      total 378368K, used 90618K [0x00000000e0000000, 0x0000000100000000, 0x0000000100000000)
  eden space 287744K, 0% used [0x00000000e0000000,0x00000000e0000000,0x00000000f1900000)
  from space 90624K, 99% used [0x00000000fa780000,0x00000000ffffea10,0x0000000100000000)
  to   space 118272K, 0% used [0x00000000f1900000,0x00000000f1900000,0x00000000f8c80000)
 ParOldGen       total 203264K, used 170491K [0x00000000a0000000, 0x00000000ac680000, 0x00000000e0000000)
  object space 203264K, 83% used [0x00000000a0000000,0x00000000aa67ec58,0x00000000ac680000)
 Metaspace       used 68784K, capacity 71510K, committed 71960K, reserved 1112064K
  class space    used 8694K, capacity 9215K, committed 9264K, reserved 1048576K
Event: 2462.485 GC heap after
Heap after GC invocations=29 (full 5):
 PSYoungGen      total 378368K, used 0K [0x00000000e0000000, 0x0000000100000000, 0x0000000100000000)
  eden space 287744K, 0% used [0x00000000e0000000,0x00000000e0000000,0x00000000f1900000)
  from space 90624K, 0% used [0x00000000fa780000,0x00000000fa780000,0x0000000100000000)
  to   space 118272K, 0% used [0x00000000f1900000,0x00000000f1900000,0x00000000f8c80000)
 ParOldGen       total 277504K, used 170400K [0x00000000a0000000, 0x00000000b0f00000, 0x00000000e0000000)
  object space 277504K, 61% used [0x00000000a0000000,0x00000000aa668320,0x00000000b0f00000)
 Metaspace       used 68784K, capacity 71510K, committed 71960K, reserved 1112064K
  class space    used 8694K, capacity 9215K, committed 9264K, reserved 1048576K
}
Event: 2464.082 GC heap before
{Heap before GC invocations=30 (full 5):
 PSYoungGen      total 378368K, used 287744K [0x00000000e0000000, 0x0000000100000000, 0x0000000100000000)
  eden space 287744K, 100% used [0x00000000e0000000,0x00000000f1900000,0x00000000f1900000)
  from space 90624K, 0% used [0x00000000fa780000,0x00000000fa780000,0x0000000100000000)
  to   space 118272K, 0% used [0x00000000f1900000,0x00000000f1900000,0x00000000f8c80000)
 ParOldGen       total 277504K, used 170400K [0x00000000a0000000, 0x00000000b0f00000, 0x00000000e0000000)
  object space 277504K, 61% used [0x00000000a0000000,0x00000000aa668320,0x00000000b0f00000)
 Metaspace       used 68785K, capacity 71510K, committed 71960K, reserved 1112064K
  class space    used 8694K, capacity 9215K, committed 9264K, reserved 1048576K
Event: 2464.182 GC heap after
Heap after GC invocations=30 (full 5):
 PSYoungGen      total 406016K, used 40654K [0x00000000e0000000, 0x0000000100000000, 0x0000000100000000)
  eden space 287744K, 0% used [0x00000000e0000000,0x00000000e0000000,0x00000000f1900000)
  from space 118272K, 34% used [0x00000000f1900000,0x00000000f40b3ae0,0x00000000f8c80000)
  to   space 111104K, 0% used [0x00000000f9380000,0x00000000f9380000,0x0000000100000000)
 ParOldGen       total 277504K, used 170408K [0x00000000a0000000, 0x00000000b0f00000, 0x00000000e0000000)
  object space 277504K, 61% used [0x00000000a0000000,0x00000000aa66a320,0x00000000b0f00000)
 Metaspace       used 68785K, capacity 71510K, committed 71960K, reserved 1112064K
  class space    used 8694K, capacity 9215K, committed 9264K, reserved 1048576K
}
Event: 2465.472 GC heap before
{Heap before GC invocations=31 (full 5):
 PSYoungGen      total 406016K, used 328398K [0x00000000e0000000, 0x0000000100000000, 0x0000000100000000)
  eden space 287744K, 100% used [0x00000000e0000000,0x00000000f1900000,0x00000000f1900000)
  from space 118272K, 34% used [0x00000000f1900000,0x00000000f40b3ae0,0x00000000f8c80000)
  to   space 111104K, 0% used [0x00000000f9380000,0x00000000f9380000,0x0000000100000000)
 ParOldGen       total 277504K, used 170408K [0x00000000a0000000, 0x00000000b0f00000, 0x00000000e0000000)
  object space 277504K, 61% used [0x00000000a0000000,0x00000000aa66a320,0x00000000b0f00000)
 Metaspace       used 68791K, capacity 71510K, committed 71960K, reserved 1112064K
  class space    used 8695K, capacity 9215K, committed 9264K, reserved 1048576K
Event: 2465.646 GC heap after
Heap after GC invocations=31 (full 5):
 PSYoungGen      total 400896K, used 77465K [0x00000000e0000000, 0x0000000100000000, 0x0000000100000000)
  eden space 289792K, 0% used [0x00000000e0000000,0x00000000e0000000,0x00000000f1b00000)
  from space 111104K, 69% used [0x00000000f9380000,0x00000000fdf26520,0x0000000100000000)
  to   space 117248K, 0% used [0x00000000f1b00000,0x00000000f1b00000,0x00000000f8d80000)
 ParOldGen       total 277504K, used 170408K [0x00000000a0000000, 0x00000000b0f00000, 0x00000000e0000000)
  object space 277504K, 61% used [0x00000000a0000000,0x00000000aa66a320,0x00000000b0f00000)
 Metaspace       used 68791K, capacity 71510K, committed 71960K, reserved 1112064K
  class space    used 8695K, capacity 9215K, committed 9264K, reserved 1048576K
}
Event: 2466.664 GC heap before
{Heap before GC invocations=32 (full 5):
 PSYoungGen      total 400896K, used 367257K [0x00000000e0000000, 0x0000000100000000, 0x0000000100000000)
  eden space 289792K, 100% used [0x00000000e0000000,0x00000000f1b00000,0x00000000f1b00000)
  from space 111104K, 69% used [0x00000000f9380000,0x00000000fdf26520,0x0000000100000000)
  to   space 117248K, 0% used [0x00000000f1b00000,0x00000000f1b00000,0x00000000f8d80000)
 ParOldGen       total 277504K, used 170408K [0x00000000a0000000, 0x00000000b0f00000, 0x00000000e0000000)
  object space 277504K, 61% used [0x00000000a0000000,0x00000000aa66a320,0x00000000b0f00000)
 Metaspace       used 68792K, capacity 71510K, committed 71960K, reserved 1112064K
  class space    used 8695K, capacity 9215K, committed 9264K, reserved 1048576K
Event: 2467.010 GC heap after
Heap after GC invocations=32 (full 5):
 PSYoungGen      total 407040K, used 26504K [0x00000000e0000000, 0x00000000fff00000, 0x0000000100000000)
  eden space 289792K, 0% used [0x00000000e0000000,0x00000000e0000000,0x00000000f1b00000)
  from space 117248K, 22% used [0x00000000f1b00000,0x00000000f34e2058,0x00000000f8d80000)
  to   space 113664K, 0% used [0x00000000f9000000,0x00000000f9000000,0x00000000fff00000)
 ParOldGen       total 277504K, used 246518K [0x00000000a0000000, 0x00000000b0f00000, 0x00000000e0000000)
  object space 277504K, 88% used [0x00000000a0000000,0x00000000af0bdbb8,0x00000000b0f00000)
 Metaspace       used 68792K, capacity 71510K, committed 71960K, reserved 1112064K
  class space    used 8695K, capacity 9215K, committed 9264K, reserved 1048576K
}
Event: 2467.010 GC heap before
{Heap before GC invocations=33 (full 6):
 PSYoungGen      total 407040K, used 26504K [0x00000000e0000000, 0x00000000fff00000, 0x0000000100000000)
  eden space 289792K, 0% used [0x00000000e0000000,0x00000000e0000000,0x00000000f1b00000)
  from space 117248K, 22% used [0x00000000f1b00000,0x00000000f34e2058,0x00000000f8d80000)
  to   space 113664K, 0% used [0x00000000f9000000,0x00000000f9000000,0x00000000fff00000)
 ParOldGen       total 277504K, used 246518K [0x00000000a0000000, 0x00000000b0f00000, 0x00000000e0000000)
  object space 277504K, 88% used [0x00000000a0000000,0x00000000af0bdbb8,0x00000000b0f00000)
 Metaspace       used 68792K, capacity 71510K, committed 71960K, reserved 1112064K
  class space    used 8695K, capacity 9215K, committed 9264K, reserved 1048576K

