# JRE version: OpenJDK Runtime Environment (8.0_112-b06) (build 1.8.0_112-release-b06)
# Java VM: OpenJDK 64-Bit Server VM (25.112-b06 mixed mode linux-amd64 compressed oops)
Heap:
 PSYoungGen      total 232960K, used 0K [0x00000000eab00000, 0x0000000100000000, 0x0000000100000000)
  eden space 116736K, 0% used [0x00000000eab00000,0x00000000eab00000,0x00000000f1d00000)
  from space 116224K, 0% used [0x00000000f8e80000,0x00000000f8e80000,0x0000000100000000)
  to   space 116224K, 0% used [0x00000000f1d00000,0x00000000f1d00000,0x00000000f8e80000)
 ParOldGen       total 356864K, used 345665K [0x00000000c0000000, 0x00000000d5c80000, 0x00000000eab00000)
  object space 356864K, 96% used [0x00000000c0000000,0x00000000d5190760,0x00000000d5c80000)
 Metaspace       used 6386K, capacity 7280K, committed 7552K, reserved 1056768K
  class space    used 581K, capacity 616K, committed 640K, reserved 1048576K
GC Heap History (10 events):
Event: 15.135 GC heap after
Heap after GC invocations=20 (full 3):
 PSYoungGen      total 243712K, used 103324K [0x00000000eab00000, 0x0000000100000000, 0x0000000100000000)
  eden space 140288K, 0% used [0x00000000eab00000,0x00000000eab00000,0x00000000f3400000)
  from space 103424K, 99% used [0x00000000f3400000,0x00000000f98e70b8,0x00000000f9900000)
  to   space 105472K, 0% used [0x00000000f9900000,0x00000000f9900000,0x0000000100000000)
 ParOldGen       total 233984K, used 195341K [0x00000000c0000000, 0x00000000ce480000, 0x00000000eab00000)
  object space 233984K, 83% used [0x00000000c0000000,0x00000000cbec3458,0x00000000ce480000)
 Metaspace       used 6384K, capacity 7280K, committed 7552K, reserved 1056768K
  class space    used 581K, capacity 616K, committed 640K, reserved 1048576K
}
Event: 15.631 GC heap before
{Heap before GC invocations=21 (full 3):
 PSYoungGen      total 243712K, used 243612K [0x00000000eab00000, 0x0000000100000000, 0x0000000100000000)
  eden space 140288K, 100% used [0x00000000eab00000,0x00000000f3400000,0x00000000f3400000)
  from space 103424K, 99% used [0x00000000f3400000,0x00000000f98e70b8,0x00000000f9900000)
  to   space 105472K, 0% used [0x00000000f9900000,0x00000000f9900000,0x0000000100000000)
 ParOldGen       total 233984K, used 195341K [0x00000000c0000000, 0x00000000ce480000, 0x00000000eab00000)
  object space 233984K, 83% used [0x00000000c0000000,0x00000000cbec3458,0x00000000ce480000)
 Metaspace       used 6386K, capacity 7280K, committed 7552K, reserved 1056768K
  class space    used 581K, capacity 616K, committed 640K, reserved 1048576K
Event: 15.860 GC heap after
Heap after GC invocations=21 (full 3):
 PSYoungGen      total 222208K, used 91786K [0x00000000eab00000, 0x0000000100000000, 0x0000000100000000)
  eden space 116736K, 0% used [0x00000000eab00000,0x00000000eab00000,0x00000000f1d00000)
  from space 105472K, 87% used [0x00000000f9900000,0x00000000ff2a2aa0,0x0000000100000000)
  to   space 116224K, 0% used [0x00000000f1d00000,0x00000000f1d00000,0x00000000f8e80000)
 ParOldGen       total 233984K, used 228757K [0x00000000c0000000, 0x00000000ce480000, 0x00000000eab00000)
  object space 233984K, 97% used [0x00000000c0000000,0x00000000cdf655d8,0x00000000ce480000)
 Metaspace       used 6386K, capacity 7280K, committed 7552K, reserved 1056768K
  class space    used 581K, capacity 616K, committed 640K, reserved 1048576K
}
Event: 15.860 GC heap before
{Heap before GC invocations=22 (full 4):
 PSYoungGen      total 222208K, used 91786K [0x00000000eab00000, 0x0000000100000000, 0x0000000100000000)
  eden space 116736K, 0% used [0x00000000eab00000,0x00000000eab00000,0x00000000f1d00000)
  from space 105472K, 87% used [0x00000000f9900000,0x00000000ff2a2aa0,0x0000000100000000)
  to   space 116224K, 0% used [0x00000000f1d00000,0x00000000f1d00000,0x00000000f8e80000)
 ParOldGen       total 233984K, used 228757K [0x00000000c0000000, 0x00000000ce480000, 0x00000000eab00000)
  object space 233984K, 97% used [0x00000000c0000000,0x00000000cdf655d8,0x00000000ce480000)
 Metaspace       used 6386K, capacity 7280K, committed 7552K, reserved 1056768K
  class space    used 581K, capacity 616K, committed 640K, reserved 1048576K
Event: 17.898 GC heap after
Heap after GC invocations=22 (full 4):
 PSYoungGen      total 222208K, used 80078K [0x00000000eab00000, 0x0000000100000000, 0x0000000100000000)
  eden space 116736K, 0% used [0x00000000eab00000,0x00000000eab00000,0x00000000f1d00000)
  from space 105472K, 75% used [0x00000000f9900000,0x00000000fe733940,0x0000000100000000)
  to   space 116224K, 0% used [0x00000000f1d00000,0x00000000f1d00000,0x00000000f8e80000)
 ParOldGen       total 356864K, used 233573K [0x00000000c0000000, 0x00000000d5c80000, 0x00000000eab00000)
  object space 356864K, 65% used [0x00000000c0000000,0x00000000ce419688,0x00000000d5c80000)
 Metaspace       used 6386K, capacity 7280K, committed 7552K, reserved 1056768K
  class space    used 581K, capacity 616K, committed 640K, reserved 1048576K
}
Event: 18.352 GC heap before
{Heap before GC invocations=23 (full 4):
 PSYoungGen      total 222208K, used 196814K [0x00000000eab00000, 0x0000000100000000, 0x0000000100000000)
  eden space 116736K, 100% used [0x00000000eab00000,0x00000000f1d00000,0x00000000f1d00000)
  from space 105472K, 75% used [0x00000000f9900000,0x00000000fe733940,0x0000000100000000)
  to   space 116224K, 0% used [0x00000000f1d00000,0x00000000f1d00000,0x00000000f8e80000)
 ParOldGen       total 356864K, used 234580K [0x00000000c0000000, 0x00000000d5c80000, 0x00000000eab00000)
  object space 356864K, 65% used [0x00000000c0000000,0x00000000ce515380,0x00000000d5c80000)
 Metaspace       used 6386K, capacity 7280K, committed 7552K, reserved 1056768K
  class space    used 581K, capacity 616K, committed 640K, reserved 1048576K
Event: 18.678 GC heap after
Heap after GC invocations=23 (full 4):
 PSYoungGen      total 232960K, used 56936K [0x00000000eab00000, 0x0000000100000000, 0x0000000100000000)
  eden space 116736K, 0% used [0x00000000eab00000,0x00000000eab00000,0x00000000f1d00000)
  from space 116224K, 48% used [0x00000000f1d00000,0x00000000f549a068,0x00000000f8e80000)
  to   space 116224K, 0% used [0x00000000f8e80000,0x00000000f8e80000,0x0000000100000000)
 ParOldGen       total 356864K, used 274180K [0x00000000c0000000, 0x00000000d5c80000, 0x00000000eab00000)
  object space 356864K, 76% used [0x00000000c0000000,0x00000000d0bc1118,0x00000000d5c80000)
 Metaspace       used 6386K, capacity 7280K, committed 7552K, reserved 1056768K
  class space    used 581K, capacity 616K, committed 640K, reserved 1048576K
}
Event: 19.032 GC heap before
{Heap before GC invocations=24 (full 4):
 PSYoungGen      total 232960K, used 173672K [0x00000000eab00000, 0x0000000100000000, 0x0000000100000000)
  eden space 116736K, 100% used [0x00000000eab00000,0x00000000f1d00000,0x00000000f1d00000)
  from space 116224K, 48% used [0x00000000f1d00000,0x00000000f549a068,0x00000000f8e80000)
  to   space 116224K, 0% used [0x00000000f8e80000,0x00000000f8e80000,0x0000000100000000)
 ParOldGen       total 356864K, used 274182K [0x00000000c0000000, 0x00000000d5c80000, 0x00000000eab00000)
  object space 356864K, 76% used [0x00000000c0000000,0x00000000d0bc19f8,0x00000000d5c80000)
 Metaspace       used 6386K, capacity 7280K, committed 7552K, reserved 1056768K
  class space    used 581K, capacity 616K, committed 640K, reserved 1048576K
Event: 19.218 GC heap after
Heap after GC invocations=24 (full 4):
 PSYoungGen      total 232960K, used 33386K [0x00000000eab00000, 0x0000000100000000, 0x0000000100000000)
  eden space 116736K, 0% used [0x00000000eab00000,0x00000000eab00000,0x00000000f1d00000)
  from space 116224K, 28% used [0x00000000f8e80000,0x00000000faf1aa48,0x0000000100000000)
  to   space 116224K, 0% used [0x00000000f1d00000,0x00000000f1d00000,0x00000000f8e80000)
 ParOldGen       total 356864K, used 314478K [0x00000000c0000000, 0x00000000d5c80000, 0x00000000eab00000)
  object space 356864K, 88% used [0x00000000c0000000,0x00000000d331bae8,0x00000000d5c80000)
 Metaspace       used 6386K, capacity 7280K, committed 7552K, reserved 1056768K
  class space    used 581K, capacity 616K, committed 640K, reserved 1048576K
}
Event: 19.218 GC heap before
{Heap before GC invocations=25 (full 5):
 PSYoungGen      total 232960K, used 33386K [0x00000000eab00000, 0x0000000100000000, 0x0000000100000000)
  eden space 116736K, 0% used [0x00000000eab00000,0x00000000eab00000,0x00000000f1d00000)
  from space 116224K, 28% used [0x00000000f8e80000,0x00000000faf1aa48,0x0000000100000000)
  to   space 116224K, 0% used [0x00000000f1d00000,0x00000000f1d00000,0x00000000f8e80000)
 ParOldGen       total 356864K, used 314478K [0x00000000c0000000, 0x00000000d5c80000, 0x00000000eab00000)
  object space 356864K, 88% used [0x00000000c0000000,0x00000000d331bae8,0x00000000d5c80000)
 Metaspace       used 6386K, capacity 7280K, committed 7552K, reserved 1056768K
  class space    used 581K, capacity 616K, committed 640K, reserved 1048576K

