# JRE version: OpenJDK Runtime Environment (8.0_112-b06) (build 1.8.0_112-release-b06)
# Java VM: OpenJDK 64-Bit Server VM (25.112-b06 mixed mode linux-amd64 compressed oops)
Heap:
 PSYoungGen      total 232960K, used 82047K [0x00000000eab00000, 0x0000000100000000, 0x0000000100000000)
  eden space 116736K, 0% used [0x00000000eab00000,0x00000000eab00000,0x00000000f1d00000)
  from space 116224K, 70% used [0x00000000f8e80000,0x00000000fde9fda0,0x0000000100000000)
  to   space 116224K, 0% used [0x00000000f1d00000,0x00000000f1d00000,0x00000000f8e80000)
 ParOldGen       total 555008K, used 554817K [0x00000000c0000000, 0x00000000e1e00000, 0x00000000eab00000)
  object space 555008K, 99% used [0x00000000c0000000,0x00000000e1dd0580,0x00000000e1e00000)
 Metaspace       used 6385K, capacity 7280K, committed 7552K, reserved 1056768K
  class space    used 583K, capacity 616K, committed 640K, reserved 1048576K
GC Heap History (10 events):
Event: 26.171 GC heap after
Heap after GC invocations=33 (full 5):
 PSYoungGen      total 229376K, used 69589K [0x00000000eab00000, 0x00000000ffe80000, 0x0000000100000000)
  eden space 120832K, 0% used [0x00000000eab00000,0x00000000eab00000,0x00000000f2100000)
  from space 108544K, 64% used [0x00000000f8b80000,0x00000000fcf756e0,0x00000000ff580000)
  to   space 109056K, 0% used [0x00000000f2100000,0x00000000f2100000,0x00000000f8b80000)
 ParOldGen       total 555008K, used 416880K [0x00000000c0000000, 0x00000000e1e00000, 0x00000000eab00000)
  object space 555008K, 75% used [0x00000000c0000000,0x00000000d971c2d0,0x00000000e1e00000)
 Metaspace       used 6375K, capacity 7280K, committed 7552K, reserved 1056768K
  class space    used 582K, capacity 616K, committed 640K, reserved 1048576K
}
Event: 26.644 GC heap before
{Heap before GC invocations=34 (full 5):
 PSYoungGen      total 229376K, used 190421K [0x00000000eab00000, 0x00000000ffe80000, 0x0000000100000000)
  eden space 120832K, 100% used [0x00000000eab00000,0x00000000f2100000,0x00000000f2100000)
  from space 108544K, 64% used [0x00000000f8b80000,0x00000000fcf756e0,0x00000000ff580000)
  to   space 109056K, 0% used [0x00000000f2100000,0x00000000f2100000,0x00000000f8b80000)
 ParOldGen       total 555008K, used 416880K [0x00000000c0000000, 0x00000000e1e00000, 0x00000000eab00000)
  object space 555008K, 75% used [0x00000000c0000000,0x00000000d971c2d0,0x00000000e1e00000)
 Metaspace       used 6377K, capacity 7280K, committed 7552K, reserved 1056768K
  class space    used 582K, capacity 616K, committed 640K, reserved 1048576K
Event: 26.771 GC heap after
Heap after GC invocations=34 (full 5):
 PSYoungGen      total 229888K, used 87241K [0x00000000eab00000, 0x0000000100000000, 0x0000000100000000)
  eden space 120832K, 0% used [0x00000000eab00000,0x00000000eab00000,0x00000000f2100000)
  from space 109056K, 79% used [0x00000000f2100000,0x00000000f7632780,0x00000000f8b80000)
  to   space 115712K, 0% used [0x00000000f8f00000,0x00000000f8f00000,0x0000000100000000)
 ParOldGen       total 555008K, used 416880K [0x00000000c0000000, 0x00000000e1e00000, 0x00000000eab00000)
  object space 555008K, 75% used [0x00000000c0000000,0x00000000d971c2d0,0x00000000e1e00000)
 Metaspace       used 6377K, capacity 7280K, committed 7552K, reserved 1056768K
  class space    used 582K, capacity 616K, committed 640K, reserved 1048576K
}
Event: 27.209 GC heap before
{Heap before GC invocations=35 (full 5):
 PSYoungGen      total 229888K, used 208073K [0x00000000eab00000, 0x0000000100000000, 0x0000000100000000)
  eden space 120832K, 100% used [0x00000000eab00000,0x00000000f2100000,0x00000000f2100000)
  from space 109056K, 79% used [0x00000000f2100000,0x00000000f7632780,0x00000000f8b80000)
  to   space 115712K, 0% used [0x00000000f8f00000,0x00000000f8f00000,0x0000000100000000)
 ParOldGen       total 555008K, used 416880K [0x00000000c0000000, 0x00000000e1e00000, 0x00000000eab00000)
  object space 555008K, 75% used [0x00000000c0000000,0x00000000d971c2d0,0x00000000e1e00000)
 Metaspace       used 6377K, capacity 7280K, committed 7552K, reserved 1056768K
  class space    used 582K, capacity 616K, committed 640K, reserved 1048576K
Event: 27.378 GC heap after
Heap after GC invocations=35 (full 5):
 PSYoungGen      total 232448K, used 107557K [0x00000000eab00000, 0x0000000100000000, 0x0000000100000000)
  eden space 116736K, 0% used [0x00000000eab00000,0x00000000eab00000,0x00000000f1d00000)
  from space 115712K, 92% used [0x00000000f8f00000,0x00000000ff8095f8,0x0000000100000000)
  to   space 116224K, 0% used [0x00000000f1d00000,0x00000000f1d00000,0x00000000f8e80000)
 ParOldGen       total 555008K, used 416880K [0x00000000c0000000, 0x00000000e1e00000, 0x00000000eab00000)
  object space 555008K, 75% used [0x00000000c0000000,0x00000000d971c2d0,0x00000000e1e00000)
 Metaspace       used 6377K, capacity 7280K, committed 7552K, reserved 1056768K
  class space    used 582K, capacity 616K, committed 640K, reserved 1048576K
}
Event: 31.245 GC heap before
{Heap before GC invocations=36 (full 5):
 PSYoungGen      total 232448K, used 224293K [0x00000000eab00000, 0x0000000100000000, 0x0000000100000000)
  eden space 116736K, 100% used [0x00000000eab00000,0x00000000f1d00000,0x00000000f1d00000)
  from space 115712K, 92% used [0x00000000f8f00000,0x00000000ff8095f8,0x0000000100000000)
  to   space 116224K, 0% used [0x00000000f1d00000,0x00000000f1d00000,0x00000000f8e80000)
 ParOldGen       total 555008K, used 416880K [0x00000000c0000000, 0x00000000e1e00000, 0x00000000eab00000)
  object space 555008K, 75% used [0x00000000c0000000,0x00000000d971c2d0,0x00000000e1e00000)
 Metaspace       used 6377K, capacity 7280K, committed 7552K, reserved 1056768K
  class space    used 582K, capacity 616K, committed 640K, reserved 1048576K
Event: 31.516 GC heap after
Heap after GC invocations=36 (full 5):
 PSYoungGen      total 232960K, used 116221K [0x00000000eab00000, 0x0000000100000000, 0x0000000100000000)
  eden space 116736K, 0% used [0x00000000eab00000,0x00000000eab00000,0x00000000f1d00000)
  from space 116224K, 99% used [0x00000000f1d00000,0x00000000f8e7f4d8,0x00000000f8e80000)
  to   space 116224K, 0% used [0x00000000f8e80000,0x00000000f8e80000,0x0000000100000000)
 ParOldGen       total 555008K, used 470997K [0x00000000c0000000, 0x00000000e1e00000, 0x00000000eab00000)
  object space 555008K, 84% used [0x00000000c0000000,0x00000000dcbf5488,0x00000000e1e00000)
 Metaspace       used 6377K, capacity 7280K, committed 7552K, reserved 1056768K
  class space    used 582K, capacity 616K, committed 640K, reserved 1048576K
}
Event: 31.756 GC heap before
{Heap before GC invocations=37 (full 5):
 PSYoungGen      total 232960K, used 232957K [0x00000000eab00000, 0x0000000100000000, 0x0000000100000000)
  eden space 116736K, 100% used [0x00000000eab00000,0x00000000f1d00000,0x00000000f1d00000)
  from space 116224K, 99% used [0x00000000f1d00000,0x00000000f8e7f4d8,0x00000000f8e80000)
  to   space 116224K, 0% used [0x00000000f8e80000,0x00000000f8e80000,0x0000000100000000)
 ParOldGen       total 555008K, used 470997K [0x00000000c0000000, 0x00000000e1e00000, 0x00000000eab00000)
  object space 555008K, 84% used [0x00000000c0000000,0x00000000dcbf5488,0x00000000e1e00000)
 Metaspace       used 6385K, capacity 7280K, committed 7552K, reserved 1056768K
  class space    used 583K, capacity 616K, committed 640K, reserved 1048576K
Event: 31.969 GC heap after
Heap after GC invocations=37 (full 5):
 PSYoungGen      total 232960K, used 116202K [0x00000000eab00000, 0x0000000100000000, 0x0000000100000000)
  eden space 116736K, 0% used [0x00000000eab00000,0x00000000eab00000,0x00000000f1d00000)
  from space 116224K, 99% used [0x00000000f8e80000,0x00000000ffffaa58,0x0000000100000000)
  to   space 116224K, 0% used [0x00000000f1d00000,0x00000000f1d00000,0x00000000f8e80000)
 ParOldGen       total 555008K, used 525276K [0x00000000c0000000, 0x00000000e1e00000, 0x00000000eab00000)
  object space 555008K, 94% used [0x00000000c0000000,0x00000000e00f7080,0x00000000e1e00000)
 Metaspace       used 6385K, capacity 7280K, committed 7552K, reserved 1056768K
  class space    used 583K, capacity 616K, committed 640K, reserved 1048576K
}
Event: 31.969 GC heap before
{Heap before GC invocations=38 (full 6):
 PSYoungGen      total 232960K, used 116202K [0x00000000eab00000, 0x0000000100000000, 0x0000000100000000)
  eden space 116736K, 0% used [0x00000000eab00000,0x00000000eab00000,0x00000000f1d00000)
  from space 116224K, 99% used [0x00000000f8e80000,0x00000000ffffaa58,0x0000000100000000)
  to   space 116224K, 0% used [0x00000000f1d00000,0x00000000f1d00000,0x00000000f8e80000)
 ParOldGen       total 555008K, used 525276K [0x00000000c0000000, 0x00000000e1e00000, 0x00000000eab00000)
  object space 555008K, 94% used [0x00000000c0000000,0x00000000e00f7080,0x00000000e1e00000)
 Metaspace       used 6385K, capacity 7280K, committed 7552K, reserved 1056768K
  class space    used 583K, capacity 616K, committed 640K, reserved 1048576K

